2024-02-06 08:02:53,880 [INFO] Activator:176 - 


2024-02-06 08:02:53,886 [INFO] Activator:177 - !SESSION log4j initialized
2024-02-06 08:03:02,151 [INFO] LogOutputStream:77 - [STDOUT_REDIRECT] 
2024-02-06 08:03:06,665 [INFO] ApplicationProperties:184 - Using Application install path: C:\ST\STM32CubeIDE_1.14.0\STM32CubeIDE\plugins\com.st.stm32cube.common.mx_6.10.0.202311202037
2024-02-06 08:03:06,687 [INFO] DbMcusXml:78 - Set database path to: C:\ST\STM32CubeIDE_1.14.0\STM32CubeIDE\plugins\com.st.stm32cube.common.mx_6.10.0.202311202037\\db\/mcu/
2024-02-06 08:03:06,687 [INFO] ApiDb:274 - Set plugin database path to: C:\ST\STM32CubeIDE_1.14.0\STM32CubeIDE\plugins\com.st.stm32cube.common.mx_6.10.0.202311202037\\db\/plugins/boardmanager/
2024-02-06 08:03:06,687 [WARN] ApiDb:259 - Overriding images path with different value:  => C:\ST\STM32CubeIDE_1.14.0\STM32CubeIDE\plugins\com.st.stm32cube.common.mx_6.10.0.202311202037\\db\/plugins/mcufinder/images/
2024-02-06 08:03:06,696 [INFO] ApiDb:250 - Set database path to: C:\Users\sudh1\.stmcufinder\plugins\mcufinder//mcu/
2024-02-06 08:03:06,697 [INFO] DbMcusAds:125 - Set database path to: C:\Users\sudh1\.stmcufinder\plugins\mcufinder//mcu/
2024-02-06 08:03:06,699 [INFO] CrossReferenceDbSqlite:203 - Set database path to: C:\Users\sudh1\.stmcufinder\plugins\mcufinder//mcu/cs/
2024-02-06 08:03:06,819 [INFO] RulesReader:64 - Compatibility file has been processed (297 Rules)
2024-02-06 08:03:06,902 [INFO] DbMcusXml:78 - Set database path to: C:\ST\STM32CubeIDE_1.14.0\STM32CubeIDE\plugins\com.st.stm32cube.common.mx_6.10.0.202311202037\\db\/mcu/
2024-02-06 08:03:06,903 [INFO] ApiDb:274 - Set plugin database path to: C:\ST\STM32CubeIDE_1.14.0\STM32CubeIDE\plugins\com.st.stm32cube.common.mx_6.10.0.202311202037\\db\/plugins/boardmanager/
2024-02-06 08:03:06,903 [INFO] ApiDb:261 - Set plugin images path to: C:\ST\STM32CubeIDE_1.14.0\STM32CubeIDE\plugins\com.st.stm32cube.common.mx_6.10.0.202311202037\\db\/plugins/mcufinder/images/
2024-02-06 08:03:06,903 [WARN] DbFile:41 - Overriding database path with different value: C:\Users\sudh1\.stmcufinder\plugins\mcufinder/ => C:\Users\sudh1\.stmcufinder\plugins\mcufinder
2024-02-06 08:03:06,903 [INFO] ApiDb:250 - Set database path to: C:\Users\sudh1\.stmcufinder\plugins\mcufinder//mcu/
2024-02-06 08:03:06,904 [WARN] DbFile:41 - Overriding database path with different value: C:\Users\sudh1\.stmcufinder\plugins\mcufinder/ => C:\Users\sudh1\.stmcufinder\plugins\mcufinder
2024-02-06 08:03:06,904 [INFO] DbMcusAds:125 - Set database path to: C:\Users\sudh1\.stmcufinder\plugins\mcufinder//mcu/
2024-02-06 08:03:06,904 [WARN] DbFile:41 - Overriding database path with different value: C:\Users\sudh1\.stmcufinder\plugins\mcufinder/ => C:\Users\sudh1\.stmcufinder\plugins\mcufinder
2024-02-06 08:03:06,904 [WARN] DbFile:41 - Overriding database path with different value: C:\Users\sudh1\.stmcufinder\plugins\mcufinder/ => C:\Users\sudh1\.stmcufinder\plugins\mcufinder
2024-02-06 08:03:06,904 [INFO] CrossReferenceDbSqlite:203 - Set database path to: C:\Users\sudh1\.stmcufinder\plugins\mcufinder//mcu/cs/
2024-02-06 08:03:06,999 [INFO] MainPanel:264 - HeapMemory: 268435456
2024-02-06 08:03:07,100 [INFO] DbMcusXml:78 - Set database path to: C:\ST\STM32CubeIDE_1.14.0\STM32CubeIDE\plugins\com.st.stm32cube.common.mx_6.10.0.202311202037\\db\/mcu/
2024-02-06 08:03:07,100 [INFO] ApiDb:274 - Set plugin database path to: C:\ST\STM32CubeIDE_1.14.0\STM32CubeIDE\plugins\com.st.stm32cube.common.mx_6.10.0.202311202037\\db\/plugins/boardmanager/
2024-02-06 08:03:07,100 [INFO] ApiDb:261 - Set plugin images path to: C:\ST\STM32CubeIDE_1.14.0\STM32CubeIDE\plugins\com.st.stm32cube.common.mx_6.10.0.202311202037\\db\/plugins/mcufinder/images/
2024-02-06 08:03:07,100 [WARN] DbFile:41 - Overriding database path with different value: C:\Users\sudh1\.stmcufinder\plugins\mcufinder/ => C:\Users\sudh1\.stmcufinder\plugins\mcufinder
2024-02-06 08:03:07,100 [INFO] ApiDb:250 - Set database path to: C:\Users\sudh1\.stmcufinder\plugins\mcufinder//mcu/
2024-02-06 08:03:07,100 [WARN] DbFile:41 - Overriding database path with different value: C:\Users\sudh1\.stmcufinder\plugins\mcufinder/ => C:\Users\sudh1\.stmcufinder\plugins\mcufinder
2024-02-06 08:03:07,100 [INFO] DbMcusAds:125 - Set database path to: C:\Users\sudh1\.stmcufinder\plugins\mcufinder//mcu/
2024-02-06 08:03:07,100 [WARN] DbFile:41 - Overriding database path with different value: C:\Users\sudh1\.stmcufinder\plugins\mcufinder/ => C:\Users\sudh1\.stmcufinder\plugins\mcufinder
2024-02-06 08:03:07,101 [WARN] DbFile:41 - Overriding database path with different value: C:\Users\sudh1\.stmcufinder\plugins\mcufinder/ => C:\Users\sudh1\.stmcufinder\plugins\mcufinder
2024-02-06 08:03:07,101 [INFO] CrossReferenceDbSqlite:203 - Set database path to: C:\Users\sudh1\.stmcufinder\plugins\mcufinder//mcu/cs/
2024-02-06 08:03:07,120 [INFO] ApplicationProperties:184 - Using Application install path: C:\ST\STM32CubeIDE_1.14.0\STM32CubeIDE\plugins\com.st.stm32cube.common.mx_6.10.0.202311202037
2024-02-06 08:03:07,122 [INFO] PluginManage:196 - Search for loadable plugins [exclusion list=, ]
2024-02-06 08:03:07,124 [INFO] PluginManage:310 - Check plugin analytics
2024-02-06 08:03:07,325 [INFO] AnalyticsPlugin:253 - Accepted Software Licenses: 
2024-02-06 08:03:07,325 [INFO] AnalyticsPlugin:255 - Accepted CMSIS Pack Licenses: 
2024-02-06 08:03:07,325 [INFO] AnalyticsPlugin:257 - Accepted Firmware Licenses: 
2024-02-06 08:03:07,328 [INFO] PluginManage:359 - Loaded plugin analytics (category:tool,tabindex:-1)
2024-02-06 08:03:07,328 [INFO] PluginManage:310 - Check plugin cadmodel
2024-02-06 08:03:07,347 [INFO] CADModel:105 - Init CAD model plugin
2024-02-06 08:03:07,347 [INFO] PluginManage:359 - Loaded plugin cadmodel (category:power,tabindex:5)
2024-02-06 08:03:07,348 [INFO] PluginManage:310 - Check plugin clock
2024-02-06 08:03:07,367 [INFO] PluginManage:359 - Loaded plugin clock (category:base,tabindex:2)
2024-02-06 08:03:07,368 [INFO] PluginManage:310 - Check plugin ddr
2024-02-06 08:03:07,370 [INFO] PluginManage:359 - Loaded plugin ddr (category:tool,tabindex:6)
2024-02-06 08:03:07,370 [INFO] PluginManage:310 - Check plugin filemanager
2024-02-06 08:03:07,529 [INFO] PluginManage:359 - Loaded plugin filemanager (category:base,tabindex:10)
2024-02-06 08:03:07,529 [INFO] PluginManage:310 - Check plugin ipmanager
2024-02-06 08:03:07,539 [INFO] PluginManage:359 - Loaded plugin ipmanager (category:base,tabindex:5)
2024-02-06 08:03:07,539 [INFO] PluginManage:310 - Check plugin lpbam
2024-02-06 08:03:07,557 [INFO] PluginManage:359 - Loaded plugin lpbam (category:base,tabindex:0)
2024-02-06 08:03:07,557 [INFO] PluginManage:310 - Check plugin memorymap
2024-02-06 08:03:07,585 [INFO] PluginManage:359 - Loaded plugin memorymap (category:base,tabindex:4)
2024-02-06 08:03:07,586 [INFO] PluginManage:310 - Check plugin pinoutandconfiguration
2024-02-06 08:03:07,610 [INFO] PluginManage:359 - Loaded plugin pinoutandconfiguration (category:base,tabindex:1)
2024-02-06 08:03:07,610 [INFO] PluginManage:310 - Check plugin pinoutconfig
2024-02-06 08:03:07,724 [WARN] SupportedApi:132 - Cannot load RTOS API schema: s4s-elt-must-match.1: The content of 'definitions' must match (annotation?, (simpleType | complexType)?, (unique | key | keyref)*)). A problem was found starting at: attribute.
2024-02-06 08:03:07,866 [INFO] PluginManage:359 - Loaded plugin pinoutconfig (category:base,tabindex:0)
2024-02-06 08:03:07,866 [INFO] PluginManage:310 - Check plugin power
2024-02-06 08:03:07,887 [INFO] PluginManage:359 - Loaded plugin power (category:power,tabindex:4)
2024-02-06 08:03:07,888 [INFO] PluginManage:310 - Check plugin projectmanager
2024-02-06 08:03:07,902 [INFO] PluginManage:359 - Loaded plugin projectmanager (category:projectmanager,tabindex:3)
2024-02-06 08:03:07,902 [INFO] PluginManage:310 - Check plugin thirdparty
2024-02-06 08:03:08,179 [INFO] PluginManage:359 - Loaded plugin thirdparty (category:base,tabindex:-1)
2024-02-06 08:03:08,179 [WARN] IntegrityCheckThread:84 - waiting for thirdparty lock release [integrity check]
2024-02-06 08:03:08,180 [INFO] PluginManage:310 - Check plugin tools
2024-02-06 08:03:08,180 [INFO] IntegrityCheckThread:86 - entering critical section [integrity check]
2024-02-06 08:03:08,180 [INFO] ThirdPartyUpdaterWithRetryManager:70 - Updater plugin not ready yet. [1/15]
2024-02-06 08:03:08,213 [INFO] PluginManage:359 - Loaded plugin tools (category:base,tabindex:7)
2024-02-06 08:03:08,214 [INFO] PluginManage:310 - Check plugin tutovideos
2024-02-06 08:03:08,435 [INFO] PluginManage:359 - Loaded plugin tutovideos (category:base,tabindex:-1)
2024-02-06 08:03:08,435 [INFO] PluginManage:310 - Check plugin updater
2024-02-06 08:03:08,447 [INFO] PluginManage:359 - Loaded plugin updater (category:base,tabindex:12)
2024-02-06 08:03:08,447 [INFO] PluginManage:310 - Check plugin userauth
2024-02-06 08:03:08,453 [INFO] UserAuth:114 - Init User Auth plugin
2024-02-06 08:03:08,453 [INFO] PluginManage:359 - Loaded plugin userauth (category:base,tabindex:14)
2024-02-06 08:03:08,453 [INFO] PluginManage:283 - PluginManage : Loaded plugins [17]
2024-02-06 08:03:08,663 [INFO] PinOutPanel:1499 - setPackage(No Configuration,No Configuration)
2024-02-06 08:03:08,738 [INFO] CADModel:165 - CPN selected for project level
2024-02-06 08:03:08,738 [INFO] CADModel:114 - Register for checkConnection events
2024-02-06 08:03:08,763 [INFO] IPUIPlugin:80 - create IPUIPlugin
2024-02-06 08:03:08,763 [INFO] PluginManager:220 - loadIPPluginJar : add adc
2024-02-06 08:03:08,810 [INFO] IPUIPlugin:80 - create IPUIPlugin
2024-02-06 08:03:08,810 [INFO] PluginManager:220 - loadIPPluginJar : add aes
2024-02-06 08:03:08,858 [INFO] IPUIPlugin:80 - create IPUIPlugin
2024-02-06 08:03:08,858 [INFO] PluginManager:220 - loadIPPluginJar : add can
2024-02-06 08:03:08,879 [INFO] IPUIPlugin:80 - create IPUIPlugin
2024-02-06 08:03:08,879 [INFO] PluginManager:220 - loadIPPluginJar : add comp
2024-02-06 08:03:08,907 [INFO] IPUIPlugin:80 - create IPUIPlugin
2024-02-06 08:03:08,907 [INFO] PluginManager:220 - loadIPPluginJar : add cryp
2024-02-06 08:03:08,933 [INFO] IPUIPlugin:80 - create IPUIPlugin
2024-02-06 08:03:08,933 [INFO] PluginManager:220 - loadIPPluginJar : add dfsdm
2024-02-06 08:03:08,947 [INFO] IPUIPlugin:80 - create IPUIPlugin
2024-02-06 08:03:08,948 [INFO] PluginManager:220 - loadIPPluginJar : add dma
2024-02-06 08:03:08,987 [INFO] IPUIPlugin:80 - create IPUIPlugin
2024-02-06 08:03:08,987 [INFO] PluginManager:220 - loadIPPluginJar : add dma3
2024-02-06 08:03:09,006 [INFO] IPUIPlugin:80 - create IPUIPlugin
2024-02-06 08:03:09,006 [INFO] PluginManager:220 - loadIPPluginJar : add fatfs
2024-02-06 08:03:09,050 [INFO] IPUIPlugin:80 - create IPUIPlugin
2024-02-06 08:03:09,050 [INFO] PluginManager:220 - loadIPPluginJar : add fmc
2024-02-06 08:03:09,066 [INFO] IPUIPlugin:80 - create IPUIPlugin
2024-02-06 08:03:09,066 [INFO] PluginManager:220 - loadIPPluginJar : add freertos
2024-02-06 08:03:09,085 [INFO] IPUIPlugin:80 - create IPUIPlugin
2024-02-06 08:03:09,085 [INFO] PluginManager:220 - loadIPPluginJar : add genericplugin
2024-02-06 08:03:09,185 [INFO] IPUIPlugin:80 - create IPUIPlugin
2024-02-06 08:03:09,185 [INFO] PluginManager:220 - loadIPPluginJar : add gfxmmu
2024-02-06 08:03:09,314 [INFO] IPUIPlugin:80 - create IPUIPlugin
2024-02-06 08:03:09,314 [INFO] PluginManager:220 - loadIPPluginJar : add gic
2024-02-06 08:03:09,328 [INFO] IPUIPlugin:80 - create IPUIPlugin
2024-02-06 08:03:09,328 [INFO] PluginManager:220 - loadIPPluginJar : add gpio
2024-02-06 08:03:09,406 [INFO] IPUIPlugin:80 - create IPUIPlugin
2024-02-06 08:03:09,406 [INFO] PluginManager:220 - loadIPPluginJar : add gtzc
2024-02-06 08:03:09,434 [INFO] IPUIPlugin:80 - create IPUIPlugin
2024-02-06 08:03:09,434 [INFO] PluginManager:220 - loadIPPluginJar : add hash
2024-02-06 08:03:09,481 [INFO] IPUIPlugin:80 - create IPUIPlugin
2024-02-06 08:03:09,481 [INFO] PluginManager:220 - loadIPPluginJar : add i2c
2024-02-06 08:03:09,515 [INFO] IPUIPlugin:80 - create IPUIPlugin
2024-02-06 08:03:09,515 [INFO] PluginManager:220 - loadIPPluginJar : add i2s
2024-02-06 08:03:09,550 [INFO] IPUIPlugin:80 - create IPUIPlugin
2024-02-06 08:03:09,551 [INFO] PluginManager:220 - loadIPPluginJar : add i3c
2024-02-06 08:03:09,650 [INFO] IPUIPlugin:80 - create IPUIPlugin
2024-02-06 08:03:09,650 [INFO] PluginManager:220 - loadIPPluginJar : add ipddr
2024-02-06 08:03:09,742 [INFO] IPUIPlugin:80 - create IPUIPlugin
2024-02-06 08:03:09,743 [INFO] PluginManager:220 - loadIPPluginJar : add linkedlist
2024-02-06 08:03:09,776 [INFO] IPUIPlugin:80 - create IPUIPlugin
2024-02-06 08:03:09,776 [INFO] PluginManager:220 - loadIPPluginJar : add lorawan
2024-02-06 08:03:09,807 [INFO] IPUIPlugin:80 - create IPUIPlugin
2024-02-06 08:03:09,808 [INFO] PluginManager:220 - loadIPPluginJar : add ltdc
2024-02-06 08:03:09,822 [INFO] IPUIPlugin:80 - create IPUIPlugin
2024-02-06 08:03:09,822 [INFO] PluginManager:220 - loadIPPluginJar : add mdma
2024-02-06 08:03:09,835 [INFO] IPUIPlugin:80 - create IPUIPlugin
2024-02-06 08:03:09,835 [INFO] PluginManager:220 - loadIPPluginJar : add nvic
2024-02-06 08:03:09,869 [INFO] IPUIPlugin:80 - create IPUIPlugin
2024-02-06 08:03:09,869 [INFO] PluginManager:220 - loadIPPluginJar : add opamp
2024-02-06 08:03:09,923 [INFO] IPUIPlugin:80 - create IPUIPlugin
2024-02-06 08:03:09,923 [INFO] PluginManager:220 - loadIPPluginJar : add openamp
2024-02-06 08:03:09,960 [INFO] IPUIPlugin:80 - create IPUIPlugin
2024-02-06 08:03:09,960 [INFO] PluginManager:220 - loadIPPluginJar : add pdm2pcm
2024-02-06 08:03:09,976 [INFO] IPUIPlugin:80 - create IPUIPlugin
2024-02-06 08:03:09,978 [INFO] PluginManager:220 - loadIPPluginJar : add plateformsettings
2024-02-06 08:03:09,997 [INFO] IPUIPlugin:80 - create IPUIPlugin
2024-02-06 08:03:09,997 [INFO] PluginManager:220 - loadIPPluginJar : add quadspi
2024-02-06 08:03:10,008 [INFO] IPUIPlugin:80 - create IPUIPlugin
2024-02-06 08:03:10,008 [INFO] PluginManager:220 - loadIPPluginJar : add resmgrutility
2024-02-06 08:03:10,050 [INFO] IPUIPlugin:80 - create IPUIPlugin
2024-02-06 08:03:10,050 [INFO] PluginManager:220 - loadIPPluginJar : add sai
2024-02-06 08:03:10,081 [INFO] IPUIPlugin:80 - create IPUIPlugin
2024-02-06 08:03:10,081 [INFO] PluginManager:220 - loadIPPluginJar : add spi
2024-02-06 08:03:10,140 [INFO] IPUIPlugin:80 - create IPUIPlugin
2024-02-06 08:03:10,140 [INFO] PluginManager:220 - loadIPPluginJar : add stm32_wpan
2024-02-06 08:03:10,160 [INFO] IPUIPlugin:80 - create IPUIPlugin
2024-02-06 08:03:10,160 [INFO] PluginManager:220 - loadIPPluginJar : add tim
2024-02-06 08:03:10,209 [INFO] IPUIPlugin:80 - create IPUIPlugin
2024-02-06 08:03:10,209 [INFO] PluginManager:220 - loadIPPluginJar : add touchsensing
2024-02-06 08:03:10,232 [INFO] IPUIPlugin:80 - create IPUIPlugin
2024-02-06 08:03:10,232 [INFO] PluginManager:220 - loadIPPluginJar : add tracer_emb
2024-02-06 08:03:10,259 [INFO] IPUIPlugin:80 - create IPUIPlugin
2024-02-06 08:03:10,259 [INFO] PluginManager:220 - loadIPPluginJar : add ts
2024-02-06 08:03:10,284 [INFO] IPUIPlugin:80 - create IPUIPlugin
2024-02-06 08:03:10,284 [INFO] PluginManager:220 - loadIPPluginJar : add tsc
2024-02-06 08:03:10,306 [INFO] IPUIPlugin:80 - create IPUIPlugin
2024-02-06 08:03:10,306 [INFO] PluginManager:220 - loadIPPluginJar : add ucpd
2024-02-06 08:03:10,353 [INFO] IPUIPlugin:80 - create IPUIPlugin
2024-02-06 08:03:10,353 [INFO] PluginManager:220 - loadIPPluginJar : add usart
2024-02-06 08:03:10,394 [INFO] IPUIPlugin:80 - create IPUIPlugin
2024-02-06 08:03:10,394 [INFO] PluginManager:220 - loadIPPluginJar : add usbx
2024-02-06 08:03:10,512 [INFO] CADModel:165 - CPN selected for project level
2024-02-06 08:03:10,513 [INFO] CADModel:114 - Register for checkConnection events
2024-02-06 08:03:10,513 [FATAL] Updater:308 - Updater called before beeing initialized
2024-02-06 08:03:10,513 [ERROR] CADModel:125 - Updater not yet initialized, retry later 
2024-02-06 08:03:10,669 [INFO] CADModel:165 - CPN selected for project level
2024-02-06 08:03:10,669 [INFO] CADModel:114 - Register for checkConnection events
2024-02-06 08:03:10,669 [FATAL] Updater:308 - Updater called before beeing initialized
2024-02-06 08:03:10,669 [ERROR] CADModel:125 - Updater not yet initialized, retry later 
2024-02-06 08:03:10,672 [FATAL] Updater:308 - Updater called before beeing initialized
2024-02-06 08:03:10,773 [FATAL] Updater:308 - Updater called before beeing initialized
2024-02-06 08:03:10,784 [INFO] DbMcusAds:53 - JSON generation date=Wed Nov 29 16:22:27 IST 2023 (1701255147200)
2024-02-06 08:03:10,784 [FATAL] Updater:308 - Updater called before beeing initialized
2024-02-06 08:03:10,857 [WARN] DetailPanel:346 - Failed to get advertising image, set to default
2024-02-06 08:03:10,950 [FATAL] Updater:308 - Updater called before beeing initialized
2024-02-06 08:03:10,952 [FATAL] Updater:308 - Updater called before beeing initialized
2024-02-06 08:03:10,952 [FATAL] Updater:308 - Updater called before beeing initialized
2024-02-06 08:03:10,952 [WARN] DetailPanel:346 - Failed to get advertising image, set to default
2024-02-06 08:03:10,953 [FATAL] Updater:308 - Updater called before beeing initialized
2024-02-06 08:03:11,025 [ERROR] Updater:1120 - MainUpdater not yet initialized. External WinMGr cannot be set.
2024-02-06 08:03:11,035 [INFO] Updater:1056 - Updater Version found : 6.10.0
2024-02-06 08:03:11,056 [INFO] ApplicationProperties:184 - Using Application install path: C:\ST\STM32CubeIDE_1.14.0\STM32CubeIDE\plugins\com.st.stm32cube.common.mx_6.10.0.202311202037
2024-02-06 08:03:11,183 [INFO] ThirdPartyUpdaterWithRetryManager:70 - Updater plugin not ready yet. [2/15]
2024-02-06 08:03:12,631 [ERROR] LogOutputStream:75 - [STDERR_REDIRECT] Feb 06, 2024 8:03:12 AM java.util.prefs.WindowsPreferences <init>
2024-02-06 08:03:12,632 [ERROR] LogOutputStream:75 - [STDERR_REDIRECT] WARNING: Could not open/create prefs root node Software\JavaSoft\Prefs at root 0xffffffff80000002. Windows RegCreateKeyEx(...) returned error code 5.
2024-02-06 08:03:12,632 [ERROR] LogOutputStream:75 - [STDERR_REDIRECT] 
2024-02-06 08:03:13,048 [INFO] MainUpdater:2873 - connection check result : 10
2024-02-06 08:03:13,049 [INFO] MainUpdater:290 - Updater Check For Update Now.
2024-02-06 08:03:13,049 [INFO] MicroXplorer:498 - Change Database Version : DB.6.0.100
2024-02-06 08:03:13,066 [INFO] McuFinderGlobals:63 - Set McuFinder mode to 2 (CubeIDE integrated)
2024-02-06 08:03:13,067 [INFO] UserAuth:180 - activating auth plugin
2024-02-06 08:03:13,071 [INFO] UserAuth:404 - Internet connection configuration mode: 1
2024-02-06 08:03:13,107 [INFO] JxBrowserEngine:152 - Initiate JxBrowser Engine with user profile folder
2024-02-06 08:03:13,259 [INFO] CheckServerUpdateThread:120 - End of CheckServer Thread
2024-02-06 08:03:14,352 [WARN] PackLoader:240 - Cannot read IP mode file for STMicroelectronics.X-CUBE-SMBUS.2.1.0
2024-02-06 08:03:14,369 [WARN] PackLoader:240 - Cannot read IP mode file for STMicroelectronics.X-CUBE-TOUCHGFX.4.23.0
2024-02-06 08:03:14,414 [WARN] PackLoader:240 - Cannot read IP mode file for STMicroelectronics.X-CUBE-AZRTOS-F7.1.1.0
2024-02-06 08:03:14,434 [WARN] PackLoader:240 - Cannot read IP mode file for STMicroelectronics.FP-SNS-MOTENV1.4.3.2
2024-02-06 08:03:14,449 [WARN] PackLoader:240 - Cannot read IP mode file for STMicroelectronics.X-CUBE-BLE1.6.2.4
2024-02-06 08:03:14,463 [WARN] PackLoader:240 - Cannot read IP mode file for STMicroelectronics.FP-SNS-FLIGHT1.5.0.2
2024-02-06 08:03:14,481 [WARN] PackLoader:240 - Cannot read IP mode file for STMicroelectronics.X-CUBE-DISPLAY.3.0.0
2024-02-06 08:03:14,502 [WARN] PackLoader:240 - Cannot read IP mode file for STMicroelectronics.X-CUBE-BLE1.7.0.0
2024-02-06 08:03:14,517 [WARN] PackLoader:240 - Cannot read IP mode file for STMicroelectronics.FP-SNS-SMARTAG2.1.2.0
2024-02-06 08:03:14,540 [INFO] LogOutputStream:77 - [STDOUT_REDIRECT] 1 : Invalid condition id : UX_CORESTACK_Condition cause : null
2024-02-06 08:03:14,540 [INFO] LogOutputStream:77 - [STDOUT_REDIRECT] 1 : Invalid condition id : UX_CORESTACK_Condition cause : null
2024-02-06 08:03:14,542 [INFO] LogOutputStream:77 - [STDOUT_REDIRECT] 1 : Invalid condition id : UX_CORESTACK_Condition cause : null
2024-02-06 08:03:14,543 [INFO] LogOutputStream:77 - [STDOUT_REDIRECT] 1 : Invalid condition id : UX_CORESTACK_Condition cause : null
2024-02-06 08:03:14,544 [INFO] LogOutputStream:77 - [STDOUT_REDIRECT] 1 : Invalid condition id : UX_CORESTACK_Condition cause : null
2024-02-06 08:03:14,549 [WARN] PackLoader:240 - Cannot read IP mode file for STMicroelectronics.X-CUBE-AZRTOS-WL.2.0.0
2024-02-06 08:03:14,573 [WARN] PackLoader:240 - Cannot read IP mode file for WES.I-CUBE-Cesium.1.3.0
2024-02-06 08:03:14,587 [WARN] PackLoader:240 - Cannot read IP mode file for STMicroelectronics.X-CUBE-BLE2.3.3.0
2024-02-06 08:03:14,613 [WARN] PackLoader:240 - Cannot read IP mode file for STMicroelectronics.X-CUBE-TOF1.3.2.0
2024-02-06 08:03:14,634 [WARN] PackLoader:240 - Cannot read IP mode file for STMicroelectronics.X-CUBE-TOUCHGFX.4.21.1
2024-02-06 08:03:14,650 [WARN] PackLoader:240 - Cannot read IP mode file for STMicroelectronics.X-CUBE-ALGOBUILD.1.3.0
2024-02-06 08:03:14,683 [WARN] PackLoader:240 - Cannot read IP mode file for STMicroelectronics.X-CUBE-AZRTOS-G0.1.1.0
2024-02-06 08:03:14,700 [WARN] PackLoader:240 - Cannot read IP mode file for STMicroelectronics.X-CUBE-NFC4.3.0.0
2024-02-06 08:03:14,720 [WARN] PackLoader:240 - Cannot read IP mode file for STMicroelectronics.X-CUBE-BLEMGR.3.0.0
2024-02-06 08:03:14,737 [WARN] PackLoader:240 - Cannot read IP mode file for STMicroelectronics.X-CUBE-BLEMGR.1.3.0
2024-02-06 08:03:14,753 [WARN] PackLoader:240 - Cannot read IP mode file for STMicroelectronics.FP-ATR-SIGFOX1.3.2.0
2024-02-06 08:03:14,769 [WARN] PackLoader:240 - Cannot read IP mode file for STMicroelectronics.X-CUBE-EEPRMA1.5.1.0
2024-02-06 08:03:14,821 [WARN] PackLoader:240 - Cannot read IP mode file for STMicroelectronics.X-CUBE-MEMS1.9.5.0
2024-02-06 08:03:14,996 [WARN] PackLoader:240 - Cannot read IP mode file for SEGGER.I-CUBE-embOS.1.3.1
2024-02-06 08:03:15,052 [WARN] PackLoader:240 - Cannot read IP mode file for STMicroelectronics.X-CUBE-GNSS1.6.0.0
2024-02-06 08:03:15,081 [WARN] PackLoader:240 - Cannot read IP mode file for STMicroelectronics.X-CUBE-AZRTOS-F4.1.1.0
2024-02-06 08:03:15,111 [WARN] PackLoader:240 - Cannot read IP mode file for STMicroelectronics.X-CUBE-AZRTOS-L5.2.0.0
2024-02-06 08:03:15,129 [WARN] PackLoader:240 - Cannot read IP mode file for STMicroelectronics.X-CUBE-EEPRMA1.4.2.0
2024-02-06 08:03:15,145 [WARN] PackLoader:240 - Cannot read IP mode file for ITTIA_DB.I-CUBE-ITTIADB.8.8.0
2024-02-06 08:03:15,161 [WARN] PackLoader:240 - Cannot read IP mode file for emotas.I-CUBE-CANOPEN.1.1.3
2024-02-06 08:03:15,178 [WARN] PackLoader:240 - Cannot read IP mode file for STMicroelectronics.X-CUBE-BLEMGR.2.0.0
2024-02-06 08:03:15,192 [WARN] PackLoader:240 - Cannot read IP mode file for wolfSSL.I-CUBE-wolfSSL.5.5.4
2024-02-06 08:03:15,204 [WARN] PackLoader:240 - Cannot read IP mode file for STMicroelectronics.X-CUBE-NFC7.1.0.1
2024-02-06 08:03:15,219 [WARN] PackLoader:240 - Cannot read IP mode file for STMicroelectronics.X-CUBE-NFC7.1.0.0
2024-02-06 08:03:15,236 [WARN] PackLoader:240 - Cannot read IP mode file for STMicroelectronics.X-CUBE-NFC6.3.0.0
2024-02-06 08:03:15,253 [WARN] PackLoader:240 - Cannot read IP mode file for STMicroelectronics.X-CUBE-EEPRMA1.4.1.0
2024-02-06 08:03:15,269 [WARN] PackLoader:240 - Cannot read IP mode file for STMicroelectronics.X-CUBE-AI.8.1.0
2024-02-06 08:03:15,302 [WARN] ConditionMgr:438 - getConditionDescription Invalid condition id : LAN8742 Phy interface Condition cause : null
2024-02-06 08:03:15,303 [WARN] PackLoader:240 - Cannot read IP mode file for STMicroelectronics.X-CUBE-AZRTOS-L4.2.0.0
2024-02-06 08:03:15,305 [WARN] ConditionMgr:1039 - genDependencies : Invalid condition id : LAN8742 Phy interface Condition cause : null
2024-02-06 08:03:15,305 [WARN] ConditionMgr:1039 - genDependencies : Invalid condition id : LAN8742 Phy interface Condition cause : null
2024-02-06 08:03:15,306 [WARN] ConditionMgr:1039 - genDependencies : Invalid condition id : LAN8742 Phy interface Condition cause : null
2024-02-06 08:03:15,325 [WARN] PackLoader:240 - Cannot read IP mode file for STMicroelectronics.X-CUBE-SFXS2LP1.4.0.0
2024-02-06 08:03:15,363 [WARN] PackLoader:240 - Cannot read IP mode file for STMicroelectronics.X-CUBE-AZRTOS-H7.3.0.0
2024-02-06 08:03:15,379 [WARN] PackLoader:240 - Cannot read IP mode file for STMicroelectronics.X-CUBE-ISPU.1.1.0
2024-02-06 08:03:15,396 [WARN] PackLoader:240 - Cannot read IP mode file for RoweBots.I-CUBE-UNISONRTOS.5.5.0-4
2024-02-06 08:03:15,410 [WARN] PackLoader:240 - Cannot read IP mode file for STMicroelectronics.X-CUBE-AI.8.0.0
2024-02-06 08:03:15,435 [WARN] ConditionMgr:438 - getConditionDescription Invalid condition id : UX DEVICE CLASS RTOS Condition cause : null
2024-02-06 08:03:15,436 [WARN] ConditionMgr:438 - getConditionDescription Invalid condition id : UX DEVICE CLASS RTOS Condition cause : null
2024-02-06 08:03:15,438 [WARN] PackLoader:240 - Cannot read IP mode file for STMicroelectronics.X-CUBE-AZRTOS-WB.2.0.0
2024-02-06 08:03:15,439 [WARN] ConditionMgr:1039 - genDependencies : Invalid condition id : UX DEVICE CLASS RTOS Condition cause : null
2024-02-06 08:03:15,439 [WARN] ConditionMgr:1039 - genDependencies : Invalid condition id : UX DEVICE CLASS RTOS Condition cause : null
2024-02-06 08:03:15,443 [WARN] ConditionMgr:1039 - genDependencies : Invalid condition id : UX DEVICE CLASS RTOS Condition cause : null
2024-02-06 08:03:15,444 [WARN] ConditionMgr:1039 - genDependencies : Invalid condition id : UX DEVICE CLASS RTOS Condition cause : null
2024-02-06 08:03:15,444 [WARN] ConditionMgr:1039 - genDependencies : Invalid condition id : UX DEVICE CLASS RTOS Condition cause : null
2024-02-06 08:03:15,460 [WARN] PackLoader:240 - Cannot read IP mode file for STMicroelectronics.X-CUBE-FREERTOS.1.0.0
2024-02-06 08:03:15,485 [WARN] PackLoader:240 - Cannot read IP mode file for STMicroelectronics.X-CUBE-AZRTOS-L5.1.1.0
2024-02-06 08:03:15,505 [WARN] PackLoader:240 - Cannot read IP mode file for STMicroelectronics.X-CUBE-SUBG2.5.0.0
2024-02-06 08:03:15,535 [WARN] PackLoader:240 - Cannot read IP mode file for STMicroelectronics.X-CUBE-AZRTOS-G4.2.0.0
2024-02-06 08:03:15,552 [WARN] PackLoader:240 - Cannot read IP mode file for STMicroelectronics.FP-ATR-ASTRA1.1.1.1
2024-02-06 08:03:15,571 [WARN] PackLoader:240 - Cannot read IP mode file for Infineon.AIROC-Wi-Fi-Bluetooth-STM32.1.5.1
2024-02-06 08:03:15,588 [WARN] PackLoader:240 - Cannot read IP mode file for STMicroelectronics.FP-SNS-MOTENVWB1.1.3.1
2024-02-06 08:03:15,614 [WARN] PackLoader:240 - Cannot read IP mode file for STMicroelectronics.X-CUBE-AZRTOS-G4.1.0.0
2024-02-06 08:03:15,643 [WARN] PackLoader:240 - Cannot read IP mode file for STMicroelectronics.X-CUBE-AZRTOS-L4.1.0.0
2024-02-06 08:03:15,657 [WARN] PackLoader:240 - Cannot read IP mode file for STMicroelectronics.X-CUBE-ISPU.2.0.0
2024-02-06 08:03:15,699 [WARN] PackLoader:240 - Cannot read IP mode file for STMicroelectronics.X-CUBE-MEMS1.10.0.0
2024-02-06 08:03:15,825 [WARN] PackLoader:240 - Cannot read IP mode file for STMicroelectronics.X-CUBE-FREERTOS.1.1.0
2024-02-06 08:03:15,853 [WARN] PackLoader:240 - Cannot read IP mode file for STMicroelectronics.X-CUBE-AZRTOS-WL.1.0.0
2024-02-06 08:03:15,870 [WARN] PackLoader:240 - Cannot read IP mode file for portGmbH.I-Cube-SoM-uGOAL.1.1.0
2024-02-06 08:03:15,882 [WARN] PackLoader:240 - Cannot read IP mode file for STMicroelectronics.X-CUBE-ALS.1.0.1
2024-02-06 08:03:15,911 [WARN] PackLoader:240 - Cannot read IP mode file for STMicroelectronics.X-CUBE-AZRTOS-WB.1.1.0
2024-02-06 08:03:15,949 [WARN] PackLoader:240 - Cannot read IP mode file for STMicroelectronics.FP-ATR-ASTRA1.2.0.0
2024-02-06 08:03:15,969 [WARN] PackLoader:240 - Cannot read IP mode file for STMicroelectronics.X-CUBE-TOF1.3.4.0
2024-02-06 08:03:16,069 [WARN] PackLoader:240 - Cannot read IP mode file for STMicroelectronics.X-CUBE-AZRTOS-H7.3.2.0
2024-02-06 08:03:16,073 [INFO] ThirdParty:978 - Integrity check success = true
2024-02-06 08:03:16,074 [INFO] IntegrityCheckThread:100 - exiting critical section [integrity check]
2024-02-06 08:03:16,074 [INFO] IntegrityCheckThread:103 - End integrity checks thread
2024-02-06 08:03:16,485 [INFO] WebApp:161 - Instantiating new browser for Auth
2024-02-06 08:03:17,252 [INFO] WebApp:780 - Register for checkConnection events
2024-02-06 08:03:17,252 [INFO] WebApp:414 - Apply proxy settings
2024-02-06 08:03:17,252 [INFO] WebApp:499 - Chromium requires no authentication
2024-02-06 08:03:17,260 [INFO] WebApp:442 - Direct internet connection detected
2024-02-06 08:03:17,436 [INFO] WebApp:192 - Starting web application
2024-02-06 08:03:17,437 [INFO] WebApp:544 - Web application path used C:\ST\STM32CubeIDE_1.14.0\STM32CubeIDE\plugins\com.st.stm32cube.common.mx_6.10.0.202311202037\db\plugins\mcufinder\reactClient1\index.html
2024-02-06 08:03:38,359 [ERROR] LogOutputStream:75 - [STDERR_REDIRECT] SLF4J: Failed to load class "org.slf4j.impl.StaticLoggerBinder".
2024-02-06 08:03:38,360 [ERROR] LogOutputStream:75 - [STDERR_REDIRECT] SLF4J: Defaulting to no-operation (NOP) logger implementation
2024-02-06 08:03:38,361 [ERROR] LogOutputStream:75 - [STDERR_REDIRECT] SLF4J: See http://www.slf4j.org/codes.html#StaticLoggerBinder for further details.
2024-02-06 09:10:20,185 [ERROR] LogOutputStream:75 - [STDERR_REDIRECT] 
2024-02-06 09:10:20,190 [ERROR] LogOutputStream:75 - [STDERR_REDIRECT] 
2024-02-06 10:40:29,938 [INFO] Activator:176 - 


2024-02-06 10:40:29,942 [INFO] Activator:177 - !SESSION log4j initialized
2024-02-06 10:40:36,441 [INFO] LogOutputStream:77 - [STDOUT_REDIRECT] 
2024-02-06 10:40:41,137 [INFO] ApplicationProperties:184 - Using Application install path: C:\ST\STM32CubeIDE_1.14.0\STM32CubeIDE\plugins\com.st.stm32cube.common.mx_6.10.0.202311202037
2024-02-06 10:40:41,156 [INFO] DbMcusXml:78 - Set database path to: C:\ST\STM32CubeIDE_1.14.0\STM32CubeIDE\plugins\com.st.stm32cube.common.mx_6.10.0.202311202037\\db\/mcu/
2024-02-06 10:40:41,156 [INFO] ApiDb:274 - Set plugin database path to: C:\ST\STM32CubeIDE_1.14.0\STM32CubeIDE\plugins\com.st.stm32cube.common.mx_6.10.0.202311202037\\db\/plugins/boardmanager/
2024-02-06 10:40:41,156 [WARN] ApiDb:259 - Overriding images path with different value:  => C:\ST\STM32CubeIDE_1.14.0\STM32CubeIDE\plugins\com.st.stm32cube.common.mx_6.10.0.202311202037\\db\/plugins/mcufinder/images/
2024-02-06 10:40:41,161 [INFO] ApiDb:250 - Set database path to: C:\Users\sudh1\.stmcufinder\plugins\mcufinder//mcu/
2024-02-06 10:40:41,162 [INFO] DbMcusAds:125 - Set database path to: C:\Users\sudh1\.stmcufinder\plugins\mcufinder//mcu/
2024-02-06 10:40:41,165 [INFO] CrossReferenceDbSqlite:203 - Set database path to: C:\Users\sudh1\.stmcufinder\plugins\mcufinder//mcu/cs/
2024-02-06 10:40:41,294 [INFO] RulesReader:64 - Compatibility file has been processed (297 Rules)
2024-02-06 10:40:41,384 [INFO] DbMcusXml:78 - Set database path to: C:\ST\STM32CubeIDE_1.14.0\STM32CubeIDE\plugins\com.st.stm32cube.common.mx_6.10.0.202311202037\\db\/mcu/
2024-02-06 10:40:41,384 [INFO] ApiDb:274 - Set plugin database path to: C:\ST\STM32CubeIDE_1.14.0\STM32CubeIDE\plugins\com.st.stm32cube.common.mx_6.10.0.202311202037\\db\/plugins/boardmanager/
2024-02-06 10:40:41,384 [INFO] ApiDb:261 - Set plugin images path to: C:\ST\STM32CubeIDE_1.14.0\STM32CubeIDE\plugins\com.st.stm32cube.common.mx_6.10.0.202311202037\\db\/plugins/mcufinder/images/
2024-02-06 10:40:41,384 [WARN] DbFile:41 - Overriding database path with different value: C:\Users\sudh1\.stmcufinder\plugins\mcufinder/ => C:\Users\sudh1\.stmcufinder\plugins\mcufinder
2024-02-06 10:40:41,384 [INFO] ApiDb:250 - Set database path to: C:\Users\sudh1\.stmcufinder\plugins\mcufinder//mcu/
2024-02-06 10:40:41,384 [WARN] DbFile:41 - Overriding database path with different value: C:\Users\sudh1\.stmcufinder\plugins\mcufinder/ => C:\Users\sudh1\.stmcufinder\plugins\mcufinder
2024-02-06 10:40:41,384 [INFO] DbMcusAds:125 - Set database path to: C:\Users\sudh1\.stmcufinder\plugins\mcufinder//mcu/
2024-02-06 10:40:41,385 [WARN] DbFile:41 - Overriding database path with different value: C:\Users\sudh1\.stmcufinder\plugins\mcufinder/ => C:\Users\sudh1\.stmcufinder\plugins\mcufinder
2024-02-06 10:40:41,385 [WARN] DbFile:41 - Overriding database path with different value: C:\Users\sudh1\.stmcufinder\plugins\mcufinder/ => C:\Users\sudh1\.stmcufinder\plugins\mcufinder
2024-02-06 10:40:41,385 [INFO] CrossReferenceDbSqlite:203 - Set database path to: C:\Users\sudh1\.stmcufinder\plugins\mcufinder//mcu/cs/
2024-02-06 10:40:41,473 [INFO] MainPanel:264 - HeapMemory: 268435456
2024-02-06 10:40:41,615 [INFO] DbMcusXml:78 - Set database path to: C:\ST\STM32CubeIDE_1.14.0\STM32CubeIDE\plugins\com.st.stm32cube.common.mx_6.10.0.202311202037\\db\/mcu/
2024-02-06 10:40:41,615 [INFO] ApiDb:274 - Set plugin database path to: C:\ST\STM32CubeIDE_1.14.0\STM32CubeIDE\plugins\com.st.stm32cube.common.mx_6.10.0.202311202037\\db\/plugins/boardmanager/
2024-02-06 10:40:41,615 [INFO] ApiDb:261 - Set plugin images path to: C:\ST\STM32CubeIDE_1.14.0\STM32CubeIDE\plugins\com.st.stm32cube.common.mx_6.10.0.202311202037\\db\/plugins/mcufinder/images/
2024-02-06 10:40:41,615 [WARN] DbFile:41 - Overriding database path with different value: C:\Users\sudh1\.stmcufinder\plugins\mcufinder/ => C:\Users\sudh1\.stmcufinder\plugins\mcufinder
2024-02-06 10:40:41,615 [INFO] ApiDb:250 - Set database path to: C:\Users\sudh1\.stmcufinder\plugins\mcufinder//mcu/
2024-02-06 10:40:41,615 [WARN] DbFile:41 - Overriding database path with different value: C:\Users\sudh1\.stmcufinder\plugins\mcufinder/ => C:\Users\sudh1\.stmcufinder\plugins\mcufinder
2024-02-06 10:40:41,616 [INFO] DbMcusAds:125 - Set database path to: C:\Users\sudh1\.stmcufinder\plugins\mcufinder//mcu/
2024-02-06 10:40:41,616 [WARN] DbFile:41 - Overriding database path with different value: C:\Users\sudh1\.stmcufinder\plugins\mcufinder/ => C:\Users\sudh1\.stmcufinder\plugins\mcufinder
2024-02-06 10:40:41,616 [WARN] DbFile:41 - Overriding database path with different value: C:\Users\sudh1\.stmcufinder\plugins\mcufinder/ => C:\Users\sudh1\.stmcufinder\plugins\mcufinder
2024-02-06 10:40:41,616 [INFO] CrossReferenceDbSqlite:203 - Set database path to: C:\Users\sudh1\.stmcufinder\plugins\mcufinder//mcu/cs/
2024-02-06 10:40:41,636 [INFO] ApplicationProperties:184 - Using Application install path: C:\ST\STM32CubeIDE_1.14.0\STM32CubeIDE\plugins\com.st.stm32cube.common.mx_6.10.0.202311202037
2024-02-06 10:40:41,638 [INFO] PluginManage:196 - Search for loadable plugins [exclusion list=, ]
2024-02-06 10:40:41,640 [INFO] PluginManage:310 - Check plugin analytics
2024-02-06 10:40:41,802 [INFO] AnalyticsPlugin:253 - Accepted Software Licenses: 
2024-02-06 10:40:41,803 [INFO] AnalyticsPlugin:255 - Accepted CMSIS Pack Licenses: 
2024-02-06 10:40:41,803 [INFO] AnalyticsPlugin:257 - Accepted Firmware Licenses: 
2024-02-06 10:40:41,805 [INFO] PluginManage:359 - Loaded plugin analytics (category:tool,tabindex:-1)
2024-02-06 10:40:41,806 [INFO] PluginManage:310 - Check plugin cadmodel
2024-02-06 10:40:41,811 [INFO] CADModel:105 - Init CAD model plugin
2024-02-06 10:40:41,811 [INFO] PluginManage:359 - Loaded plugin cadmodel (category:power,tabindex:5)
2024-02-06 10:40:41,811 [INFO] PluginManage:310 - Check plugin clock
2024-02-06 10:40:41,822 [INFO] PluginManage:359 - Loaded plugin clock (category:base,tabindex:2)
2024-02-06 10:40:41,823 [INFO] PluginManage:310 - Check plugin ddr
2024-02-06 10:40:41,825 [INFO] PluginManage:359 - Loaded plugin ddr (category:tool,tabindex:6)
2024-02-06 10:40:41,825 [INFO] PluginManage:310 - Check plugin filemanager
2024-02-06 10:40:41,983 [INFO] PluginManage:359 - Loaded plugin filemanager (category:base,tabindex:10)
2024-02-06 10:40:41,983 [INFO] PluginManage:310 - Check plugin ipmanager
2024-02-06 10:40:41,992 [INFO] PluginManage:359 - Loaded plugin ipmanager (category:base,tabindex:5)
2024-02-06 10:40:41,993 [INFO] PluginManage:310 - Check plugin lpbam
2024-02-06 10:40:42,001 [INFO] PluginManage:359 - Loaded plugin lpbam (category:base,tabindex:0)
2024-02-06 10:40:42,001 [INFO] PluginManage:310 - Check plugin memorymap
2024-02-06 10:40:42,015 [INFO] PluginManage:359 - Loaded plugin memorymap (category:base,tabindex:4)
2024-02-06 10:40:42,015 [INFO] PluginManage:310 - Check plugin pinoutandconfiguration
2024-02-06 10:40:42,024 [INFO] PluginManage:359 - Loaded plugin pinoutandconfiguration (category:base,tabindex:1)
2024-02-06 10:40:42,024 [INFO] PluginManage:310 - Check plugin pinoutconfig
2024-02-06 10:40:42,117 [WARN] SupportedApi:132 - Cannot load RTOS API schema: s4s-elt-must-match.1: The content of 'definitions' must match (annotation?, (simpleType | complexType)?, (unique | key | keyref)*)). A problem was found starting at: attribute.
2024-02-06 10:40:42,260 [INFO] PluginManage:359 - Loaded plugin pinoutconfig (category:base,tabindex:0)
2024-02-06 10:40:42,260 [INFO] PluginManage:310 - Check plugin power
2024-02-06 10:40:42,273 [INFO] PluginManage:359 - Loaded plugin power (category:power,tabindex:4)
2024-02-06 10:40:42,273 [INFO] PluginManage:310 - Check plugin projectmanager
2024-02-06 10:40:42,289 [INFO] PluginManage:359 - Loaded plugin projectmanager (category:projectmanager,tabindex:3)
2024-02-06 10:40:42,289 [INFO] PluginManage:310 - Check plugin thirdparty
2024-02-06 10:40:42,411 [INFO] PluginManage:359 - Loaded plugin thirdparty (category:base,tabindex:-1)
2024-02-06 10:40:42,411 [WARN] IntegrityCheckThread:84 - waiting for thirdparty lock release [integrity check]
2024-02-06 10:40:42,411 [INFO] PluginManage:310 - Check plugin tools
2024-02-06 10:40:42,411 [INFO] IntegrityCheckThread:86 - entering critical section [integrity check]
2024-02-06 10:40:42,412 [INFO] ThirdPartyUpdaterWithRetryManager:70 - Updater plugin not ready yet. [1/15]
2024-02-06 10:40:42,414 [INFO] PluginManage:359 - Loaded plugin tools (category:base,tabindex:7)
2024-02-06 10:40:42,414 [INFO] PluginManage:310 - Check plugin tutovideos
2024-02-06 10:40:42,679 [INFO] PluginManage:359 - Loaded plugin tutovideos (category:base,tabindex:-1)
2024-02-06 10:40:42,679 [INFO] PluginManage:310 - Check plugin updater
2024-02-06 10:40:42,690 [INFO] PluginManage:359 - Loaded plugin updater (category:base,tabindex:12)
2024-02-06 10:40:42,691 [INFO] PluginManage:310 - Check plugin userauth
2024-02-06 10:40:42,696 [INFO] UserAuth:114 - Init User Auth plugin
2024-02-06 10:40:42,696 [INFO] PluginManage:359 - Loaded plugin userauth (category:base,tabindex:14)
2024-02-06 10:40:42,696 [INFO] PluginManage:283 - PluginManage : Loaded plugins [17]
2024-02-06 10:40:42,943 [INFO] PinOutPanel:1499 - setPackage(No Configuration,No Configuration)
2024-02-06 10:40:43,041 [INFO] CADModel:165 - CPN selected for project level
2024-02-06 10:40:43,042 [INFO] CADModel:114 - Register for checkConnection events
2024-02-06 10:40:43,065 [INFO] IPUIPlugin:80 - create IPUIPlugin
2024-02-06 10:40:43,065 [INFO] PluginManager:220 - loadIPPluginJar : add adc
2024-02-06 10:40:43,071 [INFO] IPUIPlugin:80 - create IPUIPlugin
2024-02-06 10:40:43,071 [INFO] PluginManager:220 - loadIPPluginJar : add aes
2024-02-06 10:40:43,076 [INFO] IPUIPlugin:80 - create IPUIPlugin
2024-02-06 10:40:43,076 [INFO] PluginManager:220 - loadIPPluginJar : add can
2024-02-06 10:40:43,080 [INFO] IPUIPlugin:80 - create IPUIPlugin
2024-02-06 10:40:43,080 [INFO] PluginManager:220 - loadIPPluginJar : add comp
2024-02-06 10:40:43,084 [INFO] IPUIPlugin:80 - create IPUIPlugin
2024-02-06 10:40:43,086 [INFO] PluginManager:220 - loadIPPluginJar : add cryp
2024-02-06 10:40:43,091 [INFO] IPUIPlugin:80 - create IPUIPlugin
2024-02-06 10:40:43,091 [INFO] PluginManager:220 - loadIPPluginJar : add dfsdm
2024-02-06 10:40:43,101 [INFO] IPUIPlugin:80 - create IPUIPlugin
2024-02-06 10:40:43,101 [INFO] PluginManager:220 - loadIPPluginJar : add dma
2024-02-06 10:40:43,105 [INFO] IPUIPlugin:80 - create IPUIPlugin
2024-02-06 10:40:43,106 [INFO] PluginManager:220 - loadIPPluginJar : add dma3
2024-02-06 10:40:43,108 [INFO] IPUIPlugin:80 - create IPUIPlugin
2024-02-06 10:40:43,108 [INFO] PluginManager:220 - loadIPPluginJar : add fatfs
2024-02-06 10:40:43,116 [INFO] IPUIPlugin:80 - create IPUIPlugin
2024-02-06 10:40:43,116 [INFO] PluginManager:220 - loadIPPluginJar : add fmc
2024-02-06 10:40:43,125 [INFO] IPUIPlugin:80 - create IPUIPlugin
2024-02-06 10:40:43,126 [INFO] PluginManager:220 - loadIPPluginJar : add freertos
2024-02-06 10:40:43,128 [INFO] IPUIPlugin:80 - create IPUIPlugin
2024-02-06 10:40:43,128 [INFO] PluginManager:220 - loadIPPluginJar : add genericplugin
2024-02-06 10:40:43,132 [INFO] IPUIPlugin:80 - create IPUIPlugin
2024-02-06 10:40:43,132 [INFO] PluginManager:220 - loadIPPluginJar : add gfxmmu
2024-02-06 10:40:43,140 [INFO] IPUIPlugin:80 - create IPUIPlugin
2024-02-06 10:40:43,141 [INFO] PluginManager:220 - loadIPPluginJar : add gic
2024-02-06 10:40:43,147 [INFO] IPUIPlugin:80 - create IPUIPlugin
2024-02-06 10:40:43,147 [INFO] PluginManager:220 - loadIPPluginJar : add gpio
2024-02-06 10:40:43,153 [INFO] IPUIPlugin:80 - create IPUIPlugin
2024-02-06 10:40:43,153 [INFO] PluginManager:220 - loadIPPluginJar : add gtzc
2024-02-06 10:40:43,158 [INFO] IPUIPlugin:80 - create IPUIPlugin
2024-02-06 10:40:43,158 [INFO] PluginManager:220 - loadIPPluginJar : add hash
2024-02-06 10:40:43,164 [INFO] IPUIPlugin:80 - create IPUIPlugin
2024-02-06 10:40:43,165 [INFO] PluginManager:220 - loadIPPluginJar : add i2c
2024-02-06 10:40:43,169 [INFO] IPUIPlugin:80 - create IPUIPlugin
2024-02-06 10:40:43,169 [INFO] PluginManager:220 - loadIPPluginJar : add i2s
2024-02-06 10:40:43,174 [INFO] IPUIPlugin:80 - create IPUIPlugin
2024-02-06 10:40:43,174 [INFO] PluginManager:220 - loadIPPluginJar : add i3c
2024-02-06 10:40:43,179 [INFO] IPUIPlugin:80 - create IPUIPlugin
2024-02-06 10:40:43,179 [INFO] PluginManager:220 - loadIPPluginJar : add ipddr
2024-02-06 10:40:43,189 [INFO] IPUIPlugin:80 - create IPUIPlugin
2024-02-06 10:40:43,190 [INFO] PluginManager:220 - loadIPPluginJar : add linkedlist
2024-02-06 10:40:43,193 [INFO] IPUIPlugin:80 - create IPUIPlugin
2024-02-06 10:40:43,194 [INFO] PluginManager:220 - loadIPPluginJar : add lorawan
2024-02-06 10:40:43,195 [INFO] IPUIPlugin:80 - create IPUIPlugin
2024-02-06 10:40:43,196 [INFO] PluginManager:220 - loadIPPluginJar : add ltdc
2024-02-06 10:40:43,203 [INFO] IPUIPlugin:80 - create IPUIPlugin
2024-02-06 10:40:43,204 [INFO] PluginManager:220 - loadIPPluginJar : add mdma
2024-02-06 10:40:43,208 [INFO] IPUIPlugin:80 - create IPUIPlugin
2024-02-06 10:40:43,208 [INFO] PluginManager:220 - loadIPPluginJar : add nvic
2024-02-06 10:40:43,211 [INFO] IPUIPlugin:80 - create IPUIPlugin
2024-02-06 10:40:43,211 [INFO] PluginManager:220 - loadIPPluginJar : add opamp
2024-02-06 10:40:43,213 [INFO] IPUIPlugin:80 - create IPUIPlugin
2024-02-06 10:40:43,214 [INFO] PluginManager:220 - loadIPPluginJar : add openamp
2024-02-06 10:40:43,216 [INFO] IPUIPlugin:80 - create IPUIPlugin
2024-02-06 10:40:43,216 [INFO] PluginManager:220 - loadIPPluginJar : add pdm2pcm
2024-02-06 10:40:43,224 [INFO] IPUIPlugin:80 - create IPUIPlugin
2024-02-06 10:40:43,226 [INFO] PluginManager:220 - loadIPPluginJar : add plateformsettings
2024-02-06 10:40:43,228 [INFO] IPUIPlugin:80 - create IPUIPlugin
2024-02-06 10:40:43,228 [INFO] PluginManager:220 - loadIPPluginJar : add quadspi
2024-02-06 10:40:43,232 [INFO] IPUIPlugin:80 - create IPUIPlugin
2024-02-06 10:40:43,232 [INFO] PluginManager:220 - loadIPPluginJar : add resmgrutility
2024-02-06 10:40:43,236 [INFO] IPUIPlugin:80 - create IPUIPlugin
2024-02-06 10:40:43,236 [INFO] PluginManager:220 - loadIPPluginJar : add sai
2024-02-06 10:40:43,240 [INFO] IPUIPlugin:80 - create IPUIPlugin
2024-02-06 10:40:43,240 [INFO] PluginManager:220 - loadIPPluginJar : add spi
2024-02-06 10:40:43,249 [INFO] IPUIPlugin:80 - create IPUIPlugin
2024-02-06 10:40:43,250 [INFO] PluginManager:220 - loadIPPluginJar : add stm32_wpan
2024-02-06 10:40:43,252 [INFO] IPUIPlugin:80 - create IPUIPlugin
2024-02-06 10:40:43,252 [INFO] PluginManager:220 - loadIPPluginJar : add tim
2024-02-06 10:40:43,256 [INFO] IPUIPlugin:80 - create IPUIPlugin
2024-02-06 10:40:43,256 [INFO] PluginManager:220 - loadIPPluginJar : add touchsensing
2024-02-06 10:40:43,259 [INFO] IPUIPlugin:80 - create IPUIPlugin
2024-02-06 10:40:43,259 [INFO] PluginManager:220 - loadIPPluginJar : add tracer_emb
2024-02-06 10:40:43,261 [INFO] IPUIPlugin:80 - create IPUIPlugin
2024-02-06 10:40:43,261 [INFO] PluginManager:220 - loadIPPluginJar : add ts
2024-02-06 10:40:43,263 [INFO] IPUIPlugin:80 - create IPUIPlugin
2024-02-06 10:40:43,263 [INFO] PluginManager:220 - loadIPPluginJar : add tsc
2024-02-06 10:40:43,265 [INFO] IPUIPlugin:80 - create IPUIPlugin
2024-02-06 10:40:43,265 [INFO] PluginManager:220 - loadIPPluginJar : add ucpd
2024-02-06 10:40:43,269 [INFO] IPUIPlugin:80 - create IPUIPlugin
2024-02-06 10:40:43,269 [INFO] PluginManager:220 - loadIPPluginJar : add usart
2024-02-06 10:40:43,273 [INFO] IPUIPlugin:80 - create IPUIPlugin
2024-02-06 10:40:43,273 [INFO] PluginManager:220 - loadIPPluginJar : add usbx
2024-02-06 10:40:43,403 [INFO] CADModel:165 - CPN selected for project level
2024-02-06 10:40:43,404 [INFO] CADModel:114 - Register for checkConnection events
2024-02-06 10:40:43,404 [FATAL] Updater:308 - Updater called before beeing initialized
2024-02-06 10:40:43,404 [ERROR] CADModel:125 - Updater not yet initialized, retry later 
2024-02-06 10:40:43,630 [INFO] CADModel:165 - CPN selected for project level
2024-02-06 10:40:43,631 [INFO] CADModel:114 - Register for checkConnection events
2024-02-06 10:40:43,631 [FATAL] Updater:308 - Updater called before beeing initialized
2024-02-06 10:40:43,631 [ERROR] CADModel:125 - Updater not yet initialized, retry later 
2024-02-06 10:40:43,638 [FATAL] Updater:308 - Updater called before beeing initialized
2024-02-06 10:40:43,775 [FATAL] Updater:308 - Updater called before beeing initialized
2024-02-06 10:40:43,779 [INFO] DbMcusAds:53 - JSON generation date=Wed Nov 29 16:22:27 IST 2023 (1701255147200)
2024-02-06 10:40:43,780 [FATAL] Updater:308 - Updater called before beeing initialized
2024-02-06 10:40:43,851 [WARN] DetailPanel:346 - Failed to get advertising image, set to default
2024-02-06 10:40:43,957 [FATAL] Updater:308 - Updater called before beeing initialized
2024-02-06 10:40:43,959 [FATAL] Updater:308 - Updater called before beeing initialized
2024-02-06 10:40:43,959 [FATAL] Updater:308 - Updater called before beeing initialized
2024-02-06 10:40:43,959 [WARN] DetailPanel:346 - Failed to get advertising image, set to default
2024-02-06 10:40:43,960 [FATAL] Updater:308 - Updater called before beeing initialized
2024-02-06 10:40:44,012 [ERROR] Updater:1120 - MainUpdater not yet initialized. External WinMGr cannot be set.
2024-02-06 10:40:44,015 [INFO] Updater:1056 - Updater Version found : 6.10.0
2024-02-06 10:40:44,043 [INFO] ApplicationProperties:184 - Using Application install path: C:\ST\STM32CubeIDE_1.14.0\STM32CubeIDE\plugins\com.st.stm32cube.common.mx_6.10.0.202311202037
2024-02-06 10:40:45,413 [INFO] ThirdPartyUpdaterWithRetryManager:70 - Updater plugin not ready yet. [2/15]
2024-02-06 10:40:45,621 [ERROR] LogOutputStream:75 - [STDERR_REDIRECT] Feb 06, 2024 10:40:45 AM java.util.prefs.WindowsPreferences <init>
2024-02-06 10:40:45,625 [ERROR] LogOutputStream:75 - [STDERR_REDIRECT] WARNING: Could not open/create prefs root node Software\JavaSoft\Prefs at root 0xffffffff80000002. Windows RegCreateKeyEx(...) returned error code 5.
2024-02-06 10:40:45,626 [ERROR] LogOutputStream:75 - [STDERR_REDIRECT] 
2024-02-06 10:40:46,047 [INFO] MainUpdater:2873 - connection check result : 10
2024-02-06 10:40:46,049 [INFO] MainUpdater:290 - Updater Check For Update Now.
2024-02-06 10:40:46,049 [INFO] MicroXplorer:498 - Change Database Version : DB.6.0.100
2024-02-06 10:40:46,105 [INFO] McuFinderGlobals:63 - Set McuFinder mode to 2 (CubeIDE integrated)
2024-02-06 10:40:46,106 [INFO] UserAuth:180 - activating auth plugin
2024-02-06 10:40:46,113 [INFO] UserAuth:404 - Internet connection configuration mode: 1
2024-02-06 10:40:46,167 [INFO] JxBrowserEngine:152 - Initiate JxBrowser Engine with user profile folder
2024-02-06 10:40:46,317 [INFO] CheckServerUpdateThread:120 - End of CheckServer Thread
2024-02-06 10:40:46,902 [INFO] WebApp:161 - Instantiating new browser for Auth
2024-02-06 10:40:47,767 [INFO] WebApp:780 - Register for checkConnection events
2024-02-06 10:40:47,767 [INFO] WebApp:414 - Apply proxy settings
2024-02-06 10:40:47,767 [INFO] WebApp:499 - Chromium requires no authentication
2024-02-06 10:40:47,782 [INFO] WebApp:442 - Direct internet connection detected
2024-02-06 10:40:48,021 [INFO] WebApp:192 - Starting web application
2024-02-06 10:40:48,021 [INFO] WebApp:544 - Web application path used C:\ST\STM32CubeIDE_1.14.0\STM32CubeIDE\plugins\com.st.stm32cube.common.mx_6.10.0.202311202037\db\plugins\mcufinder\reactClient1\index.html
2024-02-06 10:40:48,618 [WARN] PackLoader:240 - Cannot read IP mode file for STMicroelectronics.X-CUBE-SMBUS.2.1.0
2024-02-06 10:40:48,628 [WARN] PackLoader:240 - Cannot read IP mode file for STMicroelectronics.X-CUBE-TOUCHGFX.4.23.0
2024-02-06 10:40:48,663 [WARN] PackLoader:240 - Cannot read IP mode file for STMicroelectronics.X-CUBE-AZRTOS-F7.1.1.0
2024-02-06 10:40:48,678 [WARN] PackLoader:240 - Cannot read IP mode file for STMicroelectronics.FP-SNS-MOTENV1.4.3.2
2024-02-06 10:40:48,692 [WARN] PackLoader:240 - Cannot read IP mode file for STMicroelectronics.X-CUBE-BLE1.6.2.4
2024-02-06 10:40:48,701 [WARN] PackLoader:240 - Cannot read IP mode file for STMicroelectronics.FP-SNS-FLIGHT1.5.0.2
2024-02-06 10:40:48,711 [WARN] PackLoader:240 - Cannot read IP mode file for STMicroelectronics.X-CUBE-DISPLAY.3.0.0
2024-02-06 10:40:48,722 [WARN] PackLoader:240 - Cannot read IP mode file for STMicroelectronics.X-CUBE-BLE1.7.0.0
2024-02-06 10:40:48,729 [WARN] PackLoader:240 - Cannot read IP mode file for STMicroelectronics.FP-SNS-SMARTAG2.1.2.0
2024-02-06 10:40:48,743 [INFO] LogOutputStream:77 - [STDOUT_REDIRECT] 1 : Invalid condition id : UX_CORESTACK_Condition cause : null
2024-02-06 10:40:48,743 [INFO] LogOutputStream:77 - [STDOUT_REDIRECT] 1 : Invalid condition id : UX_CORESTACK_Condition cause : null
2024-02-06 10:40:48,744 [INFO] LogOutputStream:77 - [STDOUT_REDIRECT] 1 : Invalid condition id : UX_CORESTACK_Condition cause : null
2024-02-06 10:40:48,745 [INFO] LogOutputStream:77 - [STDOUT_REDIRECT] 1 : Invalid condition id : UX_CORESTACK_Condition cause : null
2024-02-06 10:40:48,746 [INFO] LogOutputStream:77 - [STDOUT_REDIRECT] 1 : Invalid condition id : UX_CORESTACK_Condition cause : null
2024-02-06 10:40:48,753 [WARN] PackLoader:240 - Cannot read IP mode file for STMicroelectronics.X-CUBE-AZRTOS-WL.2.0.0
2024-02-06 10:40:48,765 [WARN] PackLoader:240 - Cannot read IP mode file for WES.I-CUBE-Cesium.1.3.0
2024-02-06 10:40:48,772 [WARN] PackLoader:240 - Cannot read IP mode file for STMicroelectronics.X-CUBE-BLE2.3.3.0
2024-02-06 10:40:48,787 [WARN] PackLoader:240 - Cannot read IP mode file for STMicroelectronics.X-CUBE-TOF1.3.2.0
2024-02-06 10:40:48,799 [WARN] PackLoader:240 - Cannot read IP mode file for STMicroelectronics.X-CUBE-TOUCHGFX.4.21.1
2024-02-06 10:40:48,806 [WARN] PackLoader:240 - Cannot read IP mode file for STMicroelectronics.X-CUBE-ALGOBUILD.1.3.0
2024-02-06 10:40:48,824 [WARN] PackLoader:240 - Cannot read IP mode file for STMicroelectronics.X-CUBE-AZRTOS-G0.1.1.0
2024-02-06 10:40:48,832 [WARN] PackLoader:240 - Cannot read IP mode file for STMicroelectronics.X-CUBE-NFC4.3.0.0
2024-02-06 10:40:48,842 [WARN] PackLoader:240 - Cannot read IP mode file for STMicroelectronics.X-CUBE-BLEMGR.3.0.0
2024-02-06 10:40:48,853 [WARN] PackLoader:240 - Cannot read IP mode file for STMicroelectronics.X-CUBE-BLEMGR.1.3.0
2024-02-06 10:40:48,861 [WARN] PackLoader:240 - Cannot read IP mode file for STMicroelectronics.FP-ATR-SIGFOX1.3.2.0
2024-02-06 10:40:48,869 [WARN] PackLoader:240 - Cannot read IP mode file for STMicroelectronics.X-CUBE-EEPRMA1.5.1.0
2024-02-06 10:40:48,928 [WARN] PackLoader:240 - Cannot read IP mode file for STMicroelectronics.X-CUBE-MEMS1.9.5.0
2024-02-06 10:40:49,122 [WARN] PackLoader:240 - Cannot read IP mode file for SEGGER.I-CUBE-embOS.1.3.1
2024-02-06 10:40:49,169 [WARN] PackLoader:240 - Cannot read IP mode file for STMicroelectronics.X-CUBE-GNSS1.6.0.0
2024-02-06 10:40:49,184 [WARN] PackLoader:240 - Cannot read IP mode file for STMicroelectronics.X-CUBE-AZRTOS-F4.1.1.0
2024-02-06 10:40:49,211 [WARN] PackLoader:240 - Cannot read IP mode file for STMicroelectronics.X-CUBE-AZRTOS-L5.2.0.0
2024-02-06 10:40:49,224 [WARN] PackLoader:240 - Cannot read IP mode file for STMicroelectronics.X-CUBE-EEPRMA1.4.2.0
2024-02-06 10:40:49,232 [WARN] PackLoader:240 - Cannot read IP mode file for ITTIA_DB.I-CUBE-ITTIADB.8.8.0
2024-02-06 10:40:49,240 [WARN] PackLoader:240 - Cannot read IP mode file for emotas.I-CUBE-CANOPEN.1.1.3
2024-02-06 10:40:49,246 [WARN] PackLoader:240 - Cannot read IP mode file for STMicroelectronics.X-CUBE-BLEMGR.2.0.0
2024-02-06 10:40:49,253 [WARN] PackLoader:240 - Cannot read IP mode file for wolfSSL.I-CUBE-wolfSSL.5.5.4
2024-02-06 10:40:49,259 [WARN] PackLoader:240 - Cannot read IP mode file for STMicroelectronics.X-CUBE-NFC7.1.0.1
2024-02-06 10:40:49,288 [WARN] PackLoader:240 - Cannot read IP mode file for STMicroelectronics.X-CUBE-NFC7.1.0.0
2024-02-06 10:40:49,300 [WARN] PackLoader:240 - Cannot read IP mode file for STMicroelectronics.X-CUBE-NFC6.3.0.0
2024-02-06 10:40:49,312 [WARN] PackLoader:240 - Cannot read IP mode file for STMicroelectronics.X-CUBE-EEPRMA1.4.1.0
2024-02-06 10:40:49,321 [WARN] PackLoader:240 - Cannot read IP mode file for STMicroelectronics.X-CUBE-AI.8.1.0
2024-02-06 10:40:49,343 [WARN] ConditionMgr:438 - getConditionDescription Invalid condition id : LAN8742 Phy interface Condition cause : null
2024-02-06 10:40:49,344 [WARN] PackLoader:240 - Cannot read IP mode file for STMicroelectronics.X-CUBE-AZRTOS-L4.2.0.0
2024-02-06 10:40:49,346 [WARN] ConditionMgr:1039 - genDependencies : Invalid condition id : LAN8742 Phy interface Condition cause : null
2024-02-06 10:40:49,346 [WARN] ConditionMgr:1039 - genDependencies : Invalid condition id : LAN8742 Phy interface Condition cause : null
2024-02-06 10:40:49,347 [WARN] ConditionMgr:1039 - genDependencies : Invalid condition id : LAN8742 Phy interface Condition cause : null
2024-02-06 10:40:49,357 [WARN] PackLoader:240 - Cannot read IP mode file for STMicroelectronics.X-CUBE-SFXS2LP1.4.0.0
2024-02-06 10:40:49,377 [WARN] PackLoader:240 - Cannot read IP mode file for STMicroelectronics.X-CUBE-AZRTOS-H7.3.0.0
2024-02-06 10:40:49,386 [WARN] PackLoader:240 - Cannot read IP mode file for STMicroelectronics.X-CUBE-ISPU.1.1.0
2024-02-06 10:40:49,397 [WARN] PackLoader:240 - Cannot read IP mode file for RoweBots.I-CUBE-UNISONRTOS.5.5.0-4
2024-02-06 10:40:49,403 [WARN] PackLoader:240 - Cannot read IP mode file for STMicroelectronics.X-CUBE-AI.8.0.0
2024-02-06 10:40:49,417 [WARN] ConditionMgr:438 - getConditionDescription Invalid condition id : UX DEVICE CLASS RTOS Condition cause : null
2024-02-06 10:40:49,417 [WARN] ConditionMgr:438 - getConditionDescription Invalid condition id : UX DEVICE CLASS RTOS Condition cause : null
2024-02-06 10:40:49,420 [WARN] PackLoader:240 - Cannot read IP mode file for STMicroelectronics.X-CUBE-AZRTOS-WB.2.0.0
2024-02-06 10:40:49,421 [WARN] ConditionMgr:1039 - genDependencies : Invalid condition id : UX DEVICE CLASS RTOS Condition cause : null
2024-02-06 10:40:49,421 [WARN] ConditionMgr:1039 - genDependencies : Invalid condition id : UX DEVICE CLASS RTOS Condition cause : null
2024-02-06 10:40:49,422 [WARN] ConditionMgr:1039 - genDependencies : Invalid condition id : UX DEVICE CLASS RTOS Condition cause : null
2024-02-06 10:40:49,422 [WARN] ConditionMgr:1039 - genDependencies : Invalid condition id : UX DEVICE CLASS RTOS Condition cause : null
2024-02-06 10:40:49,422 [WARN] ConditionMgr:1039 - genDependencies : Invalid condition id : UX DEVICE CLASS RTOS Condition cause : null
2024-02-06 10:40:49,429 [WARN] PackLoader:240 - Cannot read IP mode file for STMicroelectronics.X-CUBE-FREERTOS.1.0.0
2024-02-06 10:40:49,450 [WARN] PackLoader:240 - Cannot read IP mode file for STMicroelectronics.X-CUBE-AZRTOS-L5.1.1.0
2024-02-06 10:40:49,463 [WARN] PackLoader:240 - Cannot read IP mode file for STMicroelectronics.X-CUBE-SUBG2.5.0.0
2024-02-06 10:40:49,485 [WARN] PackLoader:240 - Cannot read IP mode file for STMicroelectronics.X-CUBE-AZRTOS-G4.2.0.0
2024-02-06 10:40:49,493 [WARN] PackLoader:240 - Cannot read IP mode file for STMicroelectronics.FP-ATR-ASTRA1.1.1.1
2024-02-06 10:40:49,505 [WARN] PackLoader:240 - Cannot read IP mode file for Infineon.AIROC-Wi-Fi-Bluetooth-STM32.1.5.1
2024-02-06 10:40:49,514 [WARN] PackLoader:240 - Cannot read IP mode file for STMicroelectronics.FP-SNS-MOTENVWB1.1.3.1
2024-02-06 10:40:49,527 [WARN] PackLoader:240 - Cannot read IP mode file for STMicroelectronics.X-CUBE-AZRTOS-G4.1.0.0
2024-02-06 10:40:49,542 [WARN] PackLoader:240 - Cannot read IP mode file for STMicroelectronics.X-CUBE-AZRTOS-L4.1.0.0
2024-02-06 10:40:49,550 [WARN] PackLoader:240 - Cannot read IP mode file for STMicroelectronics.X-CUBE-ISPU.2.0.0
2024-02-06 10:40:49,586 [WARN] PackLoader:240 - Cannot read IP mode file for STMicroelectronics.X-CUBE-MEMS1.10.0.0
2024-02-06 10:40:49,759 [WARN] PackLoader:240 - Cannot read IP mode file for STMicroelectronics.X-CUBE-FREERTOS.1.1.0
2024-02-06 10:40:49,772 [WARN] PackLoader:240 - Cannot read IP mode file for STMicroelectronics.X-CUBE-AZRTOS-WL.1.0.0
2024-02-06 10:40:49,781 [WARN] PackLoader:240 - Cannot read IP mode file for portGmbH.I-Cube-SoM-uGOAL.1.1.0
2024-02-06 10:40:49,787 [WARN] PackLoader:240 - Cannot read IP mode file for STMicroelectronics.X-CUBE-ALS.1.0.1
2024-02-06 10:40:49,803 [WARN] PackLoader:240 - Cannot read IP mode file for STMicroelectronics.X-CUBE-AZRTOS-WB.1.1.0
2024-02-06 10:40:49,819 [WARN] PackLoader:240 - Cannot read IP mode file for STMicroelectronics.FP-ATR-ASTRA1.2.0.0
2024-02-06 10:40:49,834 [WARN] PackLoader:240 - Cannot read IP mode file for STMicroelectronics.X-CUBE-TOF1.3.4.0
2024-02-06 10:40:49,873 [WARN] PackLoader:240 - Cannot read IP mode file for STMicroelectronics.X-CUBE-AZRTOS-H7.3.2.0
2024-02-06 10:40:49,878 [INFO] ThirdParty:978 - Integrity check success = true
2024-02-06 10:40:49,878 [INFO] IntegrityCheckThread:100 - exiting critical section [integrity check]
2024-02-06 10:40:49,878 [INFO] IntegrityCheckThread:103 - End integrity checks thread
2024-02-06 10:41:08,951 [ERROR] LogOutputStream:75 - [STDERR_REDIRECT] SLF4J: Failed to load class "org.slf4j.impl.StaticLoggerBinder".
2024-02-06 10:41:08,953 [ERROR] LogOutputStream:75 - [STDERR_REDIRECT] SLF4J: Defaulting to no-operation (NOP) logger implementation
2024-02-06 10:41:08,955 [ERROR] LogOutputStream:75 - [STDERR_REDIRECT] SLF4J: See http://www.slf4j.org/codes.html#StaticLoggerBinder for further details.
2024-02-06 13:52:31,402 [ERROR] LogOutputStream:75 - [STDERR_REDIRECT] 
