2024-01-03 11:48:53,567 [INFO] Activator:176 - 


2024-01-03 11:48:53,572 [INFO] Activator:177 - !SESSION log4j initialized
2024-01-03 11:48:58,122 [INFO] LogOutputStream:77 - [STDOUT_REDIRECT] 
2024-01-03 11:49:00,195 [INFO] ApplicationProperties:184 - Using Application install path: C:\ST\STM32CubeIDE_1.14.0\STM32CubeIDE\plugins\com.st.stm32cube.common.mx_6.10.0.202311202037
2024-01-03 11:49:00,217 [INFO] DbMcusXml:78 - Set database path to: C:\ST\STM32CubeIDE_1.14.0\STM32CubeIDE\plugins\com.st.stm32cube.common.mx_6.10.0.202311202037\\db\/mcu/
2024-01-03 11:49:00,218 [INFO] ApiDb:274 - Set plugin database path to: C:\ST\STM32CubeIDE_1.14.0\STM32CubeIDE\plugins\com.st.stm32cube.common.mx_6.10.0.202311202037\\db\/plugins/boardmanager/
2024-01-03 11:49:00,218 [WARN] ApiDb:259 - Overriding images path with different value:  => C:\ST\STM32CubeIDE_1.14.0\STM32CubeIDE\plugins\com.st.stm32cube.common.mx_6.10.0.202311202037\\db\/plugins/mcufinder/images/
2024-01-03 11:49:00,232 [INFO] ApiDb:250 - Set database path to: C:\Users\sudh1\.stmcufinder\plugins\mcufinder//mcu/
2024-01-03 11:49:00,233 [INFO] DbMcusAds:125 - Set database path to: C:\Users\sudh1\.stmcufinder\plugins\mcufinder//mcu/
2024-01-03 11:49:00,236 [INFO] CrossReferenceDbSqlite:203 - Set database path to: C:\Users\sudh1\.stmcufinder\plugins\mcufinder//mcu/cs/
2024-01-03 11:49:00,387 [INFO] RulesReader:64 - Compatibility file has been processed (297 Rules)
2024-01-03 11:49:00,472 [INFO] DbMcusXml:78 - Set database path to: C:\ST\STM32CubeIDE_1.14.0\STM32CubeIDE\plugins\com.st.stm32cube.common.mx_6.10.0.202311202037\\db\/mcu/
2024-01-03 11:49:00,472 [INFO] ApiDb:274 - Set plugin database path to: C:\ST\STM32CubeIDE_1.14.0\STM32CubeIDE\plugins\com.st.stm32cube.common.mx_6.10.0.202311202037\\db\/plugins/boardmanager/
2024-01-03 11:49:00,473 [INFO] ApiDb:261 - Set plugin images path to: C:\ST\STM32CubeIDE_1.14.0\STM32CubeIDE\plugins\com.st.stm32cube.common.mx_6.10.0.202311202037\\db\/plugins/mcufinder/images/
2024-01-03 11:49:00,473 [WARN] DbFile:41 - Overriding database path with different value: C:\Users\sudh1\.stmcufinder\plugins\mcufinder/ => C:\Users\sudh1\.stmcufinder\plugins\mcufinder
2024-01-03 11:49:00,473 [INFO] ApiDb:250 - Set database path to: C:\Users\sudh1\.stmcufinder\plugins\mcufinder//mcu/
2024-01-03 11:49:00,473 [WARN] DbFile:41 - Overriding database path with different value: C:\Users\sudh1\.stmcufinder\plugins\mcufinder/ => C:\Users\sudh1\.stmcufinder\plugins\mcufinder
2024-01-03 11:49:00,473 [INFO] DbMcusAds:125 - Set database path to: C:\Users\sudh1\.stmcufinder\plugins\mcufinder//mcu/
2024-01-03 11:49:00,473 [WARN] DbFile:41 - Overriding database path with different value: C:\Users\sudh1\.stmcufinder\plugins\mcufinder/ => C:\Users\sudh1\.stmcufinder\plugins\mcufinder
2024-01-03 11:49:00,473 [WARN] DbFile:41 - Overriding database path with different value: C:\Users\sudh1\.stmcufinder\plugins\mcufinder/ => C:\Users\sudh1\.stmcufinder\plugins\mcufinder
2024-01-03 11:49:00,473 [INFO] CrossReferenceDbSqlite:203 - Set database path to: C:\Users\sudh1\.stmcufinder\plugins\mcufinder//mcu/cs/
2024-01-03 11:49:00,558 [INFO] MainPanel:264 - HeapMemory: 268435456
2024-01-03 11:49:00,663 [INFO] DbMcusXml:78 - Set database path to: C:\ST\STM32CubeIDE_1.14.0\STM32CubeIDE\plugins\com.st.stm32cube.common.mx_6.10.0.202311202037\\db\/mcu/
2024-01-03 11:49:00,664 [INFO] ApiDb:274 - Set plugin database path to: C:\ST\STM32CubeIDE_1.14.0\STM32CubeIDE\plugins\com.st.stm32cube.common.mx_6.10.0.202311202037\\db\/plugins/boardmanager/
2024-01-03 11:49:00,664 [INFO] ApiDb:261 - Set plugin images path to: C:\ST\STM32CubeIDE_1.14.0\STM32CubeIDE\plugins\com.st.stm32cube.common.mx_6.10.0.202311202037\\db\/plugins/mcufinder/images/
2024-01-03 11:49:00,664 [WARN] DbFile:41 - Overriding database path with different value: C:\Users\sudh1\.stmcufinder\plugins\mcufinder/ => C:\Users\sudh1\.stmcufinder\plugins\mcufinder
2024-01-03 11:49:00,664 [INFO] ApiDb:250 - Set database path to: C:\Users\sudh1\.stmcufinder\plugins\mcufinder//mcu/
2024-01-03 11:49:00,664 [WARN] DbFile:41 - Overriding database path with different value: C:\Users\sudh1\.stmcufinder\plugins\mcufinder/ => C:\Users\sudh1\.stmcufinder\plugins\mcufinder
2024-01-03 11:49:00,664 [INFO] DbMcusAds:125 - Set database path to: C:\Users\sudh1\.stmcufinder\plugins\mcufinder//mcu/
2024-01-03 11:49:00,664 [WARN] DbFile:41 - Overriding database path with different value: C:\Users\sudh1\.stmcufinder\plugins\mcufinder/ => C:\Users\sudh1\.stmcufinder\plugins\mcufinder
2024-01-03 11:49:00,664 [WARN] DbFile:41 - Overriding database path with different value: C:\Users\sudh1\.stmcufinder\plugins\mcufinder/ => C:\Users\sudh1\.stmcufinder\plugins\mcufinder
2024-01-03 11:49:00,665 [INFO] CrossReferenceDbSqlite:203 - Set database path to: C:\Users\sudh1\.stmcufinder\plugins\mcufinder//mcu/cs/
2024-01-03 11:49:00,685 [INFO] ApplicationProperties:184 - Using Application install path: C:\ST\STM32CubeIDE_1.14.0\STM32CubeIDE\plugins\com.st.stm32cube.common.mx_6.10.0.202311202037
2024-01-03 11:49:00,687 [INFO] PluginManage:196 - Search for loadable plugins [exclusion list=, ]
2024-01-03 11:49:00,690 [INFO] PluginManage:310 - Check plugin analytics
2024-01-03 11:49:00,857 [INFO] AnalyticsPlugin:253 - Accepted Software Licenses: 
2024-01-03 11:49:00,857 [INFO] AnalyticsPlugin:255 - Accepted CMSIS Pack Licenses: 
2024-01-03 11:49:00,857 [INFO] AnalyticsPlugin:257 - Accepted Firmware Licenses: 
2024-01-03 11:49:00,859 [INFO] PluginManage:359 - Loaded plugin analytics (category:tool,tabindex:-1)
2024-01-03 11:49:00,859 [INFO] PluginManage:310 - Check plugin cadmodel
2024-01-03 11:49:00,874 [INFO] CADModel:105 - Init CAD model plugin
2024-01-03 11:49:00,874 [INFO] PluginManage:359 - Loaded plugin cadmodel (category:power,tabindex:5)
2024-01-03 11:49:00,874 [INFO] PluginManage:310 - Check plugin clock
2024-01-03 11:49:00,891 [INFO] PluginManage:359 - Loaded plugin clock (category:base,tabindex:2)
2024-01-03 11:49:00,891 [INFO] PluginManage:310 - Check plugin ddr
2024-01-03 11:49:00,895 [INFO] PluginManage:359 - Loaded plugin ddr (category:tool,tabindex:6)
2024-01-03 11:49:00,896 [INFO] PluginManage:310 - Check plugin filemanager
2024-01-03 11:49:01,041 [INFO] PluginManage:359 - Loaded plugin filemanager (category:base,tabindex:10)
2024-01-03 11:49:01,041 [INFO] PluginManage:310 - Check plugin ipmanager
2024-01-03 11:49:01,050 [INFO] PluginManage:359 - Loaded plugin ipmanager (category:base,tabindex:5)
2024-01-03 11:49:01,051 [INFO] PluginManage:310 - Check plugin lpbam
2024-01-03 11:49:01,071 [INFO] PluginManage:359 - Loaded plugin lpbam (category:base,tabindex:0)
2024-01-03 11:49:01,071 [INFO] PluginManage:310 - Check plugin memorymap
2024-01-03 11:49:01,095 [INFO] PluginManage:359 - Loaded plugin memorymap (category:base,tabindex:4)
2024-01-03 11:49:01,095 [INFO] PluginManage:310 - Check plugin pinoutandconfiguration
2024-01-03 11:49:01,112 [INFO] PluginManage:359 - Loaded plugin pinoutandconfiguration (category:base,tabindex:1)
2024-01-03 11:49:01,112 [INFO] PluginManage:310 - Check plugin pinoutconfig
2024-01-03 11:49:01,248 [WARN] SupportedApi:132 - Cannot load RTOS API schema: s4s-elt-must-match.1: The content of 'definitions' must match (annotation?, (simpleType | complexType)?, (unique | key | keyref)*)). A problem was found starting at: attribute.
2024-01-03 11:49:01,397 [INFO] PluginManage:359 - Loaded plugin pinoutconfig (category:base,tabindex:0)
2024-01-03 11:49:01,397 [INFO] PluginManage:310 - Check plugin power
2024-01-03 11:49:01,420 [INFO] PluginManage:359 - Loaded plugin power (category:power,tabindex:4)
2024-01-03 11:49:01,420 [INFO] PluginManage:310 - Check plugin projectmanager
2024-01-03 11:49:01,439 [INFO] PluginManage:359 - Loaded plugin projectmanager (category:projectmanager,tabindex:3)
2024-01-03 11:49:01,440 [INFO] PluginManage:310 - Check plugin thirdparty
2024-01-03 11:49:01,727 [INFO] PluginManage:359 - Loaded plugin thirdparty (category:base,tabindex:-1)
2024-01-03 11:49:01,727 [INFO] PluginManage:310 - Check plugin tools
2024-01-03 11:49:01,727 [WARN] IntegrityCheckThread:84 - waiting for thirdparty lock release [integrity check]
2024-01-03 11:49:01,727 [INFO] IntegrityCheckThread:86 - entering critical section [integrity check]
2024-01-03 11:49:01,729 [INFO] ThirdPartyUpdaterWithRetryManager:70 - Updater plugin not ready yet. [1/15]
2024-01-03 11:49:01,756 [INFO] PluginManage:359 - Loaded plugin tools (category:base,tabindex:7)
2024-01-03 11:49:01,756 [INFO] PluginManage:310 - Check plugin tutovideos
2024-01-03 11:49:01,980 [INFO] PluginManage:359 - Loaded plugin tutovideos (category:base,tabindex:-1)
2024-01-03 11:49:01,980 [INFO] PluginManage:310 - Check plugin updater
2024-01-03 11:49:02,009 [INFO] PluginManage:359 - Loaded plugin updater (category:base,tabindex:12)
2024-01-03 11:49:02,009 [INFO] PluginManage:310 - Check plugin userauth
2024-01-03 11:49:02,017 [INFO] UserAuth:114 - Init User Auth plugin
2024-01-03 11:49:02,017 [INFO] PluginManage:359 - Loaded plugin userauth (category:base,tabindex:14)
2024-01-03 11:49:02,018 [INFO] PluginManage:283 - PluginManage : Loaded plugins [17]
2024-01-03 11:49:02,247 [INFO] PinOutPanel:1499 - setPackage(No Configuration,No Configuration)
2024-01-03 11:49:02,320 [INFO] CADModel:165 - CPN selected for project level
2024-01-03 11:49:02,320 [INFO] CADModel:114 - Register for checkConnection events
2024-01-03 11:49:02,347 [INFO] IPUIPlugin:80 - create IPUIPlugin
2024-01-03 11:49:02,347 [INFO] PluginManager:220 - loadIPPluginJar : add adc
2024-01-03 11:49:02,381 [INFO] IPUIPlugin:80 - create IPUIPlugin
2024-01-03 11:49:02,381 [INFO] PluginManager:220 - loadIPPluginJar : add aes
2024-01-03 11:49:02,419 [INFO] IPUIPlugin:80 - create IPUIPlugin
2024-01-03 11:49:02,419 [INFO] PluginManager:220 - loadIPPluginJar : add can
2024-01-03 11:49:02,440 [INFO] IPUIPlugin:80 - create IPUIPlugin
2024-01-03 11:49:02,440 [INFO] PluginManager:220 - loadIPPluginJar : add comp
2024-01-03 11:49:02,468 [INFO] IPUIPlugin:80 - create IPUIPlugin
2024-01-03 11:49:02,469 [INFO] PluginManager:220 - loadIPPluginJar : add cryp
2024-01-03 11:49:02,501 [INFO] IPUIPlugin:80 - create IPUIPlugin
2024-01-03 11:49:02,501 [INFO] PluginManager:220 - loadIPPluginJar : add dfsdm
2024-01-03 11:49:02,515 [INFO] IPUIPlugin:80 - create IPUIPlugin
2024-01-03 11:49:02,515 [INFO] PluginManager:220 - loadIPPluginJar : add dma
2024-01-03 11:49:02,556 [INFO] IPUIPlugin:80 - create IPUIPlugin
2024-01-03 11:49:02,556 [INFO] PluginManager:220 - loadIPPluginJar : add dma3
2024-01-03 11:49:02,573 [INFO] IPUIPlugin:80 - create IPUIPlugin
2024-01-03 11:49:02,573 [INFO] PluginManager:220 - loadIPPluginJar : add fatfs
2024-01-03 11:49:02,618 [INFO] IPUIPlugin:80 - create IPUIPlugin
2024-01-03 11:49:02,618 [INFO] PluginManager:220 - loadIPPluginJar : add fmc
2024-01-03 11:49:02,633 [INFO] IPUIPlugin:80 - create IPUIPlugin
2024-01-03 11:49:02,634 [INFO] PluginManager:220 - loadIPPluginJar : add freertos
2024-01-03 11:49:02,653 [INFO] IPUIPlugin:80 - create IPUIPlugin
2024-01-03 11:49:02,653 [INFO] PluginManager:220 - loadIPPluginJar : add genericplugin
2024-01-03 11:49:02,731 [INFO] IPUIPlugin:80 - create IPUIPlugin
2024-01-03 11:49:02,732 [INFO] PluginManager:220 - loadIPPluginJar : add gfxmmu
2024-01-03 11:49:02,845 [INFO] IPUIPlugin:80 - create IPUIPlugin
2024-01-03 11:49:02,845 [INFO] PluginManager:220 - loadIPPluginJar : add gic
2024-01-03 11:49:02,859 [INFO] IPUIPlugin:80 - create IPUIPlugin
2024-01-03 11:49:02,859 [INFO] PluginManager:220 - loadIPPluginJar : add gpio
2024-01-03 11:49:02,944 [INFO] IPUIPlugin:80 - create IPUIPlugin
2024-01-03 11:49:02,945 [INFO] PluginManager:220 - loadIPPluginJar : add gtzc
2024-01-03 11:49:02,981 [INFO] IPUIPlugin:80 - create IPUIPlugin
2024-01-03 11:49:02,981 [INFO] PluginManager:220 - loadIPPluginJar : add hash
2024-01-03 11:49:03,036 [INFO] IPUIPlugin:80 - create IPUIPlugin
2024-01-03 11:49:03,036 [INFO] PluginManager:220 - loadIPPluginJar : add i2c
2024-01-03 11:49:03,072 [INFO] IPUIPlugin:80 - create IPUIPlugin
2024-01-03 11:49:03,073 [INFO] PluginManager:220 - loadIPPluginJar : add i2s
2024-01-03 11:49:03,107 [INFO] IPUIPlugin:80 - create IPUIPlugin
2024-01-03 11:49:03,107 [INFO] PluginManager:220 - loadIPPluginJar : add i3c
2024-01-03 11:49:03,207 [INFO] IPUIPlugin:80 - create IPUIPlugin
2024-01-03 11:49:03,207 [INFO] PluginManager:220 - loadIPPluginJar : add ipddr
2024-01-03 11:49:03,294 [INFO] IPUIPlugin:80 - create IPUIPlugin
2024-01-03 11:49:03,295 [INFO] PluginManager:220 - loadIPPluginJar : add linkedlist
2024-01-03 11:49:03,327 [INFO] IPUIPlugin:80 - create IPUIPlugin
2024-01-03 11:49:03,327 [INFO] PluginManager:220 - loadIPPluginJar : add lorawan
2024-01-03 11:49:03,361 [INFO] IPUIPlugin:80 - create IPUIPlugin
2024-01-03 11:49:03,361 [INFO] PluginManager:220 - loadIPPluginJar : add ltdc
2024-01-03 11:49:03,379 [INFO] IPUIPlugin:80 - create IPUIPlugin
2024-01-03 11:49:03,380 [INFO] PluginManager:220 - loadIPPluginJar : add mdma
2024-01-03 11:49:03,394 [INFO] IPUIPlugin:80 - create IPUIPlugin
2024-01-03 11:49:03,394 [INFO] PluginManager:220 - loadIPPluginJar : add nvic
2024-01-03 11:49:03,432 [INFO] IPUIPlugin:80 - create IPUIPlugin
2024-01-03 11:49:03,432 [INFO] PluginManager:220 - loadIPPluginJar : add opamp
2024-01-03 11:49:03,491 [INFO] IPUIPlugin:80 - create IPUIPlugin
2024-01-03 11:49:03,491 [INFO] PluginManager:220 - loadIPPluginJar : add openamp
2024-01-03 11:49:03,532 [INFO] IPUIPlugin:80 - create IPUIPlugin
2024-01-03 11:49:03,533 [INFO] PluginManager:220 - loadIPPluginJar : add pdm2pcm
2024-01-03 11:49:03,549 [INFO] IPUIPlugin:80 - create IPUIPlugin
2024-01-03 11:49:03,552 [INFO] PluginManager:220 - loadIPPluginJar : add plateformsettings
2024-01-03 11:49:03,574 [INFO] IPUIPlugin:80 - create IPUIPlugin
2024-01-03 11:49:03,574 [INFO] PluginManager:220 - loadIPPluginJar : add quadspi
2024-01-03 11:49:03,585 [INFO] IPUIPlugin:80 - create IPUIPlugin
2024-01-03 11:49:03,586 [INFO] PluginManager:220 - loadIPPluginJar : add resmgrutility
2024-01-03 11:49:03,626 [INFO] IPUIPlugin:80 - create IPUIPlugin
2024-01-03 11:49:03,626 [INFO] PluginManager:220 - loadIPPluginJar : add sai
2024-01-03 11:49:03,661 [INFO] IPUIPlugin:80 - create IPUIPlugin
2024-01-03 11:49:03,661 [INFO] PluginManager:220 - loadIPPluginJar : add spi
2024-01-03 11:49:03,721 [INFO] IPUIPlugin:80 - create IPUIPlugin
2024-01-03 11:49:03,721 [INFO] PluginManager:220 - loadIPPluginJar : add stm32_wpan
2024-01-03 11:49:03,745 [INFO] IPUIPlugin:80 - create IPUIPlugin
2024-01-03 11:49:03,745 [INFO] PluginManager:220 - loadIPPluginJar : add tim
2024-01-03 11:49:03,805 [INFO] IPUIPlugin:80 - create IPUIPlugin
2024-01-03 11:49:03,805 [INFO] PluginManager:220 - loadIPPluginJar : add touchsensing
2024-01-03 11:49:03,828 [INFO] IPUIPlugin:80 - create IPUIPlugin
2024-01-03 11:49:03,828 [INFO] PluginManager:220 - loadIPPluginJar : add tracer_emb
2024-01-03 11:49:03,852 [INFO] IPUIPlugin:80 - create IPUIPlugin
2024-01-03 11:49:03,852 [INFO] PluginManager:220 - loadIPPluginJar : add ts
2024-01-03 11:49:03,872 [INFO] IPUIPlugin:80 - create IPUIPlugin
2024-01-03 11:49:03,872 [INFO] PluginManager:220 - loadIPPluginJar : add tsc
2024-01-03 11:49:03,901 [INFO] IPUIPlugin:80 - create IPUIPlugin
2024-01-03 11:49:03,901 [INFO] PluginManager:220 - loadIPPluginJar : add ucpd
2024-01-03 11:49:03,946 [INFO] IPUIPlugin:80 - create IPUIPlugin
2024-01-03 11:49:03,946 [INFO] PluginManager:220 - loadIPPluginJar : add usart
2024-01-03 11:49:03,985 [INFO] IPUIPlugin:80 - create IPUIPlugin
2024-01-03 11:49:03,985 [INFO] PluginManager:220 - loadIPPluginJar : add usbx
2024-01-03 11:49:04,109 [INFO] CADModel:165 - CPN selected for project level
2024-01-03 11:49:04,109 [INFO] CADModel:114 - Register for checkConnection events
2024-01-03 11:49:04,110 [FATAL] Updater:308 - Updater called before beeing initialized
2024-01-03 11:49:04,110 [ERROR] CADModel:125 - Updater not yet initialized, retry later 
2024-01-03 11:49:04,338 [INFO] CADModel:165 - CPN selected for project level
2024-01-03 11:49:04,338 [INFO] CADModel:114 - Register for checkConnection events
2024-01-03 11:49:04,339 [FATAL] Updater:308 - Updater called before beeing initialized
2024-01-03 11:49:04,339 [ERROR] CADModel:125 - Updater not yet initialized, retry later 
2024-01-03 11:49:04,341 [FATAL] Updater:308 - Updater called before beeing initialized
2024-01-03 11:49:04,469 [FATAL] Updater:308 - Updater called before beeing initialized
2024-01-03 11:49:04,478 [INFO] DbMcusAds:53 - JSON generation date=Wed Nov 29 16:22:27 IST 2023 (1701255147349)
2024-01-03 11:49:04,478 [FATAL] Updater:308 - Updater called before beeing initialized
2024-01-03 11:49:04,556 [WARN] DetailPanel:346 - Failed to get advertising image, set to default
2024-01-03 11:49:04,632 [FATAL] Updater:308 - Updater called before beeing initialized
2024-01-03 11:49:04,634 [FATAL] Updater:308 - Updater called before beeing initialized
2024-01-03 11:49:04,634 [FATAL] Updater:308 - Updater called before beeing initialized
2024-01-03 11:49:04,634 [WARN] DetailPanel:346 - Failed to get advertising image, set to default
2024-01-03 11:49:04,635 [FATAL] Updater:308 - Updater called before beeing initialized
2024-01-03 11:49:04,707 [ERROR] Updater:1120 - MainUpdater not yet initialized. External WinMGr cannot be set.
2024-01-03 11:49:04,719 [INFO] Updater:1056 - Updater Version found : 6.10.0
2024-01-03 11:49:04,730 [INFO] ThirdPartyUpdaterWithRetryManager:70 - Updater plugin not ready yet. [2/15]
2024-01-03 11:49:04,746 [INFO] ApplicationProperties:184 - Using Application install path: C:\ST\STM32CubeIDE_1.14.0\STM32CubeIDE\plugins\com.st.stm32cube.common.mx_6.10.0.202311202037
2024-01-03 11:49:06,339 [ERROR] LogOutputStream:75 - [STDERR_REDIRECT] Jan 03, 2024 11:49:06 AM java.util.prefs.WindowsPreferences <init>
2024-01-03 11:49:06,341 [ERROR] LogOutputStream:75 - [STDERR_REDIRECT] WARNING: Could not open/create prefs root node Software\JavaSoft\Prefs at root 0xffffffff80000002. Windows RegCreateKeyEx(...) returned error code 5.
2024-01-03 11:49:06,341 [ERROR] LogOutputStream:75 - [STDERR_REDIRECT] 
2024-01-03 11:49:06,713 [INFO] MainUpdater:2873 - connection check result : 10
2024-01-03 11:49:06,714 [INFO] MainUpdater:290 - Updater Check For Update Now.
2024-01-03 11:49:06,715 [INFO] MicroXplorer:498 - Change Database Version : DB.6.0.100
2024-01-03 11:49:06,733 [INFO] McuFinderGlobals:63 - Set McuFinder mode to 2 (CubeIDE integrated)
2024-01-03 11:49:06,734 [INFO] UserAuth:180 - activating auth plugin
2024-01-03 11:49:06,738 [INFO] UserAuth:404 - Internet connection configuration mode: 1
2024-01-03 11:49:06,775 [INFO] JxBrowserEngine:152 - Initiate JxBrowser Engine with user profile folder
2024-01-03 11:49:06,937 [INFO] CheckServerUpdateThread:120 - End of CheckServer Thread
2024-01-03 11:49:07,883 [WARN] PackLoader:240 - Cannot read IP mode file for STMicroelectronics.X-CUBE-SMBUS.2.1.0
2024-01-03 11:49:07,898 [WARN] PackLoader:240 - Cannot read IP mode file for STMicroelectronics.X-CUBE-TOUCHGFX.4.23.0
2024-01-03 11:49:07,941 [WARN] PackLoader:240 - Cannot read IP mode file for STMicroelectronics.X-CUBE-AZRTOS-F7.1.1.0
2024-01-03 11:49:07,959 [WARN] PackLoader:240 - Cannot read IP mode file for STMicroelectronics.FP-SNS-MOTENV1.4.3.2
2024-01-03 11:49:07,977 [WARN] PackLoader:240 - Cannot read IP mode file for STMicroelectronics.X-CUBE-BLE1.6.2.4
2024-01-03 11:49:07,992 [WARN] PackLoader:240 - Cannot read IP mode file for STMicroelectronics.FP-SNS-FLIGHT1.5.0.2
2024-01-03 11:49:08,008 [WARN] PackLoader:240 - Cannot read IP mode file for STMicroelectronics.X-CUBE-DISPLAY.3.0.0
2024-01-03 11:49:08,027 [WARN] PackLoader:240 - Cannot read IP mode file for STMicroelectronics.X-CUBE-BLE1.7.0.0
2024-01-03 11:49:08,042 [WARN] PackLoader:240 - Cannot read IP mode file for STMicroelectronics.FP-SNS-SMARTAG2.1.2.0
2024-01-03 11:49:08,065 [INFO] LogOutputStream:77 - [STDOUT_REDIRECT] 1 : Invalid condition id : UX_CORESTACK_Condition cause : null
2024-01-03 11:49:08,065 [INFO] LogOutputStream:77 - [STDOUT_REDIRECT] 1 : Invalid condition id : UX_CORESTACK_Condition cause : null
2024-01-03 11:49:08,066 [INFO] LogOutputStream:77 - [STDOUT_REDIRECT] 1 : Invalid condition id : UX_CORESTACK_Condition cause : null
2024-01-03 11:49:08,068 [INFO] LogOutputStream:77 - [STDOUT_REDIRECT] 1 : Invalid condition id : UX_CORESTACK_Condition cause : null
2024-01-03 11:49:08,069 [INFO] LogOutputStream:77 - [STDOUT_REDIRECT] 1 : Invalid condition id : UX_CORESTACK_Condition cause : null
2024-01-03 11:49:08,074 [WARN] PackLoader:240 - Cannot read IP mode file for STMicroelectronics.X-CUBE-AZRTOS-WL.2.0.0
2024-01-03 11:49:08,096 [WARN] PackLoader:240 - Cannot read IP mode file for WES.I-CUBE-Cesium.1.3.0
2024-01-03 11:49:08,112 [WARN] PackLoader:240 - Cannot read IP mode file for STMicroelectronics.X-CUBE-BLE2.3.3.0
2024-01-03 11:49:08,133 [WARN] PackLoader:240 - Cannot read IP mode file for STMicroelectronics.X-CUBE-TOF1.3.2.0
2024-01-03 11:49:08,152 [WARN] PackLoader:240 - Cannot read IP mode file for STMicroelectronics.X-CUBE-TOUCHGFX.4.21.1
2024-01-03 11:49:08,164 [WARN] PackLoader:240 - Cannot read IP mode file for STMicroelectronics.X-CUBE-ALGOBUILD.1.3.0
2024-01-03 11:49:08,197 [WARN] PackLoader:240 - Cannot read IP mode file for STMicroelectronics.X-CUBE-AZRTOS-G0.1.1.0
2024-01-03 11:49:08,215 [WARN] PackLoader:240 - Cannot read IP mode file for STMicroelectronics.X-CUBE-NFC4.3.0.0
2024-01-03 11:49:08,236 [WARN] PackLoader:240 - Cannot read IP mode file for STMicroelectronics.X-CUBE-BLEMGR.3.0.0
2024-01-03 11:49:08,254 [WARN] PackLoader:240 - Cannot read IP mode file for STMicroelectronics.X-CUBE-BLEMGR.1.3.0
2024-01-03 11:49:08,272 [WARN] PackLoader:240 - Cannot read IP mode file for STMicroelectronics.FP-ATR-SIGFOX1.3.2.0
2024-01-03 11:49:08,318 [WARN] PackLoader:240 - Cannot read IP mode file for STMicroelectronics.X-CUBE-MEMS1.9.5.0
2024-01-03 11:49:08,481 [WARN] PackLoader:240 - Cannot read IP mode file for SEGGER.I-CUBE-embOS.1.3.1
2024-01-03 11:49:08,535 [WARN] PackLoader:240 - Cannot read IP mode file for STMicroelectronics.X-CUBE-GNSS1.6.0.0
2024-01-03 11:49:08,563 [WARN] PackLoader:240 - Cannot read IP mode file for STMicroelectronics.X-CUBE-AZRTOS-F4.1.1.0
2024-01-03 11:49:08,598 [WARN] PackLoader:240 - Cannot read IP mode file for STMicroelectronics.X-CUBE-AZRTOS-L5.2.0.0
2024-01-03 11:49:08,614 [WARN] PackLoader:240 - Cannot read IP mode file for STMicroelectronics.X-CUBE-EEPRMA1.4.2.0
2024-01-03 11:49:08,631 [WARN] PackLoader:240 - Cannot read IP mode file for ITTIA_DB.I-CUBE-ITTIADB.8.8.0
2024-01-03 11:49:08,648 [WARN] PackLoader:240 - Cannot read IP mode file for emotas.I-CUBE-CANOPEN.1.1.3
2024-01-03 11:49:08,666 [WARN] PackLoader:240 - Cannot read IP mode file for STMicroelectronics.X-CUBE-BLEMGR.2.0.0
2024-01-03 11:49:08,683 [WARN] PackLoader:240 - Cannot read IP mode file for wolfSSL.I-CUBE-wolfSSL.5.5.4
2024-01-03 11:49:08,693 [WARN] PackLoader:240 - Cannot read IP mode file for STMicroelectronics.X-CUBE-NFC7.1.0.1
2024-01-03 11:49:08,705 [WARN] PackLoader:240 - Cannot read IP mode file for STMicroelectronics.X-CUBE-NFC7.1.0.0
2024-01-03 11:49:08,721 [WARN] PackLoader:240 - Cannot read IP mode file for STMicroelectronics.X-CUBE-NFC6.3.0.0
2024-01-03 11:49:08,734 [WARN] PackLoader:240 - Cannot read IP mode file for STMicroelectronics.X-CUBE-EEPRMA1.4.1.0
2024-01-03 11:49:08,750 [WARN] PackLoader:240 - Cannot read IP mode file for STMicroelectronics.X-CUBE-AI.8.1.0
2024-01-03 11:49:08,778 [WARN] ConditionMgr:438 - getConditionDescription Invalid condition id : LAN8742 Phy interface Condition cause : null
2024-01-03 11:49:08,779 [WARN] PackLoader:240 - Cannot read IP mode file for STMicroelectronics.X-CUBE-AZRTOS-L4.2.0.0
2024-01-03 11:49:08,781 [WARN] ConditionMgr:1039 - genDependencies : Invalid condition id : LAN8742 Phy interface Condition cause : null
2024-01-03 11:49:08,781 [WARN] ConditionMgr:1039 - genDependencies : Invalid condition id : LAN8742 Phy interface Condition cause : null
2024-01-03 11:49:08,782 [WARN] ConditionMgr:1039 - genDependencies : Invalid condition id : LAN8742 Phy interface Condition cause : null
2024-01-03 11:49:08,800 [WARN] PackLoader:240 - Cannot read IP mode file for STMicroelectronics.X-CUBE-SFXS2LP1.4.0.0
2024-01-03 11:49:08,829 [WARN] PackLoader:240 - Cannot read IP mode file for STMicroelectronics.X-CUBE-AZRTOS-H7.3.0.0
2024-01-03 11:49:08,844 [WARN] PackLoader:240 - Cannot read IP mode file for STMicroelectronics.X-CUBE-ISPU.1.1.0
2024-01-03 11:49:08,861 [WARN] PackLoader:240 - Cannot read IP mode file for RoweBots.I-CUBE-UNISONRTOS.5.5.0-4
2024-01-03 11:49:08,874 [WARN] PackLoader:240 - Cannot read IP mode file for STMicroelectronics.X-CUBE-AI.8.0.0
2024-01-03 11:49:08,895 [WARN] ConditionMgr:438 - getConditionDescription Invalid condition id : UX DEVICE CLASS RTOS Condition cause : null
2024-01-03 11:49:08,896 [WARN] ConditionMgr:438 - getConditionDescription Invalid condition id : UX DEVICE CLASS RTOS Condition cause : null
2024-01-03 11:49:08,897 [WARN] PackLoader:240 - Cannot read IP mode file for STMicroelectronics.X-CUBE-AZRTOS-WB.2.0.0
2024-01-03 11:49:08,898 [WARN] ConditionMgr:1039 - genDependencies : Invalid condition id : UX DEVICE CLASS RTOS Condition cause : null
2024-01-03 11:49:08,898 [WARN] ConditionMgr:1039 - genDependencies : Invalid condition id : UX DEVICE CLASS RTOS Condition cause : null
2024-01-03 11:49:08,898 [WARN] ConditionMgr:1039 - genDependencies : Invalid condition id : UX DEVICE CLASS RTOS Condition cause : null
2024-01-03 11:49:08,898 [WARN] ConditionMgr:1039 - genDependencies : Invalid condition id : UX DEVICE CLASS RTOS Condition cause : null
2024-01-03 11:49:08,899 [WARN] ConditionMgr:1039 - genDependencies : Invalid condition id : UX DEVICE CLASS RTOS Condition cause : null
2024-01-03 11:49:08,914 [WARN] PackLoader:240 - Cannot read IP mode file for STMicroelectronics.X-CUBE-FREERTOS.1.0.0
2024-01-03 11:49:08,940 [WARN] PackLoader:240 - Cannot read IP mode file for STMicroelectronics.X-CUBE-AZRTOS-L5.1.1.0
2024-01-03 11:49:08,966 [WARN] PackLoader:240 - Cannot read IP mode file for STMicroelectronics.X-CUBE-SUBG2.5.0.0
2024-01-03 11:49:08,994 [WARN] PackLoader:240 - Cannot read IP mode file for STMicroelectronics.X-CUBE-AZRTOS-G4.2.0.0
2024-01-03 11:49:09,007 [WARN] PackLoader:240 - Cannot read IP mode file for STMicroelectronics.FP-ATR-ASTRA1.1.1.1
2024-01-03 11:49:09,028 [WARN] PackLoader:240 - Cannot read IP mode file for Infineon.AIROC-Wi-Fi-Bluetooth-STM32.1.5.1
2024-01-03 11:49:09,044 [WARN] PackLoader:240 - Cannot read IP mode file for STMicroelectronics.FP-SNS-MOTENVWB1.1.3.1
2024-01-03 11:49:09,065 [WARN] PackLoader:240 - Cannot read IP mode file for STMicroelectronics.X-CUBE-AZRTOS-G4.1.0.0
2024-01-03 11:49:09,094 [WARN] PackLoader:240 - Cannot read IP mode file for STMicroelectronics.X-CUBE-AZRTOS-L4.1.0.0
2024-01-03 11:49:09,110 [WARN] PackLoader:240 - Cannot read IP mode file for STMicroelectronics.X-CUBE-ISPU.2.0.0
2024-01-03 11:49:09,158 [WARN] PackLoader:240 - Cannot read IP mode file for STMicroelectronics.X-CUBE-MEMS1.10.0.0
2024-01-03 11:49:09,243 [WARN] PackLoader:240 - Cannot read IP mode file for STMicroelectronics.X-CUBE-FREERTOS.1.1.0
2024-01-03 11:49:09,266 [WARN] PackLoader:240 - Cannot read IP mode file for STMicroelectronics.X-CUBE-AZRTOS-WL.1.0.0
2024-01-03 11:49:09,285 [WARN] PackLoader:240 - Cannot read IP mode file for portGmbH.I-Cube-SoM-uGOAL.1.1.0
2024-01-03 11:49:09,299 [WARN] PackLoader:240 - Cannot read IP mode file for STMicroelectronics.X-CUBE-ALS.1.0.1
2024-01-03 11:49:09,327 [WARN] PackLoader:240 - Cannot read IP mode file for STMicroelectronics.X-CUBE-AZRTOS-WB.1.1.0
2024-01-03 11:49:09,345 [WARN] PackLoader:240 - Cannot read IP mode file for STMicroelectronics.FP-ATR-ASTRA1.2.0.0
2024-01-03 11:49:09,368 [WARN] PackLoader:240 - Cannot read IP mode file for STMicroelectronics.X-CUBE-TOF1.3.4.0
2024-01-03 11:49:09,411 [WARN] PackLoader:240 - Cannot read IP mode file for STMicroelectronics.X-CUBE-AZRTOS-H7.3.2.0
2024-01-03 11:49:09,413 [INFO] ThirdParty:978 - Integrity check success = true
2024-01-03 11:49:09,413 [INFO] IntegrityCheckThread:100 - exiting critical section [integrity check]
2024-01-03 11:49:09,413 [INFO] IntegrityCheckThread:103 - End integrity checks thread
2024-01-03 11:49:09,944 [INFO] WebApp:161 - Instantiating new browser for Auth
2024-01-03 11:49:10,525 [INFO] WebApp:780 - Register for checkConnection events
2024-01-03 11:49:10,525 [INFO] WebApp:414 - Apply proxy settings
2024-01-03 11:49:10,525 [INFO] WebApp:499 - Chromium requires no authentication
2024-01-03 11:49:10,532 [INFO] WebApp:442 - Direct internet connection detected
2024-01-03 11:49:10,731 [INFO] WebApp:192 - Starting web application
2024-01-03 11:49:10,731 [INFO] WebApp:544 - Web application path used C:\ST\STM32CubeIDE_1.14.0\STM32CubeIDE\plugins\com.st.stm32cube.common.mx_6.10.0.202311202037\db\plugins\mcufinder\reactClient1\index.html
2024-01-03 11:49:31,748 [ERROR] LogOutputStream:75 - [STDERR_REDIRECT] SLF4J: Failed to load class "org.slf4j.impl.StaticLoggerBinder".
2024-01-03 11:49:31,749 [ERROR] LogOutputStream:75 - [STDERR_REDIRECT] SLF4J: Defaulting to no-operation (NOP) logger implementation
2024-01-03 11:49:31,750 [ERROR] LogOutputStream:75 - [STDERR_REDIRECT] SLF4J: See http://www.slf4j.org/codes.html#StaticLoggerBinder for further details.
2024-01-03 16:47:08,735 [ERROR] LogOutputStream:75 - [STDERR_REDIRECT] org.eclipse.cdt.managedbuilder.core.BuildException: No toolchain option in toolchain configuration cdt.managedbuild.toolchain.gnu.mingw.exe.debug.134631830: 
2024-01-03 16:47:08,737 [ERROR] LogOutputStream:75 - [STDERR_REDIRECT] 	at com.st.stm32cube.ide.mcu.toolchain.ToolChainHelper.getToolChainId(ToolChainHelper.java:166)
2024-01-03 16:47:08,739 [ERROR] LogOutputStream:75 - [STDERR_REDIRECT] 	at com.st.stm32cube.ide.mcu.toolchain.ToolChainHelper.getToolChainInfo(ToolChainHelper.java:109)
2024-01-03 16:47:08,741 [ERROR] LogOutputStream:75 - [STDERR_REDIRECT] 	at com.st.stm32cube.ide.mcu.toolchain.ui.unmanaged.ToolSettingsTab.createControls(ToolSettingsTab.java:149)
2024-01-03 16:47:08,743 [ERROR] LogOutputStream:75 - [STDERR_REDIRECT] 	at org.eclipse.cdt.ui.newui.AbstractCPropertyTab.createControls(AbstractCPropertyTab.java:139)
2024-01-03 16:47:08,744 [ERROR] LogOutputStream:75 - [STDERR_REDIRECT] 	at org.eclipse.cdt.ui.newui.AbstractPage.loadTab(AbstractPage.java:1199)
2024-01-03 16:47:08,746 [ERROR] LogOutputStream:75 - [STDERR_REDIRECT] 	at org.eclipse.cdt.ui.newui.AbstractPage.loadExtensionsSynchronized(AbstractPage.java:1143)
2024-01-03 16:47:08,747 [ERROR] LogOutputStream:75 - [STDERR_REDIRECT] 	at org.eclipse.cdt.ui.newui.AbstractPage.createWidgets(AbstractPage.java:373)
2024-01-03 16:47:08,749 [ERROR] LogOutputStream:75 - [STDERR_REDIRECT] 	at org.eclipse.cdt.ui.newui.AbstractPage.contentForCDT(AbstractPage.java:359)
2024-01-03 16:47:08,750 [ERROR] LogOutputStream:75 - [STDERR_REDIRECT] 	at org.eclipse.cdt.ui.newui.AbstractPage.createContents(AbstractPage.java:256)
2024-01-03 16:47:08,752 [ERROR] LogOutputStream:75 - [STDERR_REDIRECT] 	at org.eclipse.jface.preference.PreferencePage.createControl(PreferencePage.java:244)
2024-01-03 16:47:08,753 [ERROR] LogOutputStream:75 - [STDERR_REDIRECT] 	at org.eclipse.jface.preference.PreferenceDialog.createPageControl(PreferenceDialog.java:1434)
2024-01-03 16:47:08,755 [ERROR] LogOutputStream:75 - [STDERR_REDIRECT] 	at org.eclipse.jface.preference.PreferenceDialog$8.run(PreferenceDialog.java:1197)
2024-01-03 16:47:08,756 [ERROR] LogOutputStream:75 - [STDERR_REDIRECT] 	at org.eclipse.core.runtime.SafeRunner.run(SafeRunner.java:45)
2024-01-03 16:47:08,757 [ERROR] LogOutputStream:75 - [STDERR_REDIRECT] 	at org.eclipse.jface.util.SafeRunnable.run(SafeRunnable.java:174)
2024-01-03 16:47:08,758 [ERROR] LogOutputStream:75 - [STDERR_REDIRECT] 	at org.eclipse.jface.preference.PreferenceDialog.showPage(PreferenceDialog.java:1189)
2024-01-03 16:47:08,759 [ERROR] LogOutputStream:75 - [STDERR_REDIRECT] 	at org.eclipse.ui.internal.dialogs.FilteredPreferenceDialog.showPage(FilteredPreferenceDialog.java:630)
2024-01-03 16:47:08,761 [ERROR] LogOutputStream:75 - [STDERR_REDIRECT] 	at org.eclipse.jface.preference.PreferenceDialog$5.lambda$0(PreferenceDialog.java:661)
2024-01-03 16:47:08,761 [ERROR] LogOutputStream:75 - [STDERR_REDIRECT] 	at org.eclipse.swt.custom.BusyIndicator.showWhile(BusyIndicator.java:67)
2024-01-03 16:47:08,763 [ERROR] LogOutputStream:75 - [STDERR_REDIRECT] 	at org.eclipse.jface.preference.PreferenceDialog$5.selectionChanged(PreferenceDialog.java:658)
2024-01-03 16:47:08,764 [ERROR] LogOutputStream:75 - [STDERR_REDIRECT] 	at org.eclipse.jface.viewers.StructuredViewer$3.run(StructuredViewer.java:827)
2024-01-03 16:47:08,765 [ERROR] LogOutputStream:75 - [STDERR_REDIRECT] 	at org.eclipse.core.runtime.SafeRunner.run(SafeRunner.java:45)
2024-01-03 16:47:08,765 [ERROR] LogOutputStream:75 - [STDERR_REDIRECT] 	at org.eclipse.jface.util.SafeRunnable.run(SafeRunnable.java:174)
2024-01-03 16:47:08,767 [ERROR] LogOutputStream:75 - [STDERR_REDIRECT] 	at org.eclipse.jface.viewers.StructuredViewer.firePostSelectionChanged(StructuredViewer.java:824)
2024-01-03 16:47:08,768 [ERROR] LogOutputStream:75 - [STDERR_REDIRECT] 	at org.eclipse.jface.viewers.StructuredViewer.handlePostSelect(StructuredViewer.java:1196)
2024-01-03 16:47:08,769 [ERROR] LogOutputStream:75 - [STDERR_REDIRECT] 	at org.eclipse.swt.events.SelectionListener$1.widgetSelected(SelectionListener.java:84)
2024-01-03 16:47:08,770 [ERROR] LogOutputStream:75 - [STDERR_REDIRECT] 	at org.eclipse.jface.util.OpenStrategy.firePostSelectionEvent(OpenStrategy.java:284)
2024-01-03 16:47:08,771 [ERROR] LogOutputStream:75 - [STDERR_REDIRECT] 	at org.eclipse.jface.util.OpenStrategy$1.lambda$1(OpenStrategy.java:438)
2024-01-03 16:47:08,772 [ERROR] LogOutputStream:75 - [STDERR_REDIRECT] 	at org.eclipse.swt.widgets.RunnableLock.run(RunnableLock.java:40)
2024-01-03 16:47:08,774 [ERROR] LogOutputStream:75 - [STDERR_REDIRECT] 	at org.eclipse.swt.widgets.Synchronizer.runAsyncMessages(Synchronizer.java:132)
2024-01-03 16:47:08,775 [ERROR] LogOutputStream:75 - [STDERR_REDIRECT] 	at org.eclipse.swt.widgets.Display.runAsyncMessages(Display.java:4047)
2024-01-03 16:47:08,776 [ERROR] LogOutputStream:75 - [STDERR_REDIRECT] 	at org.eclipse.swt.widgets.Display.readAndDispatch(Display.java:3663)
2024-01-03 16:47:08,777 [ERROR] LogOutputStream:75 - [STDERR_REDIRECT] 	at org.eclipse.jface.window.Window.runEventLoop(Window.java:823)
2024-01-03 16:47:08,777 [ERROR] LogOutputStream:75 - [STDERR_REDIRECT] 	at org.eclipse.jface.window.Window.open(Window.java:799)
2024-01-03 16:47:08,778 [ERROR] LogOutputStream:75 - [STDERR_REDIRECT] 	at org.eclipse.ui.dialogs.PropertyDialogAction.run(PropertyDialogAction.java:155)
2024-01-03 16:47:08,779 [ERROR] LogOutputStream:75 - [STDERR_REDIRECT] 	at org.eclipse.jface.action.Action.runWithEvent(Action.java:474)
2024-01-03 16:47:08,781 [ERROR] LogOutputStream:75 - [STDERR_REDIRECT] 	at org.eclipse.jface.action.ActionContributionItem.handleWidgetSelection(ActionContributionItem.java:580)
2024-01-03 16:47:08,782 [ERROR] LogOutputStream:75 - [STDERR_REDIRECT] 	at org.eclipse.jface.action.ActionContributionItem.lambda$4(ActionContributionItem.java:414)
2024-01-03 16:47:08,783 [ERROR] LogOutputStream:75 - [STDERR_REDIRECT] 	at org.eclipse.swt.widgets.EventTable.sendEvent(EventTable.java:89)
2024-01-03 16:47:08,784 [ERROR] LogOutputStream:75 - [STDERR_REDIRECT] 	at org.eclipse.swt.widgets.Display.sendEvent(Display.java:4274)
2024-01-03 16:47:08,784 [ERROR] LogOutputStream:75 - [STDERR_REDIRECT] 	at org.eclipse.swt.widgets.Widget.sendEvent(Widget.java:1066)
2024-01-03 16:47:08,785 [ERROR] LogOutputStream:75 - [STDERR_REDIRECT] 	at org.eclipse.swt.widgets.Display.runDeferredEvents(Display.java:4072)
2024-01-03 16:47:08,786 [ERROR] LogOutputStream:75 - [STDERR_REDIRECT] 	at org.eclipse.swt.widgets.Display.readAndDispatch(Display.java:3660)
2024-01-03 16:47:08,788 [ERROR] LogOutputStream:75 - [STDERR_REDIRECT] 	at org.eclipse.e4.ui.internal.workbench.swt.PartRenderingEngine$5.run(PartRenderingEngine.java:1155)
2024-01-03 16:47:08,789 [ERROR] LogOutputStream:75 - [STDERR_REDIRECT] 	at org.eclipse.core.databinding.observable.Realm.runWithDefault(Realm.java:342)
2024-01-03 16:47:08,790 [ERROR] LogOutputStream:75 - [STDERR_REDIRECT] 	at org.eclipse.e4.ui.internal.workbench.swt.PartRenderingEngine.run(PartRenderingEngine.java:1046)
2024-01-03 16:47:08,791 [ERROR] LogOutputStream:75 - [STDERR_REDIRECT] 	at org.eclipse.e4.ui.internal.workbench.E4Workbench.createAndRunUI(E4Workbench.java:155)
2024-01-03 16:47:08,792 [ERROR] LogOutputStream:75 - [STDERR_REDIRECT] 	at org.eclipse.ui.internal.Workbench.lambda$3(Workbench.java:645)
2024-01-03 16:47:08,793 [ERROR] LogOutputStream:75 - [STDERR_REDIRECT] 	at org.eclipse.core.databinding.observable.Realm.runWithDefault(Realm.java:342)
2024-01-03 16:47:08,794 [ERROR] LogOutputStream:75 - [STDERR_REDIRECT] 	at org.eclipse.ui.internal.Workbench.createAndRunWorkbench(Workbench.java:552)
2024-01-03 16:47:08,795 [ERROR] LogOutputStream:75 - [STDERR_REDIRECT] 	at org.eclipse.ui.PlatformUI.createAndRunWorkbench(PlatformUI.java:171)
2024-01-03 16:47:08,796 [ERROR] LogOutputStream:75 - [STDERR_REDIRECT] 	at org.eclipse.ui.internal.ide.application.IDEApplication.start(IDEApplication.java:152)
2024-01-03 16:47:08,797 [ERROR] LogOutputStream:75 - [STDERR_REDIRECT] 	at org.eclipse.equinox.internal.app.EclipseAppHandle.run(EclipseAppHandle.java:203)
2024-01-03 16:47:08,799 [ERROR] LogOutputStream:75 - [STDERR_REDIRECT] 	at org.eclipse.core.runtime.internal.adaptor.EclipseAppLauncher.runApplication(EclipseAppLauncher.java:136)
2024-01-03 16:47:08,800 [ERROR] LogOutputStream:75 - [STDERR_REDIRECT] 	at org.eclipse.core.runtime.internal.adaptor.EclipseAppLauncher.start(EclipseAppLauncher.java:104)
2024-01-03 16:47:08,801 [ERROR] LogOutputStream:75 - [STDERR_REDIRECT] 	at org.eclipse.core.runtime.adaptor.EclipseStarter.run(EclipseStarter.java:402)
2024-01-03 16:47:08,802 [ERROR] LogOutputStream:75 - [STDERR_REDIRECT] 	at org.eclipse.core.runtime.adaptor.EclipseStarter.run(EclipseStarter.java:255)
2024-01-03 16:47:08,803 [ERROR] LogOutputStream:75 - [STDERR_REDIRECT] 	at java.base/jdk.internal.reflect.NativeMethodAccessorImpl.invoke0(Native Method)
2024-01-03 16:47:08,805 [ERROR] LogOutputStream:75 - [STDERR_REDIRECT] 	at java.base/jdk.internal.reflect.NativeMethodAccessorImpl.invoke(NativeMethodAccessorImpl.java:77)
2024-01-03 16:47:08,806 [ERROR] LogOutputStream:75 - [STDERR_REDIRECT] 	at java.base/jdk.internal.reflect.DelegatingMethodAccessorImpl.invoke(DelegatingMethodAccessorImpl.java:43)
2024-01-03 16:47:08,807 [ERROR] LogOutputStream:75 - [STDERR_REDIRECT] 	at java.base/java.lang.reflect.Method.invoke(Method.java:568)
2024-01-03 16:47:08,808 [ERROR] LogOutputStream:75 - [STDERR_REDIRECT] 	at org.eclipse.equinox.launcher.Main.invokeFramework(Main.java:651)
2024-01-03 16:47:08,809 [ERROR] LogOutputStream:75 - [STDERR_REDIRECT] 	at org.eclipse.equinox.launcher.Main.basicRun(Main.java:588)
2024-01-03 16:47:08,809 [ERROR] LogOutputStream:75 - [STDERR_REDIRECT] 	at org.eclipse.equinox.launcher.Main.run(Main.java:1459)
2024-01-03 16:49:06,749 [ERROR] LogOutputStream:75 - [STDERR_REDIRECT] org.eclipse.cdt.managedbuilder.core.BuildException: No toolchain option in toolchain configuration cdt.managedbuild.toolchain.gnu.mingw.exe.debug.134631830: 
2024-01-03 16:49:06,751 [ERROR] LogOutputStream:75 - [STDERR_REDIRECT] 	at com.st.stm32cube.ide.mcu.toolchain.ToolChainHelper.getToolChainId(ToolChainHelper.java:166)
2024-01-03 16:49:06,753 [ERROR] LogOutputStream:75 - [STDERR_REDIRECT] 	at com.st.stm32cube.ide.mcu.toolchain.ToolChainHelper.getToolChainInfo(ToolChainHelper.java:109)
2024-01-03 16:49:06,755 [ERROR] LogOutputStream:75 - [STDERR_REDIRECT] 	at com.st.stm32cube.ide.mcu.toolchain.ui.unmanaged.ToolSettingsTab.createControls(ToolSettingsTab.java:149)
2024-01-03 16:49:06,756 [ERROR] LogOutputStream:75 - [STDERR_REDIRECT] 	at org.eclipse.cdt.ui.newui.AbstractCPropertyTab.createControls(AbstractCPropertyTab.java:139)
2024-01-03 16:49:06,758 [ERROR] LogOutputStream:75 - [STDERR_REDIRECT] 	at org.eclipse.cdt.ui.newui.AbstractPage.loadTab(AbstractPage.java:1199)
2024-01-03 16:49:06,760 [ERROR] LogOutputStream:75 - [STDERR_REDIRECT] 	at org.eclipse.cdt.ui.newui.AbstractPage.loadExtensionsSynchronized(AbstractPage.java:1143)
2024-01-03 16:49:06,762 [ERROR] LogOutputStream:75 - [STDERR_REDIRECT] 	at org.eclipse.cdt.ui.newui.AbstractPage.createWidgets(AbstractPage.java:373)
2024-01-03 16:49:06,763 [ERROR] LogOutputStream:75 - [STDERR_REDIRECT] 	at org.eclipse.cdt.ui.newui.AbstractPage.contentForCDT(AbstractPage.java:359)
2024-01-03 16:49:06,766 [ERROR] LogOutputStream:75 - [STDERR_REDIRECT] 	at org.eclipse.cdt.ui.newui.AbstractPage.createContents(AbstractPage.java:256)
2024-01-03 16:49:06,768 [ERROR] LogOutputStream:75 - [STDERR_REDIRECT] 	at org.eclipse.jface.preference.PreferencePage.createControl(PreferencePage.java:244)
2024-01-03 16:49:06,769 [ERROR] LogOutputStream:75 - [STDERR_REDIRECT] 	at org.eclipse.jface.preference.PreferenceDialog.createPageControl(PreferenceDialog.java:1434)
2024-01-03 16:49:06,770 [ERROR] LogOutputStream:75 - [STDERR_REDIRECT] 	at org.eclipse.jface.preference.PreferenceDialog$8.run(PreferenceDialog.java:1197)
2024-01-03 16:49:06,771 [ERROR] LogOutputStream:75 - [STDERR_REDIRECT] 	at org.eclipse.core.runtime.SafeRunner.run(SafeRunner.java:45)
2024-01-03 16:49:06,772 [ERROR] LogOutputStream:75 - [STDERR_REDIRECT] 	at org.eclipse.jface.util.SafeRunnable.run(SafeRunnable.java:174)
2024-01-03 16:49:06,773 [ERROR] LogOutputStream:75 - [STDERR_REDIRECT] 	at org.eclipse.jface.preference.PreferenceDialog.showPage(PreferenceDialog.java:1189)
2024-01-03 16:49:06,775 [ERROR] LogOutputStream:75 - [STDERR_REDIRECT] 	at org.eclipse.ui.internal.dialogs.FilteredPreferenceDialog.showPage(FilteredPreferenceDialog.java:630)
2024-01-03 16:49:06,776 [ERROR] LogOutputStream:75 - [STDERR_REDIRECT] 	at org.eclipse.jface.preference.PreferenceDialog$5.lambda$0(PreferenceDialog.java:661)
2024-01-03 16:49:06,777 [ERROR] LogOutputStream:75 - [STDERR_REDIRECT] 	at org.eclipse.swt.custom.BusyIndicator.showWhile(BusyIndicator.java:67)
2024-01-03 16:49:06,778 [ERROR] LogOutputStream:75 - [STDERR_REDIRECT] 	at org.eclipse.jface.preference.PreferenceDialog$5.selectionChanged(PreferenceDialog.java:658)
2024-01-03 16:49:06,779 [ERROR] LogOutputStream:75 - [STDERR_REDIRECT] 	at org.eclipse.jface.viewers.StructuredViewer$3.run(StructuredViewer.java:827)
2024-01-03 16:49:06,779 [ERROR] LogOutputStream:75 - [STDERR_REDIRECT] 	at org.eclipse.core.runtime.SafeRunner.run(SafeRunner.java:45)
2024-01-03 16:49:06,780 [ERROR] LogOutputStream:75 - [STDERR_REDIRECT] 	at org.eclipse.jface.util.SafeRunnable.run(SafeRunnable.java:174)
2024-01-03 16:49:06,781 [ERROR] LogOutputStream:75 - [STDERR_REDIRECT] 	at org.eclipse.jface.viewers.StructuredViewer.firePostSelectionChanged(StructuredViewer.java:824)
2024-01-03 16:49:06,783 [ERROR] LogOutputStream:75 - [STDERR_REDIRECT] 	at org.eclipse.jface.viewers.StructuredViewer.setSelection(StructuredViewer.java:1676)
2024-01-03 16:49:06,784 [ERROR] LogOutputStream:75 - [STDERR_REDIRECT] 	at org.eclipse.jface.viewers.TreeViewer.setSelection(TreeViewer.java:1106)
2024-01-03 16:49:06,786 [ERROR] LogOutputStream:75 - [STDERR_REDIRECT] 	at org.eclipse.jface.preference.PreferenceDialog.selectSavedItem(PreferenceDialog.java:991)
2024-01-03 16:49:06,788 [ERROR] LogOutputStream:75 - [STDERR_REDIRECT] 	at org.eclipse.ui.internal.dialogs.FilteredPreferenceDialog.selectSavedItem(FilteredPreferenceDialog.java:680)
2024-01-03 16:49:06,789 [ERROR] LogOutputStream:75 - [STDERR_REDIRECT] 	at org.eclipse.jface.preference.PreferenceDialog.lambda$0(PreferenceDialog.java:349)
2024-01-03 16:49:06,790 [ERROR] LogOutputStream:75 - [STDERR_REDIRECT] 	at org.eclipse.swt.custom.BusyIndicator.showWhile(BusyIndicator.java:67)
2024-01-03 16:49:06,791 [ERROR] LogOutputStream:75 - [STDERR_REDIRECT] 	at org.eclipse.jface.preference.PreferenceDialog.createContents(PreferenceDialog.java:346)
2024-01-03 16:49:06,792 [ERROR] LogOutputStream:75 - [STDERR_REDIRECT] 	at org.eclipse.jface.window.Window.create(Window.java:431)
2024-01-03 16:49:06,793 [ERROR] LogOutputStream:75 - [STDERR_REDIRECT] 	at org.eclipse.jface.dialogs.Dialog.create(Dialog.java:1094)
2024-01-03 16:49:06,794 [ERROR] LogOutputStream:75 - [STDERR_REDIRECT] 	at org.eclipse.ui.internal.dialogs.PropertyDialog.createDialogOn(PropertyDialog.java:84)
2024-01-03 16:49:06,795 [ERROR] LogOutputStream:75 - [STDERR_REDIRECT] 	at org.eclipse.ui.dialogs.PropertyDialogAction.createDialog(PropertyDialogAction.java:171)
2024-01-03 16:49:06,796 [ERROR] LogOutputStream:75 - [STDERR_REDIRECT] 	at org.eclipse.ui.dialogs.PropertyDialogAction.run(PropertyDialogAction.java:153)
2024-01-03 16:49:06,797 [ERROR] LogOutputStream:75 - [STDERR_REDIRECT] 	at org.eclipse.jface.action.Action.runWithEvent(Action.java:474)
2024-01-03 16:49:06,799 [ERROR] LogOutputStream:75 - [STDERR_REDIRECT] 	at org.eclipse.jface.action.ActionContributionItem.handleWidgetSelection(ActionContributionItem.java:580)
2024-01-03 16:49:06,800 [ERROR] LogOutputStream:75 - [STDERR_REDIRECT] 	at org.eclipse.jface.action.ActionContributionItem.lambda$4(ActionContributionItem.java:414)
2024-01-03 16:49:06,801 [ERROR] LogOutputStream:75 - [STDERR_REDIRECT] 	at org.eclipse.swt.widgets.EventTable.sendEvent(EventTable.java:89)
2024-01-03 16:49:06,802 [ERROR] LogOutputStream:75 - [STDERR_REDIRECT] 	at org.eclipse.swt.widgets.Display.sendEvent(Display.java:4274)
2024-01-03 16:49:06,803 [ERROR] LogOutputStream:75 - [STDERR_REDIRECT] 	at org.eclipse.swt.widgets.Widget.sendEvent(Widget.java:1066)
2024-01-03 16:49:06,804 [ERROR] LogOutputStream:75 - [STDERR_REDIRECT] 	at org.eclipse.swt.widgets.Display.runDeferredEvents(Display.java:4072)
2024-01-03 16:49:06,804 [ERROR] LogOutputStream:75 - [STDERR_REDIRECT] 	at org.eclipse.swt.widgets.Display.readAndDispatch(Display.java:3660)
2024-01-03 16:49:06,806 [ERROR] LogOutputStream:75 - [STDERR_REDIRECT] 	at org.eclipse.e4.ui.internal.workbench.swt.PartRenderingEngine$5.run(PartRenderingEngine.java:1155)
2024-01-03 16:49:06,806 [ERROR] LogOutputStream:75 - [STDERR_REDIRECT] 	at org.eclipse.core.databinding.observable.Realm.runWithDefault(Realm.java:342)
2024-01-03 16:49:06,808 [ERROR] LogOutputStream:75 - [STDERR_REDIRECT] 	at org.eclipse.e4.ui.internal.workbench.swt.PartRenderingEngine.run(PartRenderingEngine.java:1046)
2024-01-03 16:49:06,809 [ERROR] LogOutputStream:75 - [STDERR_REDIRECT] 	at org.eclipse.e4.ui.internal.workbench.E4Workbench.createAndRunUI(E4Workbench.java:155)
2024-01-03 16:49:06,809 [ERROR] LogOutputStream:75 - [STDERR_REDIRECT] 	at org.eclipse.ui.internal.Workbench.lambda$3(Workbench.java:645)
2024-01-03 16:49:06,810 [ERROR] LogOutputStream:75 - [STDERR_REDIRECT] 	at org.eclipse.core.databinding.observable.Realm.runWithDefault(Realm.java:342)
2024-01-03 16:49:06,811 [ERROR] LogOutputStream:75 - [STDERR_REDIRECT] 	at org.eclipse.ui.internal.Workbench.createAndRunWorkbench(Workbench.java:552)
2024-01-03 16:49:06,812 [ERROR] LogOutputStream:75 - [STDERR_REDIRECT] 	at org.eclipse.ui.PlatformUI.createAndRunWorkbench(PlatformUI.java:171)
2024-01-03 16:49:06,813 [ERROR] LogOutputStream:75 - [STDERR_REDIRECT] 	at org.eclipse.ui.internal.ide.application.IDEApplication.start(IDEApplication.java:152)
2024-01-03 16:49:06,815 [ERROR] LogOutputStream:75 - [STDERR_REDIRECT] 	at org.eclipse.equinox.internal.app.EclipseAppHandle.run(EclipseAppHandle.java:203)
2024-01-03 16:49:06,816 [ERROR] LogOutputStream:75 - [STDERR_REDIRECT] 	at org.eclipse.core.runtime.internal.adaptor.EclipseAppLauncher.runApplication(EclipseAppLauncher.java:136)
2024-01-03 16:49:06,818 [ERROR] LogOutputStream:75 - [STDERR_REDIRECT] 	at org.eclipse.core.runtime.internal.adaptor.EclipseAppLauncher.start(EclipseAppLauncher.java:104)
2024-01-03 16:49:06,819 [ERROR] LogOutputStream:75 - [STDERR_REDIRECT] 	at org.eclipse.core.runtime.adaptor.EclipseStarter.run(EclipseStarter.java:402)
2024-01-03 16:49:06,820 [ERROR] LogOutputStream:75 - [STDERR_REDIRECT] 	at org.eclipse.core.runtime.adaptor.EclipseStarter.run(EclipseStarter.java:255)
2024-01-03 16:49:06,821 [ERROR] LogOutputStream:75 - [STDERR_REDIRECT] 	at java.base/jdk.internal.reflect.NativeMethodAccessorImpl.invoke0(Native Method)
2024-01-03 16:49:06,822 [ERROR] LogOutputStream:75 - [STDERR_REDIRECT] 	at java.base/jdk.internal.reflect.NativeMethodAccessorImpl.invoke(NativeMethodAccessorImpl.java:77)
2024-01-03 16:49:06,823 [ERROR] LogOutputStream:75 - [STDERR_REDIRECT] 	at java.base/jdk.internal.reflect.DelegatingMethodAccessorImpl.invoke(DelegatingMethodAccessorImpl.java:43)
2024-01-03 16:49:06,824 [ERROR] LogOutputStream:75 - [STDERR_REDIRECT] 	at java.base/java.lang.reflect.Method.invoke(Method.java:568)
2024-01-03 16:49:06,825 [ERROR] LogOutputStream:75 - [STDERR_REDIRECT] 	at org.eclipse.equinox.launcher.Main.invokeFramework(Main.java:651)
2024-01-03 16:49:06,825 [ERROR] LogOutputStream:75 - [STDERR_REDIRECT] 	at org.eclipse.equinox.launcher.Main.basicRun(Main.java:588)
2024-01-03 16:49:06,826 [ERROR] LogOutputStream:75 - [STDERR_REDIRECT] 	at org.eclipse.equinox.launcher.Main.run(Main.java:1459)
2024-01-03 16:53:31,645 [ERROR] LogOutputStream:75 - [STDERR_REDIRECT] 
2024-01-03 16:53:31,646 [ERROR] LogOutputStream:75 - [STDERR_REDIRECT] 
