2024-01-14 07:02:55,191 [INFO] Activator:176 - 


2024-01-14 07:02:55,198 [INFO] Activator:177 - !SESSION log4j initialized
2024-01-14 07:03:00,536 [INFO] LogOutputStream:77 - [STDOUT_REDIRECT] 
2024-01-14 07:03:03,856 [INFO] ApplicationProperties:184 - Using Application install path: C:\ST\STM32CubeIDE_1.14.0\STM32CubeIDE\plugins\com.st.stm32cube.common.mx_6.10.0.202311202037
2024-01-14 07:03:03,878 [INFO] DbMcusXml:78 - Set database path to: C:\ST\STM32CubeIDE_1.14.0\STM32CubeIDE\plugins\com.st.stm32cube.common.mx_6.10.0.202311202037\\db\/mcu/
2024-01-14 07:03:03,878 [INFO] ApiDb:274 - Set plugin database path to: C:\ST\STM32CubeIDE_1.14.0\STM32CubeIDE\plugins\com.st.stm32cube.common.mx_6.10.0.202311202037\\db\/plugins/boardmanager/
2024-01-14 07:03:03,878 [WARN] ApiDb:259 - Overriding images path with different value:  => C:\ST\STM32CubeIDE_1.14.0\STM32CubeIDE\plugins\com.st.stm32cube.common.mx_6.10.0.202311202037\\db\/plugins/mcufinder/images/
2024-01-14 07:03:03,890 [INFO] ApiDb:250 - Set database path to: C:\Users\sudh1\.stmcufinder\plugins\mcufinder//mcu/
2024-01-14 07:03:03,891 [INFO] DbMcusAds:125 - Set database path to: C:\Users\sudh1\.stmcufinder\plugins\mcufinder//mcu/
2024-01-14 07:03:03,893 [INFO] CrossReferenceDbSqlite:203 - Set database path to: C:\Users\sudh1\.stmcufinder\plugins\mcufinder//mcu/cs/
2024-01-14 07:03:04,019 [INFO] RulesReader:64 - Compatibility file has been processed (297 Rules)
2024-01-14 07:03:04,111 [INFO] DbMcusXml:78 - Set database path to: C:\ST\STM32CubeIDE_1.14.0\STM32CubeIDE\plugins\com.st.stm32cube.common.mx_6.10.0.202311202037\\db\/mcu/
2024-01-14 07:03:04,111 [INFO] ApiDb:274 - Set plugin database path to: C:\ST\STM32CubeIDE_1.14.0\STM32CubeIDE\plugins\com.st.stm32cube.common.mx_6.10.0.202311202037\\db\/plugins/boardmanager/
2024-01-14 07:03:04,111 [INFO] ApiDb:261 - Set plugin images path to: C:\ST\STM32CubeIDE_1.14.0\STM32CubeIDE\plugins\com.st.stm32cube.common.mx_6.10.0.202311202037\\db\/plugins/mcufinder/images/
2024-01-14 07:03:04,111 [WARN] DbFile:41 - Overriding database path with different value: C:\Users\sudh1\.stmcufinder\plugins\mcufinder/ => C:\Users\sudh1\.stmcufinder\plugins\mcufinder
2024-01-14 07:03:04,112 [INFO] ApiDb:250 - Set database path to: C:\Users\sudh1\.stmcufinder\plugins\mcufinder//mcu/
2024-01-14 07:03:04,112 [WARN] DbFile:41 - Overriding database path with different value: C:\Users\sudh1\.stmcufinder\plugins\mcufinder/ => C:\Users\sudh1\.stmcufinder\plugins\mcufinder
2024-01-14 07:03:04,112 [INFO] DbMcusAds:125 - Set database path to: C:\Users\sudh1\.stmcufinder\plugins\mcufinder//mcu/
2024-01-14 07:03:04,112 [WARN] DbFile:41 - Overriding database path with different value: C:\Users\sudh1\.stmcufinder\plugins\mcufinder/ => C:\Users\sudh1\.stmcufinder\plugins\mcufinder
2024-01-14 07:03:04,112 [WARN] DbFile:41 - Overriding database path with different value: C:\Users\sudh1\.stmcufinder\plugins\mcufinder/ => C:\Users\sudh1\.stmcufinder\plugins\mcufinder
2024-01-14 07:03:04,112 [INFO] CrossReferenceDbSqlite:203 - Set database path to: C:\Users\sudh1\.stmcufinder\plugins\mcufinder//mcu/cs/
2024-01-14 07:03:04,198 [INFO] MainPanel:264 - HeapMemory: 268435456
2024-01-14 07:03:04,301 [INFO] DbMcusXml:78 - Set database path to: C:\ST\STM32CubeIDE_1.14.0\STM32CubeIDE\plugins\com.st.stm32cube.common.mx_6.10.0.202311202037\\db\/mcu/
2024-01-14 07:03:04,302 [INFO] ApiDb:274 - Set plugin database path to: C:\ST\STM32CubeIDE_1.14.0\STM32CubeIDE\plugins\com.st.stm32cube.common.mx_6.10.0.202311202037\\db\/plugins/boardmanager/
2024-01-14 07:03:04,302 [INFO] ApiDb:261 - Set plugin images path to: C:\ST\STM32CubeIDE_1.14.0\STM32CubeIDE\plugins\com.st.stm32cube.common.mx_6.10.0.202311202037\\db\/plugins/mcufinder/images/
2024-01-14 07:03:04,302 [WARN] DbFile:41 - Overriding database path with different value: C:\Users\sudh1\.stmcufinder\plugins\mcufinder/ => C:\Users\sudh1\.stmcufinder\plugins\mcufinder
2024-01-14 07:03:04,302 [INFO] ApiDb:250 - Set database path to: C:\Users\sudh1\.stmcufinder\plugins\mcufinder//mcu/
2024-01-14 07:03:04,302 [WARN] DbFile:41 - Overriding database path with different value: C:\Users\sudh1\.stmcufinder\plugins\mcufinder/ => C:\Users\sudh1\.stmcufinder\plugins\mcufinder
2024-01-14 07:03:04,303 [INFO] DbMcusAds:125 - Set database path to: C:\Users\sudh1\.stmcufinder\plugins\mcufinder//mcu/
2024-01-14 07:03:04,303 [WARN] DbFile:41 - Overriding database path with different value: C:\Users\sudh1\.stmcufinder\plugins\mcufinder/ => C:\Users\sudh1\.stmcufinder\plugins\mcufinder
2024-01-14 07:03:04,303 [WARN] DbFile:41 - Overriding database path with different value: C:\Users\sudh1\.stmcufinder\plugins\mcufinder/ => C:\Users\sudh1\.stmcufinder\plugins\mcufinder
2024-01-14 07:03:04,303 [INFO] CrossReferenceDbSqlite:203 - Set database path to: C:\Users\sudh1\.stmcufinder\plugins\mcufinder//mcu/cs/
2024-01-14 07:03:04,323 [INFO] ApplicationProperties:184 - Using Application install path: C:\ST\STM32CubeIDE_1.14.0\STM32CubeIDE\plugins\com.st.stm32cube.common.mx_6.10.0.202311202037
2024-01-14 07:03:04,325 [INFO] PluginManage:196 - Search for loadable plugins [exclusion list=, ]
2024-01-14 07:03:04,328 [INFO] PluginManage:310 - Check plugin analytics
2024-01-14 07:03:04,501 [INFO] AnalyticsPlugin:253 - Accepted Software Licenses: 
2024-01-14 07:03:04,502 [INFO] AnalyticsPlugin:255 - Accepted CMSIS Pack Licenses: 
2024-01-14 07:03:04,502 [INFO] AnalyticsPlugin:257 - Accepted Firmware Licenses: 
2024-01-14 07:03:04,504 [INFO] PluginManage:359 - Loaded plugin analytics (category:tool,tabindex:-1)
2024-01-14 07:03:04,504 [INFO] PluginManage:310 - Check plugin cadmodel
2024-01-14 07:03:04,521 [INFO] CADModel:105 - Init CAD model plugin
2024-01-14 07:03:04,521 [INFO] PluginManage:359 - Loaded plugin cadmodel (category:power,tabindex:5)
2024-01-14 07:03:04,522 [INFO] PluginManage:310 - Check plugin clock
2024-01-14 07:03:04,542 [INFO] PluginManage:359 - Loaded plugin clock (category:base,tabindex:2)
2024-01-14 07:03:04,542 [INFO] PluginManage:310 - Check plugin ddr
2024-01-14 07:03:04,545 [INFO] PluginManage:359 - Loaded plugin ddr (category:tool,tabindex:6)
2024-01-14 07:03:04,545 [INFO] PluginManage:310 - Check plugin filemanager
2024-01-14 07:03:04,681 [INFO] PluginManage:359 - Loaded plugin filemanager (category:base,tabindex:10)
2024-01-14 07:03:04,681 [INFO] PluginManage:310 - Check plugin ipmanager
2024-01-14 07:03:04,689 [INFO] PluginManage:359 - Loaded plugin ipmanager (category:base,tabindex:5)
2024-01-14 07:03:04,690 [INFO] PluginManage:310 - Check plugin lpbam
2024-01-14 07:03:04,708 [INFO] PluginManage:359 - Loaded plugin lpbam (category:base,tabindex:0)
2024-01-14 07:03:04,708 [INFO] PluginManage:310 - Check plugin memorymap
2024-01-14 07:03:04,732 [INFO] PluginManage:359 - Loaded plugin memorymap (category:base,tabindex:4)
2024-01-14 07:03:04,733 [INFO] PluginManage:310 - Check plugin pinoutandconfiguration
2024-01-14 07:03:04,749 [INFO] PluginManage:359 - Loaded plugin pinoutandconfiguration (category:base,tabindex:1)
2024-01-14 07:03:04,749 [INFO] PluginManage:310 - Check plugin pinoutconfig
2024-01-14 07:03:04,853 [WARN] SupportedApi:132 - Cannot load RTOS API schema: s4s-elt-must-match.1: The content of 'definitions' must match (annotation?, (simpleType | complexType)?, (unique | key | keyref)*)). A problem was found starting at: attribute.
2024-01-14 07:03:04,977 [INFO] PluginManage:359 - Loaded plugin pinoutconfig (category:base,tabindex:0)
2024-01-14 07:03:04,978 [INFO] PluginManage:310 - Check plugin power
2024-01-14 07:03:04,994 [INFO] PluginManage:359 - Loaded plugin power (category:power,tabindex:4)
2024-01-14 07:03:04,995 [INFO] PluginManage:310 - Check plugin projectmanager
2024-01-14 07:03:05,011 [INFO] PluginManage:359 - Loaded plugin projectmanager (category:projectmanager,tabindex:3)
2024-01-14 07:03:05,011 [INFO] PluginManage:310 - Check plugin thirdparty
2024-01-14 07:03:05,266 [INFO] PluginManage:359 - Loaded plugin thirdparty (category:base,tabindex:-1)
2024-01-14 07:03:05,266 [WARN] IntegrityCheckThread:84 - waiting for thirdparty lock release [integrity check]
2024-01-14 07:03:05,266 [INFO] PluginManage:310 - Check plugin tools
2024-01-14 07:03:05,267 [INFO] IntegrityCheckThread:86 - entering critical section [integrity check]
2024-01-14 07:03:05,267 [INFO] ThirdPartyUpdaterWithRetryManager:70 - Updater plugin not ready yet. [1/15]
2024-01-14 07:03:05,298 [INFO] PluginManage:359 - Loaded plugin tools (category:base,tabindex:7)
2024-01-14 07:03:05,299 [INFO] PluginManage:310 - Check plugin tutovideos
2024-01-14 07:03:05,525 [INFO] PluginManage:359 - Loaded plugin tutovideos (category:base,tabindex:-1)
2024-01-14 07:03:05,526 [INFO] PluginManage:310 - Check plugin updater
2024-01-14 07:03:05,537 [INFO] PluginManage:359 - Loaded plugin updater (category:base,tabindex:12)
2024-01-14 07:03:05,537 [INFO] PluginManage:310 - Check plugin userauth
2024-01-14 07:03:05,544 [INFO] UserAuth:114 - Init User Auth plugin
2024-01-14 07:03:05,544 [INFO] PluginManage:359 - Loaded plugin userauth (category:base,tabindex:14)
2024-01-14 07:03:05,545 [INFO] PluginManage:283 - PluginManage : Loaded plugins [17]
2024-01-14 07:03:05,778 [INFO] PinOutPanel:1499 - setPackage(No Configuration,No Configuration)
2024-01-14 07:03:05,855 [INFO] CADModel:165 - CPN selected for project level
2024-01-14 07:03:05,855 [INFO] CADModel:114 - Register for checkConnection events
2024-01-14 07:03:05,883 [INFO] IPUIPlugin:80 - create IPUIPlugin
2024-01-14 07:03:05,883 [INFO] PluginManager:220 - loadIPPluginJar : add adc
2024-01-14 07:03:05,916 [INFO] IPUIPlugin:80 - create IPUIPlugin
2024-01-14 07:03:05,916 [INFO] PluginManager:220 - loadIPPluginJar : add aes
2024-01-14 07:03:05,954 [INFO] IPUIPlugin:80 - create IPUIPlugin
2024-01-14 07:03:05,954 [INFO] PluginManager:220 - loadIPPluginJar : add can
2024-01-14 07:03:05,978 [INFO] IPUIPlugin:80 - create IPUIPlugin
2024-01-14 07:03:05,978 [INFO] PluginManager:220 - loadIPPluginJar : add comp
2024-01-14 07:03:06,008 [INFO] IPUIPlugin:80 - create IPUIPlugin
2024-01-14 07:03:06,008 [INFO] PluginManager:220 - loadIPPluginJar : add cryp
2024-01-14 07:03:06,041 [INFO] IPUIPlugin:80 - create IPUIPlugin
2024-01-14 07:03:06,041 [INFO] PluginManager:220 - loadIPPluginJar : add dfsdm
2024-01-14 07:03:06,056 [INFO] IPUIPlugin:80 - create IPUIPlugin
2024-01-14 07:03:06,056 [INFO] PluginManager:220 - loadIPPluginJar : add dma
2024-01-14 07:03:06,101 [INFO] IPUIPlugin:80 - create IPUIPlugin
2024-01-14 07:03:06,101 [INFO] PluginManager:220 - loadIPPluginJar : add dma3
2024-01-14 07:03:06,118 [INFO] IPUIPlugin:80 - create IPUIPlugin
2024-01-14 07:03:06,118 [INFO] PluginManager:220 - loadIPPluginJar : add fatfs
2024-01-14 07:03:06,161 [INFO] IPUIPlugin:80 - create IPUIPlugin
2024-01-14 07:03:06,161 [INFO] PluginManager:220 - loadIPPluginJar : add fmc
2024-01-14 07:03:06,177 [INFO] IPUIPlugin:80 - create IPUIPlugin
2024-01-14 07:03:06,177 [INFO] PluginManager:220 - loadIPPluginJar : add freertos
2024-01-14 07:03:06,195 [INFO] IPUIPlugin:80 - create IPUIPlugin
2024-01-14 07:03:06,195 [INFO] PluginManager:220 - loadIPPluginJar : add genericplugin
2024-01-14 07:03:06,274 [INFO] IPUIPlugin:80 - create IPUIPlugin
2024-01-14 07:03:06,274 [INFO] PluginManager:220 - loadIPPluginJar : add gfxmmu
2024-01-14 07:03:06,417 [INFO] IPUIPlugin:80 - create IPUIPlugin
2024-01-14 07:03:06,417 [INFO] PluginManager:220 - loadIPPluginJar : add gic
2024-01-14 07:03:06,431 [INFO] IPUIPlugin:80 - create IPUIPlugin
2024-01-14 07:03:06,431 [INFO] PluginManager:220 - loadIPPluginJar : add gpio
2024-01-14 07:03:06,531 [INFO] IPUIPlugin:80 - create IPUIPlugin
2024-01-14 07:03:06,531 [INFO] PluginManager:220 - loadIPPluginJar : add gtzc
2024-01-14 07:03:06,560 [INFO] IPUIPlugin:80 - create IPUIPlugin
2024-01-14 07:03:06,560 [INFO] PluginManager:220 - loadIPPluginJar : add hash
2024-01-14 07:03:06,609 [INFO] IPUIPlugin:80 - create IPUIPlugin
2024-01-14 07:03:06,609 [INFO] PluginManager:220 - loadIPPluginJar : add i2c
2024-01-14 07:03:06,649 [INFO] IPUIPlugin:80 - create IPUIPlugin
2024-01-14 07:03:06,649 [INFO] PluginManager:220 - loadIPPluginJar : add i2s
2024-01-14 07:03:06,703 [INFO] IPUIPlugin:80 - create IPUIPlugin
2024-01-14 07:03:06,703 [INFO] PluginManager:220 - loadIPPluginJar : add i3c
2024-01-14 07:03:06,792 [INFO] IPUIPlugin:80 - create IPUIPlugin
2024-01-14 07:03:06,793 [INFO] PluginManager:220 - loadIPPluginJar : add ipddr
2024-01-14 07:03:06,896 [INFO] IPUIPlugin:80 - create IPUIPlugin
2024-01-14 07:03:06,897 [INFO] PluginManager:220 - loadIPPluginJar : add linkedlist
2024-01-14 07:03:06,929 [INFO] IPUIPlugin:80 - create IPUIPlugin
2024-01-14 07:03:06,930 [INFO] PluginManager:220 - loadIPPluginJar : add lorawan
2024-01-14 07:03:06,962 [INFO] IPUIPlugin:80 - create IPUIPlugin
2024-01-14 07:03:06,962 [INFO] PluginManager:220 - loadIPPluginJar : add ltdc
2024-01-14 07:03:06,977 [INFO] IPUIPlugin:80 - create IPUIPlugin
2024-01-14 07:03:06,977 [INFO] PluginManager:220 - loadIPPluginJar : add mdma
2024-01-14 07:03:06,989 [INFO] IPUIPlugin:80 - create IPUIPlugin
2024-01-14 07:03:06,990 [INFO] PluginManager:220 - loadIPPluginJar : add nvic
2024-01-14 07:03:07,024 [INFO] IPUIPlugin:80 - create IPUIPlugin
2024-01-14 07:03:07,024 [INFO] PluginManager:220 - loadIPPluginJar : add opamp
2024-01-14 07:03:07,082 [INFO] IPUIPlugin:80 - create IPUIPlugin
2024-01-14 07:03:07,082 [INFO] PluginManager:220 - loadIPPluginJar : add openamp
2024-01-14 07:03:07,124 [INFO] IPUIPlugin:80 - create IPUIPlugin
2024-01-14 07:03:07,124 [INFO] PluginManager:220 - loadIPPluginJar : add pdm2pcm
2024-01-14 07:03:07,139 [INFO] IPUIPlugin:80 - create IPUIPlugin
2024-01-14 07:03:07,140 [INFO] PluginManager:220 - loadIPPluginJar : add plateformsettings
2024-01-14 07:03:07,160 [INFO] IPUIPlugin:80 - create IPUIPlugin
2024-01-14 07:03:07,160 [INFO] PluginManager:220 - loadIPPluginJar : add quadspi
2024-01-14 07:03:07,171 [INFO] IPUIPlugin:80 - create IPUIPlugin
2024-01-14 07:03:07,171 [INFO] PluginManager:220 - loadIPPluginJar : add resmgrutility
2024-01-14 07:03:07,218 [INFO] IPUIPlugin:80 - create IPUIPlugin
2024-01-14 07:03:07,219 [INFO] PluginManager:220 - loadIPPluginJar : add sai
2024-01-14 07:03:07,252 [INFO] IPUIPlugin:80 - create IPUIPlugin
2024-01-14 07:03:07,252 [INFO] PluginManager:220 - loadIPPluginJar : add spi
2024-01-14 07:03:07,309 [INFO] IPUIPlugin:80 - create IPUIPlugin
2024-01-14 07:03:07,309 [INFO] PluginManager:220 - loadIPPluginJar : add stm32_wpan
2024-01-14 07:03:07,329 [INFO] IPUIPlugin:80 - create IPUIPlugin
2024-01-14 07:03:07,329 [INFO] PluginManager:220 - loadIPPluginJar : add tim
2024-01-14 07:03:07,377 [INFO] IPUIPlugin:80 - create IPUIPlugin
2024-01-14 07:03:07,377 [INFO] PluginManager:220 - loadIPPluginJar : add touchsensing
2024-01-14 07:03:07,402 [INFO] IPUIPlugin:80 - create IPUIPlugin
2024-01-14 07:03:07,402 [INFO] PluginManager:220 - loadIPPluginJar : add tracer_emb
2024-01-14 07:03:07,423 [INFO] IPUIPlugin:80 - create IPUIPlugin
2024-01-14 07:03:07,423 [INFO] PluginManager:220 - loadIPPluginJar : add ts
2024-01-14 07:03:07,444 [INFO] IPUIPlugin:80 - create IPUIPlugin
2024-01-14 07:03:07,444 [INFO] PluginManager:220 - loadIPPluginJar : add tsc
2024-01-14 07:03:07,466 [INFO] IPUIPlugin:80 - create IPUIPlugin
2024-01-14 07:03:07,466 [INFO] PluginManager:220 - loadIPPluginJar : add ucpd
2024-01-14 07:03:07,505 [INFO] IPUIPlugin:80 - create IPUIPlugin
2024-01-14 07:03:07,505 [INFO] PluginManager:220 - loadIPPluginJar : add usart
2024-01-14 07:03:07,545 [INFO] IPUIPlugin:80 - create IPUIPlugin
2024-01-14 07:03:07,545 [INFO] PluginManager:220 - loadIPPluginJar : add usbx
2024-01-14 07:03:07,676 [INFO] CADModel:165 - CPN selected for project level
2024-01-14 07:03:07,676 [INFO] CADModel:114 - Register for checkConnection events
2024-01-14 07:03:07,677 [FATAL] Updater:308 - Updater called before beeing initialized
2024-01-14 07:03:07,677 [ERROR] CADModel:125 - Updater not yet initialized, retry later 
2024-01-14 07:03:07,834 [INFO] CADModel:165 - CPN selected for project level
2024-01-14 07:03:07,834 [INFO] CADModel:114 - Register for checkConnection events
2024-01-14 07:03:07,834 [FATAL] Updater:308 - Updater called before beeing initialized
2024-01-14 07:03:07,834 [ERROR] CADModel:125 - Updater not yet initialized, retry later 
2024-01-14 07:03:07,837 [FATAL] Updater:308 - Updater called before beeing initialized
2024-01-14 07:03:07,946 [FATAL] Updater:308 - Updater called before beeing initialized
2024-01-14 07:03:07,953 [INFO] DbMcusAds:53 - JSON generation date=Wed Nov 29 16:22:27 IST 2023 (1701255147349)
2024-01-14 07:03:07,953 [FATAL] Updater:308 - Updater called before beeing initialized
2024-01-14 07:03:08,026 [WARN] DetailPanel:346 - Failed to get advertising image, set to default
2024-01-14 07:03:08,110 [FATAL] Updater:308 - Updater called before beeing initialized
2024-01-14 07:03:08,112 [FATAL] Updater:308 - Updater called before beeing initialized
2024-01-14 07:03:08,114 [FATAL] Updater:308 - Updater called before beeing initialized
2024-01-14 07:03:08,114 [WARN] DetailPanel:346 - Failed to get advertising image, set to default
2024-01-14 07:03:08,115 [FATAL] Updater:308 - Updater called before beeing initialized
2024-01-14 07:03:08,193 [ERROR] Updater:1120 - MainUpdater not yet initialized. External WinMGr cannot be set.
2024-01-14 07:03:08,204 [INFO] Updater:1056 - Updater Version found : 6.10.0
2024-01-14 07:03:08,225 [INFO] ApplicationProperties:184 - Using Application install path: C:\ST\STM32CubeIDE_1.14.0\STM32CubeIDE\plugins\com.st.stm32cube.common.mx_6.10.0.202311202037
2024-01-14 07:03:08,268 [INFO] ThirdPartyUpdaterWithRetryManager:70 - Updater plugin not ready yet. [2/15]
2024-01-14 07:03:09,816 [ERROR] LogOutputStream:75 - [STDERR_REDIRECT] Jan 14, 2024 7:03:09 AM java.util.prefs.WindowsPreferences <init>
2024-01-14 07:03:09,817 [ERROR] LogOutputStream:75 - [STDERR_REDIRECT] WARNING: Could not open/create prefs root node Software\JavaSoft\Prefs at root 0xffffffff80000002. Windows RegCreateKeyEx(...) returned error code 5.
2024-01-14 07:03:09,817 [ERROR] LogOutputStream:75 - [STDERR_REDIRECT] 
2024-01-14 07:03:10,956 [INFO] MainUpdater:2873 - connection check result : 10
2024-01-14 07:03:10,956 [INFO] MainUpdater:3567 - Updater definition file requires update
2024-01-14 07:03:10,957 [INFO] MainUpdater:290 - Updater Check For Update Now.
2024-01-14 07:03:10,957 [INFO] MicroXplorer:498 - Change Database Version : DB.6.0.100
2024-01-14 07:03:10,988 [INFO] McuFinderGlobals:63 - Set McuFinder mode to 2 (CubeIDE integrated)
2024-01-14 07:03:10,988 [INFO] UserAuth:180 - activating auth plugin
2024-01-14 07:03:10,991 [INFO] UserAuth:404 - Internet connection configuration mode: 1
2024-01-14 07:03:11,017 [INFO] JxBrowserEngine:152 - Initiate JxBrowser Engine with user profile folder
2024-01-14 07:03:11,270 [WARN] MainUpdater:1194 - Updater busy. Cannot search thirdparties
2024-01-14 07:03:11,270 [INFO] ThirdPartyUpdaterWithRetryManager:96 - Updater plugin is busy. [1/15]
2024-01-14 07:03:12,574 [INFO] ServerAccessManage:473 - Download File updaters.zip
2024-01-14 07:03:12,687 [INFO] FileExtend:240 - Unzip File : updaters.zip
2024-01-14 07:03:12,687 [INFO] FileExtend:255 - Standard Zip Deflate
2024-01-14 07:03:13,832 [INFO] ServerAccessManage:473 - Download File PacksControlFlags.xml
2024-01-14 07:03:14,132 [INFO] WebApp:161 - Instantiating new browser for Auth
2024-01-14 07:03:14,272 [WARN] MainUpdater:1194 - Updater busy. Cannot search thirdparties
2024-01-14 07:03:14,272 [INFO] ThirdPartyUpdaterWithRetryManager:96 - Updater plugin is busy. [2/15]
2024-01-14 07:03:14,711 [INFO] ServerAccessManage:473 - Download File cubemx.pidx
2024-01-14 07:03:14,716 [INFO] WebApp:780 - Register for checkConnection events
2024-01-14 07:03:14,716 [INFO] WebApp:414 - Apply proxy settings
2024-01-14 07:03:14,716 [INFO] WebApp:499 - Chromium requires no authentication
2024-01-14 07:03:14,726 [INFO] WebApp:442 - Direct internet connection detected
2024-01-14 07:03:14,825 [INFO] LoadServerUpdatesThread:375 - End of LoadServerUpdate Thread
2024-01-14 07:03:14,939 [INFO] WebApp:192 - Starting web application
2024-01-14 07:03:14,940 [INFO] WebApp:544 - Web application path used C:\ST\STM32CubeIDE_1.14.0\STM32CubeIDE\plugins\com.st.stm32cube.common.mx_6.10.0.202311202037\db\plugins\mcufinder\reactClient1\index.html
2024-01-14 07:03:14,988 [INFO] CheckServerUpdateThread:120 - End of CheckServer Thread
2024-01-14 07:03:17,499 [WARN] PackLoader:240 - Cannot read IP mode file for STMicroelectronics.X-CUBE-SMBUS.2.1.0
2024-01-14 07:03:17,520 [WARN] PackLoader:240 - Cannot read IP mode file for STMicroelectronics.X-CUBE-TOUCHGFX.4.23.0
2024-01-14 07:03:17,565 [WARN] PackLoader:240 - Cannot read IP mode file for STMicroelectronics.X-CUBE-AZRTOS-F7.1.1.0
2024-01-14 07:03:17,583 [WARN] PackLoader:240 - Cannot read IP mode file for STMicroelectronics.FP-SNS-MOTENV1.4.3.2
2024-01-14 07:03:17,600 [WARN] PackLoader:240 - Cannot read IP mode file for STMicroelectronics.X-CUBE-BLE1.6.2.4
2024-01-14 07:03:17,611 [WARN] PackLoader:240 - Cannot read IP mode file for STMicroelectronics.FP-SNS-FLIGHT1.5.0.2
2024-01-14 07:03:17,627 [WARN] PackLoader:240 - Cannot read IP mode file for STMicroelectronics.X-CUBE-DISPLAY.3.0.0
2024-01-14 07:03:17,646 [WARN] PackLoader:240 - Cannot read IP mode file for STMicroelectronics.X-CUBE-BLE1.7.0.0
2024-01-14 07:03:17,664 [WARN] PackLoader:240 - Cannot read IP mode file for STMicroelectronics.FP-SNS-SMARTAG2.1.2.0
2024-01-14 07:03:17,689 [INFO] LogOutputStream:77 - [STDOUT_REDIRECT] 1 : Invalid condition id : UX_CORESTACK_Condition cause : null
2024-01-14 07:03:17,690 [INFO] LogOutputStream:77 - [STDOUT_REDIRECT] 1 : Invalid condition id : UX_CORESTACK_Condition cause : null
2024-01-14 07:03:17,691 [INFO] LogOutputStream:77 - [STDOUT_REDIRECT] 1 : Invalid condition id : UX_CORESTACK_Condition cause : null
2024-01-14 07:03:17,692 [INFO] LogOutputStream:77 - [STDOUT_REDIRECT] 1 : Invalid condition id : UX_CORESTACK_Condition cause : null
2024-01-14 07:03:17,692 [INFO] LogOutputStream:77 - [STDOUT_REDIRECT] 1 : Invalid condition id : UX_CORESTACK_Condition cause : null
2024-01-14 07:03:17,698 [WARN] PackLoader:240 - Cannot read IP mode file for STMicroelectronics.X-CUBE-AZRTOS-WL.2.0.0
2024-01-14 07:03:17,720 [WARN] PackLoader:240 - Cannot read IP mode file for WES.I-CUBE-Cesium.1.3.0
2024-01-14 07:03:17,733 [WARN] PackLoader:240 - Cannot read IP mode file for STMicroelectronics.X-CUBE-BLE2.3.3.0
2024-01-14 07:03:17,754 [WARN] PackLoader:240 - Cannot read IP mode file for STMicroelectronics.X-CUBE-TOF1.3.2.0
2024-01-14 07:03:17,774 [WARN] PackLoader:240 - Cannot read IP mode file for STMicroelectronics.X-CUBE-TOUCHGFX.4.21.1
2024-01-14 07:03:17,789 [WARN] PackLoader:240 - Cannot read IP mode file for STMicroelectronics.X-CUBE-ALGOBUILD.1.3.0
2024-01-14 07:03:17,817 [WARN] PackLoader:240 - Cannot read IP mode file for STMicroelectronics.X-CUBE-AZRTOS-G0.1.1.0
2024-01-14 07:03:17,832 [WARN] PackLoader:240 - Cannot read IP mode file for STMicroelectronics.X-CUBE-NFC4.3.0.0
2024-01-14 07:03:17,847 [WARN] PackLoader:240 - Cannot read IP mode file for STMicroelectronics.X-CUBE-BLEMGR.3.0.0
2024-01-14 07:03:17,861 [WARN] PackLoader:240 - Cannot read IP mode file for STMicroelectronics.X-CUBE-BLEMGR.1.3.0
2024-01-14 07:03:17,875 [WARN] PackLoader:240 - Cannot read IP mode file for STMicroelectronics.FP-ATR-SIGFOX1.3.2.0
2024-01-14 07:03:17,919 [WARN] PackLoader:240 - Cannot read IP mode file for STMicroelectronics.X-CUBE-MEMS1.9.5.0
2024-01-14 07:03:18,060 [WARN] PackLoader:240 - Cannot read IP mode file for SEGGER.I-CUBE-embOS.1.3.1
2024-01-14 07:03:18,095 [WARN] PackLoader:240 - Cannot read IP mode file for STMicroelectronics.X-CUBE-GNSS1.6.0.0
2024-01-14 07:03:18,144 [WARN] PackLoader:240 - Cannot read IP mode file for STMicroelectronics.X-CUBE-AZRTOS-F4.1.1.0
2024-01-14 07:03:18,203 [WARN] PackLoader:240 - Cannot read IP mode file for STMicroelectronics.X-CUBE-AZRTOS-L5.2.0.0
2024-01-14 07:03:18,220 [WARN] PackLoader:240 - Cannot read IP mode file for STMicroelectronics.X-CUBE-EEPRMA1.4.2.0
2024-01-14 07:03:18,234 [WARN] PackLoader:240 - Cannot read IP mode file for ITTIA_DB.I-CUBE-ITTIADB.8.8.0
2024-01-14 07:03:18,249 [WARN] PackLoader:240 - Cannot read IP mode file for emotas.I-CUBE-CANOPEN.1.1.3
2024-01-14 07:03:18,281 [WARN] PackLoader:240 - Cannot read IP mode file for STMicroelectronics.X-CUBE-BLEMGR.2.0.0
2024-01-14 07:03:18,297 [WARN] PackLoader:240 - Cannot read IP mode file for wolfSSL.I-CUBE-wolfSSL.5.5.4
2024-01-14 07:03:18,310 [WARN] PackLoader:240 - Cannot read IP mode file for STMicroelectronics.X-CUBE-NFC7.1.0.1
2024-01-14 07:03:18,323 [WARN] PackLoader:240 - Cannot read IP mode file for STMicroelectronics.X-CUBE-NFC7.1.0.0
2024-01-14 07:03:18,338 [WARN] PackLoader:240 - Cannot read IP mode file for STMicroelectronics.X-CUBE-NFC6.3.0.0
2024-01-14 07:03:18,354 [WARN] PackLoader:240 - Cannot read IP mode file for STMicroelectronics.X-CUBE-EEPRMA1.4.1.0
2024-01-14 07:03:18,368 [WARN] PackLoader:240 - Cannot read IP mode file for STMicroelectronics.X-CUBE-AI.8.1.0
2024-01-14 07:03:18,398 [WARN] ConditionMgr:438 - getConditionDescription Invalid condition id : LAN8742 Phy interface Condition cause : null
2024-01-14 07:03:18,399 [WARN] PackLoader:240 - Cannot read IP mode file for STMicroelectronics.X-CUBE-AZRTOS-L4.2.0.0
2024-01-14 07:03:18,401 [WARN] ConditionMgr:1039 - genDependencies : Invalid condition id : LAN8742 Phy interface Condition cause : null
2024-01-14 07:03:18,401 [WARN] ConditionMgr:1039 - genDependencies : Invalid condition id : LAN8742 Phy interface Condition cause : null
2024-01-14 07:03:18,402 [WARN] ConditionMgr:1039 - genDependencies : Invalid condition id : LAN8742 Phy interface Condition cause : null
2024-01-14 07:03:18,422 [WARN] PackLoader:240 - Cannot read IP mode file for STMicroelectronics.X-CUBE-SFXS2LP1.4.0.0
2024-01-14 07:03:18,459 [WARN] PackLoader:240 - Cannot read IP mode file for STMicroelectronics.X-CUBE-AZRTOS-H7.3.0.0
2024-01-14 07:03:18,477 [WARN] PackLoader:240 - Cannot read IP mode file for STMicroelectronics.X-CUBE-ISPU.1.1.0
2024-01-14 07:03:18,495 [WARN] PackLoader:240 - Cannot read IP mode file for RoweBots.I-CUBE-UNISONRTOS.5.5.0-4
2024-01-14 07:03:18,507 [WARN] PackLoader:240 - Cannot read IP mode file for STMicroelectronics.X-CUBE-AI.8.0.0
2024-01-14 07:03:18,534 [WARN] ConditionMgr:438 - getConditionDescription Invalid condition id : UX DEVICE CLASS RTOS Condition cause : null
2024-01-14 07:03:18,534 [WARN] ConditionMgr:438 - getConditionDescription Invalid condition id : UX DEVICE CLASS RTOS Condition cause : null
2024-01-14 07:03:18,536 [WARN] PackLoader:240 - Cannot read IP mode file for STMicroelectronics.X-CUBE-AZRTOS-WB.2.0.0
2024-01-14 07:03:18,537 [WARN] ConditionMgr:1039 - genDependencies : Invalid condition id : UX DEVICE CLASS RTOS Condition cause : null
2024-01-14 07:03:18,537 [WARN] ConditionMgr:1039 - genDependencies : Invalid condition id : UX DEVICE CLASS RTOS Condition cause : null
2024-01-14 07:03:18,538 [WARN] ConditionMgr:1039 - genDependencies : Invalid condition id : UX DEVICE CLASS RTOS Condition cause : null
2024-01-14 07:03:18,539 [WARN] ConditionMgr:1039 - genDependencies : Invalid condition id : UX DEVICE CLASS RTOS Condition cause : null
2024-01-14 07:03:18,539 [WARN] ConditionMgr:1039 - genDependencies : Invalid condition id : UX DEVICE CLASS RTOS Condition cause : null
2024-01-14 07:03:18,554 [WARN] PackLoader:240 - Cannot read IP mode file for STMicroelectronics.X-CUBE-FREERTOS.1.0.0
2024-01-14 07:03:18,584 [WARN] PackLoader:240 - Cannot read IP mode file for STMicroelectronics.X-CUBE-AZRTOS-L5.1.1.0
2024-01-14 07:03:18,603 [WARN] PackLoader:240 - Cannot read IP mode file for STMicroelectronics.X-CUBE-SUBG2.5.0.0
2024-01-14 07:03:18,628 [WARN] PackLoader:240 - Cannot read IP mode file for STMicroelectronics.X-CUBE-AZRTOS-G4.2.0.0
2024-01-14 07:03:18,639 [WARN] PackLoader:240 - Cannot read IP mode file for STMicroelectronics.FP-ATR-ASTRA1.1.1.1
2024-01-14 07:03:18,664 [WARN] PackLoader:240 - Cannot read IP mode file for Infineon.AIROC-Wi-Fi-Bluetooth-STM32.1.5.1
2024-01-14 07:03:18,683 [WARN] PackLoader:240 - Cannot read IP mode file for STMicroelectronics.FP-SNS-MOTENVWB1.1.3.1
2024-01-14 07:03:18,706 [WARN] PackLoader:240 - Cannot read IP mode file for STMicroelectronics.X-CUBE-AZRTOS-G4.1.0.0
2024-01-14 07:03:18,737 [WARN] PackLoader:240 - Cannot read IP mode file for STMicroelectronics.X-CUBE-AZRTOS-L4.1.0.0
2024-01-14 07:03:18,754 [WARN] PackLoader:240 - Cannot read IP mode file for STMicroelectronics.X-CUBE-ISPU.2.0.0
2024-01-14 07:03:18,801 [WARN] PackLoader:240 - Cannot read IP mode file for STMicroelectronics.X-CUBE-MEMS1.10.0.0
2024-01-14 07:03:18,916 [WARN] PackLoader:240 - Cannot read IP mode file for STMicroelectronics.X-CUBE-FREERTOS.1.1.0
2024-01-14 07:03:18,937 [WARN] PackLoader:240 - Cannot read IP mode file for STMicroelectronics.X-CUBE-AZRTOS-WL.1.0.0
2024-01-14 07:03:18,952 [WARN] PackLoader:240 - Cannot read IP mode file for portGmbH.I-Cube-SoM-uGOAL.1.1.0
2024-01-14 07:03:18,963 [WARN] PackLoader:240 - Cannot read IP mode file for STMicroelectronics.X-CUBE-ALS.1.0.1
2024-01-14 07:03:18,983 [WARN] PackLoader:240 - Cannot read IP mode file for STMicroelectronics.X-CUBE-AZRTOS-WB.1.1.0
2024-01-14 07:03:18,996 [WARN] PackLoader:240 - Cannot read IP mode file for STMicroelectronics.FP-ATR-ASTRA1.2.0.0
2024-01-14 07:03:19,017 [WARN] PackLoader:240 - Cannot read IP mode file for STMicroelectronics.X-CUBE-TOF1.3.4.0
2024-01-14 07:03:19,051 [WARN] PackLoader:240 - Cannot read IP mode file for STMicroelectronics.X-CUBE-AZRTOS-H7.3.2.0
2024-01-14 07:03:19,054 [INFO] ThirdParty:978 - Integrity check success = true
2024-01-14 07:03:19,054 [INFO] IntegrityCheckThread:100 - exiting critical section [integrity check]
2024-01-14 07:03:19,054 [INFO] IntegrityCheckThread:103 - End integrity checks thread
2024-01-14 07:03:35,816 [ERROR] LogOutputStream:75 - [STDERR_REDIRECT] SLF4J: Failed to load class "org.slf4j.impl.StaticLoggerBinder".
2024-01-14 07:03:35,817 [ERROR] LogOutputStream:75 - [STDERR_REDIRECT] SLF4J: Defaulting to no-operation (NOP) logger implementation
2024-01-14 07:03:35,818 [ERROR] LogOutputStream:75 - [STDERR_REDIRECT] SLF4J: See http://www.slf4j.org/codes.html#StaticLoggerBinder for further details.
2024-01-14 07:56:31,636 [ERROR] LogOutputStream:75 - [STDERR_REDIRECT] 
2024-01-14 07:56:31,637 [ERROR] LogOutputStream:75 - [STDERR_REDIRECT] 
