2024-01-12 17:23:31,402 [INFO] Activator:176 - 


2024-01-12 17:23:31,410 [INFO] Activator:177 - !SESSION log4j initialized
2024-01-12 17:23:40,226 [INFO] LogOutputStream:77 - [STDOUT_REDIRECT] 
2024-01-12 17:23:46,155 [INFO] ApplicationProperties:184 - Using Application install path: C:\ST\STM32CubeIDE_1.14.0\STM32CubeIDE\plugins\com.st.stm32cube.common.mx_6.10.0.202311202037
2024-01-12 17:23:46,184 [INFO] DbMcusXml:78 - Set database path to: C:\ST\STM32CubeIDE_1.14.0\STM32CubeIDE\plugins\com.st.stm32cube.common.mx_6.10.0.202311202037\\db\/mcu/
2024-01-12 17:23:46,185 [INFO] ApiDb:274 - Set plugin database path to: C:\ST\STM32CubeIDE_1.14.0\STM32CubeIDE\plugins\com.st.stm32cube.common.mx_6.10.0.202311202037\\db\/plugins/boardmanager/
2024-01-12 17:23:46,186 [WARN] ApiDb:259 - Overriding images path with different value:  => C:\ST\STM32CubeIDE_1.14.0\STM32CubeIDE\plugins\com.st.stm32cube.common.mx_6.10.0.202311202037\\db\/plugins/mcufinder/images/
2024-01-12 17:23:46,200 [INFO] ApiDb:250 - Set database path to: C:\Users\sudh1\.stmcufinder\plugins\mcufinder//mcu/
2024-01-12 17:23:46,202 [INFO] DbMcusAds:125 - Set database path to: C:\Users\sudh1\.stmcufinder\plugins\mcufinder//mcu/
2024-01-12 17:23:46,205 [INFO] CrossReferenceDbSqlite:203 - Set database path to: C:\Users\sudh1\.stmcufinder\plugins\mcufinder//mcu/cs/
2024-01-12 17:23:46,398 [INFO] RulesReader:64 - Compatibility file has been processed (297 Rules)
2024-01-12 17:23:46,528 [INFO] DbMcusXml:78 - Set database path to: C:\ST\STM32CubeIDE_1.14.0\STM32CubeIDE\plugins\com.st.stm32cube.common.mx_6.10.0.202311202037\\db\/mcu/
2024-01-12 17:23:46,529 [INFO] ApiDb:274 - Set plugin database path to: C:\ST\STM32CubeIDE_1.14.0\STM32CubeIDE\plugins\com.st.stm32cube.common.mx_6.10.0.202311202037\\db\/plugins/boardmanager/
2024-01-12 17:23:46,529 [INFO] ApiDb:261 - Set plugin images path to: C:\ST\STM32CubeIDE_1.14.0\STM32CubeIDE\plugins\com.st.stm32cube.common.mx_6.10.0.202311202037\\db\/plugins/mcufinder/images/
2024-01-12 17:23:46,529 [WARN] DbFile:41 - Overriding database path with different value: C:\Users\sudh1\.stmcufinder\plugins\mcufinder/ => C:\Users\sudh1\.stmcufinder\plugins\mcufinder
2024-01-12 17:23:46,529 [INFO] ApiDb:250 - Set database path to: C:\Users\sudh1\.stmcufinder\plugins\mcufinder//mcu/
2024-01-12 17:23:46,530 [WARN] DbFile:41 - Overriding database path with different value: C:\Users\sudh1\.stmcufinder\plugins\mcufinder/ => C:\Users\sudh1\.stmcufinder\plugins\mcufinder
2024-01-12 17:23:46,530 [INFO] DbMcusAds:125 - Set database path to: C:\Users\sudh1\.stmcufinder\plugins\mcufinder//mcu/
2024-01-12 17:23:46,530 [WARN] DbFile:41 - Overriding database path with different value: C:\Users\sudh1\.stmcufinder\plugins\mcufinder/ => C:\Users\sudh1\.stmcufinder\plugins\mcufinder
2024-01-12 17:23:46,530 [WARN] DbFile:41 - Overriding database path with different value: C:\Users\sudh1\.stmcufinder\plugins\mcufinder/ => C:\Users\sudh1\.stmcufinder\plugins\mcufinder
2024-01-12 17:23:46,530 [INFO] CrossReferenceDbSqlite:203 - Set database path to: C:\Users\sudh1\.stmcufinder\plugins\mcufinder//mcu/cs/
2024-01-12 17:23:46,651 [INFO] MainPanel:264 - HeapMemory: 268435456
2024-01-12 17:23:46,817 [INFO] DbMcusXml:78 - Set database path to: C:\ST\STM32CubeIDE_1.14.0\STM32CubeIDE\plugins\com.st.stm32cube.common.mx_6.10.0.202311202037\\db\/mcu/
2024-01-12 17:23:46,817 [INFO] ApiDb:274 - Set plugin database path to: C:\ST\STM32CubeIDE_1.14.0\STM32CubeIDE\plugins\com.st.stm32cube.common.mx_6.10.0.202311202037\\db\/plugins/boardmanager/
2024-01-12 17:23:46,817 [INFO] ApiDb:261 - Set plugin images path to: C:\ST\STM32CubeIDE_1.14.0\STM32CubeIDE\plugins\com.st.stm32cube.common.mx_6.10.0.202311202037\\db\/plugins/mcufinder/images/
2024-01-12 17:23:46,818 [WARN] DbFile:41 - Overriding database path with different value: C:\Users\sudh1\.stmcufinder\plugins\mcufinder/ => C:\Users\sudh1\.stmcufinder\plugins\mcufinder
2024-01-12 17:23:46,818 [INFO] ApiDb:250 - Set database path to: C:\Users\sudh1\.stmcufinder\plugins\mcufinder//mcu/
2024-01-12 17:23:46,818 [WARN] DbFile:41 - Overriding database path with different value: C:\Users\sudh1\.stmcufinder\plugins\mcufinder/ => C:\Users\sudh1\.stmcufinder\plugins\mcufinder
2024-01-12 17:23:46,818 [INFO] DbMcusAds:125 - Set database path to: C:\Users\sudh1\.stmcufinder\plugins\mcufinder//mcu/
2024-01-12 17:23:46,819 [WARN] DbFile:41 - Overriding database path with different value: C:\Users\sudh1\.stmcufinder\plugins\mcufinder/ => C:\Users\sudh1\.stmcufinder\plugins\mcufinder
2024-01-12 17:23:46,819 [WARN] DbFile:41 - Overriding database path with different value: C:\Users\sudh1\.stmcufinder\plugins\mcufinder/ => C:\Users\sudh1\.stmcufinder\plugins\mcufinder
2024-01-12 17:23:46,819 [INFO] CrossReferenceDbSqlite:203 - Set database path to: C:\Users\sudh1\.stmcufinder\plugins\mcufinder//mcu/cs/
2024-01-12 17:23:46,848 [INFO] ApplicationProperties:184 - Using Application install path: C:\ST\STM32CubeIDE_1.14.0\STM32CubeIDE\plugins\com.st.stm32cube.common.mx_6.10.0.202311202037
2024-01-12 17:23:46,851 [INFO] PluginManage:196 - Search for loadable plugins [exclusion list=, ]
2024-01-12 17:23:46,854 [INFO] PluginManage:310 - Check plugin analytics
2024-01-12 17:23:47,127 [INFO] AnalyticsPlugin:253 - Accepted Software Licenses: 
2024-01-12 17:23:47,127 [INFO] AnalyticsPlugin:255 - Accepted CMSIS Pack Licenses: 
2024-01-12 17:23:47,127 [INFO] AnalyticsPlugin:257 - Accepted Firmware Licenses: 
2024-01-12 17:23:47,130 [INFO] PluginManage:359 - Loaded plugin analytics (category:tool,tabindex:-1)
2024-01-12 17:23:47,131 [INFO] PluginManage:310 - Check plugin cadmodel
2024-01-12 17:23:47,165 [INFO] CADModel:105 - Init CAD model plugin
2024-01-12 17:23:47,166 [INFO] PluginManage:359 - Loaded plugin cadmodel (category:power,tabindex:5)
2024-01-12 17:23:47,166 [INFO] PluginManage:310 - Check plugin clock
2024-01-12 17:23:47,213 [INFO] PluginManage:359 - Loaded plugin clock (category:base,tabindex:2)
2024-01-12 17:23:47,213 [INFO] PluginManage:310 - Check plugin ddr
2024-01-12 17:23:47,218 [INFO] PluginManage:359 - Loaded plugin ddr (category:tool,tabindex:6)
2024-01-12 17:23:47,218 [INFO] PluginManage:310 - Check plugin filemanager
2024-01-12 17:23:47,442 [INFO] PluginManage:359 - Loaded plugin filemanager (category:base,tabindex:10)
2024-01-12 17:23:47,442 [INFO] PluginManage:310 - Check plugin ipmanager
2024-01-12 17:23:47,454 [INFO] PluginManage:359 - Loaded plugin ipmanager (category:base,tabindex:5)
2024-01-12 17:23:47,455 [INFO] PluginManage:310 - Check plugin lpbam
2024-01-12 17:23:47,484 [INFO] PluginManage:359 - Loaded plugin lpbam (category:base,tabindex:0)
2024-01-12 17:23:47,484 [INFO] PluginManage:310 - Check plugin memorymap
2024-01-12 17:23:47,528 [INFO] PluginManage:359 - Loaded plugin memorymap (category:base,tabindex:4)
2024-01-12 17:23:47,529 [INFO] PluginManage:310 - Check plugin pinoutandconfiguration
2024-01-12 17:23:47,559 [INFO] PluginManage:359 - Loaded plugin pinoutandconfiguration (category:base,tabindex:1)
2024-01-12 17:23:47,559 [INFO] PluginManage:310 - Check plugin pinoutconfig
2024-01-12 17:23:47,714 [WARN] SupportedApi:132 - Cannot load RTOS API schema: s4s-elt-must-match.1: The content of 'definitions' must match (annotation?, (simpleType | complexType)?, (unique | key | keyref)*)). A problem was found starting at: attribute.
2024-01-12 17:23:47,919 [INFO] PluginManage:359 - Loaded plugin pinoutconfig (category:base,tabindex:0)
2024-01-12 17:23:47,920 [INFO] PluginManage:310 - Check plugin power
2024-01-12 17:23:47,953 [INFO] PluginManage:359 - Loaded plugin power (category:power,tabindex:4)
2024-01-12 17:23:47,953 [INFO] PluginManage:310 - Check plugin projectmanager
2024-01-12 17:23:47,978 [INFO] PluginManage:359 - Loaded plugin projectmanager (category:projectmanager,tabindex:3)
2024-01-12 17:23:47,978 [INFO] PluginManage:310 - Check plugin thirdparty
2024-01-12 17:23:48,412 [INFO] PluginManage:359 - Loaded plugin thirdparty (category:base,tabindex:-1)
2024-01-12 17:23:48,412 [WARN] IntegrityCheckThread:84 - waiting for thirdparty lock release [integrity check]
2024-01-12 17:23:48,412 [INFO] PluginManage:310 - Check plugin tools
2024-01-12 17:23:48,413 [INFO] IntegrityCheckThread:86 - entering critical section [integrity check]
2024-01-12 17:23:48,413 [INFO] ThirdPartyUpdaterWithRetryManager:70 - Updater plugin not ready yet. [1/15]
2024-01-12 17:23:48,474 [INFO] PluginManage:359 - Loaded plugin tools (category:base,tabindex:7)
2024-01-12 17:23:48,474 [INFO] PluginManage:310 - Check plugin tutovideos
2024-01-12 17:23:48,816 [INFO] PluginManage:359 - Loaded plugin tutovideos (category:base,tabindex:-1)
2024-01-12 17:23:48,816 [INFO] PluginManage:310 - Check plugin updater
2024-01-12 17:23:48,835 [INFO] PluginManage:359 - Loaded plugin updater (category:base,tabindex:12)
2024-01-12 17:23:48,835 [INFO] PluginManage:310 - Check plugin userauth
2024-01-12 17:23:48,846 [INFO] UserAuth:114 - Init User Auth plugin
2024-01-12 17:23:48,846 [INFO] PluginManage:359 - Loaded plugin userauth (category:base,tabindex:14)
2024-01-12 17:23:48,847 [INFO] PluginManage:283 - PluginManage : Loaded plugins [17]
2024-01-12 17:23:49,195 [INFO] PinOutPanel:1499 - setPackage(No Configuration,No Configuration)
2024-01-12 17:23:49,314 [INFO] CADModel:165 - CPN selected for project level
2024-01-12 17:23:49,315 [INFO] CADModel:114 - Register for checkConnection events
2024-01-12 17:23:49,363 [INFO] IPUIPlugin:80 - create IPUIPlugin
2024-01-12 17:23:49,363 [INFO] PluginManager:220 - loadIPPluginJar : add adc
2024-01-12 17:23:49,419 [INFO] IPUIPlugin:80 - create IPUIPlugin
2024-01-12 17:23:49,419 [INFO] PluginManager:220 - loadIPPluginJar : add aes
2024-01-12 17:23:49,490 [INFO] IPUIPlugin:80 - create IPUIPlugin
2024-01-12 17:23:49,491 [INFO] PluginManager:220 - loadIPPluginJar : add can
2024-01-12 17:23:49,542 [INFO] IPUIPlugin:80 - create IPUIPlugin
2024-01-12 17:23:49,542 [INFO] PluginManager:220 - loadIPPluginJar : add comp
2024-01-12 17:23:49,606 [INFO] IPUIPlugin:80 - create IPUIPlugin
2024-01-12 17:23:49,606 [INFO] PluginManager:220 - loadIPPluginJar : add cryp
2024-01-12 17:23:49,651 [INFO] IPUIPlugin:80 - create IPUIPlugin
2024-01-12 17:23:49,651 [INFO] PluginManager:220 - loadIPPluginJar : add dfsdm
2024-01-12 17:23:49,675 [INFO] IPUIPlugin:80 - create IPUIPlugin
2024-01-12 17:23:49,676 [INFO] PluginManager:220 - loadIPPluginJar : add dma
2024-01-12 17:23:49,750 [INFO] IPUIPlugin:80 - create IPUIPlugin
2024-01-12 17:23:49,751 [INFO] PluginManager:220 - loadIPPluginJar : add dma3
2024-01-12 17:23:49,789 [INFO] IPUIPlugin:80 - create IPUIPlugin
2024-01-12 17:23:49,789 [INFO] PluginManager:220 - loadIPPluginJar : add fatfs
2024-01-12 17:23:49,867 [INFO] IPUIPlugin:80 - create IPUIPlugin
2024-01-12 17:23:49,867 [INFO] PluginManager:220 - loadIPPluginJar : add fmc
2024-01-12 17:23:49,890 [INFO] IPUIPlugin:80 - create IPUIPlugin
2024-01-12 17:23:49,890 [INFO] PluginManager:220 - loadIPPluginJar : add freertos
2024-01-12 17:23:49,926 [INFO] IPUIPlugin:80 - create IPUIPlugin
2024-01-12 17:23:49,926 [INFO] PluginManager:220 - loadIPPluginJar : add genericplugin
2024-01-12 17:23:50,076 [INFO] IPUIPlugin:80 - create IPUIPlugin
2024-01-12 17:23:50,076 [INFO] PluginManager:220 - loadIPPluginJar : add gfxmmu
2024-01-12 17:23:50,298 [INFO] IPUIPlugin:80 - create IPUIPlugin
2024-01-12 17:23:50,298 [INFO] PluginManager:220 - loadIPPluginJar : add gic
2024-01-12 17:23:50,326 [INFO] IPUIPlugin:80 - create IPUIPlugin
2024-01-12 17:23:50,327 [INFO] PluginManager:220 - loadIPPluginJar : add gpio
2024-01-12 17:23:50,487 [INFO] IPUIPlugin:80 - create IPUIPlugin
2024-01-12 17:23:50,487 [INFO] PluginManager:220 - loadIPPluginJar : add gtzc
2024-01-12 17:23:50,533 [INFO] IPUIPlugin:80 - create IPUIPlugin
2024-01-12 17:23:50,533 [INFO] PluginManager:220 - loadIPPluginJar : add hash
2024-01-12 17:23:50,620 [INFO] IPUIPlugin:80 - create IPUIPlugin
2024-01-12 17:23:50,621 [INFO] PluginManager:220 - loadIPPluginJar : add i2c
2024-01-12 17:23:50,681 [INFO] IPUIPlugin:80 - create IPUIPlugin
2024-01-12 17:23:50,681 [INFO] PluginManager:220 - loadIPPluginJar : add i2s
2024-01-12 17:23:50,749 [INFO] IPUIPlugin:80 - create IPUIPlugin
2024-01-12 17:23:50,749 [INFO] PluginManager:220 - loadIPPluginJar : add i3c
2024-01-12 17:23:50,913 [INFO] IPUIPlugin:80 - create IPUIPlugin
2024-01-12 17:23:50,913 [INFO] PluginManager:220 - loadIPPluginJar : add ipddr
2024-01-12 17:23:51,065 [INFO] IPUIPlugin:80 - create IPUIPlugin
2024-01-12 17:23:51,065 [INFO] PluginManager:220 - loadIPPluginJar : add linkedlist
2024-01-12 17:23:51,119 [INFO] IPUIPlugin:80 - create IPUIPlugin
2024-01-12 17:23:51,119 [INFO] PluginManager:220 - loadIPPluginJar : add lorawan
2024-01-12 17:23:51,184 [INFO] IPUIPlugin:80 - create IPUIPlugin
2024-01-12 17:23:51,185 [INFO] PluginManager:220 - loadIPPluginJar : add ltdc
2024-01-12 17:23:51,219 [INFO] IPUIPlugin:80 - create IPUIPlugin
2024-01-12 17:23:51,219 [INFO] PluginManager:220 - loadIPPluginJar : add mdma
2024-01-12 17:23:51,246 [INFO] IPUIPlugin:80 - create IPUIPlugin
2024-01-12 17:23:51,246 [INFO] PluginManager:220 - loadIPPluginJar : add nvic
2024-01-12 17:23:51,310 [INFO] IPUIPlugin:80 - create IPUIPlugin
2024-01-12 17:23:51,310 [INFO] PluginManager:220 - loadIPPluginJar : add opamp
2024-01-12 17:23:51,405 [INFO] IPUIPlugin:80 - create IPUIPlugin
2024-01-12 17:23:51,406 [INFO] PluginManager:220 - loadIPPluginJar : add openamp
2024-01-12 17:23:51,414 [INFO] ThirdPartyUpdaterWithRetryManager:70 - Updater plugin not ready yet. [2/15]
2024-01-12 17:23:51,509 [INFO] IPUIPlugin:80 - create IPUIPlugin
2024-01-12 17:23:51,509 [INFO] PluginManager:220 - loadIPPluginJar : add pdm2pcm
2024-01-12 17:23:51,532 [INFO] IPUIPlugin:80 - create IPUIPlugin
2024-01-12 17:23:51,535 [INFO] PluginManager:220 - loadIPPluginJar : add plateformsettings
2024-01-12 17:23:51,567 [INFO] IPUIPlugin:80 - create IPUIPlugin
2024-01-12 17:23:51,567 [INFO] PluginManager:220 - loadIPPluginJar : add quadspi
2024-01-12 17:23:51,586 [INFO] IPUIPlugin:80 - create IPUIPlugin
2024-01-12 17:23:51,586 [INFO] PluginManager:220 - loadIPPluginJar : add resmgrutility
2024-01-12 17:23:51,657 [INFO] IPUIPlugin:80 - create IPUIPlugin
2024-01-12 17:23:51,658 [INFO] PluginManager:220 - loadIPPluginJar : add sai
2024-01-12 17:23:51,720 [INFO] IPUIPlugin:80 - create IPUIPlugin
2024-01-12 17:23:51,721 [INFO] PluginManager:220 - loadIPPluginJar : add spi
2024-01-12 17:23:51,875 [INFO] IPUIPlugin:80 - create IPUIPlugin
2024-01-12 17:23:51,875 [INFO] PluginManager:220 - loadIPPluginJar : add stm32_wpan
2024-01-12 17:23:51,908 [INFO] IPUIPlugin:80 - create IPUIPlugin
2024-01-12 17:23:51,909 [INFO] PluginManager:220 - loadIPPluginJar : add tim
2024-01-12 17:23:52,004 [INFO] IPUIPlugin:80 - create IPUIPlugin
2024-01-12 17:23:52,004 [INFO] PluginManager:220 - loadIPPluginJar : add touchsensing
2024-01-12 17:23:52,037 [INFO] IPUIPlugin:80 - create IPUIPlugin
2024-01-12 17:23:52,037 [INFO] PluginManager:220 - loadIPPluginJar : add tracer_emb
2024-01-12 17:23:52,082 [INFO] IPUIPlugin:80 - create IPUIPlugin
2024-01-12 17:23:52,082 [INFO] PluginManager:220 - loadIPPluginJar : add ts
2024-01-12 17:23:52,121 [INFO] IPUIPlugin:80 - create IPUIPlugin
2024-01-12 17:23:52,121 [INFO] PluginManager:220 - loadIPPluginJar : add tsc
2024-01-12 17:23:52,154 [INFO] IPUIPlugin:80 - create IPUIPlugin
2024-01-12 17:23:52,155 [INFO] PluginManager:220 - loadIPPluginJar : add ucpd
2024-01-12 17:23:52,222 [INFO] IPUIPlugin:80 - create IPUIPlugin
2024-01-12 17:23:52,222 [INFO] PluginManager:220 - loadIPPluginJar : add usart
2024-01-12 17:23:52,309 [INFO] IPUIPlugin:80 - create IPUIPlugin
2024-01-12 17:23:52,309 [INFO] PluginManager:220 - loadIPPluginJar : add usbx
2024-01-12 17:23:52,469 [INFO] CADModel:165 - CPN selected for project level
2024-01-12 17:23:52,469 [INFO] CADModel:114 - Register for checkConnection events
2024-01-12 17:23:52,469 [FATAL] Updater:308 - Updater called before beeing initialized
2024-01-12 17:23:52,469 [ERROR] CADModel:125 - Updater not yet initialized, retry later 
2024-01-12 17:23:52,679 [INFO] CADModel:165 - CPN selected for project level
2024-01-12 17:23:52,679 [INFO] CADModel:114 - Register for checkConnection events
2024-01-12 17:23:52,679 [FATAL] Updater:308 - Updater called before beeing initialized
2024-01-12 17:23:52,680 [ERROR] CADModel:125 - Updater not yet initialized, retry later 
2024-01-12 17:23:52,685 [FATAL] Updater:308 - Updater called before beeing initialized
2024-01-12 17:23:52,823 [FATAL] Updater:308 - Updater called before beeing initialized
2024-01-12 17:23:52,838 [INFO] DbMcusAds:53 - JSON generation date=Wed Nov 29 16:22:27 IST 2023 (1701255147349)
2024-01-12 17:23:52,839 [FATAL] Updater:308 - Updater called before beeing initialized
2024-01-12 17:23:52,984 [WARN] DetailPanel:346 - Failed to get advertising image, set to default
2024-01-12 17:23:53,121 [FATAL] Updater:308 - Updater called before beeing initialized
2024-01-12 17:23:53,124 [FATAL] Updater:308 - Updater called before beeing initialized
2024-01-12 17:23:53,125 [FATAL] Updater:308 - Updater called before beeing initialized
2024-01-12 17:23:53,125 [WARN] DetailPanel:346 - Failed to get advertising image, set to default
2024-01-12 17:23:53,126 [FATAL] Updater:308 - Updater called before beeing initialized
2024-01-12 17:23:53,220 [ERROR] Updater:1120 - MainUpdater not yet initialized. External WinMGr cannot be set.
2024-01-12 17:23:53,235 [INFO] Updater:1056 - Updater Version found : 6.10.0
2024-01-12 17:23:53,266 [INFO] ApplicationProperties:184 - Using Application install path: C:\ST\STM32CubeIDE_1.14.0\STM32CubeIDE\plugins\com.st.stm32cube.common.mx_6.10.0.202311202037
2024-01-12 17:23:54,415 [INFO] ThirdPartyUpdaterWithRetryManager:70 - Updater plugin not ready yet. [3/15]
2024-01-12 17:23:54,856 [ERROR] LogOutputStream:75 - [STDERR_REDIRECT] Jan 12, 2024 5:23:54 PM java.util.prefs.WindowsPreferences <init>
2024-01-12 17:23:54,858 [ERROR] LogOutputStream:75 - [STDERR_REDIRECT] WARNING: Could not open/create prefs root node Software\JavaSoft\Prefs at root 0xffffffff80000002. Windows RegCreateKeyEx(...) returned error code 5.
2024-01-12 17:23:54,858 [ERROR] LogOutputStream:75 - [STDERR_REDIRECT] 
2024-01-12 17:23:56,180 [INFO] MainUpdater:2873 - connection check result : 10
2024-01-12 17:23:56,181 [INFO] MainUpdater:290 - Updater Check For Update Now.
2024-01-12 17:23:56,182 [INFO] MicroXplorer:498 - Change Database Version : DB.6.0.100
2024-01-12 17:23:56,206 [INFO] McuFinderGlobals:63 - Set McuFinder mode to 2 (CubeIDE integrated)
2024-01-12 17:23:56,206 [INFO] UserAuth:180 - activating auth plugin
2024-01-12 17:23:56,210 [INFO] UserAuth:404 - Internet connection configuration mode: 1
2024-01-12 17:23:56,272 [INFO] JxBrowserEngine:152 - Initiate JxBrowser Engine with user profile folder
2024-01-12 17:23:56,417 [INFO] CheckServerUpdateThread:120 - End of CheckServer Thread
2024-01-12 17:23:57,676 [WARN] PackLoader:240 - Cannot read IP mode file for STMicroelectronics.X-CUBE-SMBUS.2.1.0
2024-01-12 17:23:57,700 [WARN] PackLoader:240 - Cannot read IP mode file for STMicroelectronics.X-CUBE-TOUCHGFX.4.23.0
2024-01-12 17:23:57,766 [WARN] PackLoader:240 - Cannot read IP mode file for STMicroelectronics.X-CUBE-AZRTOS-F7.1.1.0
2024-01-12 17:23:57,794 [WARN] PackLoader:240 - Cannot read IP mode file for STMicroelectronics.FP-SNS-MOTENV1.4.3.2
2024-01-12 17:23:57,828 [WARN] PackLoader:240 - Cannot read IP mode file for STMicroelectronics.X-CUBE-BLE1.6.2.4
2024-01-12 17:23:57,865 [WARN] PackLoader:240 - Cannot read IP mode file for STMicroelectronics.FP-SNS-FLIGHT1.5.0.2
2024-01-12 17:23:57,891 [WARN] PackLoader:240 - Cannot read IP mode file for STMicroelectronics.X-CUBE-DISPLAY.3.0.0
2024-01-12 17:23:57,919 [WARN] PackLoader:240 - Cannot read IP mode file for STMicroelectronics.X-CUBE-BLE1.7.0.0
2024-01-12 17:23:57,945 [WARN] PackLoader:240 - Cannot read IP mode file for STMicroelectronics.FP-SNS-SMARTAG2.1.2.0
2024-01-12 17:23:57,984 [INFO] LogOutputStream:77 - [STDOUT_REDIRECT] 1 : Invalid condition id : UX_CORESTACK_Condition cause : null
2024-01-12 17:23:57,985 [INFO] LogOutputStream:77 - [STDOUT_REDIRECT] 1 : Invalid condition id : UX_CORESTACK_Condition cause : null
2024-01-12 17:23:57,986 [INFO] LogOutputStream:77 - [STDOUT_REDIRECT] 1 : Invalid condition id : UX_CORESTACK_Condition cause : null
2024-01-12 17:23:57,988 [INFO] LogOutputStream:77 - [STDOUT_REDIRECT] 1 : Invalid condition id : UX_CORESTACK_Condition cause : null
2024-01-12 17:23:57,992 [INFO] LogOutputStream:77 - [STDOUT_REDIRECT] 1 : Invalid condition id : UX_CORESTACK_Condition cause : null
2024-01-12 17:23:57,999 [WARN] PackLoader:240 - Cannot read IP mode file for STMicroelectronics.X-CUBE-AZRTOS-WL.2.0.0
2024-01-12 17:23:58,025 [WARN] PackLoader:240 - Cannot read IP mode file for WES.I-CUBE-Cesium.1.3.0
2024-01-12 17:23:58,067 [WARN] PackLoader:240 - Cannot read IP mode file for STMicroelectronics.X-CUBE-BLE2.3.3.0
2024-01-12 17:23:58,110 [WARN] PackLoader:240 - Cannot read IP mode file for STMicroelectronics.X-CUBE-TOF1.3.2.0
2024-01-12 17:23:58,138 [WARN] PackLoader:240 - Cannot read IP mode file for STMicroelectronics.X-CUBE-TOUCHGFX.4.21.1
2024-01-12 17:23:58,162 [WARN] PackLoader:240 - Cannot read IP mode file for STMicroelectronics.X-CUBE-ALGOBUILD.1.3.0
2024-01-12 17:23:58,205 [WARN] PackLoader:240 - Cannot read IP mode file for STMicroelectronics.X-CUBE-AZRTOS-G0.1.1.0
2024-01-12 17:23:58,228 [WARN] PackLoader:240 - Cannot read IP mode file for STMicroelectronics.X-CUBE-NFC4.3.0.0
2024-01-12 17:23:58,274 [WARN] PackLoader:240 - Cannot read IP mode file for STMicroelectronics.X-CUBE-BLEMGR.3.0.0
2024-01-12 17:23:58,307 [WARN] PackLoader:240 - Cannot read IP mode file for STMicroelectronics.X-CUBE-BLEMGR.1.3.0
2024-01-12 17:23:58,354 [WARN] PackLoader:240 - Cannot read IP mode file for STMicroelectronics.FP-ATR-SIGFOX1.3.2.0
2024-01-12 17:23:58,429 [WARN] PackLoader:240 - Cannot read IP mode file for STMicroelectronics.X-CUBE-MEMS1.9.5.0
2024-01-12 17:23:58,677 [WARN] PackLoader:240 - Cannot read IP mode file for SEGGER.I-CUBE-embOS.1.3.1
2024-01-12 17:23:58,738 [WARN] PackLoader:240 - Cannot read IP mode file for STMicroelectronics.X-CUBE-GNSS1.6.0.0
2024-01-12 17:23:58,778 [WARN] PackLoader:240 - Cannot read IP mode file for STMicroelectronics.X-CUBE-AZRTOS-F4.1.1.0
2024-01-12 17:23:58,828 [WARN] PackLoader:240 - Cannot read IP mode file for STMicroelectronics.X-CUBE-AZRTOS-L5.2.0.0
2024-01-12 17:23:58,852 [WARN] PackLoader:240 - Cannot read IP mode file for STMicroelectronics.X-CUBE-EEPRMA1.4.2.0
2024-01-12 17:23:58,872 [WARN] PackLoader:240 - Cannot read IP mode file for ITTIA_DB.I-CUBE-ITTIADB.8.8.0
2024-01-12 17:23:58,897 [WARN] PackLoader:240 - Cannot read IP mode file for emotas.I-CUBE-CANOPEN.1.1.3
2024-01-12 17:23:58,921 [WARN] PackLoader:240 - Cannot read IP mode file for STMicroelectronics.X-CUBE-BLEMGR.2.0.0
2024-01-12 17:23:58,941 [WARN] PackLoader:240 - Cannot read IP mode file for wolfSSL.I-CUBE-wolfSSL.5.5.4
2024-01-12 17:23:58,967 [WARN] PackLoader:240 - Cannot read IP mode file for STMicroelectronics.X-CUBE-NFC7.1.0.1
2024-01-12 17:23:59,011 [WARN] PackLoader:240 - Cannot read IP mode file for STMicroelectronics.X-CUBE-NFC7.1.0.0
2024-01-12 17:23:59,100 [WARN] PackLoader:240 - Cannot read IP mode file for STMicroelectronics.X-CUBE-NFC6.3.0.0
2024-01-12 17:23:59,146 [WARN] PackLoader:240 - Cannot read IP mode file for STMicroelectronics.X-CUBE-EEPRMA1.4.1.0
2024-01-12 17:23:59,172 [WARN] PackLoader:240 - Cannot read IP mode file for STMicroelectronics.X-CUBE-AI.8.1.0
2024-01-12 17:23:59,214 [WARN] ConditionMgr:438 - getConditionDescription Invalid condition id : LAN8742 Phy interface Condition cause : null
2024-01-12 17:23:59,215 [WARN] PackLoader:240 - Cannot read IP mode file for STMicroelectronics.X-CUBE-AZRTOS-L4.2.0.0
2024-01-12 17:23:59,217 [WARN] ConditionMgr:1039 - genDependencies : Invalid condition id : LAN8742 Phy interface Condition cause : null
2024-01-12 17:23:59,217 [WARN] ConditionMgr:1039 - genDependencies : Invalid condition id : LAN8742 Phy interface Condition cause : null
2024-01-12 17:23:59,218 [WARN] ConditionMgr:1039 - genDependencies : Invalid condition id : LAN8742 Phy interface Condition cause : null
2024-01-12 17:23:59,238 [WARN] PackLoader:240 - Cannot read IP mode file for STMicroelectronics.X-CUBE-SFXS2LP1.4.0.0
2024-01-12 17:23:59,283 [WARN] PackLoader:240 - Cannot read IP mode file for STMicroelectronics.X-CUBE-AZRTOS-H7.3.0.0
2024-01-12 17:23:59,302 [WARN] PackLoader:240 - Cannot read IP mode file for STMicroelectronics.X-CUBE-ISPU.1.1.0
2024-01-12 17:23:59,324 [WARN] PackLoader:240 - Cannot read IP mode file for RoweBots.I-CUBE-UNISONRTOS.5.5.0-4
2024-01-12 17:23:59,425 [WARN] PackLoader:240 - Cannot read IP mode file for STMicroelectronics.X-CUBE-AI.8.0.0
2024-01-12 17:23:59,455 [WARN] ConditionMgr:438 - getConditionDescription Invalid condition id : UX DEVICE CLASS RTOS Condition cause : null
2024-01-12 17:23:59,456 [WARN] ConditionMgr:438 - getConditionDescription Invalid condition id : UX DEVICE CLASS RTOS Condition cause : null
2024-01-12 17:23:59,458 [WARN] PackLoader:240 - Cannot read IP mode file for STMicroelectronics.X-CUBE-AZRTOS-WB.2.0.0
2024-01-12 17:23:59,459 [WARN] ConditionMgr:1039 - genDependencies : Invalid condition id : UX DEVICE CLASS RTOS Condition cause : null
2024-01-12 17:23:59,459 [WARN] ConditionMgr:1039 - genDependencies : Invalid condition id : UX DEVICE CLASS RTOS Condition cause : null
2024-01-12 17:23:59,459 [WARN] ConditionMgr:1039 - genDependencies : Invalid condition id : UX DEVICE CLASS RTOS Condition cause : null
2024-01-12 17:23:59,460 [WARN] ConditionMgr:1039 - genDependencies : Invalid condition id : UX DEVICE CLASS RTOS Condition cause : null
2024-01-12 17:23:59,460 [WARN] ConditionMgr:1039 - genDependencies : Invalid condition id : UX DEVICE CLASS RTOS Condition cause : null
2024-01-12 17:23:59,477 [WARN] PackLoader:240 - Cannot read IP mode file for STMicroelectronics.X-CUBE-FREERTOS.1.0.0
2024-01-12 17:23:59,527 [WARN] PackLoader:240 - Cannot read IP mode file for STMicroelectronics.X-CUBE-AZRTOS-L5.1.1.0
2024-01-12 17:23:59,585 [WARN] PackLoader:240 - Cannot read IP mode file for STMicroelectronics.X-CUBE-SUBG2.5.0.0
2024-01-12 17:23:59,694 [WARN] PackLoader:240 - Cannot read IP mode file for STMicroelectronics.X-CUBE-AZRTOS-G4.2.0.0
2024-01-12 17:23:59,718 [WARN] PackLoader:240 - Cannot read IP mode file for STMicroelectronics.FP-ATR-ASTRA1.1.1.1
2024-01-12 17:23:59,750 [WARN] PackLoader:240 - Cannot read IP mode file for Infineon.AIROC-Wi-Fi-Bluetooth-STM32.1.5.1
2024-01-12 17:23:59,767 [WARN] PackLoader:240 - Cannot read IP mode file for STMicroelectronics.FP-SNS-MOTENVWB1.1.3.1
2024-01-12 17:23:59,797 [WARN] PackLoader:240 - Cannot read IP mode file for STMicroelectronics.X-CUBE-AZRTOS-G4.1.0.0
2024-01-12 17:23:59,831 [WARN] PackLoader:240 - Cannot read IP mode file for STMicroelectronics.X-CUBE-AZRTOS-L4.1.0.0
2024-01-12 17:23:59,855 [WARN] PackLoader:240 - Cannot read IP mode file for STMicroelectronics.X-CUBE-ISPU.2.0.0
2024-01-12 17:23:59,922 [WARN] PackLoader:240 - Cannot read IP mode file for STMicroelectronics.X-CUBE-MEMS1.10.0.0
2024-01-12 17:24:00,077 [WARN] PackLoader:240 - Cannot read IP mode file for STMicroelectronics.X-CUBE-FREERTOS.1.1.0
2024-01-12 17:24:00,105 [WARN] PackLoader:240 - Cannot read IP mode file for STMicroelectronics.X-CUBE-AZRTOS-WL.1.0.0
2024-01-12 17:24:00,125 [WARN] PackLoader:240 - Cannot read IP mode file for portGmbH.I-Cube-SoM-uGOAL.1.1.0
2024-01-12 17:24:00,142 [WARN] PackLoader:240 - Cannot read IP mode file for STMicroelectronics.X-CUBE-ALS.1.0.1
2024-01-12 17:24:00,282 [WARN] PackLoader:240 - Cannot read IP mode file for STMicroelectronics.X-CUBE-AZRTOS-WB.1.1.0
2024-01-12 17:24:00,302 [WARN] PackLoader:240 - Cannot read IP mode file for STMicroelectronics.FP-ATR-ASTRA1.2.0.0
2024-01-12 17:24:00,346 [WARN] PackLoader:240 - Cannot read IP mode file for STMicroelectronics.X-CUBE-TOF1.3.4.0
2024-01-12 17:24:00,400 [WARN] PackLoader:240 - Cannot read IP mode file for STMicroelectronics.X-CUBE-AZRTOS-H7.3.2.0
2024-01-12 17:24:00,403 [INFO] ThirdParty:978 - Integrity check success = true
2024-01-12 17:24:00,404 [INFO] IntegrityCheckThread:100 - exiting critical section [integrity check]
2024-01-12 17:24:00,404 [INFO] IntegrityCheckThread:103 - End integrity checks thread
2024-01-12 17:24:01,711 [INFO] WebApp:161 - Instantiating new browser for Auth
2024-01-12 17:24:02,561 [INFO] WebApp:780 - Register for checkConnection events
2024-01-12 17:24:02,561 [INFO] WebApp:414 - Apply proxy settings
2024-01-12 17:24:02,561 [INFO] WebApp:499 - Chromium requires no authentication
2024-01-12 17:24:02,571 [INFO] WebApp:442 - Direct internet connection detected
2024-01-12 17:24:02,788 [INFO] WebApp:192 - Starting web application
2024-01-12 17:24:02,788 [INFO] WebApp:544 - Web application path used C:\ST\STM32CubeIDE_1.14.0\STM32CubeIDE\plugins\com.st.stm32cube.common.mx_6.10.0.202311202037\db\plugins\mcufinder\reactClient1\index.html
2024-01-12 17:24:24,027 [ERROR] LogOutputStream:75 - [STDERR_REDIRECT] SLF4J: Failed to load class "org.slf4j.impl.StaticLoggerBinder".
2024-01-12 17:24:24,029 [ERROR] LogOutputStream:75 - [STDERR_REDIRECT] SLF4J: Defaulting to no-operation (NOP) logger implementation
2024-01-12 17:24:24,031 [ERROR] LogOutputStream:75 - [STDERR_REDIRECT] SLF4J: See http://www.slf4j.org/codes.html#StaticLoggerBinder for further details.
2024-01-12 18:24:34,239 [ERROR] LogOutputStream:75 - [STDERR_REDIRECT] 
