2024-01-08 18:39:47,710 [INFO] Activator:176 - 


2024-01-08 18:39:47,719 [INFO] Activator:177 - !SESSION log4j initialized
2024-01-08 18:39:53,631 [INFO] LogOutputStream:77 - [STDOUT_REDIRECT] 
2024-01-08 18:39:57,810 [INFO] ApplicationProperties:184 - Using Application install path: C:\ST\STM32CubeIDE_1.14.0\STM32CubeIDE\plugins\com.st.stm32cube.common.mx_6.10.0.202311202037
2024-01-08 18:39:57,831 [INFO] DbMcusXml:78 - Set database path to: C:\ST\STM32CubeIDE_1.14.0\STM32CubeIDE\plugins\com.st.stm32cube.common.mx_6.10.0.202311202037\\db\/mcu/
2024-01-08 18:39:57,831 [INFO] ApiDb:274 - Set plugin database path to: C:\ST\STM32CubeIDE_1.14.0\STM32CubeIDE\plugins\com.st.stm32cube.common.mx_6.10.0.202311202037\\db\/plugins/boardmanager/
2024-01-08 18:39:57,831 [WARN] ApiDb:259 - Overriding images path with different value:  => C:\ST\STM32CubeIDE_1.14.0\STM32CubeIDE\plugins\com.st.stm32cube.common.mx_6.10.0.202311202037\\db\/plugins/mcufinder/images/
2024-01-08 18:39:57,843 [INFO] ApiDb:250 - Set database path to: C:\Users\sudh1\.stmcufinder\plugins\mcufinder//mcu/
2024-01-08 18:39:57,844 [INFO] DbMcusAds:125 - Set database path to: C:\Users\sudh1\.stmcufinder\plugins\mcufinder//mcu/
2024-01-08 18:39:57,846 [INFO] CrossReferenceDbSqlite:203 - Set database path to: C:\Users\sudh1\.stmcufinder\plugins\mcufinder//mcu/cs/
2024-01-08 18:39:57,996 [INFO] RulesReader:64 - Compatibility file has been processed (297 Rules)
2024-01-08 18:39:58,091 [INFO] DbMcusXml:78 - Set database path to: C:\ST\STM32CubeIDE_1.14.0\STM32CubeIDE\plugins\com.st.stm32cube.common.mx_6.10.0.202311202037\\db\/mcu/
2024-01-08 18:39:58,091 [INFO] ApiDb:274 - Set plugin database path to: C:\ST\STM32CubeIDE_1.14.0\STM32CubeIDE\plugins\com.st.stm32cube.common.mx_6.10.0.202311202037\\db\/plugins/boardmanager/
2024-01-08 18:39:58,091 [INFO] ApiDb:261 - Set plugin images path to: C:\ST\STM32CubeIDE_1.14.0\STM32CubeIDE\plugins\com.st.stm32cube.common.mx_6.10.0.202311202037\\db\/plugins/mcufinder/images/
2024-01-08 18:39:58,092 [WARN] DbFile:41 - Overriding database path with different value: C:\Users\sudh1\.stmcufinder\plugins\mcufinder/ => C:\Users\sudh1\.stmcufinder\plugins\mcufinder
2024-01-08 18:39:58,092 [INFO] ApiDb:250 - Set database path to: C:\Users\sudh1\.stmcufinder\plugins\mcufinder//mcu/
2024-01-08 18:39:58,092 [WARN] DbFile:41 - Overriding database path with different value: C:\Users\sudh1\.stmcufinder\plugins\mcufinder/ => C:\Users\sudh1\.stmcufinder\plugins\mcufinder
2024-01-08 18:39:58,092 [INFO] DbMcusAds:125 - Set database path to: C:\Users\sudh1\.stmcufinder\plugins\mcufinder//mcu/
2024-01-08 18:39:58,092 [WARN] DbFile:41 - Overriding database path with different value: C:\Users\sudh1\.stmcufinder\plugins\mcufinder/ => C:\Users\sudh1\.stmcufinder\plugins\mcufinder
2024-01-08 18:39:58,092 [WARN] DbFile:41 - Overriding database path with different value: C:\Users\sudh1\.stmcufinder\plugins\mcufinder/ => C:\Users\sudh1\.stmcufinder\plugins\mcufinder
2024-01-08 18:39:58,092 [INFO] CrossReferenceDbSqlite:203 - Set database path to: C:\Users\sudh1\.stmcufinder\plugins\mcufinder//mcu/cs/
2024-01-08 18:39:58,184 [INFO] MainPanel:264 - HeapMemory: 268435456
2024-01-08 18:39:58,285 [INFO] DbMcusXml:78 - Set database path to: C:\ST\STM32CubeIDE_1.14.0\STM32CubeIDE\plugins\com.st.stm32cube.common.mx_6.10.0.202311202037\\db\/mcu/
2024-01-08 18:39:58,285 [INFO] ApiDb:274 - Set plugin database path to: C:\ST\STM32CubeIDE_1.14.0\STM32CubeIDE\plugins\com.st.stm32cube.common.mx_6.10.0.202311202037\\db\/plugins/boardmanager/
2024-01-08 18:39:58,285 [INFO] ApiDb:261 - Set plugin images path to: C:\ST\STM32CubeIDE_1.14.0\STM32CubeIDE\plugins\com.st.stm32cube.common.mx_6.10.0.202311202037\\db\/plugins/mcufinder/images/
2024-01-08 18:39:58,285 [WARN] DbFile:41 - Overriding database path with different value: C:\Users\sudh1\.stmcufinder\plugins\mcufinder/ => C:\Users\sudh1\.stmcufinder\plugins\mcufinder
2024-01-08 18:39:58,285 [INFO] ApiDb:250 - Set database path to: C:\Users\sudh1\.stmcufinder\plugins\mcufinder//mcu/
2024-01-08 18:39:58,285 [WARN] DbFile:41 - Overriding database path with different value: C:\Users\sudh1\.stmcufinder\plugins\mcufinder/ => C:\Users\sudh1\.stmcufinder\plugins\mcufinder
2024-01-08 18:39:58,285 [INFO] DbMcusAds:125 - Set database path to: C:\Users\sudh1\.stmcufinder\plugins\mcufinder//mcu/
2024-01-08 18:39:58,286 [WARN] DbFile:41 - Overriding database path with different value: C:\Users\sudh1\.stmcufinder\plugins\mcufinder/ => C:\Users\sudh1\.stmcufinder\plugins\mcufinder
2024-01-08 18:39:58,286 [WARN] DbFile:41 - Overriding database path with different value: C:\Users\sudh1\.stmcufinder\plugins\mcufinder/ => C:\Users\sudh1\.stmcufinder\plugins\mcufinder
2024-01-08 18:39:58,286 [INFO] CrossReferenceDbSqlite:203 - Set database path to: C:\Users\sudh1\.stmcufinder\plugins\mcufinder//mcu/cs/
2024-01-08 18:39:58,304 [INFO] ApplicationProperties:184 - Using Application install path: C:\ST\STM32CubeIDE_1.14.0\STM32CubeIDE\plugins\com.st.stm32cube.common.mx_6.10.0.202311202037
2024-01-08 18:39:58,306 [INFO] PluginManage:196 - Search for loadable plugins [exclusion list=, ]
2024-01-08 18:39:58,308 [INFO] PluginManage:310 - Check plugin analytics
2024-01-08 18:39:58,493 [INFO] AnalyticsPlugin:253 - Accepted Software Licenses: 
2024-01-08 18:39:58,493 [INFO] AnalyticsPlugin:255 - Accepted CMSIS Pack Licenses: 
2024-01-08 18:39:58,495 [INFO] AnalyticsPlugin:257 - Accepted Firmware Licenses: 
2024-01-08 18:39:58,497 [INFO] PluginManage:359 - Loaded plugin analytics (category:tool,tabindex:-1)
2024-01-08 18:39:58,498 [INFO] PluginManage:310 - Check plugin cadmodel
2024-01-08 18:39:58,523 [INFO] CADModel:105 - Init CAD model plugin
2024-01-08 18:39:58,523 [INFO] PluginManage:359 - Loaded plugin cadmodel (category:power,tabindex:5)
2024-01-08 18:39:58,523 [INFO] PluginManage:310 - Check plugin clock
2024-01-08 18:39:58,562 [INFO] PluginManage:359 - Loaded plugin clock (category:base,tabindex:2)
2024-01-08 18:39:58,562 [INFO] PluginManage:310 - Check plugin ddr
2024-01-08 18:39:58,569 [INFO] PluginManage:359 - Loaded plugin ddr (category:tool,tabindex:6)
2024-01-08 18:39:58,569 [INFO] PluginManage:310 - Check plugin filemanager
2024-01-08 18:39:58,974 [INFO] PluginManage:359 - Loaded plugin filemanager (category:base,tabindex:10)
2024-01-08 18:39:58,976 [INFO] PluginManage:310 - Check plugin ipmanager
2024-01-08 18:39:58,997 [INFO] PluginManage:359 - Loaded plugin ipmanager (category:base,tabindex:5)
2024-01-08 18:39:58,997 [INFO] PluginManage:310 - Check plugin lpbam
2024-01-08 18:39:59,038 [INFO] PluginManage:359 - Loaded plugin lpbam (category:base,tabindex:0)
2024-01-08 18:39:59,040 [INFO] PluginManage:310 - Check plugin memorymap
2024-01-08 18:39:59,103 [INFO] PluginManage:359 - Loaded plugin memorymap (category:base,tabindex:4)
2024-01-08 18:39:59,103 [INFO] PluginManage:310 - Check plugin pinoutandconfiguration
2024-01-08 18:39:59,136 [INFO] PluginManage:359 - Loaded plugin pinoutandconfiguration (category:base,tabindex:1)
2024-01-08 18:39:59,140 [INFO] PluginManage:310 - Check plugin pinoutconfig
2024-01-08 18:39:59,404 [WARN] SupportedApi:132 - Cannot load RTOS API schema: s4s-elt-must-match.1: The content of 'definitions' must match (annotation?, (simpleType | complexType)?, (unique | key | keyref)*)). A problem was found starting at: attribute.
2024-01-08 18:39:59,856 [INFO] PluginManage:359 - Loaded plugin pinoutconfig (category:base,tabindex:0)
2024-01-08 18:39:59,860 [INFO] PluginManage:310 - Check plugin power
2024-01-08 18:39:59,905 [INFO] PluginManage:359 - Loaded plugin power (category:power,tabindex:4)
2024-01-08 18:39:59,905 [INFO] PluginManage:310 - Check plugin projectmanager
2024-01-08 18:39:59,951 [INFO] PluginManage:359 - Loaded plugin projectmanager (category:projectmanager,tabindex:3)
2024-01-08 18:39:59,951 [INFO] PluginManage:310 - Check plugin thirdparty
2024-01-08 18:40:00,527 [INFO] PluginManage:359 - Loaded plugin thirdparty (category:base,tabindex:-1)
2024-01-08 18:40:00,527 [WARN] IntegrityCheckThread:84 - waiting for thirdparty lock release [integrity check]
2024-01-08 18:40:00,527 [INFO] PluginManage:310 - Check plugin tools
2024-01-08 18:40:00,527 [INFO] IntegrityCheckThread:86 - entering critical section [integrity check]
2024-01-08 18:40:00,529 [INFO] ThirdPartyUpdaterWithRetryManager:70 - Updater plugin not ready yet. [1/15]
2024-01-08 18:40:00,616 [INFO] PluginManage:359 - Loaded plugin tools (category:base,tabindex:7)
2024-01-08 18:40:00,618 [INFO] PluginManage:310 - Check plugin tutovideos
2024-01-08 18:40:01,168 [INFO] PluginManage:359 - Loaded plugin tutovideos (category:base,tabindex:-1)
2024-01-08 18:40:01,171 [INFO] PluginManage:310 - Check plugin updater
2024-01-08 18:40:01,198 [INFO] PluginManage:359 - Loaded plugin updater (category:base,tabindex:12)
2024-01-08 18:40:01,202 [INFO] PluginManage:310 - Check plugin userauth
2024-01-08 18:40:01,218 [INFO] UserAuth:114 - Init User Auth plugin
2024-01-08 18:40:01,218 [INFO] PluginManage:359 - Loaded plugin userauth (category:base,tabindex:14)
2024-01-08 18:40:01,218 [INFO] PluginManage:283 - PluginManage : Loaded plugins [17]
2024-01-08 18:40:01,909 [INFO] PinOutPanel:1499 - setPackage(No Configuration,No Configuration)
2024-01-08 18:40:02,114 [INFO] CADModel:165 - CPN selected for project level
2024-01-08 18:40:02,114 [INFO] CADModel:114 - Register for checkConnection events
2024-01-08 18:40:02,184 [INFO] IPUIPlugin:80 - create IPUIPlugin
2024-01-08 18:40:02,185 [INFO] PluginManager:220 - loadIPPluginJar : add adc
2024-01-08 18:40:02,306 [INFO] IPUIPlugin:80 - create IPUIPlugin
2024-01-08 18:40:02,306 [INFO] PluginManager:220 - loadIPPluginJar : add aes
2024-01-08 18:40:02,434 [INFO] IPUIPlugin:80 - create IPUIPlugin
2024-01-08 18:40:02,436 [INFO] PluginManager:220 - loadIPPluginJar : add can
2024-01-08 18:40:02,549 [INFO] IPUIPlugin:80 - create IPUIPlugin
2024-01-08 18:40:02,549 [INFO] PluginManager:220 - loadIPPluginJar : add comp
2024-01-08 18:40:02,663 [INFO] IPUIPlugin:80 - create IPUIPlugin
2024-01-08 18:40:02,663 [INFO] PluginManager:220 - loadIPPluginJar : add cryp
2024-01-08 18:40:02,770 [INFO] IPUIPlugin:80 - create IPUIPlugin
2024-01-08 18:40:02,770 [INFO] PluginManager:220 - loadIPPluginJar : add dfsdm
2024-01-08 18:40:02,813 [INFO] IPUIPlugin:80 - create IPUIPlugin
2024-01-08 18:40:02,813 [INFO] PluginManager:220 - loadIPPluginJar : add dma
2024-01-08 18:40:02,973 [INFO] IPUIPlugin:80 - create IPUIPlugin
2024-01-08 18:40:02,973 [INFO] PluginManager:220 - loadIPPluginJar : add dma3
2024-01-08 18:40:03,042 [INFO] IPUIPlugin:80 - create IPUIPlugin
2024-01-08 18:40:03,046 [INFO] PluginManager:220 - loadIPPluginJar : add fatfs
2024-01-08 18:40:03,208 [INFO] IPUIPlugin:80 - create IPUIPlugin
2024-01-08 18:40:03,208 [INFO] PluginManager:220 - loadIPPluginJar : add fmc
2024-01-08 18:40:03,258 [INFO] IPUIPlugin:80 - create IPUIPlugin
2024-01-08 18:40:03,262 [INFO] PluginManager:220 - loadIPPluginJar : add freertos
2024-01-08 18:40:03,311 [INFO] IPUIPlugin:80 - create IPUIPlugin
2024-01-08 18:40:03,311 [INFO] PluginManager:220 - loadIPPluginJar : add genericplugin
2024-01-08 18:40:03,533 [INFO] ThirdPartyUpdaterWithRetryManager:70 - Updater plugin not ready yet. [2/15]
2024-01-08 18:40:03,590 [INFO] IPUIPlugin:80 - create IPUIPlugin
2024-01-08 18:40:03,590 [INFO] PluginManager:220 - loadIPPluginJar : add gfxmmu
2024-01-08 18:40:03,967 [INFO] IPUIPlugin:80 - create IPUIPlugin
2024-01-08 18:40:03,967 [INFO] PluginManager:220 - loadIPPluginJar : add gic
2024-01-08 18:40:04,042 [INFO] IPUIPlugin:80 - create IPUIPlugin
2024-01-08 18:40:04,043 [INFO] PluginManager:220 - loadIPPluginJar : add gpio
2024-01-08 18:40:04,319 [INFO] IPUIPlugin:80 - create IPUIPlugin
2024-01-08 18:40:04,319 [INFO] PluginManager:220 - loadIPPluginJar : add gtzc
2024-01-08 18:40:04,443 [INFO] IPUIPlugin:80 - create IPUIPlugin
2024-01-08 18:40:04,443 [INFO] PluginManager:220 - loadIPPluginJar : add hash
2024-01-08 18:40:04,601 [INFO] IPUIPlugin:80 - create IPUIPlugin
2024-01-08 18:40:04,601 [INFO] PluginManager:220 - loadIPPluginJar : add i2c
2024-01-08 18:40:04,753 [INFO] IPUIPlugin:80 - create IPUIPlugin
2024-01-08 18:40:04,755 [INFO] PluginManager:220 - loadIPPluginJar : add i2s
2024-01-08 18:40:04,872 [INFO] IPUIPlugin:80 - create IPUIPlugin
2024-01-08 18:40:04,872 [INFO] PluginManager:220 - loadIPPluginJar : add i3c
2024-01-08 18:40:05,259 [INFO] IPUIPlugin:80 - create IPUIPlugin
2024-01-08 18:40:05,261 [INFO] PluginManager:220 - loadIPPluginJar : add ipddr
2024-01-08 18:40:05,548 [INFO] IPUIPlugin:80 - create IPUIPlugin
2024-01-08 18:40:05,548 [INFO] PluginManager:220 - loadIPPluginJar : add linkedlist
2024-01-08 18:40:05,655 [INFO] IPUIPlugin:80 - create IPUIPlugin
2024-01-08 18:40:05,655 [INFO] PluginManager:220 - loadIPPluginJar : add lorawan
2024-01-08 18:40:05,761 [INFO] IPUIPlugin:80 - create IPUIPlugin
2024-01-08 18:40:05,761 [INFO] PluginManager:220 - loadIPPluginJar : add ltdc
2024-01-08 18:40:05,798 [INFO] IPUIPlugin:80 - create IPUIPlugin
2024-01-08 18:40:05,798 [INFO] PluginManager:220 - loadIPPluginJar : add mdma
2024-01-08 18:40:05,829 [INFO] IPUIPlugin:80 - create IPUIPlugin
2024-01-08 18:40:05,829 [INFO] PluginManager:220 - loadIPPluginJar : add nvic
2024-01-08 18:40:05,930 [INFO] IPUIPlugin:80 - create IPUIPlugin
2024-01-08 18:40:05,930 [INFO] PluginManager:220 - loadIPPluginJar : add opamp
2024-01-08 18:40:06,128 [INFO] IPUIPlugin:80 - create IPUIPlugin
2024-01-08 18:40:06,129 [INFO] PluginManager:220 - loadIPPluginJar : add openamp
2024-01-08 18:40:06,251 [INFO] IPUIPlugin:80 - create IPUIPlugin
2024-01-08 18:40:06,251 [INFO] PluginManager:220 - loadIPPluginJar : add pdm2pcm
2024-01-08 18:40:06,292 [INFO] IPUIPlugin:80 - create IPUIPlugin
2024-01-08 18:40:06,300 [INFO] PluginManager:220 - loadIPPluginJar : add plateformsettings
2024-01-08 18:40:06,364 [INFO] IPUIPlugin:80 - create IPUIPlugin
2024-01-08 18:40:06,364 [INFO] PluginManager:220 - loadIPPluginJar : add quadspi
2024-01-08 18:40:06,395 [INFO] IPUIPlugin:80 - create IPUIPlugin
2024-01-08 18:40:06,395 [INFO] PluginManager:220 - loadIPPluginJar : add resmgrutility
2024-01-08 18:40:06,546 [INFO] ThirdPartyUpdaterWithRetryManager:70 - Updater plugin not ready yet. [3/15]
2024-01-08 18:40:06,610 [INFO] IPUIPlugin:80 - create IPUIPlugin
2024-01-08 18:40:06,610 [INFO] PluginManager:220 - loadIPPluginJar : add sai
2024-01-08 18:40:06,726 [INFO] IPUIPlugin:80 - create IPUIPlugin
2024-01-08 18:40:06,726 [INFO] PluginManager:220 - loadIPPluginJar : add spi
2024-01-08 18:40:06,937 [INFO] IPUIPlugin:80 - create IPUIPlugin
2024-01-08 18:40:06,937 [INFO] PluginManager:220 - loadIPPluginJar : add stm32_wpan
2024-01-08 18:40:06,992 [INFO] IPUIPlugin:80 - create IPUIPlugin
2024-01-08 18:40:06,993 [INFO] PluginManager:220 - loadIPPluginJar : add tim
2024-01-08 18:40:07,238 [INFO] IPUIPlugin:80 - create IPUIPlugin
2024-01-08 18:40:07,241 [INFO] PluginManager:220 - loadIPPluginJar : add touchsensing
2024-01-08 18:40:07,292 [INFO] IPUIPlugin:80 - create IPUIPlugin
2024-01-08 18:40:07,292 [INFO] PluginManager:220 - loadIPPluginJar : add tracer_emb
2024-01-08 18:40:07,374 [INFO] IPUIPlugin:80 - create IPUIPlugin
2024-01-08 18:40:07,374 [INFO] PluginManager:220 - loadIPPluginJar : add ts
2024-01-08 18:40:07,428 [INFO] IPUIPlugin:80 - create IPUIPlugin
2024-01-08 18:40:07,428 [INFO] PluginManager:220 - loadIPPluginJar : add tsc
2024-01-08 18:40:07,481 [INFO] IPUIPlugin:80 - create IPUIPlugin
2024-01-08 18:40:07,481 [INFO] PluginManager:220 - loadIPPluginJar : add ucpd
2024-01-08 18:40:07,584 [INFO] IPUIPlugin:80 - create IPUIPlugin
2024-01-08 18:40:07,584 [INFO] PluginManager:220 - loadIPPluginJar : add usart
2024-01-08 18:40:07,689 [INFO] IPUIPlugin:80 - create IPUIPlugin
2024-01-08 18:40:07,693 [INFO] PluginManager:220 - loadIPPluginJar : add usbx
2024-01-08 18:40:07,948 [INFO] CADModel:165 - CPN selected for project level
2024-01-08 18:40:07,948 [INFO] CADModel:114 - Register for checkConnection events
2024-01-08 18:40:07,948 [FATAL] Updater:308 - Updater called before beeing initialized
2024-01-08 18:40:07,948 [ERROR] CADModel:125 - Updater not yet initialized, retry later 
2024-01-08 18:40:08,381 [INFO] CADModel:165 - CPN selected for project level
2024-01-08 18:40:08,381 [INFO] CADModel:114 - Register for checkConnection events
2024-01-08 18:40:08,381 [FATAL] Updater:308 - Updater called before beeing initialized
2024-01-08 18:40:08,381 [ERROR] CADModel:125 - Updater not yet initialized, retry later 
2024-01-08 18:40:08,389 [FATAL] Updater:308 - Updater called before beeing initialized
2024-01-08 18:40:08,660 [FATAL] Updater:308 - Updater called before beeing initialized
2024-01-08 18:40:08,685 [INFO] DbMcusAds:53 - JSON generation date=Wed Nov 29 16:22:27 IST 2023 (1701255147349)
2024-01-08 18:40:08,685 [FATAL] Updater:308 - Updater called before beeing initialized
2024-01-08 18:40:08,869 [WARN] DetailPanel:346 - Failed to get advertising image, set to default
2024-01-08 18:40:09,145 [FATAL] Updater:308 - Updater called before beeing initialized
2024-01-08 18:40:09,150 [FATAL] Updater:308 - Updater called before beeing initialized
2024-01-08 18:40:09,150 [FATAL] Updater:308 - Updater called before beeing initialized
2024-01-08 18:40:09,150 [WARN] DetailPanel:346 - Failed to get advertising image, set to default
2024-01-08 18:40:09,150 [FATAL] Updater:308 - Updater called before beeing initialized
2024-01-08 18:40:09,318 [ERROR] Updater:1120 - MainUpdater not yet initialized. External WinMGr cannot be set.
2024-01-08 18:40:09,334 [INFO] Updater:1056 - Updater Version found : 6.10.0
2024-01-08 18:40:09,393 [INFO] ApplicationProperties:184 - Using Application install path: C:\ST\STM32CubeIDE_1.14.0\STM32CubeIDE\plugins\com.st.stm32cube.common.mx_6.10.0.202311202037
2024-01-08 18:40:09,558 [INFO] ThirdPartyUpdaterWithRetryManager:70 - Updater plugin not ready yet. [4/15]
2024-01-08 18:40:11,039 [ERROR] LogOutputStream:75 - [STDERR_REDIRECT] Jan 08, 2024 6:40:11 PM java.util.prefs.WindowsPreferences <init>
2024-01-08 18:40:11,043 [ERROR] LogOutputStream:75 - [STDERR_REDIRECT] WARNING: Could not open/create prefs root node Software\JavaSoft\Prefs at root 0xffffffff80000002. Windows RegCreateKeyEx(...) returned error code 5.
2024-01-08 18:40:11,043 [ERROR] LogOutputStream:75 - [STDERR_REDIRECT] 
2024-01-08 18:40:11,844 [INFO] MainUpdater:2873 - connection check result : 10
2024-01-08 18:40:11,844 [INFO] MainUpdater:3567 - Updater definition file requires update
2024-01-08 18:40:11,848 [INFO] MainUpdater:290 - Updater Check For Update Now.
2024-01-08 18:40:11,848 [INFO] MicroXplorer:498 - Change Database Version : DB.6.0.100
2024-01-08 18:40:11,927 [INFO] McuFinderGlobals:63 - Set McuFinder mode to 2 (CubeIDE integrated)
2024-01-08 18:40:11,927 [INFO] UserAuth:180 - activating auth plugin
2024-01-08 18:40:11,935 [INFO] UserAuth:404 - Internet connection configuration mode: 1
2024-01-08 18:40:11,997 [INFO] JxBrowserEngine:152 - Initiate JxBrowser Engine with user profile folder
2024-01-08 18:40:12,005 [INFO] ServerAccessManage:473 - Download File updaters.zip
2024-01-08 18:40:12,244 [INFO] FileExtend:240 - Unzip File : updaters.zip
2024-01-08 18:40:12,244 [INFO] FileExtend:255 - Standard Zip Deflate
2024-01-08 18:40:12,572 [WARN] MainUpdater:1194 - Updater busy. Cannot search thirdparties
2024-01-08 18:40:12,572 [INFO] ThirdPartyUpdaterWithRetryManager:96 - Updater plugin is busy. [1/15]
2024-01-08 18:40:13,186 [INFO] ServerAccessManage:473 - Download File PacksControlFlags.xml
2024-01-08 18:40:13,473 [INFO] ServerAccessManage:473 - Download File cubemx.pidx
2024-01-08 18:40:13,783 [INFO] LoadServerUpdatesThread:375 - End of LoadServerUpdate Thread
2024-01-08 18:40:14,202 [INFO] CheckServerUpdateThread:120 - End of CheckServer Thread
2024-01-08 18:40:16,110 [WARN] PackLoader:240 - Cannot read IP mode file for STMicroelectronics.X-CUBE-SMBUS.2.1.0
2024-01-08 18:40:16,144 [WARN] PackLoader:240 - Cannot read IP mode file for STMicroelectronics.X-CUBE-TOUCHGFX.4.23.0
2024-01-08 18:40:16,269 [WARN] PackLoader:240 - Cannot read IP mode file for STMicroelectronics.X-CUBE-AZRTOS-F7.1.1.0
2024-01-08 18:40:16,331 [WARN] PackLoader:240 - Cannot read IP mode file for STMicroelectronics.FP-SNS-MOTENV1.4.3.2
2024-01-08 18:40:16,377 [WARN] PackLoader:240 - Cannot read IP mode file for STMicroelectronics.X-CUBE-BLE1.6.2.4
2024-01-08 18:40:16,412 [WARN] PackLoader:240 - Cannot read IP mode file for STMicroelectronics.FP-SNS-FLIGHT1.5.0.2
2024-01-08 18:40:16,447 [WARN] PackLoader:240 - Cannot read IP mode file for STMicroelectronics.X-CUBE-DISPLAY.3.0.0
2024-01-08 18:40:16,505 [WARN] PackLoader:240 - Cannot read IP mode file for STMicroelectronics.X-CUBE-BLE1.7.0.0
2024-01-08 18:40:16,545 [WARN] PackLoader:240 - Cannot read IP mode file for STMicroelectronics.FP-SNS-SMARTAG2.1.2.0
2024-01-08 18:40:16,595 [INFO] LogOutputStream:77 - [STDOUT_REDIRECT] 1 : Invalid condition id : UX_CORESTACK_Condition cause : null
2024-01-08 18:40:16,595 [INFO] LogOutputStream:77 - [STDOUT_REDIRECT] 1 : Invalid condition id : UX_CORESTACK_Condition cause : null
2024-01-08 18:40:16,599 [INFO] LogOutputStream:77 - [STDOUT_REDIRECT] 1 : Invalid condition id : UX_CORESTACK_Condition cause : null
2024-01-08 18:40:16,603 [INFO] LogOutputStream:77 - [STDOUT_REDIRECT] 1 : Invalid condition id : UX_CORESTACK_Condition cause : null
2024-01-08 18:40:16,603 [INFO] LogOutputStream:77 - [STDOUT_REDIRECT] 1 : Invalid condition id : UX_CORESTACK_Condition cause : null
2024-01-08 18:40:16,619 [WARN] PackLoader:240 - Cannot read IP mode file for STMicroelectronics.X-CUBE-AZRTOS-WL.2.0.0
2024-01-08 18:40:16,676 [WARN] PackLoader:240 - Cannot read IP mode file for WES.I-CUBE-Cesium.1.3.0
2024-01-08 18:40:16,705 [WARN] PackLoader:240 - Cannot read IP mode file for STMicroelectronics.X-CUBE-BLE2.3.3.0
2024-01-08 18:40:16,765 [WARN] PackLoader:240 - Cannot read IP mode file for STMicroelectronics.X-CUBE-TOF1.3.2.0
2024-01-08 18:40:16,821 [WARN] PackLoader:240 - Cannot read IP mode file for STMicroelectronics.X-CUBE-TOUCHGFX.4.21.1
2024-01-08 18:40:16,854 [WARN] PackLoader:240 - Cannot read IP mode file for STMicroelectronics.X-CUBE-ALGOBUILD.1.3.0
2024-01-08 18:40:16,941 [WARN] PackLoader:240 - Cannot read IP mode file for STMicroelectronics.X-CUBE-AZRTOS-G0.1.1.0
2024-01-08 18:40:16,992 [WARN] PackLoader:240 - Cannot read IP mode file for STMicroelectronics.X-CUBE-NFC4.3.0.0
2024-01-08 18:40:17,042 [WARN] PackLoader:240 - Cannot read IP mode file for STMicroelectronics.X-CUBE-BLEMGR.3.0.0
2024-01-08 18:40:17,094 [WARN] PackLoader:240 - Cannot read IP mode file for STMicroelectronics.X-CUBE-BLEMGR.1.3.0
2024-01-08 18:40:17,130 [WARN] PackLoader:240 - Cannot read IP mode file for STMicroelectronics.FP-ATR-SIGFOX1.3.2.0
2024-01-08 18:40:17,313 [WARN] PackLoader:240 - Cannot read IP mode file for STMicroelectronics.X-CUBE-MEMS1.9.5.0
2024-01-08 18:40:17,970 [WARN] PackLoader:240 - Cannot read IP mode file for SEGGER.I-CUBE-embOS.1.3.1
2024-01-08 18:40:18,131 [WARN] PackLoader:240 - Cannot read IP mode file for STMicroelectronics.X-CUBE-GNSS1.6.0.0
2024-01-08 18:40:18,227 [WARN] PackLoader:240 - Cannot read IP mode file for STMicroelectronics.X-CUBE-AZRTOS-F4.1.1.0
2024-01-08 18:40:18,329 [WARN] PackLoader:240 - Cannot read IP mode file for STMicroelectronics.X-CUBE-AZRTOS-L5.2.0.0
2024-01-08 18:40:18,374 [WARN] PackLoader:240 - Cannot read IP mode file for STMicroelectronics.X-CUBE-EEPRMA1.4.2.0
2024-01-08 18:40:18,411 [WARN] PackLoader:240 - Cannot read IP mode file for ITTIA_DB.I-CUBE-ITTIADB.8.8.0
2024-01-08 18:40:18,448 [WARN] PackLoader:240 - Cannot read IP mode file for emotas.I-CUBE-CANOPEN.1.1.3
2024-01-08 18:40:18,490 [WARN] PackLoader:240 - Cannot read IP mode file for STMicroelectronics.X-CUBE-BLEMGR.2.0.0
2024-01-08 18:40:18,520 [WARN] PackLoader:240 - Cannot read IP mode file for wolfSSL.I-CUBE-wolfSSL.5.5.4
2024-01-08 18:40:18,548 [WARN] PackLoader:240 - Cannot read IP mode file for STMicroelectronics.X-CUBE-NFC7.1.0.1
2024-01-08 18:40:18,572 [WARN] PackLoader:240 - Cannot read IP mode file for STMicroelectronics.X-CUBE-NFC7.1.0.0
2024-01-08 18:40:18,609 [WARN] PackLoader:240 - Cannot read IP mode file for STMicroelectronics.X-CUBE-NFC6.3.0.0
2024-01-08 18:40:18,638 [WARN] PackLoader:240 - Cannot read IP mode file for STMicroelectronics.X-CUBE-EEPRMA1.4.1.0
2024-01-08 18:40:18,671 [WARN] PackLoader:240 - Cannot read IP mode file for STMicroelectronics.X-CUBE-AI.8.1.0
2024-01-08 18:40:18,761 [WARN] ConditionMgr:438 - getConditionDescription Invalid condition id : LAN8742 Phy interface Condition cause : null
2024-01-08 18:40:18,763 [WARN] PackLoader:240 - Cannot read IP mode file for STMicroelectronics.X-CUBE-AZRTOS-L4.2.0.0
2024-01-08 18:40:18,765 [WARN] ConditionMgr:1039 - genDependencies : Invalid condition id : LAN8742 Phy interface Condition cause : null
2024-01-08 18:40:18,765 [WARN] ConditionMgr:1039 - genDependencies : Invalid condition id : LAN8742 Phy interface Condition cause : null
2024-01-08 18:40:18,769 [WARN] ConditionMgr:1039 - genDependencies : Invalid condition id : LAN8742 Phy interface Condition cause : null
2024-01-08 18:40:18,818 [WARN] PackLoader:240 - Cannot read IP mode file for STMicroelectronics.X-CUBE-SFXS2LP1.4.0.0
2024-01-08 18:40:18,913 [WARN] PackLoader:240 - Cannot read IP mode file for STMicroelectronics.X-CUBE-AZRTOS-H7.3.0.0
2024-01-08 18:40:18,950 [WARN] PackLoader:240 - Cannot read IP mode file for STMicroelectronics.X-CUBE-ISPU.1.1.0
2024-01-08 18:40:18,992 [WARN] PackLoader:240 - Cannot read IP mode file for RoweBots.I-CUBE-UNISONRTOS.5.5.0-4
2024-01-08 18:40:19,017 [WARN] PackLoader:240 - Cannot read IP mode file for STMicroelectronics.X-CUBE-AI.8.0.0
2024-01-08 18:40:19,073 [WARN] ConditionMgr:438 - getConditionDescription Invalid condition id : UX DEVICE CLASS RTOS Condition cause : null
2024-01-08 18:40:19,073 [WARN] ConditionMgr:438 - getConditionDescription Invalid condition id : UX DEVICE CLASS RTOS Condition cause : null
2024-01-08 18:40:19,082 [WARN] PackLoader:240 - Cannot read IP mode file for STMicroelectronics.X-CUBE-AZRTOS-WB.2.0.0
2024-01-08 18:40:19,082 [WARN] ConditionMgr:1039 - genDependencies : Invalid condition id : UX DEVICE CLASS RTOS Condition cause : null
2024-01-08 18:40:19,082 [WARN] ConditionMgr:1039 - genDependencies : Invalid condition id : UX DEVICE CLASS RTOS Condition cause : null
2024-01-08 18:40:19,086 [WARN] ConditionMgr:1039 - genDependencies : Invalid condition id : UX DEVICE CLASS RTOS Condition cause : null
2024-01-08 18:40:19,086 [WARN] ConditionMgr:1039 - genDependencies : Invalid condition id : UX DEVICE CLASS RTOS Condition cause : null
2024-01-08 18:40:19,086 [WARN] ConditionMgr:1039 - genDependencies : Invalid condition id : UX DEVICE CLASS RTOS Condition cause : null
2024-01-08 18:40:19,121 [WARN] PackLoader:240 - Cannot read IP mode file for STMicroelectronics.X-CUBE-FREERTOS.1.0.0
2024-01-08 18:40:19,184 [WARN] PackLoader:240 - Cannot read IP mode file for STMicroelectronics.X-CUBE-AZRTOS-L5.1.1.0
2024-01-08 18:40:19,241 [WARN] PackLoader:240 - Cannot read IP mode file for STMicroelectronics.X-CUBE-SUBG2.5.0.0
2024-01-08 18:40:19,344 [WARN] PackLoader:240 - Cannot read IP mode file for STMicroelectronics.X-CUBE-AZRTOS-G4.2.0.0
2024-01-08 18:40:19,381 [WARN] PackLoader:240 - Cannot read IP mode file for STMicroelectronics.FP-ATR-ASTRA1.1.1.1
2024-01-08 18:40:19,431 [WARN] PackLoader:240 - Cannot read IP mode file for Infineon.AIROC-Wi-Fi-Bluetooth-STM32.1.5.1
2024-01-08 18:40:19,472 [WARN] PackLoader:240 - Cannot read IP mode file for STMicroelectronics.FP-SNS-MOTENVWB1.1.3.1
2024-01-08 18:40:19,528 [WARN] PackLoader:240 - Cannot read IP mode file for STMicroelectronics.X-CUBE-AZRTOS-G4.1.0.0
2024-01-08 18:40:19,618 [WARN] PackLoader:240 - Cannot read IP mode file for STMicroelectronics.X-CUBE-AZRTOS-L4.1.0.0
2024-01-08 18:40:19,663 [WARN] PackLoader:240 - Cannot read IP mode file for STMicroelectronics.X-CUBE-ISPU.2.0.0
2024-01-08 18:40:19,799 [WARN] PackLoader:240 - Cannot read IP mode file for STMicroelectronics.X-CUBE-MEMS1.10.0.0
2024-01-08 18:40:20,107 [WARN] PackLoader:240 - Cannot read IP mode file for STMicroelectronics.X-CUBE-FREERTOS.1.1.0
2024-01-08 18:40:20,161 [WARN] PackLoader:240 - Cannot read IP mode file for STMicroelectronics.X-CUBE-AZRTOS-WL.1.0.0
2024-01-08 18:40:20,186 [WARN] PackLoader:240 - Cannot read IP mode file for portGmbH.I-Cube-SoM-uGOAL.1.1.0
2024-01-08 18:40:20,207 [WARN] PackLoader:240 - Cannot read IP mode file for STMicroelectronics.X-CUBE-ALS.1.0.1
2024-01-08 18:40:20,252 [WARN] PackLoader:240 - Cannot read IP mode file for STMicroelectronics.X-CUBE-AZRTOS-WB.1.1.0
2024-01-08 18:40:20,296 [WARN] PackLoader:240 - Cannot read IP mode file for STMicroelectronics.FP-ATR-ASTRA1.2.0.0
2024-01-08 18:40:20,356 [WARN] PackLoader:240 - Cannot read IP mode file for STMicroelectronics.X-CUBE-TOF1.3.4.0
2024-01-08 18:40:20,497 [WARN] PackLoader:240 - Cannot read IP mode file for STMicroelectronics.X-CUBE-AZRTOS-H7.3.2.0
2024-01-08 18:40:20,510 [INFO] ThirdParty:978 - Integrity check success = true
2024-01-08 18:40:20,511 [INFO] IntegrityCheckThread:100 - exiting critical section [integrity check]
2024-01-08 18:40:20,511 [INFO] IntegrityCheckThread:103 - End integrity checks thread
2024-01-08 18:40:20,919 [INFO] WebApp:161 - Instantiating new browser for Auth
2024-01-08 18:40:22,314 [INFO] WebApp:780 - Register for checkConnection events
2024-01-08 18:40:22,314 [INFO] WebApp:414 - Apply proxy settings
2024-01-08 18:40:22,315 [INFO] WebApp:499 - Chromium requires no authentication
2024-01-08 18:40:22,336 [INFO] WebApp:442 - Direct internet connection detected
2024-01-08 18:40:22,819 [INFO] WebApp:192 - Starting web application
2024-01-08 18:40:22,819 [INFO] WebApp:544 - Web application path used C:\ST\STM32CubeIDE_1.14.0\STM32CubeIDE\plugins\com.st.stm32cube.common.mx_6.10.0.202311202037\db\plugins\mcufinder\reactClient1\index.html
2024-01-08 18:40:45,147 [ERROR] LogOutputStream:75 - [STDERR_REDIRECT] SLF4J: Failed to load class "org.slf4j.impl.StaticLoggerBinder".
2024-01-08 18:40:45,151 [ERROR] LogOutputStream:75 - [STDERR_REDIRECT] SLF4J: Defaulting to no-operation (NOP) logger implementation
2024-01-08 18:40:45,155 [ERROR] LogOutputStream:75 - [STDERR_REDIRECT] SLF4J: See http://www.slf4j.org/codes.html#StaticLoggerBinder for further details.
2024-01-08 19:53:38,418 [ERROR] LogOutputStream:75 - [STDERR_REDIRECT] 
