2024-01-05 10:52:20,335 [INFO] Activator:176 - 


2024-01-05 10:52:20,342 [INFO] Activator:177 - !SESSION log4j initialized
2024-01-05 10:52:25,689 [INFO] LogOutputStream:77 - [STDOUT_REDIRECT] 
2024-01-05 10:52:29,141 [INFO] ApplicationProperties:184 - Using Application install path: C:\ST\STM32CubeIDE_1.14.0\STM32CubeIDE\plugins\com.st.stm32cube.common.mx_6.10.0.202311202037
2024-01-05 10:52:29,184 [INFO] DbMcusXml:78 - Set database path to: C:\ST\STM32CubeIDE_1.14.0\STM32CubeIDE\plugins\com.st.stm32cube.common.mx_6.10.0.202311202037\\db\/mcu/
2024-01-05 10:52:29,184 [INFO] ApiDb:274 - Set plugin database path to: C:\ST\STM32CubeIDE_1.14.0\STM32CubeIDE\plugins\com.st.stm32cube.common.mx_6.10.0.202311202037\\db\/plugins/boardmanager/
2024-01-05 10:52:29,188 [WARN] ApiDb:259 - Overriding images path with different value:  => C:\ST\STM32CubeIDE_1.14.0\STM32CubeIDE\plugins\com.st.stm32cube.common.mx_6.10.0.202311202037\\db\/plugins/mcufinder/images/
2024-01-05 10:52:29,197 [INFO] ApiDb:250 - Set database path to: C:\Users\sudh1\.stmcufinder\plugins\mcufinder//mcu/
2024-01-05 10:52:29,198 [INFO] DbMcusAds:125 - Set database path to: C:\Users\sudh1\.stmcufinder\plugins\mcufinder//mcu/
2024-01-05 10:52:29,200 [INFO] CrossReferenceDbSqlite:203 - Set database path to: C:\Users\sudh1\.stmcufinder\plugins\mcufinder//mcu/cs/
2024-01-05 10:52:29,350 [INFO] RulesReader:64 - Compatibility file has been processed (297 Rules)
2024-01-05 10:52:29,424 [INFO] DbMcusXml:78 - Set database path to: C:\ST\STM32CubeIDE_1.14.0\STM32CubeIDE\plugins\com.st.stm32cube.common.mx_6.10.0.202311202037\\db\/mcu/
2024-01-05 10:52:29,424 [INFO] ApiDb:274 - Set plugin database path to: C:\ST\STM32CubeIDE_1.14.0\STM32CubeIDE\plugins\com.st.stm32cube.common.mx_6.10.0.202311202037\\db\/plugins/boardmanager/
2024-01-05 10:52:29,425 [INFO] ApiDb:261 - Set plugin images path to: C:\ST\STM32CubeIDE_1.14.0\STM32CubeIDE\plugins\com.st.stm32cube.common.mx_6.10.0.202311202037\\db\/plugins/mcufinder/images/
2024-01-05 10:52:29,425 [WARN] DbFile:41 - Overriding database path with different value: C:\Users\sudh1\.stmcufinder\plugins\mcufinder/ => C:\Users\sudh1\.stmcufinder\plugins\mcufinder
2024-01-05 10:52:29,425 [INFO] ApiDb:250 - Set database path to: C:\Users\sudh1\.stmcufinder\plugins\mcufinder//mcu/
2024-01-05 10:52:29,425 [WARN] DbFile:41 - Overriding database path with different value: C:\Users\sudh1\.stmcufinder\plugins\mcufinder/ => C:\Users\sudh1\.stmcufinder\plugins\mcufinder
2024-01-05 10:52:29,425 [INFO] DbMcusAds:125 - Set database path to: C:\Users\sudh1\.stmcufinder\plugins\mcufinder//mcu/
2024-01-05 10:52:29,425 [WARN] DbFile:41 - Overriding database path with different value: C:\Users\sudh1\.stmcufinder\plugins\mcufinder/ => C:\Users\sudh1\.stmcufinder\plugins\mcufinder
2024-01-05 10:52:29,425 [WARN] DbFile:41 - Overriding database path with different value: C:\Users\sudh1\.stmcufinder\plugins\mcufinder/ => C:\Users\sudh1\.stmcufinder\plugins\mcufinder
2024-01-05 10:52:29,425 [INFO] CrossReferenceDbSqlite:203 - Set database path to: C:\Users\sudh1\.stmcufinder\plugins\mcufinder//mcu/cs/
2024-01-05 10:52:29,499 [INFO] MainPanel:264 - HeapMemory: 268435456
2024-01-05 10:52:29,590 [INFO] DbMcusXml:78 - Set database path to: C:\ST\STM32CubeIDE_1.14.0\STM32CubeIDE\plugins\com.st.stm32cube.common.mx_6.10.0.202311202037\\db\/mcu/
2024-01-05 10:52:29,590 [INFO] ApiDb:274 - Set plugin database path to: C:\ST\STM32CubeIDE_1.14.0\STM32CubeIDE\plugins\com.st.stm32cube.common.mx_6.10.0.202311202037\\db\/plugins/boardmanager/
2024-01-05 10:52:29,590 [INFO] ApiDb:261 - Set plugin images path to: C:\ST\STM32CubeIDE_1.14.0\STM32CubeIDE\plugins\com.st.stm32cube.common.mx_6.10.0.202311202037\\db\/plugins/mcufinder/images/
2024-01-05 10:52:29,590 [WARN] DbFile:41 - Overriding database path with different value: C:\Users\sudh1\.stmcufinder\plugins\mcufinder/ => C:\Users\sudh1\.stmcufinder\plugins\mcufinder
2024-01-05 10:52:29,590 [INFO] ApiDb:250 - Set database path to: C:\Users\sudh1\.stmcufinder\plugins\mcufinder//mcu/
2024-01-05 10:52:29,590 [WARN] DbFile:41 - Overriding database path with different value: C:\Users\sudh1\.stmcufinder\plugins\mcufinder/ => C:\Users\sudh1\.stmcufinder\plugins\mcufinder
2024-01-05 10:52:29,591 [INFO] DbMcusAds:125 - Set database path to: C:\Users\sudh1\.stmcufinder\plugins\mcufinder//mcu/
2024-01-05 10:52:29,591 [WARN] DbFile:41 - Overriding database path with different value: C:\Users\sudh1\.stmcufinder\plugins\mcufinder/ => C:\Users\sudh1\.stmcufinder\plugins\mcufinder
2024-01-05 10:52:29,591 [WARN] DbFile:41 - Overriding database path with different value: C:\Users\sudh1\.stmcufinder\plugins\mcufinder/ => C:\Users\sudh1\.stmcufinder\plugins\mcufinder
2024-01-05 10:52:29,591 [INFO] CrossReferenceDbSqlite:203 - Set database path to: C:\Users\sudh1\.stmcufinder\plugins\mcufinder//mcu/cs/
2024-01-05 10:52:29,607 [INFO] ApplicationProperties:184 - Using Application install path: C:\ST\STM32CubeIDE_1.14.0\STM32CubeIDE\plugins\com.st.stm32cube.common.mx_6.10.0.202311202037
2024-01-05 10:52:29,609 [INFO] PluginManage:196 - Search for loadable plugins [exclusion list=, ]
2024-01-05 10:52:29,610 [INFO] PluginManage:310 - Check plugin analytics
2024-01-05 10:52:29,784 [INFO] AnalyticsPlugin:253 - Accepted Software Licenses: 
2024-01-05 10:52:29,784 [INFO] AnalyticsPlugin:255 - Accepted CMSIS Pack Licenses: 
2024-01-05 10:52:29,784 [INFO] AnalyticsPlugin:257 - Accepted Firmware Licenses: 
2024-01-05 10:52:29,786 [INFO] PluginManage:359 - Loaded plugin analytics (category:tool,tabindex:-1)
2024-01-05 10:52:29,787 [INFO] PluginManage:310 - Check plugin cadmodel
2024-01-05 10:52:29,803 [INFO] CADModel:105 - Init CAD model plugin
2024-01-05 10:52:29,803 [INFO] PluginManage:359 - Loaded plugin cadmodel (category:power,tabindex:5)
2024-01-05 10:52:29,803 [INFO] PluginManage:310 - Check plugin clock
2024-01-05 10:52:29,823 [INFO] PluginManage:359 - Loaded plugin clock (category:base,tabindex:2)
2024-01-05 10:52:29,823 [INFO] PluginManage:310 - Check plugin ddr
2024-01-05 10:52:29,825 [INFO] PluginManage:359 - Loaded plugin ddr (category:tool,tabindex:6)
2024-01-05 10:52:29,825 [INFO] PluginManage:310 - Check plugin filemanager
2024-01-05 10:52:29,965 [INFO] PluginManage:359 - Loaded plugin filemanager (category:base,tabindex:10)
2024-01-05 10:52:29,965 [INFO] PluginManage:310 - Check plugin ipmanager
2024-01-05 10:52:29,972 [INFO] PluginManage:359 - Loaded plugin ipmanager (category:base,tabindex:5)
2024-01-05 10:52:29,972 [INFO] PluginManage:310 - Check plugin lpbam
2024-01-05 10:52:29,991 [INFO] PluginManage:359 - Loaded plugin lpbam (category:base,tabindex:0)
2024-01-05 10:52:29,991 [INFO] PluginManage:310 - Check plugin memorymap
2024-01-05 10:52:30,017 [INFO] PluginManage:359 - Loaded plugin memorymap (category:base,tabindex:4)
2024-01-05 10:52:30,018 [INFO] PluginManage:310 - Check plugin pinoutandconfiguration
2024-01-05 10:52:30,034 [INFO] PluginManage:359 - Loaded plugin pinoutandconfiguration (category:base,tabindex:1)
2024-01-05 10:52:30,034 [INFO] PluginManage:310 - Check plugin pinoutconfig
2024-01-05 10:52:30,146 [WARN] SupportedApi:132 - Cannot load RTOS API schema: s4s-elt-must-match.1: The content of 'definitions' must match (annotation?, (simpleType | complexType)?, (unique | key | keyref)*)). A problem was found starting at: attribute.
2024-01-05 10:52:30,298 [INFO] PluginManage:359 - Loaded plugin pinoutconfig (category:base,tabindex:0)
2024-01-05 10:52:30,299 [INFO] PluginManage:310 - Check plugin power
2024-01-05 10:52:30,323 [INFO] PluginManage:359 - Loaded plugin power (category:power,tabindex:4)
2024-01-05 10:52:30,323 [INFO] PluginManage:310 - Check plugin projectmanager
2024-01-05 10:52:30,348 [INFO] PluginManage:359 - Loaded plugin projectmanager (category:projectmanager,tabindex:3)
2024-01-05 10:52:30,348 [INFO] PluginManage:310 - Check plugin thirdparty
2024-01-05 10:52:30,666 [INFO] PluginManage:359 - Loaded plugin thirdparty (category:base,tabindex:-1)
2024-01-05 10:52:30,666 [INFO] PluginManage:310 - Check plugin tools
2024-01-05 10:52:30,666 [WARN] IntegrityCheckThread:84 - waiting for thirdparty lock release [integrity check]
2024-01-05 10:52:30,667 [INFO] IntegrityCheckThread:86 - entering critical section [integrity check]
2024-01-05 10:52:30,667 [INFO] ThirdPartyUpdaterWithRetryManager:70 - Updater plugin not ready yet. [1/15]
2024-01-05 10:52:30,709 [INFO] PluginManage:359 - Loaded plugin tools (category:base,tabindex:7)
2024-01-05 10:52:30,709 [INFO] PluginManage:310 - Check plugin tutovideos
2024-01-05 10:52:31,016 [INFO] PluginManage:359 - Loaded plugin tutovideos (category:base,tabindex:-1)
2024-01-05 10:52:31,017 [INFO] PluginManage:310 - Check plugin updater
2024-01-05 10:52:31,033 [INFO] PluginManage:359 - Loaded plugin updater (category:base,tabindex:12)
2024-01-05 10:52:31,033 [INFO] PluginManage:310 - Check plugin userauth
2024-01-05 10:52:31,040 [INFO] UserAuth:114 - Init User Auth plugin
2024-01-05 10:52:31,041 [INFO] PluginManage:359 - Loaded plugin userauth (category:base,tabindex:14)
2024-01-05 10:52:31,041 [INFO] PluginManage:283 - PluginManage : Loaded plugins [17]
2024-01-05 10:52:31,390 [INFO] PinOutPanel:1499 - setPackage(No Configuration,No Configuration)
2024-01-05 10:52:31,508 [INFO] CADModel:165 - CPN selected for project level
2024-01-05 10:52:31,508 [INFO] CADModel:114 - Register for checkConnection events
2024-01-05 10:52:31,548 [INFO] IPUIPlugin:80 - create IPUIPlugin
2024-01-05 10:52:31,549 [INFO] PluginManager:220 - loadIPPluginJar : add adc
2024-01-05 10:52:31,602 [INFO] IPUIPlugin:80 - create IPUIPlugin
2024-01-05 10:52:31,602 [INFO] PluginManager:220 - loadIPPluginJar : add aes
2024-01-05 10:52:31,668 [INFO] IPUIPlugin:80 - create IPUIPlugin
2024-01-05 10:52:31,668 [INFO] PluginManager:220 - loadIPPluginJar : add can
2024-01-05 10:52:31,701 [INFO] IPUIPlugin:80 - create IPUIPlugin
2024-01-05 10:52:31,702 [INFO] PluginManager:220 - loadIPPluginJar : add comp
2024-01-05 10:52:31,757 [INFO] IPUIPlugin:80 - create IPUIPlugin
2024-01-05 10:52:31,757 [INFO] PluginManager:220 - loadIPPluginJar : add cryp
2024-01-05 10:52:31,790 [INFO] IPUIPlugin:80 - create IPUIPlugin
2024-01-05 10:52:31,790 [INFO] PluginManager:220 - loadIPPluginJar : add dfsdm
2024-01-05 10:52:31,810 [INFO] IPUIPlugin:80 - create IPUIPlugin
2024-01-05 10:52:31,811 [INFO] PluginManager:220 - loadIPPluginJar : add dma
2024-01-05 10:52:31,858 [INFO] IPUIPlugin:80 - create IPUIPlugin
2024-01-05 10:52:31,858 [INFO] PluginManager:220 - loadIPPluginJar : add dma3
2024-01-05 10:52:31,897 [INFO] IPUIPlugin:80 - create IPUIPlugin
2024-01-05 10:52:31,898 [INFO] PluginManager:220 - loadIPPluginJar : add fatfs
2024-01-05 10:52:31,958 [INFO] IPUIPlugin:80 - create IPUIPlugin
2024-01-05 10:52:31,958 [INFO] PluginManager:220 - loadIPPluginJar : add fmc
2024-01-05 10:52:31,984 [INFO] IPUIPlugin:80 - create IPUIPlugin
2024-01-05 10:52:31,985 [INFO] PluginManager:220 - loadIPPluginJar : add freertos
2024-01-05 10:52:32,013 [INFO] IPUIPlugin:80 - create IPUIPlugin
2024-01-05 10:52:32,014 [INFO] PluginManager:220 - loadIPPluginJar : add genericplugin
2024-01-05 10:52:32,136 [INFO] IPUIPlugin:80 - create IPUIPlugin
2024-01-05 10:52:32,137 [INFO] PluginManager:220 - loadIPPluginJar : add gfxmmu
2024-01-05 10:52:32,322 [INFO] IPUIPlugin:80 - create IPUIPlugin
2024-01-05 10:52:32,323 [INFO] PluginManager:220 - loadIPPluginJar : add gic
2024-01-05 10:52:32,347 [INFO] IPUIPlugin:80 - create IPUIPlugin
2024-01-05 10:52:32,347 [INFO] PluginManager:220 - loadIPPluginJar : add gpio
2024-01-05 10:52:32,482 [INFO] IPUIPlugin:80 - create IPUIPlugin
2024-01-05 10:52:32,483 [INFO] PluginManager:220 - loadIPPluginJar : add gtzc
2024-01-05 10:52:32,528 [INFO] IPUIPlugin:80 - create IPUIPlugin
2024-01-05 10:52:32,528 [INFO] PluginManager:220 - loadIPPluginJar : add hash
2024-01-05 10:52:32,617 [INFO] IPUIPlugin:80 - create IPUIPlugin
2024-01-05 10:52:32,617 [INFO] PluginManager:220 - loadIPPluginJar : add i2c
2024-01-05 10:52:32,689 [INFO] IPUIPlugin:80 - create IPUIPlugin
2024-01-05 10:52:32,689 [INFO] PluginManager:220 - loadIPPluginJar : add i2s
2024-01-05 10:52:32,748 [INFO] IPUIPlugin:80 - create IPUIPlugin
2024-01-05 10:52:32,748 [INFO] PluginManager:220 - loadIPPluginJar : add i3c
2024-01-05 10:52:32,921 [INFO] IPUIPlugin:80 - create IPUIPlugin
2024-01-05 10:52:32,922 [INFO] PluginManager:220 - loadIPPluginJar : add ipddr
2024-01-05 10:52:33,072 [INFO] IPUIPlugin:80 - create IPUIPlugin
2024-01-05 10:52:33,072 [INFO] PluginManager:220 - loadIPPluginJar : add linkedlist
2024-01-05 10:52:33,139 [INFO] IPUIPlugin:80 - create IPUIPlugin
2024-01-05 10:52:33,139 [INFO] PluginManager:220 - loadIPPluginJar : add lorawan
2024-01-05 10:52:33,195 [INFO] IPUIPlugin:80 - create IPUIPlugin
2024-01-05 10:52:33,196 [INFO] PluginManager:220 - loadIPPluginJar : add ltdc
2024-01-05 10:52:33,221 [INFO] IPUIPlugin:80 - create IPUIPlugin
2024-01-05 10:52:33,223 [INFO] PluginManager:220 - loadIPPluginJar : add mdma
2024-01-05 10:52:33,239 [INFO] IPUIPlugin:80 - create IPUIPlugin
2024-01-05 10:52:33,239 [INFO] PluginManager:220 - loadIPPluginJar : add nvic
2024-01-05 10:52:33,279 [INFO] IPUIPlugin:80 - create IPUIPlugin
2024-01-05 10:52:33,279 [INFO] PluginManager:220 - loadIPPluginJar : add opamp
2024-01-05 10:52:33,381 [INFO] IPUIPlugin:80 - create IPUIPlugin
2024-01-05 10:52:33,381 [INFO] PluginManager:220 - loadIPPluginJar : add openamp
2024-01-05 10:52:33,451 [INFO] IPUIPlugin:80 - create IPUIPlugin
2024-01-05 10:52:33,453 [INFO] PluginManager:220 - loadIPPluginJar : add pdm2pcm
2024-01-05 10:52:33,481 [INFO] IPUIPlugin:80 - create IPUIPlugin
2024-01-05 10:52:33,484 [INFO] PluginManager:220 - loadIPPluginJar : add plateformsettings
2024-01-05 10:52:33,517 [INFO] IPUIPlugin:80 - create IPUIPlugin
2024-01-05 10:52:33,517 [INFO] PluginManager:220 - loadIPPluginJar : add quadspi
2024-01-05 10:52:33,538 [INFO] IPUIPlugin:80 - create IPUIPlugin
2024-01-05 10:52:33,538 [INFO] PluginManager:220 - loadIPPluginJar : add resmgrutility
2024-01-05 10:52:33,623 [INFO] IPUIPlugin:80 - create IPUIPlugin
2024-01-05 10:52:33,624 [INFO] PluginManager:220 - loadIPPluginJar : add sai
2024-01-05 10:52:33,673 [INFO] ThirdPartyUpdaterWithRetryManager:70 - Updater plugin not ready yet. [2/15]
2024-01-05 10:52:33,693 [INFO] IPUIPlugin:80 - create IPUIPlugin
2024-01-05 10:52:33,696 [INFO] PluginManager:220 - loadIPPluginJar : add spi
2024-01-05 10:52:33,806 [INFO] IPUIPlugin:80 - create IPUIPlugin
2024-01-05 10:52:33,806 [INFO] PluginManager:220 - loadIPPluginJar : add stm32_wpan
2024-01-05 10:52:33,842 [INFO] IPUIPlugin:80 - create IPUIPlugin
2024-01-05 10:52:33,842 [INFO] PluginManager:220 - loadIPPluginJar : add tim
2024-01-05 10:52:33,934 [INFO] IPUIPlugin:80 - create IPUIPlugin
2024-01-05 10:52:33,935 [INFO] PluginManager:220 - loadIPPluginJar : add touchsensing
2024-01-05 10:52:33,973 [INFO] IPUIPlugin:80 - create IPUIPlugin
2024-01-05 10:52:33,973 [INFO] PluginManager:220 - loadIPPluginJar : add tracer_emb
2024-01-05 10:52:34,001 [INFO] IPUIPlugin:80 - create IPUIPlugin
2024-01-05 10:52:34,001 [INFO] PluginManager:220 - loadIPPluginJar : add ts
2024-01-05 10:52:34,021 [INFO] IPUIPlugin:80 - create IPUIPlugin
2024-01-05 10:52:34,021 [INFO] PluginManager:220 - loadIPPluginJar : add tsc
2024-01-05 10:52:34,055 [INFO] IPUIPlugin:80 - create IPUIPlugin
2024-01-05 10:52:34,055 [INFO] PluginManager:220 - loadIPPluginJar : add ucpd
2024-01-05 10:52:34,113 [INFO] IPUIPlugin:80 - create IPUIPlugin
2024-01-05 10:52:34,114 [INFO] PluginManager:220 - loadIPPluginJar : add usart
2024-01-05 10:52:34,193 [INFO] IPUIPlugin:80 - create IPUIPlugin
2024-01-05 10:52:34,193 [INFO] PluginManager:220 - loadIPPluginJar : add usbx
2024-01-05 10:52:34,340 [INFO] CADModel:165 - CPN selected for project level
2024-01-05 10:52:34,340 [INFO] CADModel:114 - Register for checkConnection events
2024-01-05 10:52:34,340 [FATAL] Updater:308 - Updater called before beeing initialized
2024-01-05 10:52:34,341 [ERROR] CADModel:125 - Updater not yet initialized, retry later 
2024-01-05 10:52:34,577 [INFO] CADModel:165 - CPN selected for project level
2024-01-05 10:52:34,577 [INFO] CADModel:114 - Register for checkConnection events
2024-01-05 10:52:34,577 [FATAL] Updater:308 - Updater called before beeing initialized
2024-01-05 10:52:34,577 [ERROR] CADModel:125 - Updater not yet initialized, retry later 
2024-01-05 10:52:34,583 [FATAL] Updater:308 - Updater called before beeing initialized
2024-01-05 10:52:34,761 [FATAL] Updater:308 - Updater called before beeing initialized
2024-01-05 10:52:34,773 [INFO] DbMcusAds:53 - JSON generation date=Wed Nov 29 16:22:27 IST 2023 (1701255147349)
2024-01-05 10:52:34,774 [FATAL] Updater:308 - Updater called before beeing initialized
2024-01-05 10:52:34,885 [WARN] DetailPanel:346 - Failed to get advertising image, set to default
2024-01-05 10:52:35,035 [FATAL] Updater:308 - Updater called before beeing initialized
2024-01-05 10:52:35,036 [FATAL] Updater:308 - Updater called before beeing initialized
2024-01-05 10:52:35,037 [FATAL] Updater:308 - Updater called before beeing initialized
2024-01-05 10:52:35,037 [WARN] DetailPanel:346 - Failed to get advertising image, set to default
2024-01-05 10:52:35,037 [FATAL] Updater:308 - Updater called before beeing initialized
2024-01-05 10:52:35,130 [ERROR] Updater:1120 - MainUpdater not yet initialized. External WinMGr cannot be set.
2024-01-05 10:52:35,144 [INFO] Updater:1056 - Updater Version found : 6.10.0
2024-01-05 10:52:35,176 [INFO] ApplicationProperties:184 - Using Application install path: C:\ST\STM32CubeIDE_1.14.0\STM32CubeIDE\plugins\com.st.stm32cube.common.mx_6.10.0.202311202037
2024-01-05 10:52:36,689 [INFO] ThirdPartyUpdaterWithRetryManager:70 - Updater plugin not ready yet. [3/15]
2024-01-05 10:52:36,801 [ERROR] LogOutputStream:75 - [STDERR_REDIRECT] Jan 05, 2024 10:52:36 AM java.util.prefs.WindowsPreferences <init>
2024-01-05 10:52:36,803 [ERROR] LogOutputStream:75 - [STDERR_REDIRECT] WARNING: Could not open/create prefs root node Software\JavaSoft\Prefs at root 0xffffffff80000002. Windows RegCreateKeyEx(...) returned error code 5.
2024-01-05 10:52:36,804 [ERROR] LogOutputStream:75 - [STDERR_REDIRECT] 
2024-01-05 10:52:37,279 [INFO] MainUpdater:2873 - connection check result : 10
2024-01-05 10:52:37,281 [INFO] MainUpdater:290 - Updater Check For Update Now.
2024-01-05 10:52:37,281 [INFO] MicroXplorer:498 - Change Database Version : DB.6.0.100
2024-01-05 10:52:37,302 [INFO] McuFinderGlobals:63 - Set McuFinder mode to 2 (CubeIDE integrated)
2024-01-05 10:52:37,303 [INFO] UserAuth:180 - activating auth plugin
2024-01-05 10:52:37,309 [INFO] UserAuth:404 - Internet connection configuration mode: 1
2024-01-05 10:52:37,342 [INFO] JxBrowserEngine:152 - Initiate JxBrowser Engine with user profile folder
2024-01-05 10:52:37,518 [INFO] CheckServerUpdateThread:120 - End of CheckServer Thread
2024-01-05 10:52:39,945 [WARN] PackLoader:240 - Cannot read IP mode file for STMicroelectronics.X-CUBE-SMBUS.2.1.0
2024-01-05 10:52:39,965 [WARN] PackLoader:240 - Cannot read IP mode file for STMicroelectronics.X-CUBE-TOUCHGFX.4.23.0
2024-01-05 10:52:40,032 [WARN] PackLoader:240 - Cannot read IP mode file for STMicroelectronics.X-CUBE-AZRTOS-F7.1.1.0
2024-01-05 10:52:40,064 [WARN] PackLoader:240 - Cannot read IP mode file for STMicroelectronics.FP-SNS-MOTENV1.4.3.2
2024-01-05 10:52:40,083 [WARN] PackLoader:240 - Cannot read IP mode file for STMicroelectronics.X-CUBE-BLE1.6.2.4
2024-01-05 10:52:40,099 [WARN] PackLoader:240 - Cannot read IP mode file for STMicroelectronics.FP-SNS-FLIGHT1.5.0.2
2024-01-05 10:52:40,121 [WARN] PackLoader:240 - Cannot read IP mode file for STMicroelectronics.X-CUBE-DISPLAY.3.0.0
2024-01-05 10:52:40,142 [WARN] PackLoader:240 - Cannot read IP mode file for STMicroelectronics.X-CUBE-BLE1.7.0.0
2024-01-05 10:52:40,159 [WARN] PackLoader:240 - Cannot read IP mode file for STMicroelectronics.FP-SNS-SMARTAG2.1.2.0
2024-01-05 10:52:40,184 [INFO] LogOutputStream:77 - [STDOUT_REDIRECT] 1 : Invalid condition id : UX_CORESTACK_Condition cause : null
2024-01-05 10:52:40,186 [INFO] LogOutputStream:77 - [STDOUT_REDIRECT] 1 : Invalid condition id : UX_CORESTACK_Condition cause : null
2024-01-05 10:52:40,187 [INFO] LogOutputStream:77 - [STDOUT_REDIRECT] 1 : Invalid condition id : UX_CORESTACK_Condition cause : null
2024-01-05 10:52:40,188 [INFO] LogOutputStream:77 - [STDOUT_REDIRECT] 1 : Invalid condition id : UX_CORESTACK_Condition cause : null
2024-01-05 10:52:40,190 [INFO] LogOutputStream:77 - [STDOUT_REDIRECT] 1 : Invalid condition id : UX_CORESTACK_Condition cause : null
2024-01-05 10:52:40,195 [WARN] PackLoader:240 - Cannot read IP mode file for STMicroelectronics.X-CUBE-AZRTOS-WL.2.0.0
2024-01-05 10:52:40,221 [WARN] PackLoader:240 - Cannot read IP mode file for WES.I-CUBE-Cesium.1.3.0
2024-01-05 10:52:40,237 [WARN] PackLoader:240 - Cannot read IP mode file for STMicroelectronics.X-CUBE-BLE2.3.3.0
2024-01-05 10:52:40,264 [WARN] PackLoader:240 - Cannot read IP mode file for STMicroelectronics.X-CUBE-TOF1.3.2.0
2024-01-05 10:52:40,285 [WARN] PackLoader:240 - Cannot read IP mode file for STMicroelectronics.X-CUBE-TOUCHGFX.4.21.1
2024-01-05 10:52:40,302 [WARN] PackLoader:240 - Cannot read IP mode file for STMicroelectronics.X-CUBE-ALGOBUILD.1.3.0
2024-01-05 10:52:40,343 [WARN] PackLoader:240 - Cannot read IP mode file for STMicroelectronics.X-CUBE-AZRTOS-G0.1.1.0
2024-01-05 10:52:40,362 [WARN] PackLoader:240 - Cannot read IP mode file for STMicroelectronics.X-CUBE-NFC4.3.0.0
2024-01-05 10:52:40,383 [WARN] PackLoader:240 - Cannot read IP mode file for STMicroelectronics.X-CUBE-BLEMGR.3.0.0
2024-01-05 10:52:40,406 [WARN] PackLoader:240 - Cannot read IP mode file for STMicroelectronics.X-CUBE-BLEMGR.1.3.0
2024-01-05 10:52:40,424 [WARN] PackLoader:240 - Cannot read IP mode file for STMicroelectronics.FP-ATR-SIGFOX1.3.2.0
2024-01-05 10:52:40,485 [WARN] PackLoader:240 - Cannot read IP mode file for STMicroelectronics.X-CUBE-MEMS1.9.5.0
2024-01-05 10:52:40,713 [WARN] PackLoader:240 - Cannot read IP mode file for SEGGER.I-CUBE-embOS.1.3.1
2024-01-05 10:52:40,768 [WARN] PackLoader:240 - Cannot read IP mode file for STMicroelectronics.X-CUBE-GNSS1.6.0.0
2024-01-05 10:52:40,809 [WARN] PackLoader:240 - Cannot read IP mode file for STMicroelectronics.X-CUBE-AZRTOS-F4.1.1.0
2024-01-05 10:52:40,852 [WARN] PackLoader:240 - Cannot read IP mode file for STMicroelectronics.X-CUBE-AZRTOS-L5.2.0.0
2024-01-05 10:52:40,870 [WARN] PackLoader:240 - Cannot read IP mode file for STMicroelectronics.X-CUBE-EEPRMA1.4.2.0
2024-01-05 10:52:40,899 [WARN] PackLoader:240 - Cannot read IP mode file for ITTIA_DB.I-CUBE-ITTIADB.8.8.0
2024-01-05 10:52:40,918 [WARN] PackLoader:240 - Cannot read IP mode file for emotas.I-CUBE-CANOPEN.1.1.3
2024-01-05 10:52:40,939 [WARN] PackLoader:240 - Cannot read IP mode file for STMicroelectronics.X-CUBE-BLEMGR.2.0.0
2024-01-05 10:52:40,966 [WARN] PackLoader:240 - Cannot read IP mode file for wolfSSL.I-CUBE-wolfSSL.5.5.4
2024-01-05 10:52:40,998 [WARN] PackLoader:240 - Cannot read IP mode file for STMicroelectronics.X-CUBE-NFC7.1.0.1
2024-01-05 10:52:41,023 [WARN] PackLoader:240 - Cannot read IP mode file for STMicroelectronics.X-CUBE-NFC7.1.0.0
2024-01-05 10:52:41,041 [WARN] PackLoader:240 - Cannot read IP mode file for STMicroelectronics.X-CUBE-NFC6.3.0.0
2024-01-05 10:52:41,063 [WARN] PackLoader:240 - Cannot read IP mode file for STMicroelectronics.X-CUBE-EEPRMA1.4.1.0
2024-01-05 10:52:41,086 [WARN] PackLoader:240 - Cannot read IP mode file for STMicroelectronics.X-CUBE-AI.8.1.0
2024-01-05 10:52:41,121 [WARN] ConditionMgr:438 - getConditionDescription Invalid condition id : LAN8742 Phy interface Condition cause : null
2024-01-05 10:52:41,122 [WARN] PackLoader:240 - Cannot read IP mode file for STMicroelectronics.X-CUBE-AZRTOS-L4.2.0.0
2024-01-05 10:52:41,123 [WARN] ConditionMgr:1039 - genDependencies : Invalid condition id : LAN8742 Phy interface Condition cause : null
2024-01-05 10:52:41,123 [WARN] ConditionMgr:1039 - genDependencies : Invalid condition id : LAN8742 Phy interface Condition cause : null
2024-01-05 10:52:41,124 [WARN] ConditionMgr:1039 - genDependencies : Invalid condition id : LAN8742 Phy interface Condition cause : null
2024-01-05 10:52:41,149 [WARN] PackLoader:240 - Cannot read IP mode file for STMicroelectronics.X-CUBE-SFXS2LP1.4.0.0
2024-01-05 10:52:41,251 [WARN] PackLoader:240 - Cannot read IP mode file for STMicroelectronics.X-CUBE-AZRTOS-H7.3.0.0
2024-01-05 10:52:41,288 [WARN] PackLoader:240 - Cannot read IP mode file for STMicroelectronics.X-CUBE-ISPU.1.1.0
2024-01-05 10:52:41,331 [WARN] PackLoader:240 - Cannot read IP mode file for RoweBots.I-CUBE-UNISONRTOS.5.5.0-4
2024-01-05 10:52:41,353 [WARN] PackLoader:240 - Cannot read IP mode file for STMicroelectronics.X-CUBE-AI.8.0.0
2024-01-05 10:52:41,390 [WARN] ConditionMgr:438 - getConditionDescription Invalid condition id : UX DEVICE CLASS RTOS Condition cause : null
2024-01-05 10:52:41,391 [WARN] ConditionMgr:438 - getConditionDescription Invalid condition id : UX DEVICE CLASS RTOS Condition cause : null
2024-01-05 10:52:41,393 [WARN] PackLoader:240 - Cannot read IP mode file for STMicroelectronics.X-CUBE-AZRTOS-WB.2.0.0
2024-01-05 10:52:41,397 [WARN] ConditionMgr:1039 - genDependencies : Invalid condition id : UX DEVICE CLASS RTOS Condition cause : null
2024-01-05 10:52:41,400 [WARN] ConditionMgr:1039 - genDependencies : Invalid condition id : UX DEVICE CLASS RTOS Condition cause : null
2024-01-05 10:52:41,401 [WARN] ConditionMgr:1039 - genDependencies : Invalid condition id : UX DEVICE CLASS RTOS Condition cause : null
2024-01-05 10:52:41,401 [WARN] ConditionMgr:1039 - genDependencies : Invalid condition id : UX DEVICE CLASS RTOS Condition cause : null
2024-01-05 10:52:41,401 [WARN] ConditionMgr:1039 - genDependencies : Invalid condition id : UX DEVICE CLASS RTOS Condition cause : null
2024-01-05 10:52:41,513 [WARN] PackLoader:240 - Cannot read IP mode file for STMicroelectronics.X-CUBE-FREERTOS.1.0.0
2024-01-05 10:52:41,552 [WARN] PackLoader:240 - Cannot read IP mode file for STMicroelectronics.X-CUBE-AZRTOS-L5.1.1.0
2024-01-05 10:52:41,583 [WARN] PackLoader:240 - Cannot read IP mode file for STMicroelectronics.X-CUBE-SUBG2.5.0.0
2024-01-05 10:52:41,609 [INFO] WebApp:161 - Instantiating new browser for Auth
2024-01-05 10:52:41,618 [WARN] PackLoader:240 - Cannot read IP mode file for STMicroelectronics.X-CUBE-AZRTOS-G4.2.0.0
2024-01-05 10:52:41,651 [WARN] PackLoader:240 - Cannot read IP mode file for STMicroelectronics.FP-ATR-ASTRA1.1.1.1
2024-01-05 10:52:41,695 [WARN] PackLoader:240 - Cannot read IP mode file for Infineon.AIROC-Wi-Fi-Bluetooth-STM32.1.5.1
2024-01-05 10:52:41,720 [WARN] PackLoader:240 - Cannot read IP mode file for STMicroelectronics.FP-SNS-MOTENVWB1.1.3.1
2024-01-05 10:52:41,751 [WARN] PackLoader:240 - Cannot read IP mode file for STMicroelectronics.X-CUBE-AZRTOS-G4.1.0.0
2024-01-05 10:52:41,781 [WARN] PackLoader:240 - Cannot read IP mode file for STMicroelectronics.X-CUBE-AZRTOS-L4.1.0.0
2024-01-05 10:52:41,805 [WARN] PackLoader:240 - Cannot read IP mode file for STMicroelectronics.X-CUBE-ISPU.2.0.0
2024-01-05 10:52:41,867 [WARN] PackLoader:240 - Cannot read IP mode file for STMicroelectronics.X-CUBE-MEMS1.10.0.0
2024-01-05 10:52:42,060 [WARN] PackLoader:240 - Cannot read IP mode file for STMicroelectronics.X-CUBE-FREERTOS.1.1.0
2024-01-05 10:52:42,090 [WARN] PackLoader:240 - Cannot read IP mode file for STMicroelectronics.X-CUBE-AZRTOS-WL.1.0.0
2024-01-05 10:52:42,109 [WARN] PackLoader:240 - Cannot read IP mode file for portGmbH.I-Cube-SoM-uGOAL.1.1.0
2024-01-05 10:52:42,123 [WARN] PackLoader:240 - Cannot read IP mode file for STMicroelectronics.X-CUBE-ALS.1.0.1
2024-01-05 10:52:42,150 [WARN] PackLoader:240 - Cannot read IP mode file for STMicroelectronics.X-CUBE-AZRTOS-WB.1.1.0
2024-01-05 10:52:42,163 [WARN] PackLoader:240 - Cannot read IP mode file for STMicroelectronics.FP-ATR-ASTRA1.2.0.0
2024-01-05 10:52:42,182 [WARN] PackLoader:240 - Cannot read IP mode file for STMicroelectronics.X-CUBE-TOF1.3.4.0
2024-01-05 10:52:42,224 [WARN] PackLoader:240 - Cannot read IP mode file for STMicroelectronics.X-CUBE-AZRTOS-H7.3.2.0
2024-01-05 10:52:42,229 [INFO] ThirdParty:978 - Integrity check success = true
2024-01-05 10:52:42,229 [INFO] IntegrityCheckThread:100 - exiting critical section [integrity check]
2024-01-05 10:52:42,229 [INFO] IntegrityCheckThread:103 - End integrity checks thread
2024-01-05 10:52:42,734 [INFO] WebApp:780 - Register for checkConnection events
2024-01-05 10:52:42,734 [INFO] WebApp:414 - Apply proxy settings
2024-01-05 10:52:42,735 [INFO] WebApp:499 - Chromium requires no authentication
2024-01-05 10:52:42,749 [INFO] WebApp:442 - Direct internet connection detected
2024-01-05 10:52:43,104 [INFO] WebApp:192 - Starting web application
2024-01-05 10:52:43,105 [INFO] WebApp:544 - Web application path used C:\ST\STM32CubeIDE_1.14.0\STM32CubeIDE\plugins\com.st.stm32cube.common.mx_6.10.0.202311202037\db\plugins\mcufinder\reactClient1\index.html
2024-01-05 10:53:04,689 [ERROR] LogOutputStream:75 - [STDERR_REDIRECT] SLF4J: Failed to load class "org.slf4j.impl.StaticLoggerBinder".
2024-01-05 10:53:04,690 [ERROR] LogOutputStream:75 - [STDERR_REDIRECT] SLF4J: Defaulting to no-operation (NOP) logger implementation
2024-01-05 10:53:04,691 [ERROR] LogOutputStream:75 - [STDERR_REDIRECT] SLF4J: See http://www.slf4j.org/codes.html#StaticLoggerBinder for further details.
2024-01-05 12:29:06,923 [ERROR] LogOutputStream:75 - [STDERR_REDIRECT] 
2024-01-05 12:29:06,925 [ERROR] LogOutputStream:75 - [STDERR_REDIRECT] 
