2023-12-26 15:31:37,439 [INFO] Activator:176 - 


2023-12-26 15:31:37,446 [INFO] Activator:177 - !SESSION log4j initialized
2023-12-26 15:31:42,944 [INFO] LogOutputStream:77 - [STDOUT_REDIRECT] 
2023-12-26 15:31:45,761 [INFO] ApplicationProperties:184 - Using Application install path: C:\ST\STM32CubeIDE_1.14.0\STM32CubeIDE\plugins\com.st.stm32cube.common.mx_6.10.0.202311202037
2023-12-26 15:31:45,797 [INFO] DbMcusXml:78 - Set database path to: C:\ST\STM32CubeIDE_1.14.0\STM32CubeIDE\plugins\com.st.stm32cube.common.mx_6.10.0.202311202037\\db\/mcu/
2023-12-26 15:31:45,798 [INFO] ApiDb:274 - Set plugin database path to: C:\ST\STM32CubeIDE_1.14.0\STM32CubeIDE\plugins\com.st.stm32cube.common.mx_6.10.0.202311202037\\db\/plugins/boardmanager/
2023-12-26 15:31:45,800 [WARN] ApiDb:259 - Overriding images path with different value:  => C:\ST\STM32CubeIDE_1.14.0\STM32CubeIDE\plugins\com.st.stm32cube.common.mx_6.10.0.202311202037\\db\/plugins/mcufinder/images/
2023-12-26 15:31:45,813 [INFO] ApiDb:250 - Set database path to: C:\Users\sudh1\.stmcufinder\plugins\mcufinder//mcu/
2023-12-26 15:31:45,815 [INFO] DbMcusAds:125 - Set database path to: C:\Users\sudh1\.stmcufinder\plugins\mcufinder//mcu/
2023-12-26 15:31:45,817 [INFO] CrossReferenceDbSqlite:203 - Set database path to: C:\Users\sudh1\.stmcufinder\plugins\mcufinder//mcu/cs/
2023-12-26 15:31:46,010 [INFO] RulesReader:64 - Compatibility file has been processed (297 Rules)
2023-12-26 15:31:46,108 [INFO] DbMcusXml:78 - Set database path to: C:\ST\STM32CubeIDE_1.14.0\STM32CubeIDE\plugins\com.st.stm32cube.common.mx_6.10.0.202311202037\\db\/mcu/
2023-12-26 15:31:46,108 [INFO] ApiDb:274 - Set plugin database path to: C:\ST\STM32CubeIDE_1.14.0\STM32CubeIDE\plugins\com.st.stm32cube.common.mx_6.10.0.202311202037\\db\/plugins/boardmanager/
2023-12-26 15:31:46,110 [INFO] ApiDb:261 - Set plugin images path to: C:\ST\STM32CubeIDE_1.14.0\STM32CubeIDE\plugins\com.st.stm32cube.common.mx_6.10.0.202311202037\\db\/plugins/mcufinder/images/
2023-12-26 15:31:46,110 [WARN] DbFile:41 - Overriding database path with different value: C:\Users\sudh1\.stmcufinder\plugins\mcufinder/ => C:\Users\sudh1\.stmcufinder\plugins\mcufinder
2023-12-26 15:31:46,110 [INFO] ApiDb:250 - Set database path to: C:\Users\sudh1\.stmcufinder\plugins\mcufinder//mcu/
2023-12-26 15:31:46,110 [WARN] DbFile:41 - Overriding database path with different value: C:\Users\sudh1\.stmcufinder\plugins\mcufinder/ => C:\Users\sudh1\.stmcufinder\plugins\mcufinder
2023-12-26 15:31:46,110 [INFO] DbMcusAds:125 - Set database path to: C:\Users\sudh1\.stmcufinder\plugins\mcufinder//mcu/
2023-12-26 15:31:46,110 [WARN] DbFile:41 - Overriding database path with different value: C:\Users\sudh1\.stmcufinder\plugins\mcufinder/ => C:\Users\sudh1\.stmcufinder\plugins\mcufinder
2023-12-26 15:31:46,111 [WARN] DbFile:41 - Overriding database path with different value: C:\Users\sudh1\.stmcufinder\plugins\mcufinder/ => C:\Users\sudh1\.stmcufinder\plugins\mcufinder
2023-12-26 15:31:46,111 [INFO] CrossReferenceDbSqlite:203 - Set database path to: C:\Users\sudh1\.stmcufinder\plugins\mcufinder//mcu/cs/
2023-12-26 15:31:46,211 [INFO] MainPanel:264 - HeapMemory: 268435456
2023-12-26 15:31:46,360 [INFO] DbMcusXml:78 - Set database path to: C:\ST\STM32CubeIDE_1.14.0\STM32CubeIDE\plugins\com.st.stm32cube.common.mx_6.10.0.202311202037\\db\/mcu/
2023-12-26 15:31:46,360 [INFO] ApiDb:274 - Set plugin database path to: C:\ST\STM32CubeIDE_1.14.0\STM32CubeIDE\plugins\com.st.stm32cube.common.mx_6.10.0.202311202037\\db\/plugins/boardmanager/
2023-12-26 15:31:46,360 [INFO] ApiDb:261 - Set plugin images path to: C:\ST\STM32CubeIDE_1.14.0\STM32CubeIDE\plugins\com.st.stm32cube.common.mx_6.10.0.202311202037\\db\/plugins/mcufinder/images/
2023-12-26 15:31:46,360 [WARN] DbFile:41 - Overriding database path with different value: C:\Users\sudh1\.stmcufinder\plugins\mcufinder/ => C:\Users\sudh1\.stmcufinder\plugins\mcufinder
2023-12-26 15:31:46,360 [INFO] ApiDb:250 - Set database path to: C:\Users\sudh1\.stmcufinder\plugins\mcufinder//mcu/
2023-12-26 15:31:46,360 [WARN] DbFile:41 - Overriding database path with different value: C:\Users\sudh1\.stmcufinder\plugins\mcufinder/ => C:\Users\sudh1\.stmcufinder\plugins\mcufinder
2023-12-26 15:31:46,360 [INFO] DbMcusAds:125 - Set database path to: C:\Users\sudh1\.stmcufinder\plugins\mcufinder//mcu/
2023-12-26 15:31:46,360 [WARN] DbFile:41 - Overriding database path with different value: C:\Users\sudh1\.stmcufinder\plugins\mcufinder/ => C:\Users\sudh1\.stmcufinder\plugins\mcufinder
2023-12-26 15:31:46,361 [WARN] DbFile:41 - Overriding database path with different value: C:\Users\sudh1\.stmcufinder\plugins\mcufinder/ => C:\Users\sudh1\.stmcufinder\plugins\mcufinder
2023-12-26 15:31:46,361 [INFO] CrossReferenceDbSqlite:203 - Set database path to: C:\Users\sudh1\.stmcufinder\plugins\mcufinder//mcu/cs/
2023-12-26 15:31:46,382 [INFO] ApplicationProperties:184 - Using Application install path: C:\ST\STM32CubeIDE_1.14.0\STM32CubeIDE\plugins\com.st.stm32cube.common.mx_6.10.0.202311202037
2023-12-26 15:31:46,384 [INFO] PluginManage:196 - Search for loadable plugins [exclusion list=, ]
2023-12-26 15:31:46,386 [INFO] PluginManage:310 - Check plugin analytics
2023-12-26 15:31:46,567 [INFO] AnalyticsPlugin:253 - Accepted Software Licenses: 
2023-12-26 15:31:46,567 [INFO] AnalyticsPlugin:255 - Accepted CMSIS Pack Licenses: 
2023-12-26 15:31:46,567 [INFO] AnalyticsPlugin:257 - Accepted Firmware Licenses: 
2023-12-26 15:31:46,570 [INFO] PluginManage:359 - Loaded plugin analytics (category:tool,tabindex:-1)
2023-12-26 15:31:46,570 [INFO] PluginManage:310 - Check plugin cadmodel
2023-12-26 15:31:46,586 [INFO] CADModel:105 - Init CAD model plugin
2023-12-26 15:31:46,587 [INFO] PluginManage:359 - Loaded plugin cadmodel (category:power,tabindex:5)
2023-12-26 15:31:46,587 [INFO] PluginManage:310 - Check plugin clock
2023-12-26 15:31:46,608 [INFO] PluginManage:359 - Loaded plugin clock (category:base,tabindex:2)
2023-12-26 15:31:46,608 [INFO] PluginManage:310 - Check plugin ddr
2023-12-26 15:31:46,611 [INFO] PluginManage:359 - Loaded plugin ddr (category:tool,tabindex:6)
2023-12-26 15:31:46,612 [INFO] PluginManage:310 - Check plugin filemanager
2023-12-26 15:31:46,777 [INFO] PluginManage:359 - Loaded plugin filemanager (category:base,tabindex:10)
2023-12-26 15:31:46,777 [INFO] PluginManage:310 - Check plugin ipmanager
2023-12-26 15:31:46,786 [INFO] PluginManage:359 - Loaded plugin ipmanager (category:base,tabindex:5)
2023-12-26 15:31:46,786 [INFO] PluginManage:310 - Check plugin lpbam
2023-12-26 15:31:46,807 [INFO] PluginManage:359 - Loaded plugin lpbam (category:base,tabindex:0)
2023-12-26 15:31:46,807 [INFO] PluginManage:310 - Check plugin memorymap
2023-12-26 15:31:46,841 [INFO] PluginManage:359 - Loaded plugin memorymap (category:base,tabindex:4)
2023-12-26 15:31:46,842 [INFO] PluginManage:310 - Check plugin pinoutandconfiguration
2023-12-26 15:31:46,864 [INFO] PluginManage:359 - Loaded plugin pinoutandconfiguration (category:base,tabindex:1)
2023-12-26 15:31:46,865 [INFO] PluginManage:310 - Check plugin pinoutconfig
2023-12-26 15:31:46,982 [WARN] SupportedApi:132 - Cannot load RTOS API schema: s4s-elt-must-match.1: The content of 'definitions' must match (annotation?, (simpleType | complexType)?, (unique | key | keyref)*)). A problem was found starting at: attribute.
2023-12-26 15:31:47,125 [INFO] PluginManage:359 - Loaded plugin pinoutconfig (category:base,tabindex:0)
2023-12-26 15:31:47,125 [INFO] PluginManage:310 - Check plugin power
2023-12-26 15:31:47,151 [INFO] PluginManage:359 - Loaded plugin power (category:power,tabindex:4)
2023-12-26 15:31:47,151 [INFO] PluginManage:310 - Check plugin projectmanager
2023-12-26 15:31:47,170 [INFO] PluginManage:359 - Loaded plugin projectmanager (category:projectmanager,tabindex:3)
2023-12-26 15:31:47,171 [INFO] PluginManage:310 - Check plugin thirdparty
2023-12-26 15:31:47,496 [INFO] PluginManage:359 - Loaded plugin thirdparty (category:base,tabindex:-1)
2023-12-26 15:31:47,496 [INFO] PluginManage:310 - Check plugin tools
2023-12-26 15:31:47,496 [WARN] IntegrityCheckThread:84 - waiting for thirdparty lock release [integrity check]
2023-12-26 15:31:47,496 [INFO] IntegrityCheckThread:86 - entering critical section [integrity check]
2023-12-26 15:31:47,497 [INFO] ThirdPartyUpdaterWithRetryManager:70 - Updater plugin not ready yet. [1/15]
2023-12-26 15:31:47,534 [INFO] PluginManage:359 - Loaded plugin tools (category:base,tabindex:7)
2023-12-26 15:31:47,534 [INFO] PluginManage:310 - Check plugin tutovideos
2023-12-26 15:31:47,757 [INFO] PluginManage:359 - Loaded plugin tutovideos (category:base,tabindex:-1)
2023-12-26 15:31:47,757 [INFO] PluginManage:310 - Check plugin updater
2023-12-26 15:31:47,771 [INFO] PluginManage:359 - Loaded plugin updater (category:base,tabindex:12)
2023-12-26 15:31:47,772 [INFO] PluginManage:310 - Check plugin userauth
2023-12-26 15:31:47,779 [INFO] UserAuth:114 - Init User Auth plugin
2023-12-26 15:31:47,779 [INFO] PluginManage:359 - Loaded plugin userauth (category:base,tabindex:14)
2023-12-26 15:31:47,780 [INFO] PluginManage:283 - PluginManage : Loaded plugins [17]
2023-12-26 15:31:48,053 [INFO] PinOutPanel:1499 - setPackage(No Configuration,No Configuration)
2023-12-26 15:31:48,138 [INFO] CADModel:165 - CPN selected for project level
2023-12-26 15:31:48,138 [INFO] CADModel:114 - Register for checkConnection events
2023-12-26 15:31:48,172 [INFO] IPUIPlugin:80 - create IPUIPlugin
2023-12-26 15:31:48,172 [INFO] PluginManager:220 - loadIPPluginJar : add adc
2023-12-26 15:31:48,214 [INFO] IPUIPlugin:80 - create IPUIPlugin
2023-12-26 15:31:48,214 [INFO] PluginManager:220 - loadIPPluginJar : add aes
2023-12-26 15:31:48,262 [INFO] IPUIPlugin:80 - create IPUIPlugin
2023-12-26 15:31:48,262 [INFO] PluginManager:220 - loadIPPluginJar : add can
2023-12-26 15:31:48,300 [INFO] IPUIPlugin:80 - create IPUIPlugin
2023-12-26 15:31:48,300 [INFO] PluginManager:220 - loadIPPluginJar : add comp
2023-12-26 15:31:48,373 [INFO] IPUIPlugin:80 - create IPUIPlugin
2023-12-26 15:31:48,374 [INFO] PluginManager:220 - loadIPPluginJar : add cryp
2023-12-26 15:31:48,425 [INFO] IPUIPlugin:80 - create IPUIPlugin
2023-12-26 15:31:48,425 [INFO] PluginManager:220 - loadIPPluginJar : add dfsdm
2023-12-26 15:31:48,451 [INFO] IPUIPlugin:80 - create IPUIPlugin
2023-12-26 15:31:48,452 [INFO] PluginManager:220 - loadIPPluginJar : add dma
2023-12-26 15:31:48,523 [INFO] IPUIPlugin:80 - create IPUIPlugin
2023-12-26 15:31:48,523 [INFO] PluginManager:220 - loadIPPluginJar : add dma3
2023-12-26 15:31:48,545 [INFO] IPUIPlugin:80 - create IPUIPlugin
2023-12-26 15:31:48,545 [INFO] PluginManager:220 - loadIPPluginJar : add fatfs
2023-12-26 15:31:48,623 [INFO] IPUIPlugin:80 - create IPUIPlugin
2023-12-26 15:31:48,623 [INFO] PluginManager:220 - loadIPPluginJar : add fmc
2023-12-26 15:31:48,652 [INFO] IPUIPlugin:80 - create IPUIPlugin
2023-12-26 15:31:48,652 [INFO] PluginManager:220 - loadIPPluginJar : add freertos
2023-12-26 15:31:48,691 [INFO] IPUIPlugin:80 - create IPUIPlugin
2023-12-26 15:31:48,691 [INFO] PluginManager:220 - loadIPPluginJar : add genericplugin
2023-12-26 15:31:48,798 [INFO] IPUIPlugin:80 - create IPUIPlugin
2023-12-26 15:31:48,798 [INFO] PluginManager:220 - loadIPPluginJar : add gfxmmu
2023-12-26 15:31:48,932 [INFO] IPUIPlugin:80 - create IPUIPlugin
2023-12-26 15:31:48,932 [INFO] PluginManager:220 - loadIPPluginJar : add gic
2023-12-26 15:31:48,948 [INFO] IPUIPlugin:80 - create IPUIPlugin
2023-12-26 15:31:48,948 [INFO] PluginManager:220 - loadIPPluginJar : add gpio
2023-12-26 15:31:49,055 [INFO] IPUIPlugin:80 - create IPUIPlugin
2023-12-26 15:31:49,056 [INFO] PluginManager:220 - loadIPPluginJar : add gtzc
2023-12-26 15:31:49,090 [INFO] IPUIPlugin:80 - create IPUIPlugin
2023-12-26 15:31:49,090 [INFO] PluginManager:220 - loadIPPluginJar : add hash
2023-12-26 15:31:49,148 [INFO] IPUIPlugin:80 - create IPUIPlugin
2023-12-26 15:31:49,148 [INFO] PluginManager:220 - loadIPPluginJar : add i2c
2023-12-26 15:31:49,221 [INFO] IPUIPlugin:80 - create IPUIPlugin
2023-12-26 15:31:49,221 [INFO] PluginManager:220 - loadIPPluginJar : add i2s
2023-12-26 15:31:49,280 [INFO] IPUIPlugin:80 - create IPUIPlugin
2023-12-26 15:31:49,280 [INFO] PluginManager:220 - loadIPPluginJar : add i3c
2023-12-26 15:31:49,446 [INFO] IPUIPlugin:80 - create IPUIPlugin
2023-12-26 15:31:49,447 [INFO] PluginManager:220 - loadIPPluginJar : add ipddr
2023-12-26 15:31:49,603 [INFO] IPUIPlugin:80 - create IPUIPlugin
2023-12-26 15:31:49,604 [INFO] PluginManager:220 - loadIPPluginJar : add linkedlist
2023-12-26 15:31:49,639 [INFO] IPUIPlugin:80 - create IPUIPlugin
2023-12-26 15:31:49,639 [INFO] PluginManager:220 - loadIPPluginJar : add lorawan
2023-12-26 15:31:49,677 [INFO] IPUIPlugin:80 - create IPUIPlugin
2023-12-26 15:31:49,677 [INFO] PluginManager:220 - loadIPPluginJar : add ltdc
2023-12-26 15:31:49,693 [INFO] IPUIPlugin:80 - create IPUIPlugin
2023-12-26 15:31:49,693 [INFO] PluginManager:220 - loadIPPluginJar : add mdma
2023-12-26 15:31:49,707 [INFO] IPUIPlugin:80 - create IPUIPlugin
2023-12-26 15:31:49,707 [INFO] PluginManager:220 - loadIPPluginJar : add nvic
2023-12-26 15:31:49,750 [INFO] IPUIPlugin:80 - create IPUIPlugin
2023-12-26 15:31:49,751 [INFO] PluginManager:220 - loadIPPluginJar : add opamp
2023-12-26 15:31:49,832 [INFO] IPUIPlugin:80 - create IPUIPlugin
2023-12-26 15:31:49,833 [INFO] PluginManager:220 - loadIPPluginJar : add openamp
2023-12-26 15:31:49,902 [INFO] IPUIPlugin:80 - create IPUIPlugin
2023-12-26 15:31:49,902 [INFO] PluginManager:220 - loadIPPluginJar : add pdm2pcm
2023-12-26 15:31:49,918 [INFO] IPUIPlugin:80 - create IPUIPlugin
2023-12-26 15:31:49,921 [INFO] PluginManager:220 - loadIPPluginJar : add plateformsettings
2023-12-26 15:31:49,946 [INFO] IPUIPlugin:80 - create IPUIPlugin
2023-12-26 15:31:49,946 [INFO] PluginManager:220 - loadIPPluginJar : add quadspi
2023-12-26 15:31:49,962 [INFO] IPUIPlugin:80 - create IPUIPlugin
2023-12-26 15:31:49,962 [INFO] PluginManager:220 - loadIPPluginJar : add resmgrutility
2023-12-26 15:31:50,048 [INFO] IPUIPlugin:80 - create IPUIPlugin
2023-12-26 15:31:50,049 [INFO] PluginManager:220 - loadIPPluginJar : add sai
2023-12-26 15:31:50,103 [INFO] IPUIPlugin:80 - create IPUIPlugin
2023-12-26 15:31:50,103 [INFO] PluginManager:220 - loadIPPluginJar : add spi
2023-12-26 15:31:50,192 [INFO] IPUIPlugin:80 - create IPUIPlugin
2023-12-26 15:31:50,192 [INFO] PluginManager:220 - loadIPPluginJar : add stm32_wpan
2023-12-26 15:31:50,223 [INFO] IPUIPlugin:80 - create IPUIPlugin
2023-12-26 15:31:50,223 [INFO] PluginManager:220 - loadIPPluginJar : add tim
2023-12-26 15:31:50,283 [INFO] IPUIPlugin:80 - create IPUIPlugin
2023-12-26 15:31:50,283 [INFO] PluginManager:220 - loadIPPluginJar : add touchsensing
2023-12-26 15:31:50,312 [INFO] IPUIPlugin:80 - create IPUIPlugin
2023-12-26 15:31:50,313 [INFO] PluginManager:220 - loadIPPluginJar : add tracer_emb
2023-12-26 15:31:50,339 [INFO] IPUIPlugin:80 - create IPUIPlugin
2023-12-26 15:31:50,339 [INFO] PluginManager:220 - loadIPPluginJar : add ts
2023-12-26 15:31:50,362 [INFO] IPUIPlugin:80 - create IPUIPlugin
2023-12-26 15:31:50,363 [INFO] PluginManager:220 - loadIPPluginJar : add tsc
2023-12-26 15:31:50,388 [INFO] IPUIPlugin:80 - create IPUIPlugin
2023-12-26 15:31:50,388 [INFO] PluginManager:220 - loadIPPluginJar : add ucpd
2023-12-26 15:31:50,436 [INFO] IPUIPlugin:80 - create IPUIPlugin
2023-12-26 15:31:50,436 [INFO] PluginManager:220 - loadIPPluginJar : add usart
2023-12-26 15:31:50,481 [INFO] IPUIPlugin:80 - create IPUIPlugin
2023-12-26 15:31:50,481 [INFO] PluginManager:220 - loadIPPluginJar : add usbx
2023-12-26 15:31:50,499 [INFO] ThirdPartyUpdaterWithRetryManager:70 - Updater plugin not ready yet. [2/15]
2023-12-26 15:31:50,617 [INFO] CADModel:165 - CPN selected for project level
2023-12-26 15:31:50,617 [INFO] CADModel:114 - Register for checkConnection events
2023-12-26 15:31:50,618 [FATAL] Updater:308 - Updater called before beeing initialized
2023-12-26 15:31:50,618 [ERROR] CADModel:125 - Updater not yet initialized, retry later 
2023-12-26 15:31:50,804 [INFO] CADModel:165 - CPN selected for project level
2023-12-26 15:31:50,804 [INFO] CADModel:114 - Register for checkConnection events
2023-12-26 15:31:50,804 [FATAL] Updater:308 - Updater called before beeing initialized
2023-12-26 15:31:50,804 [ERROR] CADModel:125 - Updater not yet initialized, retry later 
2023-12-26 15:31:50,809 [FATAL] Updater:308 - Updater called before beeing initialized
2023-12-26 15:31:50,933 [FATAL] Updater:308 - Updater called before beeing initialized
2023-12-26 15:31:50,945 [INFO] DbMcusAds:53 - JSON generation date=Wed Nov 29 16:22:27 IST 2023 (1701255147349)
2023-12-26 15:31:50,945 [FATAL] Updater:308 - Updater called before beeing initialized
2023-12-26 15:31:51,066 [WARN] DetailPanel:346 - Failed to get advertising image, set to default
2023-12-26 15:31:51,166 [FATAL] Updater:308 - Updater called before beeing initialized
2023-12-26 15:31:51,169 [FATAL] Updater:308 - Updater called before beeing initialized
2023-12-26 15:31:51,169 [FATAL] Updater:308 - Updater called before beeing initialized
2023-12-26 15:31:51,169 [WARN] DetailPanel:346 - Failed to get advertising image, set to default
2023-12-26 15:31:51,170 [FATAL] Updater:308 - Updater called before beeing initialized
2023-12-26 15:31:51,242 [ERROR] Updater:1120 - MainUpdater not yet initialized. External WinMGr cannot be set.
2023-12-26 15:31:51,254 [INFO] Updater:1056 - Updater Version found : 6.10.0
2023-12-26 15:31:51,280 [INFO] ApplicationProperties:184 - Using Application install path: C:\ST\STM32CubeIDE_1.14.0\STM32CubeIDE\plugins\com.st.stm32cube.common.mx_6.10.0.202311202037
2023-12-26 15:31:52,905 [ERROR] LogOutputStream:75 - [STDERR_REDIRECT] Dec 26, 2023 3:31:52 PM java.util.prefs.WindowsPreferences <init>
2023-12-26 15:31:52,909 [ERROR] LogOutputStream:75 - [STDERR_REDIRECT] WARNING: Could not open/create prefs root node Software\JavaSoft\Prefs at root 0xffffffff80000002. Windows RegCreateKeyEx(...) returned error code 5.
2023-12-26 15:31:52,910 [ERROR] LogOutputStream:75 - [STDERR_REDIRECT] 
2023-12-26 15:31:53,251 [INFO] MainUpdater:2873 - connection check result : 10
2023-12-26 15:31:53,251 [INFO] MainUpdater:3567 - Updater definition file requires update
2023-12-26 15:31:53,252 [INFO] MainUpdater:290 - Updater Check For Update Now.
2023-12-26 15:31:53,253 [INFO] MicroXplorer:498 - Change Database Version : DB.6.0.100
2023-12-26 15:31:53,283 [INFO] McuFinderGlobals:63 - Set McuFinder mode to 2 (CubeIDE integrated)
2023-12-26 15:31:53,283 [INFO] UserAuth:180 - activating auth plugin
2023-12-26 15:31:53,287 [INFO] UserAuth:404 - Internet connection configuration mode: 1
2023-12-26 15:31:53,314 [INFO] JxBrowserEngine:152 - Initiate JxBrowser Engine with user profile folder
2023-12-26 15:31:53,426 [INFO] ServerAccessManage:473 - Download File updaters.zip
2023-12-26 15:31:53,501 [WARN] MainUpdater:1194 - Updater busy. Cannot search thirdparties
2023-12-26 15:31:53,501 [INFO] ThirdPartyUpdaterWithRetryManager:96 - Updater plugin is busy. [1/15]
2023-12-26 15:31:53,547 [INFO] FileExtend:240 - Unzip File : updaters.zip
2023-12-26 15:31:53,547 [INFO] FileExtend:255 - Standard Zip Deflate
2023-12-26 15:31:54,003 [INFO] ServerAccessManage:473 - Download File PacksControlFlags.xml
2023-12-26 15:31:54,170 [INFO] ServerAccessManage:473 - Download File cubemx.pidx
2023-12-26 15:31:54,329 [INFO] LoadServerUpdatesThread:375 - End of LoadServerUpdate Thread
2023-12-26 15:31:54,541 [INFO] CheckServerUpdateThread:120 - End of CheckServer Thread
2023-12-26 15:31:56,707 [WARN] PackLoader:240 - Cannot read IP mode file for STMicroelectronics.X-CUBE-SMBUS.2.1.0
2023-12-26 15:31:56,724 [WARN] PackLoader:240 - Cannot read IP mode file for STMicroelectronics.X-CUBE-TOUCHGFX.4.23.0
2023-12-26 15:31:56,786 [WARN] PackLoader:240 - Cannot read IP mode file for STMicroelectronics.X-CUBE-AZRTOS-F7.1.1.0
2023-12-26 15:31:56,814 [WARN] PackLoader:240 - Cannot read IP mode file for STMicroelectronics.FP-SNS-MOTENV1.4.3.2
2023-12-26 15:31:56,837 [WARN] PackLoader:240 - Cannot read IP mode file for STMicroelectronics.X-CUBE-BLE1.6.2.4
2023-12-26 15:31:56,852 [WARN] PackLoader:240 - Cannot read IP mode file for STMicroelectronics.FP-SNS-FLIGHT1.5.0.2
2023-12-26 15:31:56,871 [WARN] PackLoader:240 - Cannot read IP mode file for STMicroelectronics.X-CUBE-DISPLAY.3.0.0
2023-12-26 15:31:56,892 [WARN] PackLoader:240 - Cannot read IP mode file for STMicroelectronics.X-CUBE-BLE1.7.0.0
2023-12-26 15:31:56,906 [WARN] PackLoader:240 - Cannot read IP mode file for STMicroelectronics.FP-SNS-SMARTAG2.1.2.0
2023-12-26 15:31:56,928 [INFO] LogOutputStream:77 - [STDOUT_REDIRECT] 1 : Invalid condition id : UX_CORESTACK_Condition cause : null
2023-12-26 15:31:56,928 [INFO] LogOutputStream:77 - [STDOUT_REDIRECT] 1 : Invalid condition id : UX_CORESTACK_Condition cause : null
2023-12-26 15:31:56,929 [INFO] LogOutputStream:77 - [STDOUT_REDIRECT] 1 : Invalid condition id : UX_CORESTACK_Condition cause : null
2023-12-26 15:31:56,930 [INFO] LogOutputStream:77 - [STDOUT_REDIRECT] 1 : Invalid condition id : UX_CORESTACK_Condition cause : null
2023-12-26 15:31:56,930 [INFO] LogOutputStream:77 - [STDOUT_REDIRECT] 1 : Invalid condition id : UX_CORESTACK_Condition cause : null
2023-12-26 15:31:56,935 [WARN] PackLoader:240 - Cannot read IP mode file for STMicroelectronics.X-CUBE-AZRTOS-WL.2.0.0
2023-12-26 15:31:56,957 [WARN] PackLoader:240 - Cannot read IP mode file for WES.I-CUBE-Cesium.1.3.0
2023-12-26 15:31:56,972 [WARN] PackLoader:240 - Cannot read IP mode file for STMicroelectronics.X-CUBE-BLE2.3.3.0
2023-12-26 15:31:56,992 [WARN] PackLoader:240 - Cannot read IP mode file for STMicroelectronics.X-CUBE-TOF1.3.2.0
2023-12-26 15:31:57,011 [WARN] PackLoader:240 - Cannot read IP mode file for STMicroelectronics.X-CUBE-TOUCHGFX.4.21.1
2023-12-26 15:31:57,026 [WARN] PackLoader:240 - Cannot read IP mode file for STMicroelectronics.X-CUBE-ALGOBUILD.1.3.0
2023-12-26 15:31:57,069 [WARN] PackLoader:240 - Cannot read IP mode file for STMicroelectronics.X-CUBE-AZRTOS-G0.1.1.0
2023-12-26 15:31:57,093 [WARN] PackLoader:240 - Cannot read IP mode file for STMicroelectronics.X-CUBE-NFC4.3.0.0
2023-12-26 15:31:57,121 [WARN] PackLoader:240 - Cannot read IP mode file for STMicroelectronics.X-CUBE-BLEMGR.3.0.0
2023-12-26 15:31:57,147 [WARN] PackLoader:240 - Cannot read IP mode file for STMicroelectronics.X-CUBE-BLEMGR.1.3.0
2023-12-26 15:31:57,173 [WARN] PackLoader:240 - Cannot read IP mode file for STMicroelectronics.FP-ATR-SIGFOX1.3.2.0
2023-12-26 15:31:57,264 [WARN] PackLoader:240 - Cannot read IP mode file for STMicroelectronics.X-CUBE-MEMS1.9.5.0
2023-12-26 15:31:57,556 [WARN] PackLoader:240 - Cannot read IP mode file for SEGGER.I-CUBE-embOS.1.3.1
2023-12-26 15:31:57,661 [WARN] PackLoader:240 - Cannot read IP mode file for STMicroelectronics.X-CUBE-GNSS1.6.0.0
2023-12-26 15:31:57,720 [WARN] PackLoader:240 - Cannot read IP mode file for STMicroelectronics.X-CUBE-AZRTOS-F4.1.1.0
2023-12-26 15:31:57,746 [INFO] WebApp:161 - Instantiating new browser for Auth
2023-12-26 15:31:57,881 [WARN] PackLoader:240 - Cannot read IP mode file for STMicroelectronics.X-CUBE-AZRTOS-L5.2.0.0
2023-12-26 15:31:57,905 [WARN] PackLoader:240 - Cannot read IP mode file for STMicroelectronics.X-CUBE-EEPRMA1.4.2.0
2023-12-26 15:31:57,927 [WARN] PackLoader:240 - Cannot read IP mode file for ITTIA_DB.I-CUBE-ITTIADB.8.8.0
2023-12-26 15:31:57,954 [WARN] PackLoader:240 - Cannot read IP mode file for emotas.I-CUBE-CANOPEN.1.1.3
2023-12-26 15:31:57,980 [WARN] PackLoader:240 - Cannot read IP mode file for STMicroelectronics.X-CUBE-BLEMGR.2.0.0
2023-12-26 15:31:58,018 [WARN] PackLoader:240 - Cannot read IP mode file for wolfSSL.I-CUBE-wolfSSL.5.5.4
2023-12-26 15:31:58,058 [WARN] PackLoader:240 - Cannot read IP mode file for STMicroelectronics.X-CUBE-NFC7.1.0.1
2023-12-26 15:31:58,081 [WARN] PackLoader:240 - Cannot read IP mode file for STMicroelectronics.X-CUBE-NFC7.1.0.0
2023-12-26 15:31:58,108 [WARN] PackLoader:240 - Cannot read IP mode file for STMicroelectronics.X-CUBE-NFC6.3.0.0
2023-12-26 15:31:58,138 [WARN] PackLoader:240 - Cannot read IP mode file for STMicroelectronics.X-CUBE-EEPRMA1.4.1.0
2023-12-26 15:31:58,163 [WARN] PackLoader:240 - Cannot read IP mode file for STMicroelectronics.X-CUBE-AI.8.1.0
2023-12-26 15:31:58,205 [WARN] ConditionMgr:438 - getConditionDescription Invalid condition id : LAN8742 Phy interface Condition cause : null
2023-12-26 15:31:58,206 [WARN] PackLoader:240 - Cannot read IP mode file for STMicroelectronics.X-CUBE-AZRTOS-L4.2.0.0
2023-12-26 15:31:58,208 [WARN] ConditionMgr:1039 - genDependencies : Invalid condition id : LAN8742 Phy interface Condition cause : null
2023-12-26 15:31:58,209 [WARN] ConditionMgr:1039 - genDependencies : Invalid condition id : LAN8742 Phy interface Condition cause : null
2023-12-26 15:31:58,209 [WARN] ConditionMgr:1039 - genDependencies : Invalid condition id : LAN8742 Phy interface Condition cause : null
2023-12-26 15:31:58,231 [WARN] PackLoader:240 - Cannot read IP mode file for STMicroelectronics.X-CUBE-SFXS2LP1.4.0.0
2023-12-26 15:31:58,268 [WARN] PackLoader:240 - Cannot read IP mode file for STMicroelectronics.X-CUBE-AZRTOS-H7.3.0.0
2023-12-26 15:31:58,288 [WARN] PackLoader:240 - Cannot read IP mode file for STMicroelectronics.X-CUBE-ISPU.1.1.0
2023-12-26 15:31:58,317 [WARN] PackLoader:240 - Cannot read IP mode file for RoweBots.I-CUBE-UNISONRTOS.5.5.0-4
2023-12-26 15:31:58,334 [WARN] PackLoader:240 - Cannot read IP mode file for STMicroelectronics.X-CUBE-AI.8.0.0
2023-12-26 15:31:58,361 [WARN] ConditionMgr:438 - getConditionDescription Invalid condition id : UX DEVICE CLASS RTOS Condition cause : null
2023-12-26 15:31:58,362 [WARN] ConditionMgr:438 - getConditionDescription Invalid condition id : UX DEVICE CLASS RTOS Condition cause : null
2023-12-26 15:31:58,363 [WARN] PackLoader:240 - Cannot read IP mode file for STMicroelectronics.X-CUBE-AZRTOS-WB.2.0.0
2023-12-26 15:31:58,363 [WARN] ConditionMgr:1039 - genDependencies : Invalid condition id : UX DEVICE CLASS RTOS Condition cause : null
2023-12-26 15:31:58,364 [WARN] ConditionMgr:1039 - genDependencies : Invalid condition id : UX DEVICE CLASS RTOS Condition cause : null
2023-12-26 15:31:58,364 [WARN] ConditionMgr:1039 - genDependencies : Invalid condition id : UX DEVICE CLASS RTOS Condition cause : null
2023-12-26 15:31:58,364 [WARN] ConditionMgr:1039 - genDependencies : Invalid condition id : UX DEVICE CLASS RTOS Condition cause : null
2023-12-26 15:31:58,365 [WARN] ConditionMgr:1039 - genDependencies : Invalid condition id : UX DEVICE CLASS RTOS Condition cause : null
2023-12-26 15:31:58,381 [WARN] PackLoader:240 - Cannot read IP mode file for STMicroelectronics.X-CUBE-FREERTOS.1.0.0
2023-12-26 15:31:58,414 [WARN] PackLoader:240 - Cannot read IP mode file for STMicroelectronics.X-CUBE-AZRTOS-L5.1.1.0
2023-12-26 15:31:58,442 [WARN] PackLoader:240 - Cannot read IP mode file for STMicroelectronics.X-CUBE-SUBG2.5.0.0
2023-12-26 15:31:58,482 [WARN] PackLoader:240 - Cannot read IP mode file for STMicroelectronics.X-CUBE-AZRTOS-G4.2.0.0
2023-12-26 15:31:58,507 [WARN] PackLoader:240 - Cannot read IP mode file for STMicroelectronics.FP-ATR-ASTRA1.1.1.1
2023-12-26 15:31:58,543 [WARN] PackLoader:240 - Cannot read IP mode file for Infineon.AIROC-Wi-Fi-Bluetooth-STM32.1.5.1
2023-12-26 15:31:58,569 [WARN] PackLoader:240 - Cannot read IP mode file for STMicroelectronics.FP-SNS-MOTENVWB1.1.3.1
2023-12-26 15:31:58,603 [WARN] PackLoader:240 - Cannot read IP mode file for STMicroelectronics.X-CUBE-AZRTOS-G4.1.0.0
2023-12-26 15:31:58,646 [WARN] PackLoader:240 - Cannot read IP mode file for STMicroelectronics.X-CUBE-AZRTOS-L4.1.0.0
2023-12-26 15:31:58,663 [WARN] PackLoader:240 - Cannot read IP mode file for STMicroelectronics.X-CUBE-ISPU.2.0.0
2023-12-26 15:31:58,728 [WARN] PackLoader:240 - Cannot read IP mode file for STMicroelectronics.X-CUBE-MEMS1.10.0.0
2023-12-26 15:31:58,816 [INFO] WebApp:780 - Register for checkConnection events
2023-12-26 15:31:58,816 [INFO] WebApp:414 - Apply proxy settings
2023-12-26 15:31:58,816 [INFO] WebApp:499 - Chromium requires no authentication
2023-12-26 15:31:58,830 [INFO] WebApp:442 - Direct internet connection detected
2023-12-26 15:31:58,862 [WARN] PackLoader:240 - Cannot read IP mode file for STMicroelectronics.X-CUBE-FREERTOS.1.1.0
2023-12-26 15:31:58,892 [WARN] PackLoader:240 - Cannot read IP mode file for STMicroelectronics.X-CUBE-AZRTOS-WL.1.0.0
2023-12-26 15:31:58,914 [WARN] PackLoader:240 - Cannot read IP mode file for portGmbH.I-Cube-SoM-uGOAL.1.1.0
2023-12-26 15:31:58,931 [WARN] PackLoader:240 - Cannot read IP mode file for STMicroelectronics.X-CUBE-ALS.1.0.1
2023-12-26 15:31:58,963 [WARN] PackLoader:240 - Cannot read IP mode file for STMicroelectronics.X-CUBE-AZRTOS-WB.1.1.0
2023-12-26 15:31:58,981 [WARN] PackLoader:240 - Cannot read IP mode file for STMicroelectronics.FP-ATR-ASTRA1.2.0.0
2023-12-26 15:31:59,002 [WARN] PackLoader:240 - Cannot read IP mode file for STMicroelectronics.X-CUBE-TOF1.3.4.0
2023-12-26 15:31:59,045 [WARN] PackLoader:240 - Cannot read IP mode file for STMicroelectronics.X-CUBE-AZRTOS-H7.3.2.0
2023-12-26 15:31:59,047 [INFO] ThirdParty:978 - Integrity check success = true
2023-12-26 15:31:59,047 [INFO] IntegrityCheckThread:100 - exiting critical section [integrity check]
2023-12-26 15:31:59,047 [INFO] IntegrityCheckThread:103 - End integrity checks thread
2023-12-26 15:31:59,105 [INFO] WebApp:192 - Starting web application
2023-12-26 15:31:59,105 [INFO] WebApp:544 - Web application path used C:\ST\STM32CubeIDE_1.14.0\STM32CubeIDE\plugins\com.st.stm32cube.common.mx_6.10.0.202311202037\db\plugins\mcufinder\reactClient1\index.html
2023-12-26 15:32:20,317 [ERROR] LogOutputStream:75 - [STDERR_REDIRECT] SLF4J: Failed to load class "org.slf4j.impl.StaticLoggerBinder".
2023-12-26 15:32:20,319 [ERROR] LogOutputStream:75 - [STDERR_REDIRECT] SLF4J: Defaulting to no-operation (NOP) logger implementation
2023-12-26 15:32:20,320 [ERROR] LogOutputStream:75 - [STDERR_REDIRECT] SLF4J: See http://www.slf4j.org/codes.html#StaticLoggerBinder for further details.
2023-12-26 16:26:25,154 [ERROR] LogOutputStream:75 - [STDERR_REDIRECT] 
2023-12-26 16:26:25,156 [ERROR] LogOutputStream:75 - [STDERR_REDIRECT] 
