2024-02-26 13:11:03,550 [INFO] Activator:176 - 


2024-02-26 13:11:03,557 [INFO] Activator:177 - !SESSION log4j initialized
2024-02-26 13:11:11,390 [INFO] LogOutputStream:77 - [STDOUT_REDIRECT] 
2024-02-26 13:11:17,088 [INFO] ApplicationProperties:184 - Using Application install path: C:\ST\STM32CubeIDE_1.14.0\STM32CubeIDE\plugins\com.st.stm32cube.common.mx_6.10.0.202311202037
2024-02-26 13:11:17,111 [INFO] DbMcusXml:78 - Set database path to: C:\ST\STM32CubeIDE_1.14.0\STM32CubeIDE\plugins\com.st.stm32cube.common.mx_6.10.0.202311202037\\db\/mcu/
2024-02-26 13:11:17,111 [INFO] ApiDb:274 - Set plugin database path to: C:\ST\STM32CubeIDE_1.14.0\STM32CubeIDE\plugins\com.st.stm32cube.common.mx_6.10.0.202311202037\\db\/plugins/boardmanager/
2024-02-26 13:11:17,111 [WARN] ApiDb:259 - Overriding images path with different value:  => C:\ST\STM32CubeIDE_1.14.0\STM32CubeIDE\plugins\com.st.stm32cube.common.mx_6.10.0.202311202037\\db\/plugins/mcufinder/images/
2024-02-26 13:11:17,120 [INFO] ApiDb:250 - Set database path to: C:\Users\sudh1\.stmcufinder\plugins\mcufinder//mcu/
2024-02-26 13:11:17,122 [INFO] DbMcusAds:125 - Set database path to: C:\Users\sudh1\.stmcufinder\plugins\mcufinder//mcu/
2024-02-26 13:11:17,125 [INFO] CrossReferenceDbSqlite:203 - Set database path to: C:\Users\sudh1\.stmcufinder\plugins\mcufinder//mcu/cs/
2024-02-26 13:11:17,265 [INFO] RulesReader:64 - Compatibility file has been processed (297 Rules)
2024-02-26 13:11:17,358 [INFO] DbMcusXml:78 - Set database path to: C:\ST\STM32CubeIDE_1.14.0\STM32CubeIDE\plugins\com.st.stm32cube.common.mx_6.10.0.202311202037\\db\/mcu/
2024-02-26 13:11:17,358 [INFO] ApiDb:274 - Set plugin database path to: C:\ST\STM32CubeIDE_1.14.0\STM32CubeIDE\plugins\com.st.stm32cube.common.mx_6.10.0.202311202037\\db\/plugins/boardmanager/
2024-02-26 13:11:17,358 [INFO] ApiDb:261 - Set plugin images path to: C:\ST\STM32CubeIDE_1.14.0\STM32CubeIDE\plugins\com.st.stm32cube.common.mx_6.10.0.202311202037\\db\/plugins/mcufinder/images/
2024-02-26 13:11:17,359 [WARN] DbFile:41 - Overriding database path with different value: C:\Users\sudh1\.stmcufinder\plugins\mcufinder/ => C:\Users\sudh1\.stmcufinder\plugins\mcufinder
2024-02-26 13:11:17,359 [INFO] ApiDb:250 - Set database path to: C:\Users\sudh1\.stmcufinder\plugins\mcufinder//mcu/
2024-02-26 13:11:17,359 [WARN] DbFile:41 - Overriding database path with different value: C:\Users\sudh1\.stmcufinder\plugins\mcufinder/ => C:\Users\sudh1\.stmcufinder\plugins\mcufinder
2024-02-26 13:11:17,359 [INFO] DbMcusAds:125 - Set database path to: C:\Users\sudh1\.stmcufinder\plugins\mcufinder//mcu/
2024-02-26 13:11:17,359 [WARN] DbFile:41 - Overriding database path with different value: C:\Users\sudh1\.stmcufinder\plugins\mcufinder/ => C:\Users\sudh1\.stmcufinder\plugins\mcufinder
2024-02-26 13:11:17,359 [WARN] DbFile:41 - Overriding database path with different value: C:\Users\sudh1\.stmcufinder\plugins\mcufinder/ => C:\Users\sudh1\.stmcufinder\plugins\mcufinder
2024-02-26 13:11:17,359 [INFO] CrossReferenceDbSqlite:203 - Set database path to: C:\Users\sudh1\.stmcufinder\plugins\mcufinder//mcu/cs/
2024-02-26 13:11:17,456 [INFO] MainPanel:264 - HeapMemory: 268435456
2024-02-26 13:11:17,581 [INFO] DbMcusXml:78 - Set database path to: C:\ST\STM32CubeIDE_1.14.0\STM32CubeIDE\plugins\com.st.stm32cube.common.mx_6.10.0.202311202037\\db\/mcu/
2024-02-26 13:11:17,581 [INFO] ApiDb:274 - Set plugin database path to: C:\ST\STM32CubeIDE_1.14.0\STM32CubeIDE\plugins\com.st.stm32cube.common.mx_6.10.0.202311202037\\db\/plugins/boardmanager/
2024-02-26 13:11:17,581 [INFO] ApiDb:261 - Set plugin images path to: C:\ST\STM32CubeIDE_1.14.0\STM32CubeIDE\plugins\com.st.stm32cube.common.mx_6.10.0.202311202037\\db\/plugins/mcufinder/images/
2024-02-26 13:11:17,582 [WARN] DbFile:41 - Overriding database path with different value: C:\Users\sudh1\.stmcufinder\plugins\mcufinder/ => C:\Users\sudh1\.stmcufinder\plugins\mcufinder
2024-02-26 13:11:17,582 [INFO] ApiDb:250 - Set database path to: C:\Users\sudh1\.stmcufinder\plugins\mcufinder//mcu/
2024-02-26 13:11:17,582 [WARN] DbFile:41 - Overriding database path with different value: C:\Users\sudh1\.stmcufinder\plugins\mcufinder/ => C:\Users\sudh1\.stmcufinder\plugins\mcufinder
2024-02-26 13:11:17,582 [INFO] DbMcusAds:125 - Set database path to: C:\Users\sudh1\.stmcufinder\plugins\mcufinder//mcu/
2024-02-26 13:11:17,582 [WARN] DbFile:41 - Overriding database path with different value: C:\Users\sudh1\.stmcufinder\plugins\mcufinder/ => C:\Users\sudh1\.stmcufinder\plugins\mcufinder
2024-02-26 13:11:17,582 [WARN] DbFile:41 - Overriding database path with different value: C:\Users\sudh1\.stmcufinder\plugins\mcufinder/ => C:\Users\sudh1\.stmcufinder\plugins\mcufinder
2024-02-26 13:11:17,582 [INFO] CrossReferenceDbSqlite:203 - Set database path to: C:\Users\sudh1\.stmcufinder\plugins\mcufinder//mcu/cs/
2024-02-26 13:11:17,601 [INFO] ApplicationProperties:184 - Using Application install path: C:\ST\STM32CubeIDE_1.14.0\STM32CubeIDE\plugins\com.st.stm32cube.common.mx_6.10.0.202311202037
2024-02-26 13:11:17,604 [INFO] PluginManage:196 - Search for loadable plugins [exclusion list=, ]
2024-02-26 13:11:17,605 [INFO] PluginManage:310 - Check plugin analytics
2024-02-26 13:11:17,810 [INFO] AnalyticsPlugin:253 - Accepted Software Licenses: 
2024-02-26 13:11:17,811 [INFO] AnalyticsPlugin:255 - Accepted CMSIS Pack Licenses: 
2024-02-26 13:11:17,811 [INFO] AnalyticsPlugin:257 - Accepted Firmware Licenses: 
2024-02-26 13:11:17,814 [INFO] PluginManage:359 - Loaded plugin analytics (category:tool,tabindex:-1)
2024-02-26 13:11:17,815 [INFO] PluginManage:310 - Check plugin cadmodel
2024-02-26 13:11:17,833 [INFO] CADModel:105 - Init CAD model plugin
2024-02-26 13:11:17,833 [INFO] PluginManage:359 - Loaded plugin cadmodel (category:power,tabindex:5)
2024-02-26 13:11:17,833 [INFO] PluginManage:310 - Check plugin clock
2024-02-26 13:11:17,855 [INFO] PluginManage:359 - Loaded plugin clock (category:base,tabindex:2)
2024-02-26 13:11:17,855 [INFO] PluginManage:310 - Check plugin ddr
2024-02-26 13:11:17,859 [INFO] PluginManage:359 - Loaded plugin ddr (category:tool,tabindex:6)
2024-02-26 13:11:17,859 [INFO] PluginManage:310 - Check plugin filemanager
2024-02-26 13:11:18,007 [INFO] PluginManage:359 - Loaded plugin filemanager (category:base,tabindex:10)
2024-02-26 13:11:18,007 [INFO] PluginManage:310 - Check plugin ipmanager
2024-02-26 13:11:18,018 [INFO] PluginManage:359 - Loaded plugin ipmanager (category:base,tabindex:5)
2024-02-26 13:11:18,018 [INFO] PluginManage:310 - Check plugin lpbam
2024-02-26 13:11:18,042 [INFO] PluginManage:359 - Loaded plugin lpbam (category:base,tabindex:0)
2024-02-26 13:11:18,042 [INFO] PluginManage:310 - Check plugin memorymap
2024-02-26 13:11:18,083 [INFO] PluginManage:359 - Loaded plugin memorymap (category:base,tabindex:4)
2024-02-26 13:11:18,083 [INFO] PluginManage:310 - Check plugin pinoutandconfiguration
2024-02-26 13:11:18,110 [INFO] PluginManage:359 - Loaded plugin pinoutandconfiguration (category:base,tabindex:1)
2024-02-26 13:11:18,110 [INFO] PluginManage:310 - Check plugin pinoutconfig
2024-02-26 13:11:18,222 [WARN] SupportedApi:132 - Cannot load RTOS API schema: s4s-elt-must-match.1: The content of 'definitions' must match (annotation?, (simpleType | complexType)?, (unique | key | keyref)*)). A problem was found starting at: attribute.
2024-02-26 13:11:18,370 [INFO] PluginManage:359 - Loaded plugin pinoutconfig (category:base,tabindex:0)
2024-02-26 13:11:18,370 [INFO] PluginManage:310 - Check plugin power
2024-02-26 13:11:18,393 [INFO] PluginManage:359 - Loaded plugin power (category:power,tabindex:4)
2024-02-26 13:11:18,393 [INFO] PluginManage:310 - Check plugin projectmanager
2024-02-26 13:11:18,408 [INFO] PluginManage:359 - Loaded plugin projectmanager (category:projectmanager,tabindex:3)
2024-02-26 13:11:18,408 [INFO] PluginManage:310 - Check plugin thirdparty
2024-02-26 13:11:18,717 [INFO] PluginManage:359 - Loaded plugin thirdparty (category:base,tabindex:-1)
2024-02-26 13:11:18,717 [WARN] IntegrityCheckThread:84 - waiting for thirdparty lock release [integrity check]
2024-02-26 13:11:18,718 [INFO] PluginManage:310 - Check plugin tools
2024-02-26 13:11:18,718 [INFO] IntegrityCheckThread:86 - entering critical section [integrity check]
2024-02-26 13:11:18,718 [INFO] ThirdPartyUpdaterWithRetryManager:70 - Updater plugin not ready yet. [1/15]
2024-02-26 13:11:18,759 [INFO] PluginManage:359 - Loaded plugin tools (category:base,tabindex:7)
2024-02-26 13:11:18,760 [INFO] PluginManage:310 - Check plugin tutovideos
2024-02-26 13:11:18,966 [INFO] PluginManage:359 - Loaded plugin tutovideos (category:base,tabindex:-1)
2024-02-26 13:11:18,966 [INFO] PluginManage:310 - Check plugin updater
2024-02-26 13:11:18,978 [INFO] PluginManage:359 - Loaded plugin updater (category:base,tabindex:12)
2024-02-26 13:11:18,978 [INFO] PluginManage:310 - Check plugin userauth
2024-02-26 13:11:18,985 [INFO] UserAuth:114 - Init User Auth plugin
2024-02-26 13:11:18,985 [INFO] PluginManage:359 - Loaded plugin userauth (category:base,tabindex:14)
2024-02-26 13:11:18,985 [INFO] PluginManage:283 - PluginManage : Loaded plugins [17]
2024-02-26 13:11:19,263 [INFO] PinOutPanel:1499 - setPackage(No Configuration,No Configuration)
2024-02-26 13:11:19,367 [INFO] CADModel:165 - CPN selected for project level
2024-02-26 13:11:19,367 [INFO] CADModel:114 - Register for checkConnection events
2024-02-26 13:11:19,400 [INFO] IPUIPlugin:80 - create IPUIPlugin
2024-02-26 13:11:19,400 [INFO] PluginManager:220 - loadIPPluginJar : add adc
2024-02-26 13:11:19,458 [INFO] IPUIPlugin:80 - create IPUIPlugin
2024-02-26 13:11:19,458 [INFO] PluginManager:220 - loadIPPluginJar : add aes
2024-02-26 13:11:19,504 [INFO] IPUIPlugin:80 - create IPUIPlugin
2024-02-26 13:11:19,504 [INFO] PluginManager:220 - loadIPPluginJar : add can
2024-02-26 13:11:19,529 [INFO] IPUIPlugin:80 - create IPUIPlugin
2024-02-26 13:11:19,529 [INFO] PluginManager:220 - loadIPPluginJar : add comp
2024-02-26 13:11:19,563 [INFO] IPUIPlugin:80 - create IPUIPlugin
2024-02-26 13:11:19,563 [INFO] PluginManager:220 - loadIPPluginJar : add cryp
2024-02-26 13:11:19,594 [INFO] IPUIPlugin:80 - create IPUIPlugin
2024-02-26 13:11:19,594 [INFO] PluginManager:220 - loadIPPluginJar : add dfsdm
2024-02-26 13:11:19,610 [INFO] IPUIPlugin:80 - create IPUIPlugin
2024-02-26 13:11:19,611 [INFO] PluginManager:220 - loadIPPluginJar : add dma
2024-02-26 13:11:19,666 [INFO] IPUIPlugin:80 - create IPUIPlugin
2024-02-26 13:11:19,666 [INFO] PluginManager:220 - loadIPPluginJar : add dma3
2024-02-26 13:11:19,689 [INFO] IPUIPlugin:80 - create IPUIPlugin
2024-02-26 13:11:19,689 [INFO] PluginManager:220 - loadIPPluginJar : add fatfs
2024-02-26 13:11:19,737 [INFO] IPUIPlugin:80 - create IPUIPlugin
2024-02-26 13:11:19,737 [INFO] PluginManager:220 - loadIPPluginJar : add fmc
2024-02-26 13:11:19,755 [INFO] IPUIPlugin:80 - create IPUIPlugin
2024-02-26 13:11:19,756 [INFO] PluginManager:220 - loadIPPluginJar : add freertos
2024-02-26 13:11:19,788 [INFO] IPUIPlugin:80 - create IPUIPlugin
2024-02-26 13:11:19,788 [INFO] PluginManager:220 - loadIPPluginJar : add genericplugin
2024-02-26 13:11:19,914 [INFO] IPUIPlugin:80 - create IPUIPlugin
2024-02-26 13:11:19,914 [INFO] PluginManager:220 - loadIPPluginJar : add gfxmmu
2024-02-26 13:11:20,050 [INFO] IPUIPlugin:80 - create IPUIPlugin
2024-02-26 13:11:20,050 [INFO] PluginManager:220 - loadIPPluginJar : add gic
2024-02-26 13:11:20,065 [INFO] IPUIPlugin:80 - create IPUIPlugin
2024-02-26 13:11:20,065 [INFO] PluginManager:220 - loadIPPluginJar : add gpio
2024-02-26 13:11:20,169 [INFO] IPUIPlugin:80 - create IPUIPlugin
2024-02-26 13:11:20,169 [INFO] PluginManager:220 - loadIPPluginJar : add gtzc
2024-02-26 13:11:20,213 [INFO] IPUIPlugin:80 - create IPUIPlugin
2024-02-26 13:11:20,213 [INFO] PluginManager:220 - loadIPPluginJar : add hash
2024-02-26 13:11:20,276 [INFO] IPUIPlugin:80 - create IPUIPlugin
2024-02-26 13:11:20,276 [INFO] PluginManager:220 - loadIPPluginJar : add i2c
2024-02-26 13:11:20,319 [INFO] IPUIPlugin:80 - create IPUIPlugin
2024-02-26 13:11:20,319 [INFO] PluginManager:220 - loadIPPluginJar : add i2s
2024-02-26 13:11:20,360 [INFO] IPUIPlugin:80 - create IPUIPlugin
2024-02-26 13:11:20,360 [INFO] PluginManager:220 - loadIPPluginJar : add i3c
2024-02-26 13:11:20,512 [INFO] IPUIPlugin:80 - create IPUIPlugin
2024-02-26 13:11:20,512 [INFO] PluginManager:220 - loadIPPluginJar : add ipddr
2024-02-26 13:11:20,617 [INFO] IPUIPlugin:80 - create IPUIPlugin
2024-02-26 13:11:20,617 [INFO] PluginManager:220 - loadIPPluginJar : add linkedlist
2024-02-26 13:11:20,655 [INFO] IPUIPlugin:80 - create IPUIPlugin
2024-02-26 13:11:20,656 [INFO] PluginManager:220 - loadIPPluginJar : add lorawan
2024-02-26 13:11:20,703 [INFO] IPUIPlugin:80 - create IPUIPlugin
2024-02-26 13:11:20,704 [INFO] PluginManager:220 - loadIPPluginJar : add ltdc
2024-02-26 13:11:20,724 [INFO] IPUIPlugin:80 - create IPUIPlugin
2024-02-26 13:11:20,726 [INFO] PluginManager:220 - loadIPPluginJar : add mdma
2024-02-26 13:11:20,744 [INFO] IPUIPlugin:80 - create IPUIPlugin
2024-02-26 13:11:20,744 [INFO] PluginManager:220 - loadIPPluginJar : add nvic
2024-02-26 13:11:20,788 [INFO] IPUIPlugin:80 - create IPUIPlugin
2024-02-26 13:11:20,788 [INFO] PluginManager:220 - loadIPPluginJar : add opamp
2024-02-26 13:11:20,857 [INFO] IPUIPlugin:80 - create IPUIPlugin
2024-02-26 13:11:20,857 [INFO] PluginManager:220 - loadIPPluginJar : add openamp
2024-02-26 13:11:20,908 [INFO] IPUIPlugin:80 - create IPUIPlugin
2024-02-26 13:11:20,909 [INFO] PluginManager:220 - loadIPPluginJar : add pdm2pcm
2024-02-26 13:11:20,924 [INFO] IPUIPlugin:80 - create IPUIPlugin
2024-02-26 13:11:20,926 [INFO] PluginManager:220 - loadIPPluginJar : add plateformsettings
2024-02-26 13:11:20,951 [INFO] IPUIPlugin:80 - create IPUIPlugin
2024-02-26 13:11:20,952 [INFO] PluginManager:220 - loadIPPluginJar : add quadspi
2024-02-26 13:11:20,965 [INFO] IPUIPlugin:80 - create IPUIPlugin
2024-02-26 13:11:20,966 [INFO] PluginManager:220 - loadIPPluginJar : add resmgrutility
2024-02-26 13:11:21,013 [INFO] IPUIPlugin:80 - create IPUIPlugin
2024-02-26 13:11:21,013 [INFO] PluginManager:220 - loadIPPluginJar : add sai
2024-02-26 13:11:21,051 [INFO] IPUIPlugin:80 - create IPUIPlugin
2024-02-26 13:11:21,051 [INFO] PluginManager:220 - loadIPPluginJar : add spi
2024-02-26 13:11:21,123 [INFO] IPUIPlugin:80 - create IPUIPlugin
2024-02-26 13:11:21,123 [INFO] PluginManager:220 - loadIPPluginJar : add stm32_wpan
2024-02-26 13:11:21,151 [INFO] IPUIPlugin:80 - create IPUIPlugin
2024-02-26 13:11:21,152 [INFO] PluginManager:220 - loadIPPluginJar : add tim
2024-02-26 13:11:21,217 [INFO] IPUIPlugin:80 - create IPUIPlugin
2024-02-26 13:11:21,217 [INFO] PluginManager:220 - loadIPPluginJar : add touchsensing
2024-02-26 13:11:21,241 [INFO] IPUIPlugin:80 - create IPUIPlugin
2024-02-26 13:11:21,241 [INFO] PluginManager:220 - loadIPPluginJar : add tracer_emb
2024-02-26 13:11:21,272 [INFO] IPUIPlugin:80 - create IPUIPlugin
2024-02-26 13:11:21,272 [INFO] PluginManager:220 - loadIPPluginJar : add ts
2024-02-26 13:11:21,302 [INFO] IPUIPlugin:80 - create IPUIPlugin
2024-02-26 13:11:21,302 [INFO] PluginManager:220 - loadIPPluginJar : add tsc
2024-02-26 13:11:21,333 [INFO] IPUIPlugin:80 - create IPUIPlugin
2024-02-26 13:11:21,333 [INFO] PluginManager:220 - loadIPPluginJar : add ucpd
2024-02-26 13:11:21,387 [INFO] IPUIPlugin:80 - create IPUIPlugin
2024-02-26 13:11:21,388 [INFO] PluginManager:220 - loadIPPluginJar : add usart
2024-02-26 13:11:21,438 [INFO] IPUIPlugin:80 - create IPUIPlugin
2024-02-26 13:11:21,438 [INFO] PluginManager:220 - loadIPPluginJar : add usbx
2024-02-26 13:11:21,575 [INFO] CADModel:165 - CPN selected for project level
2024-02-26 13:11:21,575 [INFO] CADModel:114 - Register for checkConnection events
2024-02-26 13:11:21,576 [FATAL] Updater:308 - Updater called before beeing initialized
2024-02-26 13:11:21,576 [ERROR] CADModel:125 - Updater not yet initialized, retry later 
2024-02-26 13:11:21,720 [INFO] ThirdPartyUpdaterWithRetryManager:70 - Updater plugin not ready yet. [2/15]
2024-02-26 13:11:21,722 [INFO] CADModel:165 - CPN selected for project level
2024-02-26 13:11:21,722 [INFO] CADModel:114 - Register for checkConnection events
2024-02-26 13:11:21,722 [FATAL] Updater:308 - Updater called before beeing initialized
2024-02-26 13:11:21,722 [ERROR] CADModel:125 - Updater not yet initialized, retry later 
2024-02-26 13:11:21,726 [FATAL] Updater:308 - Updater called before beeing initialized
2024-02-26 13:11:21,828 [FATAL] Updater:308 - Updater called before beeing initialized
2024-02-26 13:11:21,839 [INFO] DbMcusAds:53 - JSON generation date=Wed Nov 29 16:22:27 IST 2023 (1701255147349)
2024-02-26 13:11:21,839 [FATAL] Updater:308 - Updater called before beeing initialized
2024-02-26 13:11:21,933 [WARN] DetailPanel:346 - Failed to get advertising image, set to default
2024-02-26 13:11:22,034 [FATAL] Updater:308 - Updater called before beeing initialized
2024-02-26 13:11:22,038 [FATAL] Updater:308 - Updater called before beeing initialized
2024-02-26 13:11:22,038 [FATAL] Updater:308 - Updater called before beeing initialized
2024-02-26 13:11:22,038 [WARN] DetailPanel:346 - Failed to get advertising image, set to default
2024-02-26 13:11:22,039 [FATAL] Updater:308 - Updater called before beeing initialized
2024-02-26 13:11:22,114 [ERROR] Updater:1120 - MainUpdater not yet initialized. External WinMGr cannot be set.
2024-02-26 13:11:22,127 [INFO] Updater:1056 - Updater Version found : 6.10.0
2024-02-26 13:11:22,154 [INFO] ApplicationProperties:184 - Using Application install path: C:\ST\STM32CubeIDE_1.14.0\STM32CubeIDE\plugins\com.st.stm32cube.common.mx_6.10.0.202311202037
2024-02-26 13:11:23,778 [ERROR] LogOutputStream:75 - [STDERR_REDIRECT] Feb 26, 2024 1:11:23 PM java.util.prefs.WindowsPreferences <init>
2024-02-26 13:11:23,782 [ERROR] LogOutputStream:75 - [STDERR_REDIRECT] WARNING: Could not open/create prefs root node Software\JavaSoft\Prefs at root 0xffffffff80000002. Windows RegCreateKeyEx(...) returned error code 5.
2024-02-26 13:11:23,782 [ERROR] LogOutputStream:75 - [STDERR_REDIRECT] 
2024-02-26 13:11:24,171 [INFO] MainUpdater:2873 - connection check result : 10
2024-02-26 13:11:24,172 [INFO] MainUpdater:290 - Updater Check For Update Now.
2024-02-26 13:11:24,173 [INFO] MicroXplorer:498 - Change Database Version : DB.6.0.100
2024-02-26 13:11:24,197 [INFO] McuFinderGlobals:63 - Set McuFinder mode to 2 (CubeIDE integrated)
2024-02-26 13:11:24,197 [INFO] UserAuth:180 - activating auth plugin
2024-02-26 13:11:24,202 [INFO] UserAuth:404 - Internet connection configuration mode: 1
2024-02-26 13:11:24,238 [INFO] JxBrowserEngine:152 - Initiate JxBrowser Engine with user profile folder
2024-02-26 13:11:24,417 [INFO] CheckServerUpdateThread:120 - End of CheckServer Thread
2024-02-26 13:11:24,920 [WARN] PackLoader:240 - Cannot read IP mode file for STMicroelectronics.X-CUBE-SMBUS.2.1.0
2024-02-26 13:11:24,942 [WARN] PackLoader:240 - Cannot read IP mode file for STMicroelectronics.X-CUBE-TOUCHGFX.4.23.0
2024-02-26 13:11:24,994 [WARN] PackLoader:240 - Cannot read IP mode file for STMicroelectronics.X-CUBE-AZRTOS-F7.1.1.0
2024-02-26 13:11:25,025 [WARN] PackLoader:240 - Cannot read IP mode file for STMicroelectronics.FP-SNS-MOTENV1.4.3.2
2024-02-26 13:11:25,048 [WARN] PackLoader:240 - Cannot read IP mode file for STMicroelectronics.X-CUBE-BLE1.6.2.4
2024-02-26 13:11:25,065 [WARN] PackLoader:240 - Cannot read IP mode file for STMicroelectronics.FP-SNS-FLIGHT1.5.0.2
2024-02-26 13:11:25,088 [WARN] PackLoader:240 - Cannot read IP mode file for STMicroelectronics.X-CUBE-DISPLAY.3.0.0
2024-02-26 13:11:25,113 [WARN] PackLoader:240 - Cannot read IP mode file for STMicroelectronics.X-CUBE-BLE1.7.0.0
2024-02-26 13:11:25,128 [WARN] PackLoader:240 - Cannot read IP mode file for STMicroelectronics.FP-SNS-SMARTAG2.1.2.0
2024-02-26 13:11:25,155 [INFO] LogOutputStream:77 - [STDOUT_REDIRECT] 1 : Invalid condition id : UX_CORESTACK_Condition cause : null
2024-02-26 13:11:25,156 [INFO] LogOutputStream:77 - [STDOUT_REDIRECT] 1 : Invalid condition id : UX_CORESTACK_Condition cause : null
2024-02-26 13:11:25,158 [INFO] LogOutputStream:77 - [STDOUT_REDIRECT] 1 : Invalid condition id : UX_CORESTACK_Condition cause : null
2024-02-26 13:11:25,159 [INFO] LogOutputStream:77 - [STDOUT_REDIRECT] 1 : Invalid condition id : UX_CORESTACK_Condition cause : null
2024-02-26 13:11:25,161 [INFO] LogOutputStream:77 - [STDOUT_REDIRECT] 1 : Invalid condition id : UX_CORESTACK_Condition cause : null
2024-02-26 13:11:25,166 [WARN] PackLoader:240 - Cannot read IP mode file for STMicroelectronics.X-CUBE-AZRTOS-WL.2.0.0
2024-02-26 13:11:25,195 [WARN] PackLoader:240 - Cannot read IP mode file for WES.I-CUBE-Cesium.1.3.0
2024-02-26 13:11:25,213 [WARN] PackLoader:240 - Cannot read IP mode file for STMicroelectronics.X-CUBE-BLE2.3.3.0
2024-02-26 13:11:25,235 [WARN] PackLoader:240 - Cannot read IP mode file for STMicroelectronics.X-CUBE-TOF1.3.2.0
2024-02-26 13:11:25,255 [WARN] PackLoader:240 - Cannot read IP mode file for STMicroelectronics.X-CUBE-TOUCHGFX.4.21.1
2024-02-26 13:11:25,269 [WARN] PackLoader:240 - Cannot read IP mode file for STMicroelectronics.X-CUBE-ALGOBUILD.1.3.0
2024-02-26 13:11:25,302 [WARN] PackLoader:240 - Cannot read IP mode file for STMicroelectronics.X-CUBE-AZRTOS-G0.1.1.0
2024-02-26 13:11:25,324 [WARN] PackLoader:240 - Cannot read IP mode file for STMicroelectronics.X-CUBE-NFC4.3.0.0
2024-02-26 13:11:25,343 [WARN] PackLoader:240 - Cannot read IP mode file for STMicroelectronics.X-CUBE-BLEMGR.3.0.0
2024-02-26 13:11:25,375 [WARN] PackLoader:240 - Cannot read IP mode file for STMicroelectronics.X-CUBE-BLEMGR.1.3.0
2024-02-26 13:11:25,392 [WARN] PackLoader:240 - Cannot read IP mode file for STMicroelectronics.FP-ATR-SIGFOX1.3.2.0
2024-02-26 13:11:25,409 [WARN] PackLoader:240 - Cannot read IP mode file for STMicroelectronics.X-CUBE-EEPRMA1.5.1.0
2024-02-26 13:11:25,465 [WARN] PackLoader:240 - Cannot read IP mode file for STMicroelectronics.X-CUBE-MEMS1.9.5.0
2024-02-26 13:11:25,634 [WARN] PackLoader:240 - Cannot read IP mode file for SEGGER.I-CUBE-embOS.1.3.1
2024-02-26 13:11:25,694 [WARN] PackLoader:240 - Cannot read IP mode file for STMicroelectronics.X-CUBE-GNSS1.6.0.0
2024-02-26 13:11:25,723 [WARN] PackLoader:240 - Cannot read IP mode file for STMicroelectronics.X-CUBE-AZRTOS-F4.1.1.0
2024-02-26 13:11:25,757 [WARN] PackLoader:240 - Cannot read IP mode file for STMicroelectronics.X-CUBE-AZRTOS-L5.2.0.0
2024-02-26 13:11:25,779 [WARN] PackLoader:240 - Cannot read IP mode file for STMicroelectronics.X-CUBE-EEPRMA1.4.2.0
2024-02-26 13:11:25,794 [WARN] PackLoader:240 - Cannot read IP mode file for ITTIA_DB.I-CUBE-ITTIADB.8.8.0
2024-02-26 13:11:25,814 [WARN] PackLoader:240 - Cannot read IP mode file for emotas.I-CUBE-CANOPEN.1.1.3
2024-02-26 13:11:25,830 [WARN] PackLoader:240 - Cannot read IP mode file for STMicroelectronics.X-CUBE-BLEMGR.2.0.0
2024-02-26 13:11:25,846 [WARN] PackLoader:240 - Cannot read IP mode file for wolfSSL.I-CUBE-wolfSSL.5.5.4
2024-02-26 13:11:25,861 [WARN] PackLoader:240 - Cannot read IP mode file for STMicroelectronics.X-CUBE-NFC7.1.0.1
2024-02-26 13:11:25,879 [WARN] PackLoader:240 - Cannot read IP mode file for STMicroelectronics.X-CUBE-NFC7.1.0.0
2024-02-26 13:11:25,896 [WARN] PackLoader:240 - Cannot read IP mode file for STMicroelectronics.X-CUBE-NFC6.3.0.0
2024-02-26 13:11:25,914 [WARN] PackLoader:240 - Cannot read IP mode file for STMicroelectronics.X-CUBE-EEPRMA1.4.1.0
2024-02-26 13:11:25,934 [WARN] PackLoader:240 - Cannot read IP mode file for STMicroelectronics.X-CUBE-AI.8.1.0
2024-02-26 13:11:25,965 [WARN] ConditionMgr:438 - getConditionDescription Invalid condition id : LAN8742 Phy interface Condition cause : null
2024-02-26 13:11:25,966 [WARN] PackLoader:240 - Cannot read IP mode file for STMicroelectronics.X-CUBE-AZRTOS-L4.2.0.0
2024-02-26 13:11:25,968 [WARN] ConditionMgr:1039 - genDependencies : Invalid condition id : LAN8742 Phy interface Condition cause : null
2024-02-26 13:11:25,968 [WARN] ConditionMgr:1039 - genDependencies : Invalid condition id : LAN8742 Phy interface Condition cause : null
2024-02-26 13:11:25,969 [WARN] ConditionMgr:1039 - genDependencies : Invalid condition id : LAN8742 Phy interface Condition cause : null
2024-02-26 13:11:25,989 [WARN] PackLoader:240 - Cannot read IP mode file for STMicroelectronics.X-CUBE-SFXS2LP1.4.0.0
2024-02-26 13:11:26,023 [WARN] PackLoader:240 - Cannot read IP mode file for STMicroelectronics.X-CUBE-AZRTOS-H7.3.0.0
2024-02-26 13:11:26,039 [WARN] PackLoader:240 - Cannot read IP mode file for STMicroelectronics.X-CUBE-ISPU.1.1.0
2024-02-26 13:11:26,054 [WARN] PackLoader:240 - Cannot read IP mode file for RoweBots.I-CUBE-UNISONRTOS.5.5.0-4
2024-02-26 13:11:26,071 [WARN] PackLoader:240 - Cannot read IP mode file for STMicroelectronics.X-CUBE-AI.8.0.0
2024-02-26 13:11:26,102 [WARN] ConditionMgr:438 - getConditionDescription Invalid condition id : UX DEVICE CLASS RTOS Condition cause : null
2024-02-26 13:11:26,102 [WARN] ConditionMgr:438 - getConditionDescription Invalid condition id : UX DEVICE CLASS RTOS Condition cause : null
2024-02-26 13:11:26,104 [WARN] PackLoader:240 - Cannot read IP mode file for STMicroelectronics.X-CUBE-AZRTOS-WB.2.0.0
2024-02-26 13:11:26,104 [WARN] ConditionMgr:1039 - genDependencies : Invalid condition id : UX DEVICE CLASS RTOS Condition cause : null
2024-02-26 13:11:26,104 [WARN] ConditionMgr:1039 - genDependencies : Invalid condition id : UX DEVICE CLASS RTOS Condition cause : null
2024-02-26 13:11:26,104 [WARN] ConditionMgr:1039 - genDependencies : Invalid condition id : UX DEVICE CLASS RTOS Condition cause : null
2024-02-26 13:11:26,105 [WARN] ConditionMgr:1039 - genDependencies : Invalid condition id : UX DEVICE CLASS RTOS Condition cause : null
2024-02-26 13:11:26,105 [WARN] ConditionMgr:1039 - genDependencies : Invalid condition id : UX DEVICE CLASS RTOS Condition cause : null
2024-02-26 13:11:26,121 [WARN] PackLoader:240 - Cannot read IP mode file for STMicroelectronics.X-CUBE-FREERTOS.1.0.0
2024-02-26 13:11:26,170 [WARN] PackLoader:240 - Cannot read IP mode file for STMicroelectronics.X-CUBE-AZRTOS-L5.1.1.0
2024-02-26 13:11:26,195 [WARN] PackLoader:240 - Cannot read IP mode file for STMicroelectronics.X-CUBE-SUBG2.5.0.0
2024-02-26 13:11:26,231 [WARN] PackLoader:240 - Cannot read IP mode file for STMicroelectronics.X-CUBE-AZRTOS-G4.2.0.0
2024-02-26 13:11:26,248 [WARN] PackLoader:240 - Cannot read IP mode file for STMicroelectronics.FP-ATR-ASTRA1.1.1.1
2024-02-26 13:11:26,277 [WARN] PackLoader:240 - Cannot read IP mode file for Infineon.AIROC-Wi-Fi-Bluetooth-STM32.1.5.1
2024-02-26 13:11:26,299 [WARN] PackLoader:240 - Cannot read IP mode file for STMicroelectronics.FP-SNS-MOTENVWB1.1.3.1
2024-02-26 13:11:26,324 [WARN] PackLoader:240 - Cannot read IP mode file for STMicroelectronics.X-CUBE-AZRTOS-G4.1.0.0
2024-02-26 13:11:26,357 [WARN] PackLoader:240 - Cannot read IP mode file for STMicroelectronics.X-CUBE-AZRTOS-L4.1.0.0
2024-02-26 13:11:26,378 [WARN] PackLoader:240 - Cannot read IP mode file for STMicroelectronics.X-CUBE-ISPU.2.0.0
2024-02-26 13:11:26,430 [WARN] PackLoader:240 - Cannot read IP mode file for STMicroelectronics.X-CUBE-MEMS1.10.0.0
2024-02-26 13:11:26,583 [WARN] PackLoader:240 - Cannot read IP mode file for STMicroelectronics.X-CUBE-FREERTOS.1.1.0
2024-02-26 13:11:26,619 [WARN] PackLoader:240 - Cannot read IP mode file for STMicroelectronics.X-CUBE-AZRTOS-WL.1.0.0
2024-02-26 13:11:26,678 [WARN] PackLoader:240 - Cannot read IP mode file for portGmbH.I-Cube-SoM-uGOAL.1.1.0
2024-02-26 13:11:26,721 [WARN] PackLoader:240 - Cannot read IP mode file for STMicroelectronics.X-CUBE-ALS.1.0.1
2024-02-26 13:11:26,751 [WARN] PackLoader:240 - Cannot read IP mode file for STMicroelectronics.X-CUBE-AZRTOS-WB.1.1.0
2024-02-26 13:11:26,769 [WARN] PackLoader:240 - Cannot read IP mode file for STMicroelectronics.FP-ATR-ASTRA1.2.0.0
2024-02-26 13:11:26,795 [WARN] PackLoader:240 - Cannot read IP mode file for STMicroelectronics.X-CUBE-TOF1.3.4.0
2024-02-26 13:11:26,848 [WARN] PackLoader:240 - Cannot read IP mode file for STMicroelectronics.X-CUBE-AZRTOS-H7.3.2.0
2024-02-26 13:11:26,851 [INFO] ThirdParty:978 - Integrity check success = true
2024-02-26 13:11:26,851 [INFO] IntegrityCheckThread:100 - exiting critical section [integrity check]
2024-02-26 13:11:26,851 [INFO] IntegrityCheckThread:103 - End integrity checks thread
2024-02-26 13:11:28,540 [INFO] WebApp:161 - Instantiating new browser for Auth
2024-02-26 13:11:29,254 [INFO] WebApp:780 - Register for checkConnection events
2024-02-26 13:11:29,254 [INFO] WebApp:414 - Apply proxy settings
2024-02-26 13:11:29,255 [INFO] WebApp:499 - Chromium requires no authentication
2024-02-26 13:11:29,269 [INFO] WebApp:442 - Direct internet connection detected
2024-02-26 13:11:29,466 [INFO] WebApp:192 - Starting web application
2024-02-26 13:11:29,466 [INFO] WebApp:544 - Web application path used C:\ST\STM32CubeIDE_1.14.0\STM32CubeIDE\plugins\com.st.stm32cube.common.mx_6.10.0.202311202037\db\plugins\mcufinder\reactClient1\index.html
2024-02-26 13:11:50,658 [ERROR] LogOutputStream:75 - [STDERR_REDIRECT] SLF4J: Failed to load class "org.slf4j.impl.StaticLoggerBinder".
2024-02-26 13:11:50,660 [ERROR] LogOutputStream:75 - [STDERR_REDIRECT] SLF4J: Defaulting to no-operation (NOP) logger implementation
2024-02-26 13:11:50,662 [ERROR] LogOutputStream:75 - [STDERR_REDIRECT] SLF4J: See http://www.slf4j.org/codes.html#StaticLoggerBinder for further details.
2024-02-26 14:16:29,084 [ERROR] LogOutputStream:75 - [STDERR_REDIRECT] 
