2024-02-05 16:21:54,366 [INFO] Activator:176 - 


2024-02-05 16:21:54,374 [INFO] Activator:177 - !SESSION log4j initialized
2024-02-05 16:22:01,119 [INFO] LogOutputStream:77 - [STDOUT_REDIRECT] 
2024-02-05 16:22:04,231 [ERROR] ConfigurationRetriever:142 - IOException on connection: Read timed out
2024-02-05 16:22:06,642 [INFO] ApplicationProperties:184 - Using Application install path: C:\ST\STM32CubeIDE_1.14.0\STM32CubeIDE\plugins\com.st.stm32cube.common.mx_6.10.0.202311202037
2024-02-05 16:22:06,667 [INFO] DbMcusXml:78 - Set database path to: C:\ST\STM32CubeIDE_1.14.0\STM32CubeIDE\plugins\com.st.stm32cube.common.mx_6.10.0.202311202037\\db\/mcu/
2024-02-05 16:22:06,668 [INFO] ApiDb:274 - Set plugin database path to: C:\ST\STM32CubeIDE_1.14.0\STM32CubeIDE\plugins\com.st.stm32cube.common.mx_6.10.0.202311202037\\db\/plugins/boardmanager/
2024-02-05 16:22:06,668 [WARN] ApiDb:259 - Overriding images path with different value:  => C:\ST\STM32CubeIDE_1.14.0\STM32CubeIDE\plugins\com.st.stm32cube.common.mx_6.10.0.202311202037\\db\/plugins/mcufinder/images/
2024-02-05 16:22:06,677 [INFO] ApiDb:250 - Set database path to: C:\Users\sudh1\.stmcufinder\plugins\mcufinder//mcu/
2024-02-05 16:22:06,680 [INFO] DbMcusAds:125 - Set database path to: C:\Users\sudh1\.stmcufinder\plugins\mcufinder//mcu/
2024-02-05 16:22:06,682 [INFO] CrossReferenceDbSqlite:203 - Set database path to: C:\Users\sudh1\.stmcufinder\plugins\mcufinder//mcu/cs/
2024-02-05 16:22:06,929 [INFO] RulesReader:64 - Compatibility file has been processed (297 Rules)
2024-02-05 16:22:07,062 [INFO] DbMcusXml:78 - Set database path to: C:\ST\STM32CubeIDE_1.14.0\STM32CubeIDE\plugins\com.st.stm32cube.common.mx_6.10.0.202311202037\\db\/mcu/
2024-02-05 16:22:07,064 [INFO] ApiDb:274 - Set plugin database path to: C:\ST\STM32CubeIDE_1.14.0\STM32CubeIDE\plugins\com.st.stm32cube.common.mx_6.10.0.202311202037\\db\/plugins/boardmanager/
2024-02-05 16:22:07,064 [INFO] ApiDb:261 - Set plugin images path to: C:\ST\STM32CubeIDE_1.14.0\STM32CubeIDE\plugins\com.st.stm32cube.common.mx_6.10.0.202311202037\\db\/plugins/mcufinder/images/
2024-02-05 16:22:07,064 [WARN] DbFile:41 - Overriding database path with different value: C:\Users\sudh1\.stmcufinder\plugins\mcufinder/ => C:\Users\sudh1\.stmcufinder\plugins\mcufinder
2024-02-05 16:22:07,065 [INFO] ApiDb:250 - Set database path to: C:\Users\sudh1\.stmcufinder\plugins\mcufinder//mcu/
2024-02-05 16:22:07,066 [WARN] DbFile:41 - Overriding database path with different value: C:\Users\sudh1\.stmcufinder\plugins\mcufinder/ => C:\Users\sudh1\.stmcufinder\plugins\mcufinder
2024-02-05 16:22:07,066 [INFO] DbMcusAds:125 - Set database path to: C:\Users\sudh1\.stmcufinder\plugins\mcufinder//mcu/
2024-02-05 16:22:07,066 [WARN] DbFile:41 - Overriding database path with different value: C:\Users\sudh1\.stmcufinder\plugins\mcufinder/ => C:\Users\sudh1\.stmcufinder\plugins\mcufinder
2024-02-05 16:22:07,066 [WARN] DbFile:41 - Overriding database path with different value: C:\Users\sudh1\.stmcufinder\plugins\mcufinder/ => C:\Users\sudh1\.stmcufinder\plugins\mcufinder
2024-02-05 16:22:07,067 [INFO] CrossReferenceDbSqlite:203 - Set database path to: C:\Users\sudh1\.stmcufinder\plugins\mcufinder//mcu/cs/
2024-02-05 16:22:07,166 [INFO] MainPanel:264 - HeapMemory: 268435456
2024-02-05 16:22:07,302 [INFO] DbMcusXml:78 - Set database path to: C:\ST\STM32CubeIDE_1.14.0\STM32CubeIDE\plugins\com.st.stm32cube.common.mx_6.10.0.202311202037\\db\/mcu/
2024-02-05 16:22:07,302 [INFO] ApiDb:274 - Set plugin database path to: C:\ST\STM32CubeIDE_1.14.0\STM32CubeIDE\plugins\com.st.stm32cube.common.mx_6.10.0.202311202037\\db\/plugins/boardmanager/
2024-02-05 16:22:07,302 [INFO] ApiDb:261 - Set plugin images path to: C:\ST\STM32CubeIDE_1.14.0\STM32CubeIDE\plugins\com.st.stm32cube.common.mx_6.10.0.202311202037\\db\/plugins/mcufinder/images/
2024-02-05 16:22:07,303 [WARN] DbFile:41 - Overriding database path with different value: C:\Users\sudh1\.stmcufinder\plugins\mcufinder/ => C:\Users\sudh1\.stmcufinder\plugins\mcufinder
2024-02-05 16:22:07,303 [INFO] ApiDb:250 - Set database path to: C:\Users\sudh1\.stmcufinder\plugins\mcufinder//mcu/
2024-02-05 16:22:07,303 [WARN] DbFile:41 - Overriding database path with different value: C:\Users\sudh1\.stmcufinder\plugins\mcufinder/ => C:\Users\sudh1\.stmcufinder\plugins\mcufinder
2024-02-05 16:22:07,303 [INFO] DbMcusAds:125 - Set database path to: C:\Users\sudh1\.stmcufinder\plugins\mcufinder//mcu/
2024-02-05 16:22:07,303 [WARN] DbFile:41 - Overriding database path with different value: C:\Users\sudh1\.stmcufinder\plugins\mcufinder/ => C:\Users\sudh1\.stmcufinder\plugins\mcufinder
2024-02-05 16:22:07,303 [WARN] DbFile:41 - Overriding database path with different value: C:\Users\sudh1\.stmcufinder\plugins\mcufinder/ => C:\Users\sudh1\.stmcufinder\plugins\mcufinder
2024-02-05 16:22:07,303 [INFO] CrossReferenceDbSqlite:203 - Set database path to: C:\Users\sudh1\.stmcufinder\plugins\mcufinder//mcu/cs/
2024-02-05 16:22:07,327 [INFO] ApplicationProperties:184 - Using Application install path: C:\ST\STM32CubeIDE_1.14.0\STM32CubeIDE\plugins\com.st.stm32cube.common.mx_6.10.0.202311202037
2024-02-05 16:22:07,328 [INFO] PluginManage:196 - Search for loadable plugins [exclusion list=, ]
2024-02-05 16:22:07,330 [INFO] PluginManage:310 - Check plugin analytics
2024-02-05 16:22:07,527 [INFO] AnalyticsPlugin:253 - Accepted Software Licenses: 
2024-02-05 16:22:07,527 [INFO] AnalyticsPlugin:255 - Accepted CMSIS Pack Licenses: 
2024-02-05 16:22:07,527 [INFO] AnalyticsPlugin:257 - Accepted Firmware Licenses: 
2024-02-05 16:22:07,531 [INFO] PluginManage:359 - Loaded plugin analytics (category:tool,tabindex:-1)
2024-02-05 16:22:07,531 [INFO] PluginManage:310 - Check plugin cadmodel
2024-02-05 16:22:07,548 [INFO] CADModel:105 - Init CAD model plugin
2024-02-05 16:22:07,549 [INFO] PluginManage:359 - Loaded plugin cadmodel (category:power,tabindex:5)
2024-02-05 16:22:07,549 [INFO] PluginManage:310 - Check plugin clock
2024-02-05 16:22:07,571 [INFO] PluginManage:359 - Loaded plugin clock (category:base,tabindex:2)
2024-02-05 16:22:07,571 [INFO] PluginManage:310 - Check plugin ddr
2024-02-05 16:22:07,574 [INFO] PluginManage:359 - Loaded plugin ddr (category:tool,tabindex:6)
2024-02-05 16:22:07,574 [INFO] PluginManage:310 - Check plugin filemanager
2024-02-05 16:22:07,760 [INFO] PluginManage:359 - Loaded plugin filemanager (category:base,tabindex:10)
2024-02-05 16:22:07,760 [INFO] PluginManage:310 - Check plugin ipmanager
2024-02-05 16:22:07,769 [INFO] PluginManage:359 - Loaded plugin ipmanager (category:base,tabindex:5)
2024-02-05 16:22:07,769 [INFO] PluginManage:310 - Check plugin lpbam
2024-02-05 16:22:07,790 [INFO] PluginManage:359 - Loaded plugin lpbam (category:base,tabindex:0)
2024-02-05 16:22:07,790 [INFO] PluginManage:310 - Check plugin memorymap
2024-02-05 16:22:07,822 [INFO] PluginManage:359 - Loaded plugin memorymap (category:base,tabindex:4)
2024-02-05 16:22:07,822 [INFO] PluginManage:310 - Check plugin pinoutandconfiguration
2024-02-05 16:22:07,853 [INFO] PluginManage:359 - Loaded plugin pinoutandconfiguration (category:base,tabindex:1)
2024-02-05 16:22:07,854 [INFO] PluginManage:310 - Check plugin pinoutconfig
2024-02-05 16:22:08,003 [WARN] SupportedApi:132 - Cannot load RTOS API schema: s4s-elt-must-match.1: The content of 'definitions' must match (annotation?, (simpleType | complexType)?, (unique | key | keyref)*)). A problem was found starting at: attribute.
2024-02-05 16:22:08,181 [INFO] PluginManage:359 - Loaded plugin pinoutconfig (category:base,tabindex:0)
2024-02-05 16:22:08,181 [INFO] PluginManage:310 - Check plugin power
2024-02-05 16:22:08,218 [INFO] PluginManage:359 - Loaded plugin power (category:power,tabindex:4)
2024-02-05 16:22:08,218 [INFO] PluginManage:310 - Check plugin projectmanager
2024-02-05 16:22:08,237 [INFO] PluginManage:359 - Loaded plugin projectmanager (category:projectmanager,tabindex:3)
2024-02-05 16:22:08,237 [INFO] PluginManage:310 - Check plugin thirdparty
2024-02-05 16:22:08,627 [INFO] PluginManage:359 - Loaded plugin thirdparty (category:base,tabindex:-1)
2024-02-05 16:22:08,627 [WARN] IntegrityCheckThread:84 - waiting for thirdparty lock release [integrity check]
2024-02-05 16:22:08,627 [INFO] PluginManage:310 - Check plugin tools
2024-02-05 16:22:08,628 [INFO] IntegrityCheckThread:86 - entering critical section [integrity check]
2024-02-05 16:22:08,628 [INFO] ThirdPartyUpdaterWithRetryManager:70 - Updater plugin not ready yet. [1/15]
2024-02-05 16:22:08,698 [INFO] PluginManage:359 - Loaded plugin tools (category:base,tabindex:7)
2024-02-05 16:22:08,698 [INFO] PluginManage:310 - Check plugin tutovideos
2024-02-05 16:22:08,949 [INFO] PluginManage:359 - Loaded plugin tutovideos (category:base,tabindex:-1)
2024-02-05 16:22:08,950 [INFO] PluginManage:310 - Check plugin updater
2024-02-05 16:22:08,962 [INFO] PluginManage:359 - Loaded plugin updater (category:base,tabindex:12)
2024-02-05 16:22:08,962 [INFO] PluginManage:310 - Check plugin userauth
2024-02-05 16:22:08,968 [INFO] UserAuth:114 - Init User Auth plugin
2024-02-05 16:22:08,968 [INFO] PluginManage:359 - Loaded plugin userauth (category:base,tabindex:14)
2024-02-05 16:22:08,969 [INFO] PluginManage:283 - PluginManage : Loaded plugins [17]
2024-02-05 16:22:09,293 [INFO] PinOutPanel:1499 - setPackage(No Configuration,No Configuration)
2024-02-05 16:22:09,411 [INFO] CADModel:165 - CPN selected for project level
2024-02-05 16:22:09,412 [INFO] CADModel:114 - Register for checkConnection events
2024-02-05 16:22:09,457 [INFO] IPUIPlugin:80 - create IPUIPlugin
2024-02-05 16:22:09,458 [INFO] PluginManager:220 - loadIPPluginJar : add adc
2024-02-05 16:22:09,494 [INFO] IPUIPlugin:80 - create IPUIPlugin
2024-02-05 16:22:09,494 [INFO] PluginManager:220 - loadIPPluginJar : add aes
2024-02-05 16:22:09,562 [INFO] IPUIPlugin:80 - create IPUIPlugin
2024-02-05 16:22:09,562 [INFO] PluginManager:220 - loadIPPluginJar : add can
2024-02-05 16:22:09,589 [INFO] IPUIPlugin:80 - create IPUIPlugin
2024-02-05 16:22:09,590 [INFO] PluginManager:220 - loadIPPluginJar : add comp
2024-02-05 16:22:09,630 [INFO] IPUIPlugin:80 - create IPUIPlugin
2024-02-05 16:22:09,631 [INFO] PluginManager:220 - loadIPPluginJar : add cryp
2024-02-05 16:22:09,667 [INFO] IPUIPlugin:80 - create IPUIPlugin
2024-02-05 16:22:09,667 [INFO] PluginManager:220 - loadIPPluginJar : add dfsdm
2024-02-05 16:22:09,687 [INFO] IPUIPlugin:80 - create IPUIPlugin
2024-02-05 16:22:09,687 [INFO] PluginManager:220 - loadIPPluginJar : add dma
2024-02-05 16:22:09,743 [INFO] IPUIPlugin:80 - create IPUIPlugin
2024-02-05 16:22:09,743 [INFO] PluginManager:220 - loadIPPluginJar : add dma3
2024-02-05 16:22:09,767 [INFO] IPUIPlugin:80 - create IPUIPlugin
2024-02-05 16:22:09,768 [INFO] PluginManager:220 - loadIPPluginJar : add fatfs
2024-02-05 16:22:09,821 [INFO] IPUIPlugin:80 - create IPUIPlugin
2024-02-05 16:22:09,821 [INFO] PluginManager:220 - loadIPPluginJar : add fmc
2024-02-05 16:22:09,837 [INFO] IPUIPlugin:80 - create IPUIPlugin
2024-02-05 16:22:09,837 [INFO] PluginManager:220 - loadIPPluginJar : add freertos
2024-02-05 16:22:09,858 [INFO] IPUIPlugin:80 - create IPUIPlugin
2024-02-05 16:22:09,858 [INFO] PluginManager:220 - loadIPPluginJar : add genericplugin
2024-02-05 16:22:09,960 [INFO] IPUIPlugin:80 - create IPUIPlugin
2024-02-05 16:22:09,960 [INFO] PluginManager:220 - loadIPPluginJar : add gfxmmu
2024-02-05 16:22:10,101 [INFO] IPUIPlugin:80 - create IPUIPlugin
2024-02-05 16:22:10,101 [INFO] PluginManager:220 - loadIPPluginJar : add gic
2024-02-05 16:22:10,162 [INFO] IPUIPlugin:80 - create IPUIPlugin
2024-02-05 16:22:10,162 [INFO] PluginManager:220 - loadIPPluginJar : add gpio
2024-02-05 16:22:10,282 [INFO] IPUIPlugin:80 - create IPUIPlugin
2024-02-05 16:22:10,282 [INFO] PluginManager:220 - loadIPPluginJar : add gtzc
2024-02-05 16:22:10,318 [INFO] IPUIPlugin:80 - create IPUIPlugin
2024-02-05 16:22:10,318 [INFO] PluginManager:220 - loadIPPluginJar : add hash
2024-02-05 16:22:10,417 [INFO] IPUIPlugin:80 - create IPUIPlugin
2024-02-05 16:22:10,417 [INFO] PluginManager:220 - loadIPPluginJar : add i2c
2024-02-05 16:22:10,459 [INFO] IPUIPlugin:80 - create IPUIPlugin
2024-02-05 16:22:10,459 [INFO] PluginManager:220 - loadIPPluginJar : add i2s
2024-02-05 16:22:10,505 [INFO] IPUIPlugin:80 - create IPUIPlugin
2024-02-05 16:22:10,505 [INFO] PluginManager:220 - loadIPPluginJar : add i3c
2024-02-05 16:22:10,612 [INFO] IPUIPlugin:80 - create IPUIPlugin
2024-02-05 16:22:10,612 [INFO] PluginManager:220 - loadIPPluginJar : add ipddr
2024-02-05 16:22:10,721 [INFO] IPUIPlugin:80 - create IPUIPlugin
2024-02-05 16:22:10,721 [INFO] PluginManager:220 - loadIPPluginJar : add linkedlist
2024-02-05 16:22:10,762 [INFO] IPUIPlugin:80 - create IPUIPlugin
2024-02-05 16:22:10,762 [INFO] PluginManager:220 - loadIPPluginJar : add lorawan
2024-02-05 16:22:10,802 [INFO] IPUIPlugin:80 - create IPUIPlugin
2024-02-05 16:22:10,803 [INFO] PluginManager:220 - loadIPPluginJar : add ltdc
2024-02-05 16:22:10,817 [INFO] IPUIPlugin:80 - create IPUIPlugin
2024-02-05 16:22:10,818 [INFO] PluginManager:220 - loadIPPluginJar : add mdma
2024-02-05 16:22:10,831 [INFO] IPUIPlugin:80 - create IPUIPlugin
2024-02-05 16:22:10,831 [INFO] PluginManager:220 - loadIPPluginJar : add nvic
2024-02-05 16:22:10,867 [INFO] IPUIPlugin:80 - create IPUIPlugin
2024-02-05 16:22:10,867 [INFO] PluginManager:220 - loadIPPluginJar : add opamp
2024-02-05 16:22:10,941 [INFO] IPUIPlugin:80 - create IPUIPlugin
2024-02-05 16:22:10,941 [INFO] PluginManager:220 - loadIPPluginJar : add openamp
2024-02-05 16:22:10,993 [INFO] IPUIPlugin:80 - create IPUIPlugin
2024-02-05 16:22:10,993 [INFO] PluginManager:220 - loadIPPluginJar : add pdm2pcm
2024-02-05 16:22:11,013 [INFO] IPUIPlugin:80 - create IPUIPlugin
2024-02-05 16:22:11,016 [INFO] PluginManager:220 - loadIPPluginJar : add plateformsettings
2024-02-05 16:22:11,051 [INFO] IPUIPlugin:80 - create IPUIPlugin
2024-02-05 16:22:11,051 [INFO] PluginManager:220 - loadIPPluginJar : add quadspi
2024-02-05 16:22:11,073 [INFO] IPUIPlugin:80 - create IPUIPlugin
2024-02-05 16:22:11,073 [INFO] PluginManager:220 - loadIPPluginJar : add resmgrutility
2024-02-05 16:22:11,132 [INFO] IPUIPlugin:80 - create IPUIPlugin
2024-02-05 16:22:11,132 [INFO] PluginManager:220 - loadIPPluginJar : add sai
2024-02-05 16:22:11,186 [INFO] IPUIPlugin:80 - create IPUIPlugin
2024-02-05 16:22:11,187 [INFO] PluginManager:220 - loadIPPluginJar : add spi
2024-02-05 16:22:11,269 [INFO] IPUIPlugin:80 - create IPUIPlugin
2024-02-05 16:22:11,269 [INFO] PluginManager:220 - loadIPPluginJar : add stm32_wpan
2024-02-05 16:22:11,295 [INFO] IPUIPlugin:80 - create IPUIPlugin
2024-02-05 16:22:11,295 [INFO] PluginManager:220 - loadIPPluginJar : add tim
2024-02-05 16:22:11,361 [INFO] IPUIPlugin:80 - create IPUIPlugin
2024-02-05 16:22:11,362 [INFO] PluginManager:220 - loadIPPluginJar : add touchsensing
2024-02-05 16:22:11,390 [INFO] IPUIPlugin:80 - create IPUIPlugin
2024-02-05 16:22:11,390 [INFO] PluginManager:220 - loadIPPluginJar : add tracer_emb
2024-02-05 16:22:11,416 [INFO] IPUIPlugin:80 - create IPUIPlugin
2024-02-05 16:22:11,416 [INFO] PluginManager:220 - loadIPPluginJar : add ts
2024-02-05 16:22:11,440 [INFO] IPUIPlugin:80 - create IPUIPlugin
2024-02-05 16:22:11,440 [INFO] PluginManager:220 - loadIPPluginJar : add tsc
2024-02-05 16:22:11,471 [INFO] IPUIPlugin:80 - create IPUIPlugin
2024-02-05 16:22:11,471 [INFO] PluginManager:220 - loadIPPluginJar : add ucpd
2024-02-05 16:22:11,533 [INFO] IPUIPlugin:80 - create IPUIPlugin
2024-02-05 16:22:11,533 [INFO] PluginManager:220 - loadIPPluginJar : add usart
2024-02-05 16:22:11,585 [INFO] IPUIPlugin:80 - create IPUIPlugin
2024-02-05 16:22:11,585 [INFO] PluginManager:220 - loadIPPluginJar : add usbx
2024-02-05 16:22:11,630 [INFO] ThirdPartyUpdaterWithRetryManager:70 - Updater plugin not ready yet. [2/15]
2024-02-05 16:22:11,723 [INFO] CADModel:165 - CPN selected for project level
2024-02-05 16:22:11,724 [INFO] CADModel:114 - Register for checkConnection events
2024-02-05 16:22:11,724 [FATAL] Updater:308 - Updater called before beeing initialized
2024-02-05 16:22:11,724 [ERROR] CADModel:125 - Updater not yet initialized, retry later 
2024-02-05 16:22:11,891 [INFO] CADModel:165 - CPN selected for project level
2024-02-05 16:22:11,891 [INFO] CADModel:114 - Register for checkConnection events
2024-02-05 16:22:11,893 [FATAL] Updater:308 - Updater called before beeing initialized
2024-02-05 16:22:11,893 [ERROR] CADModel:125 - Updater not yet initialized, retry later 
2024-02-05 16:22:11,897 [FATAL] Updater:308 - Updater called before beeing initialized
2024-02-05 16:22:12,031 [FATAL] Updater:308 - Updater called before beeing initialized
2024-02-05 16:22:12,043 [INFO] DbMcusAds:53 - JSON generation date=Wed Nov 29 16:22:27 IST 2023 (1701255147200)
2024-02-05 16:22:12,043 [FATAL] Updater:308 - Updater called before beeing initialized
2024-02-05 16:22:12,144 [WARN] DetailPanel:346 - Failed to get advertising image, set to default
2024-02-05 16:22:12,243 [FATAL] Updater:308 - Updater called before beeing initialized
2024-02-05 16:22:12,246 [FATAL] Updater:308 - Updater called before beeing initialized
2024-02-05 16:22:12,246 [FATAL] Updater:308 - Updater called before beeing initialized
2024-02-05 16:22:12,246 [WARN] DetailPanel:346 - Failed to get advertising image, set to default
2024-02-05 16:22:12,247 [FATAL] Updater:308 - Updater called before beeing initialized
2024-02-05 16:22:12,316 [ERROR] Updater:1120 - MainUpdater not yet initialized. External WinMGr cannot be set.
2024-02-05 16:22:12,328 [INFO] Updater:1056 - Updater Version found : 6.10.0
2024-02-05 16:22:12,353 [INFO] ApplicationProperties:184 - Using Application install path: C:\ST\STM32CubeIDE_1.14.0\STM32CubeIDE\plugins\com.st.stm32cube.common.mx_6.10.0.202311202037
2024-02-05 16:22:13,978 [ERROR] LogOutputStream:75 - [STDERR_REDIRECT] Feb 05, 2024 4:22:13 PM java.util.prefs.WindowsPreferences <init>
2024-02-05 16:22:13,981 [ERROR] LogOutputStream:75 - [STDERR_REDIRECT] WARNING: Could not open/create prefs root node Software\JavaSoft\Prefs at root 0xffffffff80000002. Windows RegCreateKeyEx(...) returned error code 5.
2024-02-05 16:22:13,981 [ERROR] LogOutputStream:75 - [STDERR_REDIRECT] 
2024-02-05 16:22:14,298 [INFO] MainUpdater:2873 - connection check result : 10
2024-02-05 16:22:14,299 [INFO] MainUpdater:3567 - Updater definition file requires update
2024-02-05 16:22:14,300 [INFO] MainUpdater:290 - Updater Check For Update Now.
2024-02-05 16:22:14,300 [INFO] MicroXplorer:498 - Change Database Version : DB.6.0.100
2024-02-05 16:22:14,326 [INFO] McuFinderGlobals:63 - Set McuFinder mode to 2 (CubeIDE integrated)
2024-02-05 16:22:14,326 [INFO] UserAuth:180 - activating auth plugin
2024-02-05 16:22:14,331 [INFO] UserAuth:404 - Internet connection configuration mode: 1
2024-02-05 16:22:14,353 [INFO] JxBrowserEngine:152 - Initiate JxBrowser Engine with user profile folder
2024-02-05 16:22:14,371 [INFO] ServerAccessManage:473 - Download File updaters.zip
2024-02-05 16:22:14,510 [INFO] FileExtend:240 - Unzip File : updaters.zip
2024-02-05 16:22:14,511 [INFO] FileExtend:255 - Standard Zip Deflate
2024-02-05 16:22:14,631 [WARN] MainUpdater:1194 - Updater busy. Cannot search thirdparties
2024-02-05 16:22:14,632 [INFO] ThirdPartyUpdaterWithRetryManager:96 - Updater plugin is busy. [1/15]
2024-02-05 16:22:14,865 [INFO] ServerAccessManage:473 - Download File PacksControlFlags.xml
2024-02-05 16:22:15,001 [INFO] ServerAccessManage:473 - Download File cubemx.pidx
2024-02-05 16:22:15,151 [INFO] LoadServerUpdatesThread:375 - End of LoadServerUpdate Thread
2024-02-05 16:22:15,356 [INFO] CheckServerUpdateThread:120 - End of CheckServer Thread
2024-02-05 16:22:17,819 [WARN] PackLoader:240 - Cannot read IP mode file for STMicroelectronics.X-CUBE-SMBUS.2.1.0
2024-02-05 16:22:17,835 [WARN] PackLoader:240 - Cannot read IP mode file for STMicroelectronics.X-CUBE-TOUCHGFX.4.23.0
2024-02-05 16:22:17,888 [WARN] PackLoader:240 - Cannot read IP mode file for STMicroelectronics.X-CUBE-AZRTOS-F7.1.1.0
2024-02-05 16:22:17,919 [WARN] PackLoader:240 - Cannot read IP mode file for STMicroelectronics.FP-SNS-MOTENV1.4.3.2
2024-02-05 16:22:17,941 [WARN] PackLoader:240 - Cannot read IP mode file for STMicroelectronics.X-CUBE-BLE1.6.2.4
2024-02-05 16:22:17,959 [WARN] PackLoader:240 - Cannot read IP mode file for STMicroelectronics.FP-SNS-FLIGHT1.5.0.2
2024-02-05 16:22:17,983 [WARN] PackLoader:240 - Cannot read IP mode file for STMicroelectronics.X-CUBE-DISPLAY.3.0.0
2024-02-05 16:22:18,008 [WARN] PackLoader:240 - Cannot read IP mode file for STMicroelectronics.X-CUBE-BLE1.7.0.0
2024-02-05 16:22:18,026 [WARN] PackLoader:240 - Cannot read IP mode file for STMicroelectronics.FP-SNS-SMARTAG2.1.2.0
2024-02-05 16:22:18,052 [INFO] LogOutputStream:77 - [STDOUT_REDIRECT] 1 : Invalid condition id : UX_CORESTACK_Condition cause : null
2024-02-05 16:22:18,053 [INFO] LogOutputStream:77 - [STDOUT_REDIRECT] 1 : Invalid condition id : UX_CORESTACK_Condition cause : null
2024-02-05 16:22:18,054 [INFO] LogOutputStream:77 - [STDOUT_REDIRECT] 1 : Invalid condition id : UX_CORESTACK_Condition cause : null
2024-02-05 16:22:18,055 [INFO] LogOutputStream:77 - [STDOUT_REDIRECT] 1 : Invalid condition id : UX_CORESTACK_Condition cause : null
2024-02-05 16:22:18,055 [INFO] LogOutputStream:77 - [STDOUT_REDIRECT] 1 : Invalid condition id : UX_CORESTACK_Condition cause : null
2024-02-05 16:22:18,060 [WARN] PackLoader:240 - Cannot read IP mode file for STMicroelectronics.X-CUBE-AZRTOS-WL.2.0.0
2024-02-05 16:22:18,095 [WARN] PackLoader:240 - Cannot read IP mode file for WES.I-CUBE-Cesium.1.3.0
2024-02-05 16:22:18,112 [WARN] PackLoader:240 - Cannot read IP mode file for STMicroelectronics.X-CUBE-BLE2.3.3.0
2024-02-05 16:22:18,156 [WARN] PackLoader:240 - Cannot read IP mode file for STMicroelectronics.X-CUBE-TOF1.3.2.0
2024-02-05 16:22:18,199 [WARN] PackLoader:240 - Cannot read IP mode file for STMicroelectronics.X-CUBE-TOUCHGFX.4.21.1
2024-02-05 16:22:18,222 [WARN] PackLoader:240 - Cannot read IP mode file for STMicroelectronics.X-CUBE-ALGOBUILD.1.3.0
2024-02-05 16:22:18,264 [WARN] PackLoader:240 - Cannot read IP mode file for STMicroelectronics.X-CUBE-AZRTOS-G0.1.1.0
2024-02-05 16:22:18,293 [WARN] PackLoader:240 - Cannot read IP mode file for STMicroelectronics.X-CUBE-NFC4.3.0.0
2024-02-05 16:22:18,320 [WARN] PackLoader:240 - Cannot read IP mode file for STMicroelectronics.X-CUBE-BLEMGR.3.0.0
2024-02-05 16:22:18,347 [WARN] PackLoader:240 - Cannot read IP mode file for STMicroelectronics.X-CUBE-BLEMGR.1.3.0
2024-02-05 16:22:18,369 [WARN] PackLoader:240 - Cannot read IP mode file for STMicroelectronics.FP-ATR-SIGFOX1.3.2.0
2024-02-05 16:22:18,392 [WARN] PackLoader:240 - Cannot read IP mode file for STMicroelectronics.X-CUBE-EEPRMA1.5.1.0
2024-02-05 16:22:18,470 [WARN] PackLoader:240 - Cannot read IP mode file for STMicroelectronics.X-CUBE-MEMS1.9.5.0
2024-02-05 16:22:18,839 [INFO] WebApp:161 - Instantiating new browser for Auth
2024-02-05 16:22:18,861 [WARN] PackLoader:240 - Cannot read IP mode file for SEGGER.I-CUBE-embOS.1.3.1
2024-02-05 16:22:18,961 [WARN] PackLoader:240 - Cannot read IP mode file for STMicroelectronics.X-CUBE-GNSS1.6.0.0
2024-02-05 16:22:19,014 [WARN] PackLoader:240 - Cannot read IP mode file for STMicroelectronics.X-CUBE-AZRTOS-F4.1.1.0
2024-02-05 16:22:19,072 [WARN] PackLoader:240 - Cannot read IP mode file for STMicroelectronics.X-CUBE-AZRTOS-L5.2.0.0
2024-02-05 16:22:19,104 [WARN] PackLoader:240 - Cannot read IP mode file for STMicroelectronics.X-CUBE-EEPRMA1.4.2.0
2024-02-05 16:22:19,143 [WARN] PackLoader:240 - Cannot read IP mode file for ITTIA_DB.I-CUBE-ITTIADB.8.8.0
2024-02-05 16:22:19,183 [WARN] PackLoader:240 - Cannot read IP mode file for emotas.I-CUBE-CANOPEN.1.1.3
2024-02-05 16:22:19,216 [WARN] PackLoader:240 - Cannot read IP mode file for STMicroelectronics.X-CUBE-BLEMGR.2.0.0
2024-02-05 16:22:19,245 [WARN] PackLoader:240 - Cannot read IP mode file for wolfSSL.I-CUBE-wolfSSL.5.5.4
2024-02-05 16:22:19,268 [WARN] PackLoader:240 - Cannot read IP mode file for STMicroelectronics.X-CUBE-NFC7.1.0.1
2024-02-05 16:22:19,285 [WARN] PackLoader:240 - Cannot read IP mode file for STMicroelectronics.X-CUBE-NFC7.1.0.0
2024-02-05 16:22:19,306 [WARN] PackLoader:240 - Cannot read IP mode file for STMicroelectronics.X-CUBE-NFC6.3.0.0
2024-02-05 16:22:19,326 [WARN] PackLoader:240 - Cannot read IP mode file for STMicroelectronics.X-CUBE-EEPRMA1.4.1.0
2024-02-05 16:22:19,344 [WARN] PackLoader:240 - Cannot read IP mode file for STMicroelectronics.X-CUBE-AI.8.1.0
2024-02-05 16:22:19,381 [WARN] ConditionMgr:438 - getConditionDescription Invalid condition id : LAN8742 Phy interface Condition cause : null
2024-02-05 16:22:19,381 [WARN] PackLoader:240 - Cannot read IP mode file for STMicroelectronics.X-CUBE-AZRTOS-L4.2.0.0
2024-02-05 16:22:19,383 [WARN] ConditionMgr:1039 - genDependencies : Invalid condition id : LAN8742 Phy interface Condition cause : null
2024-02-05 16:22:19,383 [WARN] ConditionMgr:1039 - genDependencies : Invalid condition id : LAN8742 Phy interface Condition cause : null
2024-02-05 16:22:19,383 [WARN] ConditionMgr:1039 - genDependencies : Invalid condition id : LAN8742 Phy interface Condition cause : null
2024-02-05 16:22:19,402 [WARN] PackLoader:240 - Cannot read IP mode file for STMicroelectronics.X-CUBE-SFXS2LP1.4.0.0
2024-02-05 16:22:19,449 [WARN] PackLoader:240 - Cannot read IP mode file for STMicroelectronics.X-CUBE-AZRTOS-H7.3.0.0
2024-02-05 16:22:19,465 [WARN] PackLoader:240 - Cannot read IP mode file for STMicroelectronics.X-CUBE-ISPU.1.1.0
2024-02-05 16:22:19,483 [WARN] PackLoader:240 - Cannot read IP mode file for RoweBots.I-CUBE-UNISONRTOS.5.5.0-4
2024-02-05 16:22:19,499 [WARN] PackLoader:240 - Cannot read IP mode file for STMicroelectronics.X-CUBE-AI.8.0.0
2024-02-05 16:22:19,534 [WARN] ConditionMgr:438 - getConditionDescription Invalid condition id : UX DEVICE CLASS RTOS Condition cause : null
2024-02-05 16:22:19,534 [WARN] ConditionMgr:438 - getConditionDescription Invalid condition id : UX DEVICE CLASS RTOS Condition cause : null
2024-02-05 16:22:19,537 [WARN] PackLoader:240 - Cannot read IP mode file for STMicroelectronics.X-CUBE-AZRTOS-WB.2.0.0
2024-02-05 16:22:19,538 [WARN] ConditionMgr:1039 - genDependencies : Invalid condition id : UX DEVICE CLASS RTOS Condition cause : null
2024-02-05 16:22:19,539 [WARN] ConditionMgr:1039 - genDependencies : Invalid condition id : UX DEVICE CLASS RTOS Condition cause : null
2024-02-05 16:22:19,539 [WARN] ConditionMgr:1039 - genDependencies : Invalid condition id : UX DEVICE CLASS RTOS Condition cause : null
2024-02-05 16:22:19,540 [WARN] ConditionMgr:1039 - genDependencies : Invalid condition id : UX DEVICE CLASS RTOS Condition cause : null
2024-02-05 16:22:19,540 [WARN] ConditionMgr:1039 - genDependencies : Invalid condition id : UX DEVICE CLASS RTOS Condition cause : null
2024-02-05 16:22:19,559 [WARN] PackLoader:240 - Cannot read IP mode file for STMicroelectronics.X-CUBE-FREERTOS.1.0.0
2024-02-05 16:22:19,595 [WARN] PackLoader:240 - Cannot read IP mode file for STMicroelectronics.X-CUBE-AZRTOS-L5.1.1.0
2024-02-05 16:22:19,632 [WARN] PackLoader:240 - Cannot read IP mode file for STMicroelectronics.X-CUBE-SUBG2.5.0.0
2024-02-05 16:22:19,673 [WARN] PackLoader:240 - Cannot read IP mode file for STMicroelectronics.X-CUBE-AZRTOS-G4.2.0.0
2024-02-05 16:22:19,690 [WARN] PackLoader:240 - Cannot read IP mode file for STMicroelectronics.FP-ATR-ASTRA1.1.1.1
2024-02-05 16:22:19,717 [WARN] PackLoader:240 - Cannot read IP mode file for Infineon.AIROC-Wi-Fi-Bluetooth-STM32.1.5.1
2024-02-05 16:22:19,742 [WARN] PackLoader:240 - Cannot read IP mode file for STMicroelectronics.FP-SNS-MOTENVWB1.1.3.1
2024-02-05 16:22:19,770 [WARN] PackLoader:240 - Cannot read IP mode file for STMicroelectronics.X-CUBE-AZRTOS-G4.1.0.0
2024-02-05 16:22:19,803 [WARN] PackLoader:240 - Cannot read IP mode file for STMicroelectronics.X-CUBE-AZRTOS-L4.1.0.0
2024-02-05 16:22:19,819 [WARN] PackLoader:240 - Cannot read IP mode file for STMicroelectronics.X-CUBE-ISPU.2.0.0
2024-02-05 16:22:19,877 [WARN] PackLoader:240 - Cannot read IP mode file for STMicroelectronics.X-CUBE-MEMS1.10.0.0
2024-02-05 16:22:19,881 [INFO] WebApp:780 - Register for checkConnection events
2024-02-05 16:22:19,882 [INFO] WebApp:414 - Apply proxy settings
2024-02-05 16:22:19,882 [INFO] WebApp:499 - Chromium requires no authentication
2024-02-05 16:22:19,897 [INFO] WebApp:442 - Direct internet connection detected
2024-02-05 16:22:19,970 [WARN] PackLoader:240 - Cannot read IP mode file for STMicroelectronics.X-CUBE-FREERTOS.1.1.0
2024-02-05 16:22:19,993 [WARN] PackLoader:240 - Cannot read IP mode file for STMicroelectronics.X-CUBE-AZRTOS-WL.1.0.0
2024-02-05 16:22:20,011 [WARN] PackLoader:240 - Cannot read IP mode file for portGmbH.I-Cube-SoM-uGOAL.1.1.0
2024-02-05 16:22:20,029 [WARN] PackLoader:240 - Cannot read IP mode file for STMicroelectronics.X-CUBE-ALS.1.0.1
2024-02-05 16:22:20,055 [WARN] PackLoader:240 - Cannot read IP mode file for STMicroelectronics.X-CUBE-AZRTOS-WB.1.1.0
2024-02-05 16:22:20,071 [WARN] PackLoader:240 - Cannot read IP mode file for STMicroelectronics.FP-ATR-ASTRA1.2.0.0
2024-02-05 16:22:20,094 [WARN] PackLoader:240 - Cannot read IP mode file for STMicroelectronics.X-CUBE-TOF1.3.4.0
2024-02-05 16:22:20,138 [WARN] PackLoader:240 - Cannot read IP mode file for STMicroelectronics.X-CUBE-AZRTOS-H7.3.2.0
2024-02-05 16:22:20,142 [INFO] ThirdParty:978 - Integrity check success = true
2024-02-05 16:22:20,142 [INFO] IntegrityCheckThread:100 - exiting critical section [integrity check]
2024-02-05 16:22:20,142 [INFO] IntegrityCheckThread:103 - End integrity checks thread
2024-02-05 16:22:20,166 [INFO] WebApp:192 - Starting web application
2024-02-05 16:22:20,166 [INFO] WebApp:544 - Web application path used C:\ST\STM32CubeIDE_1.14.0\STM32CubeIDE\plugins\com.st.stm32cube.common.mx_6.10.0.202311202037\db\plugins\mcufinder\reactClient1\index.html
2024-02-05 16:22:41,498 [ERROR] LogOutputStream:75 - [STDERR_REDIRECT] SLF4J: Failed to load class "org.slf4j.impl.StaticLoggerBinder".
2024-02-05 16:22:41,499 [ERROR] LogOutputStream:75 - [STDERR_REDIRECT] SLF4J: Defaulting to no-operation (NOP) logger implementation
2024-02-05 16:22:41,500 [ERROR] LogOutputStream:75 - [STDERR_REDIRECT] SLF4J: See http://www.slf4j.org/codes.html#StaticLoggerBinder for further details.
2024-02-05 17:33:37,561 [ERROR] LogOutputStream:75 - [STDERR_REDIRECT] 
2024-02-05 17:33:37,562 [ERROR] LogOutputStream:75 - [STDERR_REDIRECT] 
