2024-02-07 15:14:32,260 [INFO] Activator:176 - 


2024-02-07 15:14:32,264 [INFO] Activator:177 - !SESSION log4j initialized
2024-02-07 15:14:39,553 [INFO] LogOutputStream:77 - [STDOUT_REDIRECT] 
2024-02-07 15:14:44,809 [INFO] ApplicationProperties:184 - Using Application install path: C:\ST\STM32CubeIDE_1.14.0\STM32CubeIDE\plugins\com.st.stm32cube.common.mx_6.10.0.202311202037
2024-02-07 15:14:44,832 [INFO] DbMcusXml:78 - Set database path to: C:\ST\STM32CubeIDE_1.14.0\STM32CubeIDE\plugins\com.st.stm32cube.common.mx_6.10.0.202311202037\\db\/mcu/
2024-02-07 15:14:44,832 [INFO] ApiDb:274 - Set plugin database path to: C:\ST\STM32CubeIDE_1.14.0\STM32CubeIDE\plugins\com.st.stm32cube.common.mx_6.10.0.202311202037\\db\/plugins/boardmanager/
2024-02-07 15:14:44,832 [WARN] ApiDb:259 - Overriding images path with different value:  => C:\ST\STM32CubeIDE_1.14.0\STM32CubeIDE\plugins\com.st.stm32cube.common.mx_6.10.0.202311202037\\db\/plugins/mcufinder/images/
2024-02-07 15:14:44,845 [INFO] ApiDb:250 - Set database path to: C:\Users\sudh1\.stmcufinder\plugins\mcufinder//mcu/
2024-02-07 15:14:44,846 [INFO] DbMcusAds:125 - Set database path to: C:\Users\sudh1\.stmcufinder\plugins\mcufinder//mcu/
2024-02-07 15:14:44,848 [INFO] CrossReferenceDbSqlite:203 - Set database path to: C:\Users\sudh1\.stmcufinder\plugins\mcufinder//mcu/cs/
2024-02-07 15:14:45,002 [INFO] RulesReader:64 - Compatibility file has been processed (297 Rules)
2024-02-07 15:14:45,091 [INFO] DbMcusXml:78 - Set database path to: C:\ST\STM32CubeIDE_1.14.0\STM32CubeIDE\plugins\com.st.stm32cube.common.mx_6.10.0.202311202037\\db\/mcu/
2024-02-07 15:14:45,091 [INFO] ApiDb:274 - Set plugin database path to: C:\ST\STM32CubeIDE_1.14.0\STM32CubeIDE\plugins\com.st.stm32cube.common.mx_6.10.0.202311202037\\db\/plugins/boardmanager/
2024-02-07 15:14:45,092 [INFO] ApiDb:261 - Set plugin images path to: C:\ST\STM32CubeIDE_1.14.0\STM32CubeIDE\plugins\com.st.stm32cube.common.mx_6.10.0.202311202037\\db\/plugins/mcufinder/images/
2024-02-07 15:14:45,092 [WARN] DbFile:41 - Overriding database path with different value: C:\Users\sudh1\.stmcufinder\plugins\mcufinder/ => C:\Users\sudh1\.stmcufinder\plugins\mcufinder
2024-02-07 15:14:45,092 [INFO] ApiDb:250 - Set database path to: C:\Users\sudh1\.stmcufinder\plugins\mcufinder//mcu/
2024-02-07 15:14:45,092 [WARN] DbFile:41 - Overriding database path with different value: C:\Users\sudh1\.stmcufinder\plugins\mcufinder/ => C:\Users\sudh1\.stmcufinder\plugins\mcufinder
2024-02-07 15:14:45,092 [INFO] DbMcusAds:125 - Set database path to: C:\Users\sudh1\.stmcufinder\plugins\mcufinder//mcu/
2024-02-07 15:14:45,092 [WARN] DbFile:41 - Overriding database path with different value: C:\Users\sudh1\.stmcufinder\plugins\mcufinder/ => C:\Users\sudh1\.stmcufinder\plugins\mcufinder
2024-02-07 15:14:45,092 [WARN] DbFile:41 - Overriding database path with different value: C:\Users\sudh1\.stmcufinder\plugins\mcufinder/ => C:\Users\sudh1\.stmcufinder\plugins\mcufinder
2024-02-07 15:14:45,092 [INFO] CrossReferenceDbSqlite:203 - Set database path to: C:\Users\sudh1\.stmcufinder\plugins\mcufinder//mcu/cs/
2024-02-07 15:14:45,182 [INFO] MainPanel:264 - HeapMemory: 268435456
2024-02-07 15:14:45,293 [INFO] DbMcusXml:78 - Set database path to: C:\ST\STM32CubeIDE_1.14.0\STM32CubeIDE\plugins\com.st.stm32cube.common.mx_6.10.0.202311202037\\db\/mcu/
2024-02-07 15:14:45,293 [INFO] ApiDb:274 - Set plugin database path to: C:\ST\STM32CubeIDE_1.14.0\STM32CubeIDE\plugins\com.st.stm32cube.common.mx_6.10.0.202311202037\\db\/plugins/boardmanager/
2024-02-07 15:14:45,293 [INFO] ApiDb:261 - Set plugin images path to: C:\ST\STM32CubeIDE_1.14.0\STM32CubeIDE\plugins\com.st.stm32cube.common.mx_6.10.0.202311202037\\db\/plugins/mcufinder/images/
2024-02-07 15:14:45,293 [WARN] DbFile:41 - Overriding database path with different value: C:\Users\sudh1\.stmcufinder\plugins\mcufinder/ => C:\Users\sudh1\.stmcufinder\plugins\mcufinder
2024-02-07 15:14:45,293 [INFO] ApiDb:250 - Set database path to: C:\Users\sudh1\.stmcufinder\plugins\mcufinder//mcu/
2024-02-07 15:14:45,294 [WARN] DbFile:41 - Overriding database path with different value: C:\Users\sudh1\.stmcufinder\plugins\mcufinder/ => C:\Users\sudh1\.stmcufinder\plugins\mcufinder
2024-02-07 15:14:45,294 [INFO] DbMcusAds:125 - Set database path to: C:\Users\sudh1\.stmcufinder\plugins\mcufinder//mcu/
2024-02-07 15:14:45,294 [WARN] DbFile:41 - Overriding database path with different value: C:\Users\sudh1\.stmcufinder\plugins\mcufinder/ => C:\Users\sudh1\.stmcufinder\plugins\mcufinder
2024-02-07 15:14:45,294 [WARN] DbFile:41 - Overriding database path with different value: C:\Users\sudh1\.stmcufinder\plugins\mcufinder/ => C:\Users\sudh1\.stmcufinder\plugins\mcufinder
2024-02-07 15:14:45,294 [INFO] CrossReferenceDbSqlite:203 - Set database path to: C:\Users\sudh1\.stmcufinder\plugins\mcufinder//mcu/cs/
2024-02-07 15:14:45,315 [INFO] ApplicationProperties:184 - Using Application install path: C:\ST\STM32CubeIDE_1.14.0\STM32CubeIDE\plugins\com.st.stm32cube.common.mx_6.10.0.202311202037
2024-02-07 15:14:45,318 [INFO] PluginManage:196 - Search for loadable plugins [exclusion list=, ]
2024-02-07 15:14:45,320 [INFO] PluginManage:310 - Check plugin analytics
2024-02-07 15:14:45,503 [INFO] AnalyticsPlugin:253 - Accepted Software Licenses: 
2024-02-07 15:14:45,503 [INFO] AnalyticsPlugin:255 - Accepted CMSIS Pack Licenses: 
2024-02-07 15:14:45,503 [INFO] AnalyticsPlugin:257 - Accepted Firmware Licenses: 
2024-02-07 15:14:45,506 [INFO] PluginManage:359 - Loaded plugin analytics (category:tool,tabindex:-1)
2024-02-07 15:14:45,507 [INFO] PluginManage:310 - Check plugin cadmodel
2024-02-07 15:14:45,524 [INFO] CADModel:105 - Init CAD model plugin
2024-02-07 15:14:45,525 [INFO] PluginManage:359 - Loaded plugin cadmodel (category:power,tabindex:5)
2024-02-07 15:14:45,525 [INFO] PluginManage:310 - Check plugin clock
2024-02-07 15:14:45,549 [INFO] PluginManage:359 - Loaded plugin clock (category:base,tabindex:2)
2024-02-07 15:14:45,549 [INFO] PluginManage:310 - Check plugin ddr
2024-02-07 15:14:45,551 [INFO] PluginManage:359 - Loaded plugin ddr (category:tool,tabindex:6)
2024-02-07 15:14:45,551 [INFO] PluginManage:310 - Check plugin filemanager
2024-02-07 15:14:45,700 [INFO] PluginManage:359 - Loaded plugin filemanager (category:base,tabindex:10)
2024-02-07 15:14:45,700 [INFO] PluginManage:310 - Check plugin ipmanager
2024-02-07 15:14:45,709 [INFO] PluginManage:359 - Loaded plugin ipmanager (category:base,tabindex:5)
2024-02-07 15:14:45,710 [INFO] PluginManage:310 - Check plugin lpbam
2024-02-07 15:14:45,734 [INFO] PluginManage:359 - Loaded plugin lpbam (category:base,tabindex:0)
2024-02-07 15:14:45,734 [INFO] PluginManage:310 - Check plugin memorymap
2024-02-07 15:14:45,766 [INFO] PluginManage:359 - Loaded plugin memorymap (category:base,tabindex:4)
2024-02-07 15:14:45,767 [INFO] PluginManage:310 - Check plugin pinoutandconfiguration
2024-02-07 15:14:45,785 [INFO] PluginManage:359 - Loaded plugin pinoutandconfiguration (category:base,tabindex:1)
2024-02-07 15:14:45,785 [INFO] PluginManage:310 - Check plugin pinoutconfig
2024-02-07 15:14:45,894 [WARN] SupportedApi:132 - Cannot load RTOS API schema: s4s-elt-must-match.1: The content of 'definitions' must match (annotation?, (simpleType | complexType)?, (unique | key | keyref)*)). A problem was found starting at: attribute.
2024-02-07 15:14:46,096 [INFO] PluginManage:359 - Loaded plugin pinoutconfig (category:base,tabindex:0)
2024-02-07 15:14:46,096 [INFO] PluginManage:310 - Check plugin power
2024-02-07 15:14:46,123 [INFO] PluginManage:359 - Loaded plugin power (category:power,tabindex:4)
2024-02-07 15:14:46,124 [INFO] PluginManage:310 - Check plugin projectmanager
2024-02-07 15:14:46,147 [INFO] PluginManage:359 - Loaded plugin projectmanager (category:projectmanager,tabindex:3)
2024-02-07 15:14:46,148 [INFO] PluginManage:310 - Check plugin thirdparty
2024-02-07 15:14:46,481 [INFO] PluginManage:359 - Loaded plugin thirdparty (category:base,tabindex:-1)
2024-02-07 15:14:46,481 [WARN] IntegrityCheckThread:84 - waiting for thirdparty lock release [integrity check]
2024-02-07 15:14:46,481 [INFO] PluginManage:310 - Check plugin tools
2024-02-07 15:14:46,481 [INFO] IntegrityCheckThread:86 - entering critical section [integrity check]
2024-02-07 15:14:46,482 [INFO] ThirdPartyUpdaterWithRetryManager:70 - Updater plugin not ready yet. [1/15]
2024-02-07 15:14:46,532 [INFO] PluginManage:359 - Loaded plugin tools (category:base,tabindex:7)
2024-02-07 15:14:46,533 [INFO] PluginManage:310 - Check plugin tutovideos
2024-02-07 15:14:46,786 [INFO] PluginManage:359 - Loaded plugin tutovideos (category:base,tabindex:-1)
2024-02-07 15:14:46,786 [INFO] PluginManage:310 - Check plugin updater
2024-02-07 15:14:46,804 [INFO] PluginManage:359 - Loaded plugin updater (category:base,tabindex:12)
2024-02-07 15:14:46,804 [INFO] PluginManage:310 - Check plugin userauth
2024-02-07 15:14:46,812 [INFO] UserAuth:114 - Init User Auth plugin
2024-02-07 15:14:46,812 [INFO] PluginManage:359 - Loaded plugin userauth (category:base,tabindex:14)
2024-02-07 15:14:46,813 [INFO] PluginManage:283 - PluginManage : Loaded plugins [17]
2024-02-07 15:14:47,081 [INFO] PinOutPanel:1499 - setPackage(No Configuration,No Configuration)
2024-02-07 15:14:47,174 [INFO] CADModel:165 - CPN selected for project level
2024-02-07 15:14:47,174 [INFO] CADModel:114 - Register for checkConnection events
2024-02-07 15:14:47,218 [INFO] IPUIPlugin:80 - create IPUIPlugin
2024-02-07 15:14:47,219 [INFO] PluginManager:220 - loadIPPluginJar : add adc
2024-02-07 15:14:47,298 [INFO] IPUIPlugin:80 - create IPUIPlugin
2024-02-07 15:14:47,298 [INFO] PluginManager:220 - loadIPPluginJar : add aes
2024-02-07 15:14:47,387 [INFO] IPUIPlugin:80 - create IPUIPlugin
2024-02-07 15:14:47,387 [INFO] PluginManager:220 - loadIPPluginJar : add can
2024-02-07 15:14:47,432 [INFO] IPUIPlugin:80 - create IPUIPlugin
2024-02-07 15:14:47,432 [INFO] PluginManager:220 - loadIPPluginJar : add comp
2024-02-07 15:14:47,483 [INFO] IPUIPlugin:80 - create IPUIPlugin
2024-02-07 15:14:47,483 [INFO] PluginManager:220 - loadIPPluginJar : add cryp
2024-02-07 15:14:47,521 [INFO] IPUIPlugin:80 - create IPUIPlugin
2024-02-07 15:14:47,521 [INFO] PluginManager:220 - loadIPPluginJar : add dfsdm
2024-02-07 15:14:47,539 [INFO] IPUIPlugin:80 - create IPUIPlugin
2024-02-07 15:14:47,540 [INFO] PluginManager:220 - loadIPPluginJar : add dma
2024-02-07 15:14:47,611 [INFO] IPUIPlugin:80 - create IPUIPlugin
2024-02-07 15:14:47,611 [INFO] PluginManager:220 - loadIPPluginJar : add dma3
2024-02-07 15:14:47,637 [INFO] IPUIPlugin:80 - create IPUIPlugin
2024-02-07 15:14:47,637 [INFO] PluginManager:220 - loadIPPluginJar : add fatfs
2024-02-07 15:14:47,712 [INFO] IPUIPlugin:80 - create IPUIPlugin
2024-02-07 15:14:47,712 [INFO] PluginManager:220 - loadIPPluginJar : add fmc
2024-02-07 15:14:47,730 [INFO] IPUIPlugin:80 - create IPUIPlugin
2024-02-07 15:14:47,731 [INFO] PluginManager:220 - loadIPPluginJar : add freertos
2024-02-07 15:14:47,755 [INFO] IPUIPlugin:80 - create IPUIPlugin
2024-02-07 15:14:47,756 [INFO] PluginManager:220 - loadIPPluginJar : add genericplugin
2024-02-07 15:14:47,866 [INFO] IPUIPlugin:80 - create IPUIPlugin
2024-02-07 15:14:47,866 [INFO] PluginManager:220 - loadIPPluginJar : add gfxmmu
2024-02-07 15:14:48,034 [INFO] IPUIPlugin:80 - create IPUIPlugin
2024-02-07 15:14:48,034 [INFO] PluginManager:220 - loadIPPluginJar : add gic
2024-02-07 15:14:48,050 [INFO] IPUIPlugin:80 - create IPUIPlugin
2024-02-07 15:14:48,050 [INFO] PluginManager:220 - loadIPPluginJar : add gpio
2024-02-07 15:14:48,158 [INFO] IPUIPlugin:80 - create IPUIPlugin
2024-02-07 15:14:48,158 [INFO] PluginManager:220 - loadIPPluginJar : add gtzc
2024-02-07 15:14:48,205 [INFO] IPUIPlugin:80 - create IPUIPlugin
2024-02-07 15:14:48,205 [INFO] PluginManager:220 - loadIPPluginJar : add hash
2024-02-07 15:14:48,276 [INFO] IPUIPlugin:80 - create IPUIPlugin
2024-02-07 15:14:48,276 [INFO] PluginManager:220 - loadIPPluginJar : add i2c
2024-02-07 15:14:48,317 [INFO] IPUIPlugin:80 - create IPUIPlugin
2024-02-07 15:14:48,317 [INFO] PluginManager:220 - loadIPPluginJar : add i2s
2024-02-07 15:14:48,367 [INFO] IPUIPlugin:80 - create IPUIPlugin
2024-02-07 15:14:48,367 [INFO] PluginManager:220 - loadIPPluginJar : add i3c
2024-02-07 15:14:48,528 [INFO] IPUIPlugin:80 - create IPUIPlugin
2024-02-07 15:14:48,529 [INFO] PluginManager:220 - loadIPPluginJar : add ipddr
2024-02-07 15:14:48,643 [INFO] IPUIPlugin:80 - create IPUIPlugin
2024-02-07 15:14:48,643 [INFO] PluginManager:220 - loadIPPluginJar : add linkedlist
2024-02-07 15:14:48,687 [INFO] IPUIPlugin:80 - create IPUIPlugin
2024-02-07 15:14:48,688 [INFO] PluginManager:220 - loadIPPluginJar : add lorawan
2024-02-07 15:14:48,738 [INFO] IPUIPlugin:80 - create IPUIPlugin
2024-02-07 15:14:48,738 [INFO] PluginManager:220 - loadIPPluginJar : add ltdc
2024-02-07 15:14:48,759 [INFO] IPUIPlugin:80 - create IPUIPlugin
2024-02-07 15:14:48,759 [INFO] PluginManager:220 - loadIPPluginJar : add mdma
2024-02-07 15:14:48,784 [INFO] IPUIPlugin:80 - create IPUIPlugin
2024-02-07 15:14:48,785 [INFO] PluginManager:220 - loadIPPluginJar : add nvic
2024-02-07 15:14:48,834 [INFO] IPUIPlugin:80 - create IPUIPlugin
2024-02-07 15:14:48,834 [INFO] PluginManager:220 - loadIPPluginJar : add opamp
2024-02-07 15:14:48,930 [INFO] IPUIPlugin:80 - create IPUIPlugin
2024-02-07 15:14:48,930 [INFO] PluginManager:220 - loadIPPluginJar : add openamp
2024-02-07 15:14:48,993 [INFO] IPUIPlugin:80 - create IPUIPlugin
2024-02-07 15:14:48,993 [INFO] PluginManager:220 - loadIPPluginJar : add pdm2pcm
2024-02-07 15:14:49,011 [INFO] IPUIPlugin:80 - create IPUIPlugin
2024-02-07 15:14:49,015 [INFO] PluginManager:220 - loadIPPluginJar : add plateformsettings
2024-02-07 15:14:49,043 [INFO] IPUIPlugin:80 - create IPUIPlugin
2024-02-07 15:14:49,043 [INFO] PluginManager:220 - loadIPPluginJar : add quadspi
2024-02-07 15:14:49,058 [INFO] IPUIPlugin:80 - create IPUIPlugin
2024-02-07 15:14:49,059 [INFO] PluginManager:220 - loadIPPluginJar : add resmgrutility
2024-02-07 15:14:49,121 [INFO] IPUIPlugin:80 - create IPUIPlugin
2024-02-07 15:14:49,121 [INFO] PluginManager:220 - loadIPPluginJar : add sai
2024-02-07 15:14:49,183 [INFO] IPUIPlugin:80 - create IPUIPlugin
2024-02-07 15:14:49,183 [INFO] PluginManager:220 - loadIPPluginJar : add spi
2024-02-07 15:14:49,272 [INFO] IPUIPlugin:80 - create IPUIPlugin
2024-02-07 15:14:49,272 [INFO] PluginManager:220 - loadIPPluginJar : add stm32_wpan
2024-02-07 15:14:49,302 [INFO] IPUIPlugin:80 - create IPUIPlugin
2024-02-07 15:14:49,302 [INFO] PluginManager:220 - loadIPPluginJar : add tim
2024-02-07 15:14:49,361 [INFO] IPUIPlugin:80 - create IPUIPlugin
2024-02-07 15:14:49,361 [INFO] PluginManager:220 - loadIPPluginJar : add touchsensing
2024-02-07 15:14:49,385 [INFO] IPUIPlugin:80 - create IPUIPlugin
2024-02-07 15:14:49,385 [INFO] PluginManager:220 - loadIPPluginJar : add tracer_emb
2024-02-07 15:14:49,411 [INFO] IPUIPlugin:80 - create IPUIPlugin
2024-02-07 15:14:49,411 [INFO] PluginManager:220 - loadIPPluginJar : add ts
2024-02-07 15:14:49,434 [INFO] IPUIPlugin:80 - create IPUIPlugin
2024-02-07 15:14:49,434 [INFO] PluginManager:220 - loadIPPluginJar : add tsc
2024-02-07 15:14:49,464 [INFO] IPUIPlugin:80 - create IPUIPlugin
2024-02-07 15:14:49,464 [INFO] PluginManager:220 - loadIPPluginJar : add ucpd
2024-02-07 15:14:49,483 [INFO] ThirdPartyUpdaterWithRetryManager:70 - Updater plugin not ready yet. [2/15]
2024-02-07 15:14:49,522 [INFO] IPUIPlugin:80 - create IPUIPlugin
2024-02-07 15:14:49,522 [INFO] PluginManager:220 - loadIPPluginJar : add usart
2024-02-07 15:14:49,603 [INFO] IPUIPlugin:80 - create IPUIPlugin
2024-02-07 15:14:49,603 [INFO] PluginManager:220 - loadIPPluginJar : add usbx
2024-02-07 15:14:49,733 [INFO] CADModel:165 - CPN selected for project level
2024-02-07 15:14:49,733 [INFO] CADModel:114 - Register for checkConnection events
2024-02-07 15:14:49,735 [FATAL] Updater:308 - Updater called before beeing initialized
2024-02-07 15:14:49,735 [ERROR] CADModel:125 - Updater not yet initialized, retry later 
2024-02-07 15:14:49,893 [INFO] CADModel:165 - CPN selected for project level
2024-02-07 15:14:49,893 [INFO] CADModel:114 - Register for checkConnection events
2024-02-07 15:14:49,893 [FATAL] Updater:308 - Updater called before beeing initialized
2024-02-07 15:14:49,893 [ERROR] CADModel:125 - Updater not yet initialized, retry later 
2024-02-07 15:14:49,896 [FATAL] Updater:308 - Updater called before beeing initialized
2024-02-07 15:14:50,013 [FATAL] Updater:308 - Updater called before beeing initialized
2024-02-07 15:14:50,026 [INFO] DbMcusAds:53 - JSON generation date=Wed Nov 29 16:22:27 IST 2023 (1701255147200)
2024-02-07 15:14:50,026 [FATAL] Updater:308 - Updater called before beeing initialized
2024-02-07 15:14:50,118 [WARN] DetailPanel:346 - Failed to get advertising image, set to default
2024-02-07 15:14:50,229 [FATAL] Updater:308 - Updater called before beeing initialized
2024-02-07 15:14:50,231 [FATAL] Updater:308 - Updater called before beeing initialized
2024-02-07 15:14:50,231 [FATAL] Updater:308 - Updater called before beeing initialized
2024-02-07 15:14:50,231 [WARN] DetailPanel:346 - Failed to get advertising image, set to default
2024-02-07 15:14:50,232 [FATAL] Updater:308 - Updater called before beeing initialized
2024-02-07 15:14:50,317 [ERROR] Updater:1120 - MainUpdater not yet initialized. External WinMGr cannot be set.
2024-02-07 15:14:50,339 [INFO] Updater:1056 - Updater Version found : 6.10.0
2024-02-07 15:14:50,363 [INFO] ApplicationProperties:184 - Using Application install path: C:\ST\STM32CubeIDE_1.14.0\STM32CubeIDE\plugins\com.st.stm32cube.common.mx_6.10.0.202311202037
2024-02-07 15:14:51,984 [ERROR] LogOutputStream:75 - [STDERR_REDIRECT] Feb 07, 2024 3:14:51 PM java.util.prefs.WindowsPreferences <init>
2024-02-07 15:14:51,986 [ERROR] LogOutputStream:75 - [STDERR_REDIRECT] WARNING: Could not open/create prefs root node Software\JavaSoft\Prefs at root 0xffffffff80000002. Windows RegCreateKeyEx(...) returned error code 5.
2024-02-07 15:14:51,986 [ERROR] LogOutputStream:75 - [STDERR_REDIRECT] 
2024-02-07 15:14:52,347 [INFO] MainUpdater:2873 - connection check result : 10
2024-02-07 15:14:52,349 [INFO] MainUpdater:290 - Updater Check For Update Now.
2024-02-07 15:14:52,349 [INFO] MicroXplorer:498 - Change Database Version : DB.6.0.100
2024-02-07 15:14:52,391 [INFO] McuFinderGlobals:63 - Set McuFinder mode to 2 (CubeIDE integrated)
2024-02-07 15:14:52,392 [INFO] UserAuth:180 - activating auth plugin
2024-02-07 15:14:52,398 [INFO] UserAuth:404 - Internet connection configuration mode: 1
2024-02-07 15:14:52,442 [INFO] JxBrowserEngine:152 - Initiate JxBrowser Engine with user profile folder
2024-02-07 15:14:52,483 [WARN] MainUpdater:1194 - Updater busy. Cannot search thirdparties
2024-02-07 15:14:52,483 [INFO] ThirdPartyUpdaterWithRetryManager:96 - Updater plugin is busy. [1/15]
2024-02-07 15:14:52,622 [INFO] CheckServerUpdateThread:120 - End of CheckServer Thread
2024-02-07 15:14:55,893 [WARN] PackLoader:240 - Cannot read IP mode file for STMicroelectronics.X-CUBE-SMBUS.2.1.0
2024-02-07 15:14:55,938 [WARN] PackLoader:240 - Cannot read IP mode file for STMicroelectronics.X-CUBE-TOUCHGFX.4.23.0
2024-02-07 15:14:56,022 [WARN] PackLoader:240 - Cannot read IP mode file for STMicroelectronics.X-CUBE-AZRTOS-F7.1.1.0
2024-02-07 15:14:56,062 [WARN] PackLoader:240 - Cannot read IP mode file for STMicroelectronics.FP-SNS-MOTENV1.4.3.2
2024-02-07 15:14:56,090 [WARN] PackLoader:240 - Cannot read IP mode file for STMicroelectronics.X-CUBE-BLE1.6.2.4
2024-02-07 15:14:56,123 [WARN] PackLoader:240 - Cannot read IP mode file for STMicroelectronics.FP-SNS-FLIGHT1.5.0.2
2024-02-07 15:14:56,151 [WARN] PackLoader:240 - Cannot read IP mode file for STMicroelectronics.X-CUBE-DISPLAY.3.0.0
2024-02-07 15:14:56,179 [WARN] PackLoader:240 - Cannot read IP mode file for STMicroelectronics.X-CUBE-BLE1.7.0.0
2024-02-07 15:14:56,216 [WARN] PackLoader:240 - Cannot read IP mode file for STMicroelectronics.FP-SNS-SMARTAG2.1.2.0
2024-02-07 15:14:56,253 [INFO] LogOutputStream:77 - [STDOUT_REDIRECT] 1 : Invalid condition id : UX_CORESTACK_Condition cause : null
2024-02-07 15:14:56,253 [INFO] LogOutputStream:77 - [STDOUT_REDIRECT] 1 : Invalid condition id : UX_CORESTACK_Condition cause : null
2024-02-07 15:14:56,255 [INFO] LogOutputStream:77 - [STDOUT_REDIRECT] 1 : Invalid condition id : UX_CORESTACK_Condition cause : null
2024-02-07 15:14:56,256 [INFO] LogOutputStream:77 - [STDOUT_REDIRECT] 1 : Invalid condition id : UX_CORESTACK_Condition cause : null
2024-02-07 15:14:56,258 [INFO] LogOutputStream:77 - [STDOUT_REDIRECT] 1 : Invalid condition id : UX_CORESTACK_Condition cause : null
2024-02-07 15:14:56,264 [WARN] PackLoader:240 - Cannot read IP mode file for STMicroelectronics.X-CUBE-AZRTOS-WL.2.0.0
2024-02-07 15:14:56,295 [WARN] PackLoader:240 - Cannot read IP mode file for WES.I-CUBE-Cesium.1.3.0
2024-02-07 15:14:56,316 [WARN] PackLoader:240 - Cannot read IP mode file for STMicroelectronics.X-CUBE-BLE2.3.3.0
2024-02-07 15:14:56,347 [WARN] PackLoader:240 - Cannot read IP mode file for STMicroelectronics.X-CUBE-TOF1.3.2.0
2024-02-07 15:14:56,375 [WARN] PackLoader:240 - Cannot read IP mode file for STMicroelectronics.X-CUBE-TOUCHGFX.4.21.1
2024-02-07 15:14:56,400 [WARN] PackLoader:240 - Cannot read IP mode file for STMicroelectronics.X-CUBE-ALGOBUILD.1.3.0
2024-02-07 15:14:56,445 [WARN] PackLoader:240 - Cannot read IP mode file for STMicroelectronics.X-CUBE-AZRTOS-G0.1.1.0
2024-02-07 15:14:56,674 [WARN] PackLoader:240 - Cannot read IP mode file for STMicroelectronics.X-CUBE-NFC4.3.0.0
2024-02-07 15:14:56,693 [INFO] WebApp:161 - Instantiating new browser for Auth
2024-02-07 15:14:56,703 [WARN] PackLoader:240 - Cannot read IP mode file for STMicroelectronics.X-CUBE-BLEMGR.3.0.0
2024-02-07 15:14:56,819 [WARN] PackLoader:240 - Cannot read IP mode file for STMicroelectronics.X-CUBE-BLEMGR.1.3.0
2024-02-07 15:14:56,847 [WARN] PackLoader:240 - Cannot read IP mode file for STMicroelectronics.FP-ATR-SIGFOX1.3.2.0
2024-02-07 15:14:56,874 [WARN] PackLoader:240 - Cannot read IP mode file for STMicroelectronics.X-CUBE-EEPRMA1.5.1.0
2024-02-07 15:14:56,943 [WARN] PackLoader:240 - Cannot read IP mode file for STMicroelectronics.X-CUBE-MEMS1.9.5.0
2024-02-07 15:14:57,212 [WARN] PackLoader:240 - Cannot read IP mode file for SEGGER.I-CUBE-embOS.1.3.1
2024-02-07 15:14:57,305 [WARN] PackLoader:240 - Cannot read IP mode file for STMicroelectronics.X-CUBE-GNSS1.6.0.0
2024-02-07 15:14:57,351 [WARN] PackLoader:240 - Cannot read IP mode file for STMicroelectronics.X-CUBE-AZRTOS-F4.1.1.0
2024-02-07 15:14:57,397 [WARN] PackLoader:240 - Cannot read IP mode file for STMicroelectronics.X-CUBE-AZRTOS-L5.2.0.0
2024-02-07 15:14:57,423 [WARN] PackLoader:240 - Cannot read IP mode file for STMicroelectronics.X-CUBE-EEPRMA1.4.2.0
2024-02-07 15:14:57,446 [WARN] PackLoader:240 - Cannot read IP mode file for ITTIA_DB.I-CUBE-ITTIADB.8.8.0
2024-02-07 15:14:57,471 [WARN] PackLoader:240 - Cannot read IP mode file for emotas.I-CUBE-CANOPEN.1.1.3
2024-02-07 15:14:57,496 [WARN] PackLoader:240 - Cannot read IP mode file for STMicroelectronics.X-CUBE-BLEMGR.2.0.0
2024-02-07 15:14:57,515 [WARN] PackLoader:240 - Cannot read IP mode file for wolfSSL.I-CUBE-wolfSSL.5.5.4
2024-02-07 15:14:57,536 [WARN] PackLoader:240 - Cannot read IP mode file for STMicroelectronics.X-CUBE-NFC7.1.0.1
2024-02-07 15:14:57,558 [WARN] PackLoader:240 - Cannot read IP mode file for STMicroelectronics.X-CUBE-NFC7.1.0.0
2024-02-07 15:14:57,579 [WARN] PackLoader:240 - Cannot read IP mode file for STMicroelectronics.X-CUBE-NFC6.3.0.0
2024-02-07 15:14:57,602 [WARN] PackLoader:240 - Cannot read IP mode file for STMicroelectronics.X-CUBE-EEPRMA1.4.1.0
2024-02-07 15:14:57,622 [WARN] PackLoader:240 - Cannot read IP mode file for STMicroelectronics.X-CUBE-AI.8.1.0
2024-02-07 15:14:57,666 [WARN] ConditionMgr:438 - getConditionDescription Invalid condition id : LAN8742 Phy interface Condition cause : null
2024-02-07 15:14:57,667 [WARN] PackLoader:240 - Cannot read IP mode file for STMicroelectronics.X-CUBE-AZRTOS-L4.2.0.0
2024-02-07 15:14:57,669 [WARN] ConditionMgr:1039 - genDependencies : Invalid condition id : LAN8742 Phy interface Condition cause : null
2024-02-07 15:14:57,670 [WARN] ConditionMgr:1039 - genDependencies : Invalid condition id : LAN8742 Phy interface Condition cause : null
2024-02-07 15:14:57,671 [WARN] ConditionMgr:1039 - genDependencies : Invalid condition id : LAN8742 Phy interface Condition cause : null
2024-02-07 15:14:57,699 [WARN] PackLoader:240 - Cannot read IP mode file for STMicroelectronics.X-CUBE-SFXS2LP1.4.0.0
2024-02-07 15:14:57,744 [WARN] PackLoader:240 - Cannot read IP mode file for STMicroelectronics.X-CUBE-AZRTOS-H7.3.0.0
2024-02-07 15:14:57,769 [WARN] PackLoader:240 - Cannot read IP mode file for STMicroelectronics.X-CUBE-ISPU.1.1.0
2024-02-07 15:14:57,795 [WARN] PackLoader:240 - Cannot read IP mode file for RoweBots.I-CUBE-UNISONRTOS.5.5.0-4
2024-02-07 15:14:57,812 [WARN] PackLoader:240 - Cannot read IP mode file for STMicroelectronics.X-CUBE-AI.8.0.0
2024-02-07 15:14:57,853 [WARN] ConditionMgr:438 - getConditionDescription Invalid condition id : UX DEVICE CLASS RTOS Condition cause : null
2024-02-07 15:14:57,854 [WARN] ConditionMgr:438 - getConditionDescription Invalid condition id : UX DEVICE CLASS RTOS Condition cause : null
2024-02-07 15:14:57,857 [WARN] PackLoader:240 - Cannot read IP mode file for STMicroelectronics.X-CUBE-AZRTOS-WB.2.0.0
2024-02-07 15:14:57,858 [WARN] ConditionMgr:1039 - genDependencies : Invalid condition id : UX DEVICE CLASS RTOS Condition cause : null
2024-02-07 15:14:57,858 [WARN] ConditionMgr:1039 - genDependencies : Invalid condition id : UX DEVICE CLASS RTOS Condition cause : null
2024-02-07 15:14:57,858 [WARN] ConditionMgr:1039 - genDependencies : Invalid condition id : UX DEVICE CLASS RTOS Condition cause : null
2024-02-07 15:14:57,859 [WARN] ConditionMgr:1039 - genDependencies : Invalid condition id : UX DEVICE CLASS RTOS Condition cause : null
2024-02-07 15:14:57,859 [WARN] ConditionMgr:1039 - genDependencies : Invalid condition id : UX DEVICE CLASS RTOS Condition cause : null
2024-02-07 15:14:57,889 [WARN] PackLoader:240 - Cannot read IP mode file for STMicroelectronics.X-CUBE-FREERTOS.1.0.0
2024-02-07 15:14:57,933 [WARN] PackLoader:240 - Cannot read IP mode file for STMicroelectronics.X-CUBE-AZRTOS-L5.1.1.0
2024-02-07 15:14:57,985 [WARN] PackLoader:240 - Cannot read IP mode file for STMicroelectronics.X-CUBE-SUBG2.5.0.0
2024-02-07 15:14:58,036 [WARN] PackLoader:240 - Cannot read IP mode file for STMicroelectronics.X-CUBE-AZRTOS-G4.2.0.0
2024-02-07 15:14:58,060 [WARN] PackLoader:240 - Cannot read IP mode file for STMicroelectronics.FP-ATR-ASTRA1.1.1.1
2024-02-07 15:14:58,081 [INFO] WebApp:780 - Register for checkConnection events
2024-02-07 15:14:58,081 [INFO] WebApp:414 - Apply proxy settings
2024-02-07 15:14:58,081 [INFO] WebApp:499 - Chromium requires no authentication
2024-02-07 15:14:58,095 [INFO] WebApp:442 - Direct internet connection detected
2024-02-07 15:14:58,096 [WARN] PackLoader:240 - Cannot read IP mode file for Infineon.AIROC-Wi-Fi-Bluetooth-STM32.1.5.1
2024-02-07 15:14:58,120 [WARN] PackLoader:240 - Cannot read IP mode file for STMicroelectronics.FP-SNS-MOTENVWB1.1.3.1
2024-02-07 15:14:58,154 [WARN] PackLoader:240 - Cannot read IP mode file for STMicroelectronics.X-CUBE-AZRTOS-G4.1.0.0
2024-02-07 15:14:58,196 [WARN] PackLoader:240 - Cannot read IP mode file for STMicroelectronics.X-CUBE-AZRTOS-L4.1.0.0
2024-02-07 15:14:58,217 [WARN] PackLoader:240 - Cannot read IP mode file for STMicroelectronics.X-CUBE-ISPU.2.0.0
2024-02-07 15:14:58,277 [WARN] PackLoader:240 - Cannot read IP mode file for STMicroelectronics.X-CUBE-MEMS1.10.0.0
2024-02-07 15:14:58,419 [INFO] WebApp:192 - Starting web application
2024-02-07 15:14:58,420 [INFO] WebApp:544 - Web application path used C:\ST\STM32CubeIDE_1.14.0\STM32CubeIDE\plugins\com.st.stm32cube.common.mx_6.10.0.202311202037\db\plugins\mcufinder\reactClient1\index.html
2024-02-07 15:14:58,445 [WARN] PackLoader:240 - Cannot read IP mode file for STMicroelectronics.X-CUBE-FREERTOS.1.1.0
2024-02-07 15:14:58,476 [WARN] PackLoader:240 - Cannot read IP mode file for STMicroelectronics.X-CUBE-AZRTOS-WL.1.0.0
2024-02-07 15:14:58,497 [WARN] PackLoader:240 - Cannot read IP mode file for portGmbH.I-Cube-SoM-uGOAL.1.1.0
2024-02-07 15:14:58,525 [WARN] PackLoader:240 - Cannot read IP mode file for STMicroelectronics.X-CUBE-ALS.1.0.1
2024-02-07 15:14:58,559 [WARN] PackLoader:240 - Cannot read IP mode file for STMicroelectronics.X-CUBE-AZRTOS-WB.1.1.0
2024-02-07 15:14:58,576 [WARN] PackLoader:240 - Cannot read IP mode file for STMicroelectronics.FP-ATR-ASTRA1.2.0.0
2024-02-07 15:14:58,603 [WARN] PackLoader:240 - Cannot read IP mode file for STMicroelectronics.X-CUBE-TOF1.3.4.0
2024-02-07 15:14:58,655 [WARN] PackLoader:240 - Cannot read IP mode file for STMicroelectronics.X-CUBE-AZRTOS-H7.3.2.0
2024-02-07 15:14:58,659 [INFO] ThirdParty:978 - Integrity check success = true
2024-02-07 15:14:58,659 [INFO] IntegrityCheckThread:100 - exiting critical section [integrity check]
2024-02-07 15:14:58,659 [INFO] IntegrityCheckThread:103 - End integrity checks thread
2024-02-07 15:15:19,690 [ERROR] LogOutputStream:75 - [STDERR_REDIRECT] SLF4J: Failed to load class "org.slf4j.impl.StaticLoggerBinder".
2024-02-07 15:15:19,692 [ERROR] LogOutputStream:75 - [STDERR_REDIRECT] SLF4J: Defaulting to no-operation (NOP) logger implementation
2024-02-07 15:15:19,692 [ERROR] LogOutputStream:75 - [STDERR_REDIRECT] SLF4J: See http://www.slf4j.org/codes.html#StaticLoggerBinder for further details.
2024-02-07 16:07:22,298 [ERROR] LogOutputStream:75 - [STDERR_REDIRECT] 
