2024-02-19 09:20:58,941 [INFO] Activator:176 - 


2024-02-19 09:20:58,945 [INFO] Activator:177 - !SESSION log4j initialized
2024-02-19 09:21:06,677 [INFO] LogOutputStream:77 - [STDOUT_REDIRECT] 
2024-02-19 09:21:13,600 [INFO] ApplicationProperties:184 - Using Application install path: C:\ST\STM32CubeIDE_1.14.0\STM32CubeIDE\plugins\com.st.stm32cube.common.mx_6.10.0.202311202037
2024-02-19 09:21:13,624 [INFO] DbMcusXml:78 - Set database path to: C:\ST\STM32CubeIDE_1.14.0\STM32CubeIDE\plugins\com.st.stm32cube.common.mx_6.10.0.202311202037\\db\/mcu/
2024-02-19 09:21:13,625 [INFO] ApiDb:274 - Set plugin database path to: C:\ST\STM32CubeIDE_1.14.0\STM32CubeIDE\plugins\com.st.stm32cube.common.mx_6.10.0.202311202037\\db\/plugins/boardmanager/
2024-02-19 09:21:13,625 [WARN] ApiDb:259 - Overriding images path with different value:  => C:\ST\STM32CubeIDE_1.14.0\STM32CubeIDE\plugins\com.st.stm32cube.common.mx_6.10.0.202311202037\\db\/plugins/mcufinder/images/
2024-02-19 09:21:13,639 [INFO] ApiDb:250 - Set database path to: C:\Users\sudh1\.stmcufinder\plugins\mcufinder//mcu/
2024-02-19 09:21:13,641 [INFO] DbMcusAds:125 - Set database path to: C:\Users\sudh1\.stmcufinder\plugins\mcufinder//mcu/
2024-02-19 09:21:13,643 [INFO] CrossReferenceDbSqlite:203 - Set database path to: C:\Users\sudh1\.stmcufinder\plugins\mcufinder//mcu/cs/
2024-02-19 09:21:13,796 [INFO] RulesReader:64 - Compatibility file has been processed (297 Rules)
2024-02-19 09:21:13,895 [INFO] DbMcusXml:78 - Set database path to: C:\ST\STM32CubeIDE_1.14.0\STM32CubeIDE\plugins\com.st.stm32cube.common.mx_6.10.0.202311202037\\db\/mcu/
2024-02-19 09:21:13,895 [INFO] ApiDb:274 - Set plugin database path to: C:\ST\STM32CubeIDE_1.14.0\STM32CubeIDE\plugins\com.st.stm32cube.common.mx_6.10.0.202311202037\\db\/plugins/boardmanager/
2024-02-19 09:21:13,895 [INFO] ApiDb:261 - Set plugin images path to: C:\ST\STM32CubeIDE_1.14.0\STM32CubeIDE\plugins\com.st.stm32cube.common.mx_6.10.0.202311202037\\db\/plugins/mcufinder/images/
2024-02-19 09:21:13,895 [WARN] DbFile:41 - Overriding database path with different value: C:\Users\sudh1\.stmcufinder\plugins\mcufinder/ => C:\Users\sudh1\.stmcufinder\plugins\mcufinder
2024-02-19 09:21:13,896 [INFO] ApiDb:250 - Set database path to: C:\Users\sudh1\.stmcufinder\plugins\mcufinder//mcu/
2024-02-19 09:21:13,896 [WARN] DbFile:41 - Overriding database path with different value: C:\Users\sudh1\.stmcufinder\plugins\mcufinder/ => C:\Users\sudh1\.stmcufinder\plugins\mcufinder
2024-02-19 09:21:13,896 [INFO] DbMcusAds:125 - Set database path to: C:\Users\sudh1\.stmcufinder\plugins\mcufinder//mcu/
2024-02-19 09:21:13,896 [WARN] DbFile:41 - Overriding database path with different value: C:\Users\sudh1\.stmcufinder\plugins\mcufinder/ => C:\Users\sudh1\.stmcufinder\plugins\mcufinder
2024-02-19 09:21:13,896 [WARN] DbFile:41 - Overriding database path with different value: C:\Users\sudh1\.stmcufinder\plugins\mcufinder/ => C:\Users\sudh1\.stmcufinder\plugins\mcufinder
2024-02-19 09:21:13,896 [INFO] CrossReferenceDbSqlite:203 - Set database path to: C:\Users\sudh1\.stmcufinder\plugins\mcufinder//mcu/cs/
2024-02-19 09:21:13,992 [INFO] MainPanel:264 - HeapMemory: 268435456
2024-02-19 09:21:14,118 [INFO] DbMcusXml:78 - Set database path to: C:\ST\STM32CubeIDE_1.14.0\STM32CubeIDE\plugins\com.st.stm32cube.common.mx_6.10.0.202311202037\\db\/mcu/
2024-02-19 09:21:14,118 [INFO] ApiDb:274 - Set plugin database path to: C:\ST\STM32CubeIDE_1.14.0\STM32CubeIDE\plugins\com.st.stm32cube.common.mx_6.10.0.202311202037\\db\/plugins/boardmanager/
2024-02-19 09:21:14,118 [INFO] ApiDb:261 - Set plugin images path to: C:\ST\STM32CubeIDE_1.14.0\STM32CubeIDE\plugins\com.st.stm32cube.common.mx_6.10.0.202311202037\\db\/plugins/mcufinder/images/
2024-02-19 09:21:14,119 [WARN] DbFile:41 - Overriding database path with different value: C:\Users\sudh1\.stmcufinder\plugins\mcufinder/ => C:\Users\sudh1\.stmcufinder\plugins\mcufinder
2024-02-19 09:21:14,119 [INFO] ApiDb:250 - Set database path to: C:\Users\sudh1\.stmcufinder\plugins\mcufinder//mcu/
2024-02-19 09:21:14,119 [WARN] DbFile:41 - Overriding database path with different value: C:\Users\sudh1\.stmcufinder\plugins\mcufinder/ => C:\Users\sudh1\.stmcufinder\plugins\mcufinder
2024-02-19 09:21:14,119 [INFO] DbMcusAds:125 - Set database path to: C:\Users\sudh1\.stmcufinder\plugins\mcufinder//mcu/
2024-02-19 09:21:14,119 [WARN] DbFile:41 - Overriding database path with different value: C:\Users\sudh1\.stmcufinder\plugins\mcufinder/ => C:\Users\sudh1\.stmcufinder\plugins\mcufinder
2024-02-19 09:21:14,119 [WARN] DbFile:41 - Overriding database path with different value: C:\Users\sudh1\.stmcufinder\plugins\mcufinder/ => C:\Users\sudh1\.stmcufinder\plugins\mcufinder
2024-02-19 09:21:14,119 [INFO] CrossReferenceDbSqlite:203 - Set database path to: C:\Users\sudh1\.stmcufinder\plugins\mcufinder//mcu/cs/
2024-02-19 09:21:14,140 [INFO] ApplicationProperties:184 - Using Application install path: C:\ST\STM32CubeIDE_1.14.0\STM32CubeIDE\plugins\com.st.stm32cube.common.mx_6.10.0.202311202037
2024-02-19 09:21:14,142 [INFO] PluginManage:196 - Search for loadable plugins [exclusion list=, ]
2024-02-19 09:21:14,144 [INFO] PluginManage:310 - Check plugin analytics
2024-02-19 09:21:14,350 [INFO] AnalyticsPlugin:253 - Accepted Software Licenses: 
2024-02-19 09:21:14,350 [INFO] AnalyticsPlugin:255 - Accepted CMSIS Pack Licenses: 
2024-02-19 09:21:14,351 [INFO] AnalyticsPlugin:257 - Accepted Firmware Licenses: 
2024-02-19 09:21:14,353 [INFO] PluginManage:359 - Loaded plugin analytics (category:tool,tabindex:-1)
2024-02-19 09:21:14,354 [INFO] PluginManage:310 - Check plugin cadmodel
2024-02-19 09:21:14,373 [INFO] CADModel:105 - Init CAD model plugin
2024-02-19 09:21:14,374 [INFO] PluginManage:359 - Loaded plugin cadmodel (category:power,tabindex:5)
2024-02-19 09:21:14,374 [INFO] PluginManage:310 - Check plugin clock
2024-02-19 09:21:14,396 [INFO] PluginManage:359 - Loaded plugin clock (category:base,tabindex:2)
2024-02-19 09:21:14,396 [INFO] PluginManage:310 - Check plugin ddr
2024-02-19 09:21:14,399 [INFO] PluginManage:359 - Loaded plugin ddr (category:tool,tabindex:6)
2024-02-19 09:21:14,399 [INFO] PluginManage:310 - Check plugin filemanager
2024-02-19 09:21:14,561 [INFO] PluginManage:359 - Loaded plugin filemanager (category:base,tabindex:10)
2024-02-19 09:21:14,561 [INFO] PluginManage:310 - Check plugin ipmanager
2024-02-19 09:21:14,571 [INFO] PluginManage:359 - Loaded plugin ipmanager (category:base,tabindex:5)
2024-02-19 09:21:14,571 [INFO] PluginManage:310 - Check plugin lpbam
2024-02-19 09:21:14,592 [INFO] PluginManage:359 - Loaded plugin lpbam (category:base,tabindex:0)
2024-02-19 09:21:14,592 [INFO] PluginManage:310 - Check plugin memorymap
2024-02-19 09:21:14,622 [INFO] PluginManage:359 - Loaded plugin memorymap (category:base,tabindex:4)
2024-02-19 09:21:14,623 [INFO] PluginManage:310 - Check plugin pinoutandconfiguration
2024-02-19 09:21:14,640 [INFO] PluginManage:359 - Loaded plugin pinoutandconfiguration (category:base,tabindex:1)
2024-02-19 09:21:14,641 [INFO] PluginManage:310 - Check plugin pinoutconfig
2024-02-19 09:21:14,743 [WARN] SupportedApi:132 - Cannot load RTOS API schema: s4s-elt-must-match.1: The content of 'definitions' must match (annotation?, (simpleType | complexType)?, (unique | key | keyref)*)). A problem was found starting at: attribute.
2024-02-19 09:21:14,880 [INFO] PluginManage:359 - Loaded plugin pinoutconfig (category:base,tabindex:0)
2024-02-19 09:21:14,880 [INFO] PluginManage:310 - Check plugin power
2024-02-19 09:21:14,904 [INFO] PluginManage:359 - Loaded plugin power (category:power,tabindex:4)
2024-02-19 09:21:14,904 [INFO] PluginManage:310 - Check plugin projectmanager
2024-02-19 09:21:14,953 [INFO] PluginManage:359 - Loaded plugin projectmanager (category:projectmanager,tabindex:3)
2024-02-19 09:21:14,953 [INFO] PluginManage:310 - Check plugin thirdparty
2024-02-19 09:21:15,235 [INFO] PluginManage:359 - Loaded plugin thirdparty (category:base,tabindex:-1)
2024-02-19 09:21:15,235 [WARN] IntegrityCheckThread:84 - waiting for thirdparty lock release [integrity check]
2024-02-19 09:21:15,235 [INFO] PluginManage:310 - Check plugin tools
2024-02-19 09:21:15,235 [INFO] IntegrityCheckThread:86 - entering critical section [integrity check]
2024-02-19 09:21:15,235 [INFO] ThirdPartyUpdaterWithRetryManager:70 - Updater plugin not ready yet. [1/15]
2024-02-19 09:21:15,273 [INFO] PluginManage:359 - Loaded plugin tools (category:base,tabindex:7)
2024-02-19 09:21:15,273 [INFO] PluginManage:310 - Check plugin tutovideos
2024-02-19 09:21:15,505 [INFO] PluginManage:359 - Loaded plugin tutovideos (category:base,tabindex:-1)
2024-02-19 09:21:15,505 [INFO] PluginManage:310 - Check plugin updater
2024-02-19 09:21:15,519 [INFO] PluginManage:359 - Loaded plugin updater (category:base,tabindex:12)
2024-02-19 09:21:15,520 [INFO] PluginManage:310 - Check plugin userauth
2024-02-19 09:21:15,529 [INFO] UserAuth:114 - Init User Auth plugin
2024-02-19 09:21:15,529 [INFO] PluginManage:359 - Loaded plugin userauth (category:base,tabindex:14)
2024-02-19 09:21:15,530 [INFO] PluginManage:283 - PluginManage : Loaded plugins [17]
2024-02-19 09:21:15,792 [INFO] PinOutPanel:1499 - setPackage(No Configuration,No Configuration)
2024-02-19 09:21:15,871 [INFO] CADModel:165 - CPN selected for project level
2024-02-19 09:21:15,871 [INFO] CADModel:114 - Register for checkConnection events
2024-02-19 09:21:15,905 [INFO] IPUIPlugin:80 - create IPUIPlugin
2024-02-19 09:21:15,905 [INFO] PluginManager:220 - loadIPPluginJar : add adc
2024-02-19 09:21:15,953 [INFO] IPUIPlugin:80 - create IPUIPlugin
2024-02-19 09:21:15,953 [INFO] PluginManager:220 - loadIPPluginJar : add aes
2024-02-19 09:21:15,998 [INFO] IPUIPlugin:80 - create IPUIPlugin
2024-02-19 09:21:15,999 [INFO] PluginManager:220 - loadIPPluginJar : add can
2024-02-19 09:21:16,031 [INFO] IPUIPlugin:80 - create IPUIPlugin
2024-02-19 09:21:16,031 [INFO] PluginManager:220 - loadIPPluginJar : add comp
2024-02-19 09:21:16,077 [INFO] IPUIPlugin:80 - create IPUIPlugin
2024-02-19 09:21:16,078 [INFO] PluginManager:220 - loadIPPluginJar : add cryp
2024-02-19 09:21:16,118 [INFO] IPUIPlugin:80 - create IPUIPlugin
2024-02-19 09:21:16,118 [INFO] PluginManager:220 - loadIPPluginJar : add dfsdm
2024-02-19 09:21:16,135 [INFO] IPUIPlugin:80 - create IPUIPlugin
2024-02-19 09:21:16,136 [INFO] PluginManager:220 - loadIPPluginJar : add dma
2024-02-19 09:21:16,209 [INFO] IPUIPlugin:80 - create IPUIPlugin
2024-02-19 09:21:16,209 [INFO] PluginManager:220 - loadIPPluginJar : add dma3
2024-02-19 09:21:16,235 [INFO] IPUIPlugin:80 - create IPUIPlugin
2024-02-19 09:21:16,235 [INFO] PluginManager:220 - loadIPPluginJar : add fatfs
2024-02-19 09:21:16,308 [INFO] IPUIPlugin:80 - create IPUIPlugin
2024-02-19 09:21:16,308 [INFO] PluginManager:220 - loadIPPluginJar : add fmc
2024-02-19 09:21:16,330 [INFO] IPUIPlugin:80 - create IPUIPlugin
2024-02-19 09:21:16,331 [INFO] PluginManager:220 - loadIPPluginJar : add freertos
2024-02-19 09:21:16,353 [INFO] IPUIPlugin:80 - create IPUIPlugin
2024-02-19 09:21:16,353 [INFO] PluginManager:220 - loadIPPluginJar : add genericplugin
2024-02-19 09:21:16,473 [INFO] IPUIPlugin:80 - create IPUIPlugin
2024-02-19 09:21:16,473 [INFO] PluginManager:220 - loadIPPluginJar : add gfxmmu
2024-02-19 09:21:16,669 [INFO] IPUIPlugin:80 - create IPUIPlugin
2024-02-19 09:21:16,669 [INFO] PluginManager:220 - loadIPPluginJar : add gic
2024-02-19 09:21:16,687 [INFO] IPUIPlugin:80 - create IPUIPlugin
2024-02-19 09:21:16,687 [INFO] PluginManager:220 - loadIPPluginJar : add gpio
2024-02-19 09:21:16,785 [INFO] IPUIPlugin:80 - create IPUIPlugin
2024-02-19 09:21:16,785 [INFO] PluginManager:220 - loadIPPluginJar : add gtzc
2024-02-19 09:21:16,819 [INFO] IPUIPlugin:80 - create IPUIPlugin
2024-02-19 09:21:16,820 [INFO] PluginManager:220 - loadIPPluginJar : add hash
2024-02-19 09:21:16,876 [INFO] IPUIPlugin:80 - create IPUIPlugin
2024-02-19 09:21:16,876 [INFO] PluginManager:220 - loadIPPluginJar : add i2c
2024-02-19 09:21:16,923 [INFO] IPUIPlugin:80 - create IPUIPlugin
2024-02-19 09:21:16,923 [INFO] PluginManager:220 - loadIPPluginJar : add i2s
2024-02-19 09:21:16,972 [INFO] IPUIPlugin:80 - create IPUIPlugin
2024-02-19 09:21:16,973 [INFO] PluginManager:220 - loadIPPluginJar : add i3c
2024-02-19 09:21:17,109 [INFO] IPUIPlugin:80 - create IPUIPlugin
2024-02-19 09:21:17,109 [INFO] PluginManager:220 - loadIPPluginJar : add ipddr
2024-02-19 09:21:17,240 [INFO] IPUIPlugin:80 - create IPUIPlugin
2024-02-19 09:21:17,240 [INFO] PluginManager:220 - loadIPPluginJar : add linkedlist
2024-02-19 09:21:17,297 [INFO] IPUIPlugin:80 - create IPUIPlugin
2024-02-19 09:21:17,297 [INFO] PluginManager:220 - loadIPPluginJar : add lorawan
2024-02-19 09:21:17,342 [INFO] IPUIPlugin:80 - create IPUIPlugin
2024-02-19 09:21:17,342 [INFO] PluginManager:220 - loadIPPluginJar : add ltdc
2024-02-19 09:21:17,357 [INFO] IPUIPlugin:80 - create IPUIPlugin
2024-02-19 09:21:17,357 [INFO] PluginManager:220 - loadIPPluginJar : add mdma
2024-02-19 09:21:17,371 [INFO] IPUIPlugin:80 - create IPUIPlugin
2024-02-19 09:21:17,371 [INFO] PluginManager:220 - loadIPPluginJar : add nvic
2024-02-19 09:21:17,410 [INFO] IPUIPlugin:80 - create IPUIPlugin
2024-02-19 09:21:17,410 [INFO] PluginManager:220 - loadIPPluginJar : add opamp
2024-02-19 09:21:17,487 [INFO] IPUIPlugin:80 - create IPUIPlugin
2024-02-19 09:21:17,487 [INFO] PluginManager:220 - loadIPPluginJar : add openamp
2024-02-19 09:21:17,543 [INFO] IPUIPlugin:80 - create IPUIPlugin
2024-02-19 09:21:17,543 [INFO] PluginManager:220 - loadIPPluginJar : add pdm2pcm
2024-02-19 09:21:17,560 [INFO] IPUIPlugin:80 - create IPUIPlugin
2024-02-19 09:21:17,562 [INFO] PluginManager:220 - loadIPPluginJar : add plateformsettings
2024-02-19 09:21:17,587 [INFO] IPUIPlugin:80 - create IPUIPlugin
2024-02-19 09:21:17,588 [INFO] PluginManager:220 - loadIPPluginJar : add quadspi
2024-02-19 09:21:17,604 [INFO] IPUIPlugin:80 - create IPUIPlugin
2024-02-19 09:21:17,605 [INFO] PluginManager:220 - loadIPPluginJar : add resmgrutility
2024-02-19 09:21:17,669 [INFO] IPUIPlugin:80 - create IPUIPlugin
2024-02-19 09:21:17,669 [INFO] PluginManager:220 - loadIPPluginJar : add sai
2024-02-19 09:21:17,713 [INFO] IPUIPlugin:80 - create IPUIPlugin
2024-02-19 09:21:17,713 [INFO] PluginManager:220 - loadIPPluginJar : add spi
2024-02-19 09:21:17,798 [INFO] IPUIPlugin:80 - create IPUIPlugin
2024-02-19 09:21:17,798 [INFO] PluginManager:220 - loadIPPluginJar : add stm32_wpan
2024-02-19 09:21:17,823 [INFO] IPUIPlugin:80 - create IPUIPlugin
2024-02-19 09:21:17,823 [INFO] PluginManager:220 - loadIPPluginJar : add tim
2024-02-19 09:21:17,893 [INFO] IPUIPlugin:80 - create IPUIPlugin
2024-02-19 09:21:17,893 [INFO] PluginManager:220 - loadIPPluginJar : add touchsensing
2024-02-19 09:21:17,929 [INFO] IPUIPlugin:80 - create IPUIPlugin
2024-02-19 09:21:17,929 [INFO] PluginManager:220 - loadIPPluginJar : add tracer_emb
2024-02-19 09:21:17,958 [INFO] IPUIPlugin:80 - create IPUIPlugin
2024-02-19 09:21:17,958 [INFO] PluginManager:220 - loadIPPluginJar : add ts
2024-02-19 09:21:17,986 [INFO] IPUIPlugin:80 - create IPUIPlugin
2024-02-19 09:21:17,987 [INFO] PluginManager:220 - loadIPPluginJar : add tsc
2024-02-19 09:21:18,010 [INFO] IPUIPlugin:80 - create IPUIPlugin
2024-02-19 09:21:18,010 [INFO] PluginManager:220 - loadIPPluginJar : add ucpd
2024-02-19 09:21:18,055 [INFO] IPUIPlugin:80 - create IPUIPlugin
2024-02-19 09:21:18,055 [INFO] PluginManager:220 - loadIPPluginJar : add usart
2024-02-19 09:21:18,105 [INFO] IPUIPlugin:80 - create IPUIPlugin
2024-02-19 09:21:18,105 [INFO] PluginManager:220 - loadIPPluginJar : add usbx
2024-02-19 09:21:18,236 [INFO] ThirdPartyUpdaterWithRetryManager:70 - Updater plugin not ready yet. [2/15]
2024-02-19 09:21:18,265 [INFO] CADModel:165 - CPN selected for project level
2024-02-19 09:21:18,265 [INFO] CADModel:114 - Register for checkConnection events
2024-02-19 09:21:18,266 [FATAL] Updater:308 - Updater called before beeing initialized
2024-02-19 09:21:18,267 [ERROR] CADModel:125 - Updater not yet initialized, retry later 
2024-02-19 09:21:18,479 [INFO] CADModel:165 - CPN selected for project level
2024-02-19 09:21:18,479 [INFO] CADModel:114 - Register for checkConnection events
2024-02-19 09:21:18,479 [FATAL] Updater:308 - Updater called before beeing initialized
2024-02-19 09:21:18,480 [ERROR] CADModel:125 - Updater not yet initialized, retry later 
2024-02-19 09:21:18,484 [FATAL] Updater:308 - Updater called before beeing initialized
2024-02-19 09:21:18,599 [FATAL] Updater:308 - Updater called before beeing initialized
2024-02-19 09:21:18,610 [INFO] DbMcusAds:53 - JSON generation date=Wed Nov 29 16:22:27 IST 2023 (1701255147200)
2024-02-19 09:21:18,610 [FATAL] Updater:308 - Updater called before beeing initialized
2024-02-19 09:21:18,698 [WARN] DetailPanel:346 - Failed to get advertising image, set to default
2024-02-19 09:21:18,788 [FATAL] Updater:308 - Updater called before beeing initialized
2024-02-19 09:21:18,790 [FATAL] Updater:308 - Updater called before beeing initialized
2024-02-19 09:21:18,790 [FATAL] Updater:308 - Updater called before beeing initialized
2024-02-19 09:21:18,790 [WARN] DetailPanel:346 - Failed to get advertising image, set to default
2024-02-19 09:21:18,791 [FATAL] Updater:308 - Updater called before beeing initialized
2024-02-19 09:21:18,861 [ERROR] Updater:1120 - MainUpdater not yet initialized. External WinMGr cannot be set.
2024-02-19 09:21:18,873 [INFO] Updater:1056 - Updater Version found : 6.10.0
2024-02-19 09:21:18,895 [INFO] ApplicationProperties:184 - Using Application install path: C:\ST\STM32CubeIDE_1.14.0\STM32CubeIDE\plugins\com.st.stm32cube.common.mx_6.10.0.202311202037
2024-02-19 09:21:20,518 [ERROR] LogOutputStream:75 - [STDERR_REDIRECT] Feb 19, 2024 9:21:20 AM java.util.prefs.WindowsPreferences <init>
2024-02-19 09:21:20,521 [ERROR] LogOutputStream:75 - [STDERR_REDIRECT] WARNING: Could not open/create prefs root node Software\JavaSoft\Prefs at root 0xffffffff80000002. Windows RegCreateKeyEx(...) returned error code 5.
2024-02-19 09:21:20,521 [ERROR] LogOutputStream:75 - [STDERR_REDIRECT] 
2024-02-19 09:21:20,936 [INFO] MainUpdater:2873 - connection check result : 10
2024-02-19 09:21:20,937 [INFO] MainUpdater:3567 - Updater definition file requires update
2024-02-19 09:21:20,937 [INFO] MainUpdater:290 - Updater Check For Update Now.
2024-02-19 09:21:20,938 [INFO] MicroXplorer:498 - Change Database Version : DB.6.0.100
2024-02-19 09:21:20,982 [INFO] McuFinderGlobals:63 - Set McuFinder mode to 2 (CubeIDE integrated)
2024-02-19 09:21:20,982 [INFO] UserAuth:180 - activating auth plugin
2024-02-19 09:21:20,986 [INFO] UserAuth:404 - Internet connection configuration mode: 1
2024-02-19 09:21:21,014 [INFO] ServerAccessManage:473 - Download File updaters.zip
2024-02-19 09:21:21,023 [INFO] JxBrowserEngine:152 - Initiate JxBrowser Engine with user profile folder
2024-02-19 09:21:21,186 [INFO] FileExtend:240 - Unzip File : updaters.zip
2024-02-19 09:21:21,186 [INFO] FileExtend:255 - Standard Zip Deflate
2024-02-19 09:21:21,252 [WARN] MainUpdater:1194 - Updater busy. Cannot search thirdparties
2024-02-19 09:21:21,252 [INFO] ThirdPartyUpdaterWithRetryManager:96 - Updater plugin is busy. [1/15]
2024-02-19 09:21:21,595 [INFO] ServerAccessManage:473 - Download File PacksControlFlags.xml
2024-02-19 09:21:21,703 [INFO] ServerAccessManage:473 - Download File cubemx.pidx
2024-02-19 09:21:21,836 [INFO] LoadServerUpdatesThread:375 - End of LoadServerUpdate Thread
2024-02-19 09:21:22,056 [INFO] CheckServerUpdateThread:120 - End of CheckServer Thread
2024-02-19 09:21:24,444 [WARN] PackLoader:240 - Cannot read IP mode file for STMicroelectronics.X-CUBE-SMBUS.2.1.0
2024-02-19 09:21:24,461 [WARN] PackLoader:240 - Cannot read IP mode file for STMicroelectronics.X-CUBE-TOUCHGFX.4.23.0
2024-02-19 09:21:24,508 [WARN] PackLoader:240 - Cannot read IP mode file for STMicroelectronics.X-CUBE-AZRTOS-F7.1.1.0
2024-02-19 09:21:24,537 [WARN] PackLoader:240 - Cannot read IP mode file for STMicroelectronics.FP-SNS-MOTENV1.4.3.2
2024-02-19 09:21:24,560 [WARN] PackLoader:240 - Cannot read IP mode file for STMicroelectronics.X-CUBE-BLE1.6.2.4
2024-02-19 09:21:24,579 [WARN] PackLoader:240 - Cannot read IP mode file for STMicroelectronics.FP-SNS-FLIGHT1.5.0.2
2024-02-19 09:21:24,607 [WARN] PackLoader:240 - Cannot read IP mode file for STMicroelectronics.X-CUBE-DISPLAY.3.0.0
2024-02-19 09:21:24,645 [WARN] PackLoader:240 - Cannot read IP mode file for STMicroelectronics.X-CUBE-BLE1.7.0.0
2024-02-19 09:21:24,669 [WARN] PackLoader:240 - Cannot read IP mode file for STMicroelectronics.FP-SNS-SMARTAG2.1.2.0
2024-02-19 09:21:24,699 [INFO] LogOutputStream:77 - [STDOUT_REDIRECT] 1 : Invalid condition id : UX_CORESTACK_Condition cause : null
2024-02-19 09:21:24,700 [INFO] LogOutputStream:77 - [STDOUT_REDIRECT] 1 : Invalid condition id : UX_CORESTACK_Condition cause : null
2024-02-19 09:21:24,701 [INFO] LogOutputStream:77 - [STDOUT_REDIRECT] 1 : Invalid condition id : UX_CORESTACK_Condition cause : null
2024-02-19 09:21:24,703 [INFO] LogOutputStream:77 - [STDOUT_REDIRECT] 1 : Invalid condition id : UX_CORESTACK_Condition cause : null
2024-02-19 09:21:24,704 [INFO] LogOutputStream:77 - [STDOUT_REDIRECT] 1 : Invalid condition id : UX_CORESTACK_Condition cause : null
2024-02-19 09:21:24,710 [WARN] PackLoader:240 - Cannot read IP mode file for STMicroelectronics.X-CUBE-AZRTOS-WL.2.0.0
2024-02-19 09:21:24,754 [WARN] PackLoader:240 - Cannot read IP mode file for WES.I-CUBE-Cesium.1.3.0
2024-02-19 09:21:24,772 [WARN] PackLoader:240 - Cannot read IP mode file for STMicroelectronics.X-CUBE-BLE2.3.3.0
2024-02-19 09:21:24,797 [WARN] PackLoader:240 - Cannot read IP mode file for STMicroelectronics.X-CUBE-TOF1.3.2.0
2024-02-19 09:21:24,825 [WARN] PackLoader:240 - Cannot read IP mode file for STMicroelectronics.X-CUBE-TOUCHGFX.4.21.1
2024-02-19 09:21:24,856 [WARN] PackLoader:240 - Cannot read IP mode file for STMicroelectronics.X-CUBE-ALGOBUILD.1.3.0
2024-02-19 09:21:24,910 [WARN] PackLoader:240 - Cannot read IP mode file for STMicroelectronics.X-CUBE-AZRTOS-G0.1.1.0
2024-02-19 09:21:24,935 [WARN] PackLoader:240 - Cannot read IP mode file for STMicroelectronics.X-CUBE-NFC4.3.0.0
2024-02-19 09:21:24,964 [WARN] PackLoader:240 - Cannot read IP mode file for STMicroelectronics.X-CUBE-BLEMGR.3.0.0
2024-02-19 09:21:24,990 [WARN] PackLoader:240 - Cannot read IP mode file for STMicroelectronics.X-CUBE-BLEMGR.1.3.0
2024-02-19 09:21:25,015 [WARN] PackLoader:240 - Cannot read IP mode file for STMicroelectronics.FP-ATR-SIGFOX1.3.2.0
2024-02-19 09:21:25,113 [WARN] PackLoader:240 - Cannot read IP mode file for STMicroelectronics.X-CUBE-EEPRMA1.5.1.0
2024-02-19 09:21:25,273 [WARN] PackLoader:240 - Cannot read IP mode file for STMicroelectronics.X-CUBE-MEMS1.9.5.0
2024-02-19 09:21:25,338 [INFO] WebApp:161 - Instantiating new browser for Auth
2024-02-19 09:21:25,609 [WARN] PackLoader:240 - Cannot read IP mode file for SEGGER.I-CUBE-embOS.1.3.1
2024-02-19 09:21:25,720 [WARN] PackLoader:240 - Cannot read IP mode file for STMicroelectronics.X-CUBE-GNSS1.6.0.0
2024-02-19 09:21:25,773 [WARN] PackLoader:240 - Cannot read IP mode file for STMicroelectronics.X-CUBE-AZRTOS-F4.1.1.0
2024-02-19 09:21:25,836 [WARN] PackLoader:240 - Cannot read IP mode file for STMicroelectronics.X-CUBE-AZRTOS-L5.2.0.0
2024-02-19 09:21:25,868 [WARN] PackLoader:240 - Cannot read IP mode file for STMicroelectronics.X-CUBE-EEPRMA1.4.2.0
2024-02-19 09:21:25,890 [WARN] PackLoader:240 - Cannot read IP mode file for ITTIA_DB.I-CUBE-ITTIADB.8.8.0
2024-02-19 09:21:25,917 [WARN] PackLoader:240 - Cannot read IP mode file for emotas.I-CUBE-CANOPEN.1.1.3
2024-02-19 09:21:25,939 [WARN] PackLoader:240 - Cannot read IP mode file for STMicroelectronics.X-CUBE-BLEMGR.2.0.0
2024-02-19 09:21:25,961 [WARN] PackLoader:240 - Cannot read IP mode file for wolfSSL.I-CUBE-wolfSSL.5.5.4
2024-02-19 09:21:25,981 [WARN] PackLoader:240 - Cannot read IP mode file for STMicroelectronics.X-CUBE-NFC7.1.0.1
2024-02-19 09:21:26,001 [WARN] PackLoader:240 - Cannot read IP mode file for STMicroelectronics.X-CUBE-NFC7.1.0.0
2024-02-19 09:21:26,026 [WARN] PackLoader:240 - Cannot read IP mode file for STMicroelectronics.X-CUBE-NFC6.3.0.0
2024-02-19 09:21:26,058 [WARN] PackLoader:240 - Cannot read IP mode file for STMicroelectronics.X-CUBE-EEPRMA1.4.1.0
2024-02-19 09:21:26,078 [WARN] PackLoader:240 - Cannot read IP mode file for STMicroelectronics.X-CUBE-AI.8.1.0
2024-02-19 09:21:26,124 [WARN] ConditionMgr:438 - getConditionDescription Invalid condition id : LAN8742 Phy interface Condition cause : null
2024-02-19 09:21:26,125 [WARN] PackLoader:240 - Cannot read IP mode file for STMicroelectronics.X-CUBE-AZRTOS-L4.2.0.0
2024-02-19 09:21:26,127 [WARN] ConditionMgr:1039 - genDependencies : Invalid condition id : LAN8742 Phy interface Condition cause : null
2024-02-19 09:21:26,127 [WARN] ConditionMgr:1039 - genDependencies : Invalid condition id : LAN8742 Phy interface Condition cause : null
2024-02-19 09:21:26,128 [WARN] ConditionMgr:1039 - genDependencies : Invalid condition id : LAN8742 Phy interface Condition cause : null
2024-02-19 09:21:26,158 [WARN] PackLoader:240 - Cannot read IP mode file for STMicroelectronics.X-CUBE-SFXS2LP1.4.0.0
2024-02-19 09:21:26,211 [WARN] PackLoader:240 - Cannot read IP mode file for STMicroelectronics.X-CUBE-AZRTOS-H7.3.0.0
2024-02-19 09:21:26,236 [WARN] PackLoader:240 - Cannot read IP mode file for STMicroelectronics.X-CUBE-ISPU.1.1.0
2024-02-19 09:21:26,262 [WARN] PackLoader:240 - Cannot read IP mode file for RoweBots.I-CUBE-UNISONRTOS.5.5.0-4
2024-02-19 09:21:26,280 [WARN] PackLoader:240 - Cannot read IP mode file for STMicroelectronics.X-CUBE-AI.8.0.0
2024-02-19 09:21:26,318 [WARN] ConditionMgr:438 - getConditionDescription Invalid condition id : UX DEVICE CLASS RTOS Condition cause : null
2024-02-19 09:21:26,318 [WARN] ConditionMgr:438 - getConditionDescription Invalid condition id : UX DEVICE CLASS RTOS Condition cause : null
2024-02-19 09:21:26,322 [WARN] PackLoader:240 - Cannot read IP mode file for STMicroelectronics.X-CUBE-AZRTOS-WB.2.0.0
2024-02-19 09:21:26,323 [WARN] ConditionMgr:1039 - genDependencies : Invalid condition id : UX DEVICE CLASS RTOS Condition cause : null
2024-02-19 09:21:26,323 [WARN] ConditionMgr:1039 - genDependencies : Invalid condition id : UX DEVICE CLASS RTOS Condition cause : null
2024-02-19 09:21:26,324 [WARN] ConditionMgr:1039 - genDependencies : Invalid condition id : UX DEVICE CLASS RTOS Condition cause : null
2024-02-19 09:21:26,324 [WARN] ConditionMgr:1039 - genDependencies : Invalid condition id : UX DEVICE CLASS RTOS Condition cause : null
2024-02-19 09:21:26,325 [WARN] ConditionMgr:1039 - genDependencies : Invalid condition id : UX DEVICE CLASS RTOS Condition cause : null
2024-02-19 09:21:26,345 [WARN] PackLoader:240 - Cannot read IP mode file for STMicroelectronics.X-CUBE-FREERTOS.1.0.0
2024-02-19 09:21:26,386 [WARN] PackLoader:240 - Cannot read IP mode file for STMicroelectronics.X-CUBE-AZRTOS-L5.1.1.0
2024-02-19 09:21:26,424 [WARN] PackLoader:240 - Cannot read IP mode file for STMicroelectronics.X-CUBE-SUBG2.5.0.0
2024-02-19 09:21:26,439 [INFO] WebApp:780 - Register for checkConnection events
2024-02-19 09:21:26,440 [INFO] WebApp:414 - Apply proxy settings
2024-02-19 09:21:26,440 [INFO] WebApp:499 - Chromium requires no authentication
2024-02-19 09:21:26,455 [INFO] WebApp:442 - Direct internet connection detected
2024-02-19 09:21:26,474 [WARN] PackLoader:240 - Cannot read IP mode file for STMicroelectronics.X-CUBE-AZRTOS-G4.2.0.0
2024-02-19 09:21:26,496 [WARN] PackLoader:240 - Cannot read IP mode file for STMicroelectronics.FP-ATR-ASTRA1.1.1.1
2024-02-19 09:21:26,531 [WARN] PackLoader:240 - Cannot read IP mode file for Infineon.AIROC-Wi-Fi-Bluetooth-STM32.1.5.1
2024-02-19 09:21:26,559 [WARN] PackLoader:240 - Cannot read IP mode file for STMicroelectronics.FP-SNS-MOTENVWB1.1.3.1
2024-02-19 09:21:26,590 [WARN] PackLoader:240 - Cannot read IP mode file for STMicroelectronics.X-CUBE-AZRTOS-G4.1.0.0
2024-02-19 09:21:26,623 [WARN] PackLoader:240 - Cannot read IP mode file for STMicroelectronics.X-CUBE-AZRTOS-L4.1.0.0
2024-02-19 09:21:26,640 [WARN] PackLoader:240 - Cannot read IP mode file for STMicroelectronics.X-CUBE-ISPU.2.0.0
2024-02-19 09:21:26,710 [WARN] PackLoader:240 - Cannot read IP mode file for STMicroelectronics.X-CUBE-MEMS1.10.0.0
2024-02-19 09:21:26,791 [INFO] WebApp:192 - Starting web application
2024-02-19 09:21:26,792 [INFO] WebApp:544 - Web application path used C:\ST\STM32CubeIDE_1.14.0\STM32CubeIDE\plugins\com.st.stm32cube.common.mx_6.10.0.202311202037\db\plugins\mcufinder\reactClient1\index.html
2024-02-19 09:21:26,832 [WARN] PackLoader:240 - Cannot read IP mode file for STMicroelectronics.X-CUBE-FREERTOS.1.1.0
2024-02-19 09:21:26,860 [WARN] PackLoader:240 - Cannot read IP mode file for STMicroelectronics.X-CUBE-AZRTOS-WL.1.0.0
2024-02-19 09:21:26,880 [WARN] PackLoader:240 - Cannot read IP mode file for portGmbH.I-Cube-SoM-uGOAL.1.1.0
2024-02-19 09:21:26,897 [WARN] PackLoader:240 - Cannot read IP mode file for STMicroelectronics.X-CUBE-ALS.1.0.1
2024-02-19 09:21:26,928 [WARN] PackLoader:240 - Cannot read IP mode file for STMicroelectronics.X-CUBE-AZRTOS-WB.1.1.0
2024-02-19 09:21:26,943 [WARN] PackLoader:240 - Cannot read IP mode file for STMicroelectronics.FP-ATR-ASTRA1.2.0.0
2024-02-19 09:21:26,967 [WARN] PackLoader:240 - Cannot read IP mode file for STMicroelectronics.X-CUBE-TOF1.3.4.0
2024-02-19 09:21:27,012 [WARN] PackLoader:240 - Cannot read IP mode file for STMicroelectronics.X-CUBE-AZRTOS-H7.3.2.0
2024-02-19 09:21:27,018 [INFO] ThirdParty:978 - Integrity check success = true
2024-02-19 09:21:27,018 [INFO] IntegrityCheckThread:100 - exiting critical section [integrity check]
2024-02-19 09:21:27,018 [INFO] IntegrityCheckThread:103 - End integrity checks thread
2024-02-19 09:21:47,982 [ERROR] LogOutputStream:75 - [STDERR_REDIRECT] SLF4J: Failed to load class "org.slf4j.impl.StaticLoggerBinder".
2024-02-19 09:21:47,984 [ERROR] LogOutputStream:75 - [STDERR_REDIRECT] SLF4J: Defaulting to no-operation (NOP) logger implementation
2024-02-19 09:21:47,985 [ERROR] LogOutputStream:75 - [STDERR_REDIRECT] SLF4J: See http://www.slf4j.org/codes.html#StaticLoggerBinder for further details.
2024-02-19 10:19:32,473 [ERROR] LogOutputStream:75 - [STDERR_REDIRECT] 
