2024-03-02 10:13:29,470 [INFO] Activator:176 - 


2024-03-02 10:13:29,477 [INFO] Activator:177 - !SESSION log4j initialized
2024-03-02 10:13:36,990 [INFO] LogOutputStream:77 - [STDOUT_REDIRECT] 
2024-03-02 10:13:41,975 [INFO] ApplicationProperties:184 - Using Application install path: C:\ST\STM32CubeIDE_1.14.0\STM32CubeIDE\plugins\com.st.stm32cube.common.mx_6.10.0.202311202037
2024-03-02 10:13:41,995 [INFO] DbMcusXml:78 - Set database path to: C:\ST\STM32CubeIDE_1.14.0\STM32CubeIDE\plugins\com.st.stm32cube.common.mx_6.10.0.202311202037\\db\/mcu/
2024-03-02 10:13:41,996 [INFO] ApiDb:274 - Set plugin database path to: C:\ST\STM32CubeIDE_1.14.0\STM32CubeIDE\plugins\com.st.stm32cube.common.mx_6.10.0.202311202037\\db\/plugins/boardmanager/
2024-03-02 10:13:41,996 [WARN] ApiDb:259 - Overriding images path with different value:  => C:\ST\STM32CubeIDE_1.14.0\STM32CubeIDE\plugins\com.st.stm32cube.common.mx_6.10.0.202311202037\\db\/plugins/mcufinder/images/
2024-03-02 10:13:42,008 [INFO] ApiDb:250 - Set database path to: C:\Users\sudh1\.stmcufinder\plugins\mcufinder//mcu/
2024-03-02 10:13:42,010 [INFO] DbMcusAds:125 - Set database path to: C:\Users\sudh1\.stmcufinder\plugins\mcufinder//mcu/
2024-03-02 10:13:42,011 [INFO] CrossReferenceDbSqlite:203 - Set database path to: C:\Users\sudh1\.stmcufinder\plugins\mcufinder//mcu/cs/
2024-03-02 10:13:42,173 [INFO] RulesReader:64 - Compatibility file has been processed (297 Rules)
2024-03-02 10:13:42,266 [INFO] DbMcusXml:78 - Set database path to: C:\ST\STM32CubeIDE_1.14.0\STM32CubeIDE\plugins\com.st.stm32cube.common.mx_6.10.0.202311202037\\db\/mcu/
2024-03-02 10:13:42,266 [INFO] ApiDb:274 - Set plugin database path to: C:\ST\STM32CubeIDE_1.14.0\STM32CubeIDE\plugins\com.st.stm32cube.common.mx_6.10.0.202311202037\\db\/plugins/boardmanager/
2024-03-02 10:13:42,266 [INFO] ApiDb:261 - Set plugin images path to: C:\ST\STM32CubeIDE_1.14.0\STM32CubeIDE\plugins\com.st.stm32cube.common.mx_6.10.0.202311202037\\db\/plugins/mcufinder/images/
2024-03-02 10:13:42,266 [WARN] DbFile:41 - Overriding database path with different value: C:\Users\sudh1\.stmcufinder\plugins\mcufinder/ => C:\Users\sudh1\.stmcufinder\plugins\mcufinder
2024-03-02 10:13:42,266 [INFO] ApiDb:250 - Set database path to: C:\Users\sudh1\.stmcufinder\plugins\mcufinder//mcu/
2024-03-02 10:13:42,266 [WARN] DbFile:41 - Overriding database path with different value: C:\Users\sudh1\.stmcufinder\plugins\mcufinder/ => C:\Users\sudh1\.stmcufinder\plugins\mcufinder
2024-03-02 10:13:42,266 [INFO] DbMcusAds:125 - Set database path to: C:\Users\sudh1\.stmcufinder\plugins\mcufinder//mcu/
2024-03-02 10:13:42,267 [WARN] DbFile:41 - Overriding database path with different value: C:\Users\sudh1\.stmcufinder\plugins\mcufinder/ => C:\Users\sudh1\.stmcufinder\plugins\mcufinder
2024-03-02 10:13:42,267 [WARN] DbFile:41 - Overriding database path with different value: C:\Users\sudh1\.stmcufinder\plugins\mcufinder/ => C:\Users\sudh1\.stmcufinder\plugins\mcufinder
2024-03-02 10:13:42,267 [INFO] CrossReferenceDbSqlite:203 - Set database path to: C:\Users\sudh1\.stmcufinder\plugins\mcufinder//mcu/cs/
2024-03-02 10:13:42,350 [INFO] MainPanel:264 - HeapMemory: 268435456
2024-03-02 10:13:42,449 [INFO] DbMcusXml:78 - Set database path to: C:\ST\STM32CubeIDE_1.14.0\STM32CubeIDE\plugins\com.st.stm32cube.common.mx_6.10.0.202311202037\\db\/mcu/
2024-03-02 10:13:42,449 [INFO] ApiDb:274 - Set plugin database path to: C:\ST\STM32CubeIDE_1.14.0\STM32CubeIDE\plugins\com.st.stm32cube.common.mx_6.10.0.202311202037\\db\/plugins/boardmanager/
2024-03-02 10:13:42,449 [INFO] ApiDb:261 - Set plugin images path to: C:\ST\STM32CubeIDE_1.14.0\STM32CubeIDE\plugins\com.st.stm32cube.common.mx_6.10.0.202311202037\\db\/plugins/mcufinder/images/
2024-03-02 10:13:42,449 [WARN] DbFile:41 - Overriding database path with different value: C:\Users\sudh1\.stmcufinder\plugins\mcufinder/ => C:\Users\sudh1\.stmcufinder\plugins\mcufinder
2024-03-02 10:13:42,449 [INFO] ApiDb:250 - Set database path to: C:\Users\sudh1\.stmcufinder\plugins\mcufinder//mcu/
2024-03-02 10:13:42,449 [WARN] DbFile:41 - Overriding database path with different value: C:\Users\sudh1\.stmcufinder\plugins\mcufinder/ => C:\Users\sudh1\.stmcufinder\plugins\mcufinder
2024-03-02 10:13:42,449 [INFO] DbMcusAds:125 - Set database path to: C:\Users\sudh1\.stmcufinder\plugins\mcufinder//mcu/
2024-03-02 10:13:42,449 [WARN] DbFile:41 - Overriding database path with different value: C:\Users\sudh1\.stmcufinder\plugins\mcufinder/ => C:\Users\sudh1\.stmcufinder\plugins\mcufinder
2024-03-02 10:13:42,449 [WARN] DbFile:41 - Overriding database path with different value: C:\Users\sudh1\.stmcufinder\plugins\mcufinder/ => C:\Users\sudh1\.stmcufinder\plugins\mcufinder
2024-03-02 10:13:42,449 [INFO] CrossReferenceDbSqlite:203 - Set database path to: C:\Users\sudh1\.stmcufinder\plugins\mcufinder//mcu/cs/
2024-03-02 10:13:42,471 [INFO] ApplicationProperties:184 - Using Application install path: C:\ST\STM32CubeIDE_1.14.0\STM32CubeIDE\plugins\com.st.stm32cube.common.mx_6.10.0.202311202037
2024-03-02 10:13:42,473 [INFO] PluginManage:196 - Search for loadable plugins [exclusion list=, ]
2024-03-02 10:13:42,474 [INFO] PluginManage:310 - Check plugin analytics
2024-03-02 10:13:42,644 [INFO] AnalyticsPlugin:253 - Accepted Software Licenses: 
2024-03-02 10:13:42,645 [INFO] AnalyticsPlugin:255 - Accepted CMSIS Pack Licenses: 
2024-03-02 10:13:42,645 [INFO] AnalyticsPlugin:257 - Accepted Firmware Licenses: 
2024-03-02 10:13:42,647 [INFO] PluginManage:359 - Loaded plugin analytics (category:tool,tabindex:-1)
2024-03-02 10:13:42,647 [INFO] PluginManage:310 - Check plugin cadmodel
2024-03-02 10:13:42,662 [INFO] CADModel:105 - Init CAD model plugin
2024-03-02 10:13:42,662 [INFO] PluginManage:359 - Loaded plugin cadmodel (category:power,tabindex:5)
2024-03-02 10:13:42,662 [INFO] PluginManage:310 - Check plugin clock
2024-03-02 10:13:42,682 [INFO] PluginManage:359 - Loaded plugin clock (category:base,tabindex:2)
2024-03-02 10:13:42,682 [INFO] PluginManage:310 - Check plugin ddr
2024-03-02 10:13:42,684 [INFO] PluginManage:359 - Loaded plugin ddr (category:tool,tabindex:6)
2024-03-02 10:13:42,685 [INFO] PluginManage:310 - Check plugin filemanager
2024-03-02 10:13:42,806 [INFO] PluginManage:359 - Loaded plugin filemanager (category:base,tabindex:10)
2024-03-02 10:13:42,806 [INFO] PluginManage:310 - Check plugin ipmanager
2024-03-02 10:13:42,813 [INFO] PluginManage:359 - Loaded plugin ipmanager (category:base,tabindex:5)
2024-03-02 10:13:42,814 [INFO] PluginManage:310 - Check plugin lpbam
2024-03-02 10:13:42,831 [INFO] PluginManage:359 - Loaded plugin lpbam (category:base,tabindex:0)
2024-03-02 10:13:42,831 [INFO] PluginManage:310 - Check plugin memorymap
2024-03-02 10:13:42,853 [INFO] PluginManage:359 - Loaded plugin memorymap (category:base,tabindex:4)
2024-03-02 10:13:42,854 [INFO] PluginManage:310 - Check plugin pinoutandconfiguration
2024-03-02 10:13:42,870 [INFO] PluginManage:359 - Loaded plugin pinoutandconfiguration (category:base,tabindex:1)
2024-03-02 10:13:42,870 [INFO] PluginManage:310 - Check plugin pinoutconfig
2024-03-02 10:13:42,978 [WARN] SupportedApi:132 - Cannot load RTOS API schema: s4s-elt-must-match.1: The content of 'definitions' must match (annotation?, (simpleType | complexType)?, (unique | key | keyref)*)). A problem was found starting at: attribute.
2024-03-02 10:13:43,128 [INFO] PluginManage:359 - Loaded plugin pinoutconfig (category:base,tabindex:0)
2024-03-02 10:13:43,128 [INFO] PluginManage:310 - Check plugin power
2024-03-02 10:13:43,156 [INFO] PluginManage:359 - Loaded plugin power (category:power,tabindex:4)
2024-03-02 10:13:43,156 [INFO] PluginManage:310 - Check plugin projectmanager
2024-03-02 10:13:43,171 [INFO] PluginManage:359 - Loaded plugin projectmanager (category:projectmanager,tabindex:3)
2024-03-02 10:13:43,172 [INFO] PluginManage:310 - Check plugin thirdparty
2024-03-02 10:13:43,413 [INFO] PluginManage:359 - Loaded plugin thirdparty (category:base,tabindex:-1)
2024-03-02 10:13:43,414 [INFO] PluginManage:310 - Check plugin tools
2024-03-02 10:13:43,414 [WARN] IntegrityCheckThread:84 - waiting for thirdparty lock release [integrity check]
2024-03-02 10:13:43,414 [INFO] IntegrityCheckThread:86 - entering critical section [integrity check]
2024-03-02 10:13:43,414 [INFO] ThirdPartyUpdaterWithRetryManager:70 - Updater plugin not ready yet. [1/15]
2024-03-02 10:13:43,447 [INFO] PluginManage:359 - Loaded plugin tools (category:base,tabindex:7)
2024-03-02 10:13:43,447 [INFO] PluginManage:310 - Check plugin tutovideos
2024-03-02 10:13:43,658 [INFO] PluginManage:359 - Loaded plugin tutovideos (category:base,tabindex:-1)
2024-03-02 10:13:43,658 [INFO] PluginManage:310 - Check plugin updater
2024-03-02 10:13:43,682 [INFO] PluginManage:359 - Loaded plugin updater (category:base,tabindex:12)
2024-03-02 10:13:43,682 [INFO] PluginManage:310 - Check plugin userauth
2024-03-02 10:13:43,692 [INFO] UserAuth:114 - Init User Auth plugin
2024-03-02 10:13:43,692 [INFO] PluginManage:359 - Loaded plugin userauth (category:base,tabindex:14)
2024-03-02 10:13:43,695 [INFO] PluginManage:283 - PluginManage : Loaded plugins [17]
2024-03-02 10:13:43,962 [INFO] PinOutPanel:1499 - setPackage(No Configuration,No Configuration)
2024-03-02 10:13:44,041 [INFO] CADModel:165 - CPN selected for project level
2024-03-02 10:13:44,041 [INFO] CADModel:114 - Register for checkConnection events
2024-03-02 10:13:44,068 [INFO] IPUIPlugin:80 - create IPUIPlugin
2024-03-02 10:13:44,068 [INFO] PluginManager:220 - loadIPPluginJar : add adc
2024-03-02 10:13:44,099 [INFO] IPUIPlugin:80 - create IPUIPlugin
2024-03-02 10:13:44,099 [INFO] PluginManager:220 - loadIPPluginJar : add aes
2024-03-02 10:13:44,137 [INFO] IPUIPlugin:80 - create IPUIPlugin
2024-03-02 10:13:44,137 [INFO] PluginManager:220 - loadIPPluginJar : add can
2024-03-02 10:13:44,159 [INFO] IPUIPlugin:80 - create IPUIPlugin
2024-03-02 10:13:44,160 [INFO] PluginManager:220 - loadIPPluginJar : add comp
2024-03-02 10:13:44,210 [INFO] IPUIPlugin:80 - create IPUIPlugin
2024-03-02 10:13:44,210 [INFO] PluginManager:220 - loadIPPluginJar : add cryp
2024-03-02 10:13:44,241 [INFO] IPUIPlugin:80 - create IPUIPlugin
2024-03-02 10:13:44,241 [INFO] PluginManager:220 - loadIPPluginJar : add dfsdm
2024-03-02 10:13:44,256 [INFO] IPUIPlugin:80 - create IPUIPlugin
2024-03-02 10:13:44,256 [INFO] PluginManager:220 - loadIPPluginJar : add dma
2024-03-02 10:13:44,297 [INFO] IPUIPlugin:80 - create IPUIPlugin
2024-03-02 10:13:44,298 [INFO] PluginManager:220 - loadIPPluginJar : add dma3
2024-03-02 10:13:44,320 [INFO] IPUIPlugin:80 - create IPUIPlugin
2024-03-02 10:13:44,320 [INFO] PluginManager:220 - loadIPPluginJar : add fatfs
2024-03-02 10:13:44,366 [INFO] IPUIPlugin:80 - create IPUIPlugin
2024-03-02 10:13:44,367 [INFO] PluginManager:220 - loadIPPluginJar : add fmc
2024-03-02 10:13:44,383 [INFO] IPUIPlugin:80 - create IPUIPlugin
2024-03-02 10:13:44,384 [INFO] PluginManager:220 - loadIPPluginJar : add freertos
2024-03-02 10:13:44,408 [INFO] IPUIPlugin:80 - create IPUIPlugin
2024-03-02 10:13:44,408 [INFO] PluginManager:220 - loadIPPluginJar : add genericplugin
2024-03-02 10:13:44,512 [INFO] IPUIPlugin:80 - create IPUIPlugin
2024-03-02 10:13:44,513 [INFO] PluginManager:220 - loadIPPluginJar : add gfxmmu
2024-03-02 10:13:44,648 [INFO] IPUIPlugin:80 - create IPUIPlugin
2024-03-02 10:13:44,648 [INFO] PluginManager:220 - loadIPPluginJar : add gic
2024-03-02 10:13:44,663 [INFO] IPUIPlugin:80 - create IPUIPlugin
2024-03-02 10:13:44,664 [INFO] PluginManager:220 - loadIPPluginJar : add gpio
2024-03-02 10:13:44,751 [INFO] IPUIPlugin:80 - create IPUIPlugin
2024-03-02 10:13:44,752 [INFO] PluginManager:220 - loadIPPluginJar : add gtzc
2024-03-02 10:13:44,792 [INFO] IPUIPlugin:80 - create IPUIPlugin
2024-03-02 10:13:44,792 [INFO] PluginManager:220 - loadIPPluginJar : add hash
2024-03-02 10:13:44,855 [INFO] IPUIPlugin:80 - create IPUIPlugin
2024-03-02 10:13:44,856 [INFO] PluginManager:220 - loadIPPluginJar : add i2c
2024-03-02 10:13:44,896 [INFO] IPUIPlugin:80 - create IPUIPlugin
2024-03-02 10:13:44,896 [INFO] PluginManager:220 - loadIPPluginJar : add i2s
2024-03-02 10:13:44,936 [INFO] IPUIPlugin:80 - create IPUIPlugin
2024-03-02 10:13:44,936 [INFO] PluginManager:220 - loadIPPluginJar : add i3c
2024-03-02 10:13:45,040 [INFO] IPUIPlugin:80 - create IPUIPlugin
2024-03-02 10:13:45,041 [INFO] PluginManager:220 - loadIPPluginJar : add ipddr
2024-03-02 10:13:45,138 [INFO] IPUIPlugin:80 - create IPUIPlugin
2024-03-02 10:13:45,139 [INFO] PluginManager:220 - loadIPPluginJar : add linkedlist
2024-03-02 10:13:45,170 [INFO] IPUIPlugin:80 - create IPUIPlugin
2024-03-02 10:13:45,170 [INFO] PluginManager:220 - loadIPPluginJar : add lorawan
2024-03-02 10:13:45,203 [INFO] IPUIPlugin:80 - create IPUIPlugin
2024-03-02 10:13:45,203 [INFO] PluginManager:220 - loadIPPluginJar : add ltdc
2024-03-02 10:13:45,220 [INFO] IPUIPlugin:80 - create IPUIPlugin
2024-03-02 10:13:45,220 [INFO] PluginManager:220 - loadIPPluginJar : add mdma
2024-03-02 10:13:45,231 [INFO] IPUIPlugin:80 - create IPUIPlugin
2024-03-02 10:13:45,231 [INFO] PluginManager:220 - loadIPPluginJar : add nvic
2024-03-02 10:13:45,267 [INFO] IPUIPlugin:80 - create IPUIPlugin
2024-03-02 10:13:45,268 [INFO] PluginManager:220 - loadIPPluginJar : add opamp
2024-03-02 10:13:45,322 [INFO] IPUIPlugin:80 - create IPUIPlugin
2024-03-02 10:13:45,322 [INFO] PluginManager:220 - loadIPPluginJar : add openamp
2024-03-02 10:13:45,364 [INFO] IPUIPlugin:80 - create IPUIPlugin
2024-03-02 10:13:45,364 [INFO] PluginManager:220 - loadIPPluginJar : add pdm2pcm
2024-03-02 10:13:45,378 [INFO] IPUIPlugin:80 - create IPUIPlugin
2024-03-02 10:13:45,380 [INFO] PluginManager:220 - loadIPPluginJar : add plateformsettings
2024-03-02 10:13:45,405 [INFO] IPUIPlugin:80 - create IPUIPlugin
2024-03-02 10:13:45,406 [INFO] PluginManager:220 - loadIPPluginJar : add quadspi
2024-03-02 10:13:45,418 [INFO] IPUIPlugin:80 - create IPUIPlugin
2024-03-02 10:13:45,418 [INFO] PluginManager:220 - loadIPPluginJar : add resmgrutility
2024-03-02 10:13:45,468 [INFO] IPUIPlugin:80 - create IPUIPlugin
2024-03-02 10:13:45,468 [INFO] PluginManager:220 - loadIPPluginJar : add sai
2024-03-02 10:13:45,511 [INFO] IPUIPlugin:80 - create IPUIPlugin
2024-03-02 10:13:45,511 [INFO] PluginManager:220 - loadIPPluginJar : add spi
2024-03-02 10:13:45,580 [INFO] IPUIPlugin:80 - create IPUIPlugin
2024-03-02 10:13:45,580 [INFO] PluginManager:220 - loadIPPluginJar : add stm32_wpan
2024-03-02 10:13:45,604 [INFO] IPUIPlugin:80 - create IPUIPlugin
2024-03-02 10:13:45,604 [INFO] PluginManager:220 - loadIPPluginJar : add tim
2024-03-02 10:13:45,664 [INFO] IPUIPlugin:80 - create IPUIPlugin
2024-03-02 10:13:45,664 [INFO] PluginManager:220 - loadIPPluginJar : add touchsensing
2024-03-02 10:13:45,694 [INFO] IPUIPlugin:80 - create IPUIPlugin
2024-03-02 10:13:45,695 [INFO] PluginManager:220 - loadIPPluginJar : add tracer_emb
2024-03-02 10:13:45,715 [INFO] IPUIPlugin:80 - create IPUIPlugin
2024-03-02 10:13:45,715 [INFO] PluginManager:220 - loadIPPluginJar : add ts
2024-03-02 10:13:45,733 [INFO] IPUIPlugin:80 - create IPUIPlugin
2024-03-02 10:13:45,733 [INFO] PluginManager:220 - loadIPPluginJar : add tsc
2024-03-02 10:13:45,765 [INFO] IPUIPlugin:80 - create IPUIPlugin
2024-03-02 10:13:45,766 [INFO] PluginManager:220 - loadIPPluginJar : add ucpd
2024-03-02 10:13:45,810 [INFO] IPUIPlugin:80 - create IPUIPlugin
2024-03-02 10:13:45,810 [INFO] PluginManager:220 - loadIPPluginJar : add usart
2024-03-02 10:13:45,851 [INFO] IPUIPlugin:80 - create IPUIPlugin
2024-03-02 10:13:45,851 [INFO] PluginManager:220 - loadIPPluginJar : add usbx
2024-03-02 10:13:45,976 [INFO] CADModel:165 - CPN selected for project level
2024-03-02 10:13:45,976 [INFO] CADModel:114 - Register for checkConnection events
2024-03-02 10:13:45,976 [FATAL] Updater:308 - Updater called before beeing initialized
2024-03-02 10:13:45,976 [ERROR] CADModel:125 - Updater not yet initialized, retry later 
2024-03-02 10:13:46,124 [INFO] CADModel:165 - CPN selected for project level
2024-03-02 10:13:46,124 [INFO] CADModel:114 - Register for checkConnection events
2024-03-02 10:13:46,124 [FATAL] Updater:308 - Updater called before beeing initialized
2024-03-02 10:13:46,124 [ERROR] CADModel:125 - Updater not yet initialized, retry later 
2024-03-02 10:13:46,128 [FATAL] Updater:308 - Updater called before beeing initialized
2024-03-02 10:13:46,224 [FATAL] Updater:308 - Updater called before beeing initialized
2024-03-02 10:13:46,233 [INFO] DbMcusAds:53 - JSON generation date=Wed Nov 29 16:22:27 IST 2023 (1701255147349)
2024-03-02 10:13:46,233 [FATAL] Updater:308 - Updater called before beeing initialized
2024-03-02 10:13:46,312 [WARN] DetailPanel:346 - Failed to get advertising image, set to default
2024-03-02 10:13:46,396 [FATAL] Updater:308 - Updater called before beeing initialized
2024-03-02 10:13:46,398 [FATAL] Updater:308 - Updater called before beeing initialized
2024-03-02 10:13:46,398 [FATAL] Updater:308 - Updater called before beeing initialized
2024-03-02 10:13:46,399 [WARN] DetailPanel:346 - Failed to get advertising image, set to default
2024-03-02 10:13:46,400 [FATAL] Updater:308 - Updater called before beeing initialized
2024-03-02 10:13:46,415 [INFO] ThirdPartyUpdaterWithRetryManager:70 - Updater plugin not ready yet. [2/15]
2024-03-02 10:13:46,474 [ERROR] Updater:1120 - MainUpdater not yet initialized. External WinMGr cannot be set.
2024-03-02 10:13:46,487 [INFO] Updater:1056 - Updater Version found : 6.10.0
2024-03-02 10:13:46,509 [INFO] ApplicationProperties:184 - Using Application install path: C:\ST\STM32CubeIDE_1.14.0\STM32CubeIDE\plugins\com.st.stm32cube.common.mx_6.10.0.202311202037
2024-03-02 10:13:48,086 [ERROR] LogOutputStream:75 - [STDERR_REDIRECT] Mar 02, 2024 10:13:48 AM java.util.prefs.WindowsPreferences <init>
2024-03-02 10:13:48,087 [ERROR] LogOutputStream:75 - [STDERR_REDIRECT] WARNING: Could not open/create prefs root node Software\JavaSoft\Prefs at root 0xffffffff80000002. Windows RegCreateKeyEx(...) returned error code 5.
2024-03-02 10:13:48,087 [ERROR] LogOutputStream:75 - [STDERR_REDIRECT] 
2024-03-02 10:13:48,575 [INFO] MainUpdater:2873 - connection check result : 10
2024-03-02 10:13:48,575 [INFO] MainUpdater:3567 - Updater definition file requires update
2024-03-02 10:13:48,576 [INFO] MainUpdater:290 - Updater Check For Update Now.
2024-03-02 10:13:48,576 [INFO] MicroXplorer:498 - Change Database Version : DB.6.0.100
2024-03-02 10:13:48,594 [INFO] McuFinderGlobals:63 - Set McuFinder mode to 2 (CubeIDE integrated)
2024-03-02 10:13:48,595 [INFO] UserAuth:180 - activating auth plugin
2024-03-02 10:13:48,597 [INFO] UserAuth:404 - Internet connection configuration mode: 1
2024-03-02 10:13:48,623 [INFO] JxBrowserEngine:152 - Initiate JxBrowser Engine with user profile folder
2024-03-02 10:13:48,669 [INFO] ServerAccessManage:473 - Download File updaters.zip
2024-03-02 10:13:48,899 [INFO] FileExtend:240 - Unzip File : updaters.zip
2024-03-02 10:13:48,899 [INFO] FileExtend:255 - Standard Zip Deflate
2024-03-02 10:13:49,333 [INFO] ServerAccessManage:473 - Download File PacksControlFlags.xml
2024-03-02 10:13:49,416 [WARN] MainUpdater:1194 - Updater busy. Cannot search thirdparties
2024-03-02 10:13:49,416 [INFO] ThirdPartyUpdaterWithRetryManager:96 - Updater plugin is busy. [1/15]
2024-03-02 10:13:49,498 [INFO] ServerAccessManage:473 - Download File cubemx.pidx
2024-03-02 10:13:50,304 [INFO] ServerAccessManage:473 - Download File STMicroelectronics.X-CUBE-BLEMGR.pdsc
2024-03-02 10:13:52,053 [INFO] WebApp:161 - Instantiating new browser for Auth
2024-03-02 10:13:52,417 [WARN] MainUpdater:1194 - Updater busy. Cannot search thirdparties
2024-03-02 10:13:52,417 [INFO] ThirdPartyUpdaterWithRetryManager:96 - Updater plugin is busy. [2/15]
2024-03-02 10:13:52,667 [INFO] WebApp:780 - Register for checkConnection events
2024-03-02 10:13:52,668 [INFO] WebApp:414 - Apply proxy settings
2024-03-02 10:13:52,668 [INFO] WebApp:499 - Chromium requires no authentication
2024-03-02 10:13:52,675 [INFO] WebApp:442 - Direct internet connection detected
2024-03-02 10:13:52,838 [INFO] WebApp:192 - Starting web application
2024-03-02 10:13:52,838 [INFO] WebApp:544 - Web application path used C:\ST\STM32CubeIDE_1.14.0\STM32CubeIDE\plugins\com.st.stm32cube.common.mx_6.10.0.202311202037\db\plugins\mcufinder\reactClient1\index.html
2024-03-02 10:13:53,873 [WARN] PackLoader:240 - Cannot read IP mode file for STMicroelectronics.X-CUBE-BLEMGR.3.1.0
2024-03-02 10:13:53,879 [INFO] PopulateThirdPartyThread:66 - Ending populate Thread
2024-03-02 10:13:53,881 [INFO] ThirdParty:1030 - CMSIS Pack Vendor :STMicroelectronics X-CUBE-BLEMGR 3.1.0
2024-03-02 10:13:53,881 [INFO] LoadServerUpdatesThread:375 - End of LoadServerUpdate Thread
2024-03-02 10:13:54,002 [INFO] CheckServerUpdateThread:120 - End of CheckServer Thread
2024-03-02 10:13:55,566 [WARN] PackLoader:240 - Cannot read IP mode file for STMicroelectronics.X-CUBE-SMBUS.2.1.0
2024-03-02 10:13:55,578 [WARN] PackLoader:240 - Cannot read IP mode file for STMicroelectronics.X-CUBE-TOUCHGFX.4.23.0
2024-03-02 10:13:55,612 [WARN] PackLoader:240 - Cannot read IP mode file for STMicroelectronics.X-CUBE-AZRTOS-F7.1.1.0
2024-03-02 10:13:55,632 [WARN] PackLoader:240 - Cannot read IP mode file for STMicroelectronics.FP-SNS-MOTENV1.4.3.2
2024-03-02 10:13:55,653 [WARN] PackLoader:240 - Cannot read IP mode file for STMicroelectronics.X-CUBE-BLE1.6.2.4
2024-03-02 10:13:55,669 [WARN] PackLoader:240 - Cannot read IP mode file for STMicroelectronics.FP-SNS-FLIGHT1.5.0.2
2024-03-02 10:13:55,684 [WARN] PackLoader:240 - Cannot read IP mode file for STMicroelectronics.X-CUBE-DISPLAY.3.0.0
2024-03-02 10:13:55,702 [WARN] PackLoader:240 - Cannot read IP mode file for STMicroelectronics.X-CUBE-BLE1.7.0.0
2024-03-02 10:13:55,712 [WARN] PackLoader:240 - Cannot read IP mode file for STMicroelectronics.X-CUBE-BLEMGR.3.1.0
2024-03-02 10:13:55,726 [WARN] PackLoader:240 - Cannot read IP mode file for STMicroelectronics.FP-SNS-SMARTAG2.1.2.0
2024-03-02 10:13:55,744 [INFO] LogOutputStream:77 - [STDOUT_REDIRECT] 1 : Invalid condition id : UX_CORESTACK_Condition cause : null
2024-03-02 10:13:55,744 [INFO] LogOutputStream:77 - [STDOUT_REDIRECT] 1 : Invalid condition id : UX_CORESTACK_Condition cause : null
2024-03-02 10:13:55,745 [INFO] LogOutputStream:77 - [STDOUT_REDIRECT] 1 : Invalid condition id : UX_CORESTACK_Condition cause : null
2024-03-02 10:13:55,745 [INFO] LogOutputStream:77 - [STDOUT_REDIRECT] 1 : Invalid condition id : UX_CORESTACK_Condition cause : null
2024-03-02 10:13:55,746 [INFO] LogOutputStream:77 - [STDOUT_REDIRECT] 1 : Invalid condition id : UX_CORESTACK_Condition cause : null
2024-03-02 10:13:55,749 [WARN] PackLoader:240 - Cannot read IP mode file for STMicroelectronics.X-CUBE-AZRTOS-WL.2.0.0
2024-03-02 10:13:55,764 [WARN] PackLoader:240 - Cannot read IP mode file for WES.I-CUBE-Cesium.1.3.0
2024-03-02 10:13:55,775 [WARN] PackLoader:240 - Cannot read IP mode file for STMicroelectronics.X-CUBE-BLE2.3.3.0
2024-03-02 10:13:55,792 [WARN] PackLoader:240 - Cannot read IP mode file for STMicroelectronics.X-CUBE-TOF1.3.2.0
2024-03-02 10:13:55,813 [WARN] PackLoader:240 - Cannot read IP mode file for STMicroelectronics.X-CUBE-TOUCHGFX.4.21.1
2024-03-02 10:13:55,831 [WARN] PackLoader:240 - Cannot read IP mode file for STMicroelectronics.X-CUBE-ALGOBUILD.1.3.0
2024-03-02 10:13:55,863 [WARN] PackLoader:240 - Cannot read IP mode file for STMicroelectronics.X-CUBE-AZRTOS-G0.1.1.0
2024-03-02 10:13:55,885 [WARN] PackLoader:240 - Cannot read IP mode file for STMicroelectronics.X-CUBE-NFC4.3.0.0
2024-03-02 10:13:55,905 [WARN] PackLoader:240 - Cannot read IP mode file for STMicroelectronics.X-CUBE-BLEMGR.3.0.0
2024-03-02 10:13:55,926 [WARN] PackLoader:240 - Cannot read IP mode file for STMicroelectronics.X-CUBE-BLEMGR.1.3.0
2024-03-02 10:13:55,932 [WARN] PackLoader:240 - Cannot read IP mode file for STMicroelectronics.FP-ATR-SIGFOX1.3.2.0
2024-03-02 10:13:55,947 [WARN] PackLoader:240 - Cannot read IP mode file for STMicroelectronics.X-CUBE-EEPRMA1.5.1.0
2024-03-02 10:13:56,023 [WARN] PackLoader:240 - Cannot read IP mode file for STMicroelectronics.X-CUBE-MEMS1.9.5.0
2024-03-02 10:13:56,261 [WARN] PackLoader:240 - Cannot read IP mode file for SEGGER.I-CUBE-embOS.1.3.1
2024-03-02 10:13:56,329 [WARN] PackLoader:240 - Cannot read IP mode file for STMicroelectronics.X-CUBE-GNSS1.6.0.0
2024-03-02 10:13:56,364 [WARN] PackLoader:240 - Cannot read IP mode file for STMicroelectronics.X-CUBE-AZRTOS-F4.1.1.0
2024-03-02 10:13:56,394 [WARN] PackLoader:240 - Cannot read IP mode file for STMicroelectronics.X-CUBE-AZRTOS-L5.2.0.0
2024-03-02 10:13:56,411 [WARN] PackLoader:240 - Cannot read IP mode file for STMicroelectronics.X-CUBE-EEPRMA1.4.2.0
2024-03-02 10:13:56,426 [WARN] PackLoader:240 - Cannot read IP mode file for ITTIA_DB.I-CUBE-ITTIADB.8.8.0
2024-03-02 10:13:56,445 [WARN] PackLoader:240 - Cannot read IP mode file for emotas.I-CUBE-CANOPEN.1.1.3
2024-03-02 10:13:56,467 [WARN] PackLoader:240 - Cannot read IP mode file for STMicroelectronics.X-CUBE-BLEMGR.2.0.0
2024-03-02 10:13:56,484 [WARN] PackLoader:240 - Cannot read IP mode file for wolfSSL.I-CUBE-wolfSSL.5.5.4
2024-03-02 10:13:56,496 [WARN] PackLoader:240 - Cannot read IP mode file for STMicroelectronics.X-CUBE-NFC7.1.0.1
2024-03-02 10:13:56,515 [WARN] PackLoader:240 - Cannot read IP mode file for STMicroelectronics.X-CUBE-NFC7.1.0.0
2024-03-02 10:13:56,534 [WARN] PackLoader:240 - Cannot read IP mode file for STMicroelectronics.X-CUBE-NFC6.3.0.0
2024-03-02 10:13:56,548 [WARN] PackLoader:240 - Cannot read IP mode file for STMicroelectronics.X-CUBE-EEPRMA1.4.1.0
2024-03-02 10:13:56,562 [WARN] PackLoader:240 - Cannot read IP mode file for STMicroelectronics.X-CUBE-AI.8.1.0
2024-03-02 10:13:56,594 [WARN] ConditionMgr:438 - getConditionDescription Invalid condition id : LAN8742 Phy interface Condition cause : null
2024-03-02 10:13:56,594 [WARN] PackLoader:240 - Cannot read IP mode file for STMicroelectronics.X-CUBE-AZRTOS-L4.2.0.0
2024-03-02 10:13:56,596 [WARN] ConditionMgr:1039 - genDependencies : Invalid condition id : LAN8742 Phy interface Condition cause : null
2024-03-02 10:13:56,596 [WARN] ConditionMgr:1039 - genDependencies : Invalid condition id : LAN8742 Phy interface Condition cause : null
2024-03-02 10:13:56,597 [WARN] ConditionMgr:1039 - genDependencies : Invalid condition id : LAN8742 Phy interface Condition cause : null
2024-03-02 10:13:56,614 [WARN] PackLoader:240 - Cannot read IP mode file for STMicroelectronics.X-CUBE-SFXS2LP1.4.0.0
2024-03-02 10:13:56,643 [WARN] PackLoader:240 - Cannot read IP mode file for STMicroelectronics.X-CUBE-AZRTOS-H7.3.0.0
2024-03-02 10:13:56,658 [WARN] PackLoader:240 - Cannot read IP mode file for STMicroelectronics.X-CUBE-ISPU.1.1.0
2024-03-02 10:13:56,677 [WARN] PackLoader:240 - Cannot read IP mode file for RoweBots.I-CUBE-UNISONRTOS.5.5.0-4
2024-03-02 10:13:56,691 [WARN] PackLoader:240 - Cannot read IP mode file for STMicroelectronics.X-CUBE-AI.8.0.0
2024-03-02 10:13:56,716 [WARN] ConditionMgr:438 - getConditionDescription Invalid condition id : UX DEVICE CLASS RTOS Condition cause : null
2024-03-02 10:13:56,716 [WARN] ConditionMgr:438 - getConditionDescription Invalid condition id : UX DEVICE CLASS RTOS Condition cause : null
2024-03-02 10:13:56,718 [WARN] PackLoader:240 - Cannot read IP mode file for STMicroelectronics.X-CUBE-AZRTOS-WB.2.0.0
2024-03-02 10:13:56,719 [WARN] ConditionMgr:1039 - genDependencies : Invalid condition id : UX DEVICE CLASS RTOS Condition cause : null
2024-03-02 10:13:56,719 [WARN] ConditionMgr:1039 - genDependencies : Invalid condition id : UX DEVICE CLASS RTOS Condition cause : null
2024-03-02 10:13:56,719 [WARN] ConditionMgr:1039 - genDependencies : Invalid condition id : UX DEVICE CLASS RTOS Condition cause : null
2024-03-02 10:13:56,720 [WARN] ConditionMgr:1039 - genDependencies : Invalid condition id : UX DEVICE CLASS RTOS Condition cause : null
2024-03-02 10:13:56,720 [WARN] ConditionMgr:1039 - genDependencies : Invalid condition id : UX DEVICE CLASS RTOS Condition cause : null
2024-03-02 10:13:56,735 [WARN] PackLoader:240 - Cannot read IP mode file for STMicroelectronics.X-CUBE-FREERTOS.1.0.0
2024-03-02 10:13:56,763 [WARN] PackLoader:240 - Cannot read IP mode file for STMicroelectronics.X-CUBE-AZRTOS-L5.1.1.0
2024-03-02 10:13:56,781 [WARN] PackLoader:240 - Cannot read IP mode file for STMicroelectronics.X-CUBE-SUBG2.5.0.0
2024-03-02 10:13:56,806 [WARN] PackLoader:240 - Cannot read IP mode file for STMicroelectronics.X-CUBE-AZRTOS-G4.2.0.0
2024-03-02 10:13:56,821 [WARN] PackLoader:240 - Cannot read IP mode file for STMicroelectronics.FP-ATR-ASTRA1.1.1.1
2024-03-02 10:13:56,841 [WARN] PackLoader:240 - Cannot read IP mode file for Infineon.AIROC-Wi-Fi-Bluetooth-STM32.1.5.1
2024-03-02 10:13:56,848 [WARN] PackLoader:240 - Cannot read IP mode file for STMicroelectronics.FP-SNS-MOTENVWB1.1.3.1
2024-03-02 10:13:56,871 [WARN] PackLoader:240 - Cannot read IP mode file for STMicroelectronics.X-CUBE-AZRTOS-G4.1.0.0
2024-03-02 10:13:56,897 [WARN] PackLoader:240 - Cannot read IP mode file for STMicroelectronics.X-CUBE-AZRTOS-L4.1.0.0
2024-03-02 10:13:56,910 [WARN] PackLoader:240 - Cannot read IP mode file for STMicroelectronics.X-CUBE-ISPU.2.0.0
2024-03-02 10:13:56,952 [WARN] PackLoader:240 - Cannot read IP mode file for STMicroelectronics.X-CUBE-MEMS1.10.0.0
2024-03-02 10:13:57,037 [WARN] PackLoader:240 - Cannot read IP mode file for STMicroelectronics.X-CUBE-FREERTOS.1.1.0
2024-03-02 10:13:57,059 [WARN] PackLoader:240 - Cannot read IP mode file for STMicroelectronics.X-CUBE-AZRTOS-WL.1.0.0
2024-03-02 10:13:57,078 [WARN] PackLoader:240 - Cannot read IP mode file for portGmbH.I-Cube-SoM-uGOAL.1.1.0
2024-03-02 10:13:57,095 [WARN] PackLoader:240 - Cannot read IP mode file for STMicroelectronics.X-CUBE-ALS.1.0.1
2024-03-02 10:13:57,127 [WARN] PackLoader:240 - Cannot read IP mode file for STMicroelectronics.X-CUBE-AZRTOS-WB.1.1.0
2024-03-02 10:13:57,146 [WARN] PackLoader:240 - Cannot read IP mode file for STMicroelectronics.FP-ATR-ASTRA1.2.0.0
2024-03-02 10:13:57,167 [WARN] PackLoader:240 - Cannot read IP mode file for STMicroelectronics.X-CUBE-TOF1.3.4.0
2024-03-02 10:13:57,210 [WARN] PackLoader:240 - Cannot read IP mode file for STMicroelectronics.X-CUBE-AZRTOS-H7.3.2.0
2024-03-02 10:13:57,213 [INFO] ThirdParty:978 - Integrity check success = true
2024-03-02 10:13:57,213 [INFO] IntegrityCheckThread:100 - exiting critical section [integrity check]
2024-03-02 10:13:57,213 [INFO] IntegrityCheckThread:103 - End integrity checks thread
2024-03-02 10:14:13,736 [ERROR] LogOutputStream:75 - [STDERR_REDIRECT] SLF4J: Failed to load class "org.slf4j.impl.StaticLoggerBinder".
2024-03-02 10:14:13,738 [ERROR] LogOutputStream:75 - [STDERR_REDIRECT] SLF4J: Defaulting to no-operation (NOP) logger implementation
2024-03-02 10:14:13,739 [ERROR] LogOutputStream:75 - [STDERR_REDIRECT] SLF4J: See http://www.slf4j.org/codes.html#StaticLoggerBinder for further details.
2024-03-02 10:39:44,705 [ERROR] LogOutputStream:75 - [STDERR_REDIRECT] 
2024-03-02 10:39:44,706 [ERROR] LogOutputStream:75 - [STDERR_REDIRECT] 
