2024-02-27 07:15:31,708 [INFO] Activator:176 - 


2024-02-27 07:15:31,728 [INFO] Activator:177 - !SESSION log4j initialized
2024-02-27 07:15:47,867 [INFO] LogOutputStream:77 - [STDOUT_REDIRECT] 
2024-02-27 07:16:00,040 [INFO] ApplicationProperties:184 - Using Application install path: C:\ST\STM32CubeIDE_1.14.0\STM32CubeIDE\plugins\com.st.stm32cube.common.mx_6.10.0.202311202037
2024-02-27 07:16:00,103 [INFO] DbMcusXml:78 - Set database path to: C:\ST\STM32CubeIDE_1.14.0\STM32CubeIDE\plugins\com.st.stm32cube.common.mx_6.10.0.202311202037\\db\/mcu/
2024-02-27 07:16:00,103 [INFO] ApiDb:274 - Set plugin database path to: C:\ST\STM32CubeIDE_1.14.0\STM32CubeIDE\plugins\com.st.stm32cube.common.mx_6.10.0.202311202037\\db\/plugins/boardmanager/
2024-02-27 07:16:00,103 [WARN] ApiDb:259 - Overriding images path with different value:  => C:\ST\STM32CubeIDE_1.14.0\STM32CubeIDE\plugins\com.st.stm32cube.common.mx_6.10.0.202311202037\\db\/plugins/mcufinder/images/
2024-02-27 07:16:00,127 [INFO] ApiDb:250 - Set database path to: C:\Users\sudh1\.stmcufinder\plugins\mcufinder//mcu/
2024-02-27 07:16:00,131 [INFO] DbMcusAds:125 - Set database path to: C:\Users\sudh1\.stmcufinder\plugins\mcufinder//mcu/
2024-02-27 07:16:00,159 [INFO] CrossReferenceDbSqlite:203 - Set database path to: C:\Users\sudh1\.stmcufinder\plugins\mcufinder//mcu/cs/
2024-02-27 07:16:00,582 [INFO] RulesReader:64 - Compatibility file has been processed (297 Rules)
2024-02-27 07:16:00,861 [INFO] DbMcusXml:78 - Set database path to: C:\ST\STM32CubeIDE_1.14.0\STM32CubeIDE\plugins\com.st.stm32cube.common.mx_6.10.0.202311202037\\db\/mcu/
2024-02-27 07:16:00,861 [INFO] ApiDb:274 - Set plugin database path to: C:\ST\STM32CubeIDE_1.14.0\STM32CubeIDE\plugins\com.st.stm32cube.common.mx_6.10.0.202311202037\\db\/plugins/boardmanager/
2024-02-27 07:16:00,861 [INFO] ApiDb:261 - Set plugin images path to: C:\ST\STM32CubeIDE_1.14.0\STM32CubeIDE\plugins\com.st.stm32cube.common.mx_6.10.0.202311202037\\db\/plugins/mcufinder/images/
2024-02-27 07:16:00,865 [WARN] DbFile:41 - Overriding database path with different value: C:\Users\sudh1\.stmcufinder\plugins\mcufinder/ => C:\Users\sudh1\.stmcufinder\plugins\mcufinder
2024-02-27 07:16:00,865 [INFO] ApiDb:250 - Set database path to: C:\Users\sudh1\.stmcufinder\plugins\mcufinder//mcu/
2024-02-27 07:16:00,865 [WARN] DbFile:41 - Overriding database path with different value: C:\Users\sudh1\.stmcufinder\plugins\mcufinder/ => C:\Users\sudh1\.stmcufinder\plugins\mcufinder
2024-02-27 07:16:00,865 [INFO] DbMcusAds:125 - Set database path to: C:\Users\sudh1\.stmcufinder\plugins\mcufinder//mcu/
2024-02-27 07:16:00,865 [WARN] DbFile:41 - Overriding database path with different value: C:\Users\sudh1\.stmcufinder\plugins\mcufinder/ => C:\Users\sudh1\.stmcufinder\plugins\mcufinder
2024-02-27 07:16:00,865 [WARN] DbFile:41 - Overriding database path with different value: C:\Users\sudh1\.stmcufinder\plugins\mcufinder/ => C:\Users\sudh1\.stmcufinder\plugins\mcufinder
2024-02-27 07:16:00,865 [INFO] CrossReferenceDbSqlite:203 - Set database path to: C:\Users\sudh1\.stmcufinder\plugins\mcufinder//mcu/cs/
2024-02-27 07:16:01,108 [INFO] MainPanel:264 - HeapMemory: 268435456
2024-02-27 07:16:01,427 [INFO] DbMcusXml:78 - Set database path to: C:\ST\STM32CubeIDE_1.14.0\STM32CubeIDE\plugins\com.st.stm32cube.common.mx_6.10.0.202311202037\\db\/mcu/
2024-02-27 07:16:01,427 [INFO] ApiDb:274 - Set plugin database path to: C:\ST\STM32CubeIDE_1.14.0\STM32CubeIDE\plugins\com.st.stm32cube.common.mx_6.10.0.202311202037\\db\/plugins/boardmanager/
2024-02-27 07:16:01,427 [INFO] ApiDb:261 - Set plugin images path to: C:\ST\STM32CubeIDE_1.14.0\STM32CubeIDE\plugins\com.st.stm32cube.common.mx_6.10.0.202311202037\\db\/plugins/mcufinder/images/
2024-02-27 07:16:01,427 [WARN] DbFile:41 - Overriding database path with different value: C:\Users\sudh1\.stmcufinder\plugins\mcufinder/ => C:\Users\sudh1\.stmcufinder\plugins\mcufinder
2024-02-27 07:16:01,427 [INFO] ApiDb:250 - Set database path to: C:\Users\sudh1\.stmcufinder\plugins\mcufinder//mcu/
2024-02-27 07:16:01,427 [WARN] DbFile:41 - Overriding database path with different value: C:\Users\sudh1\.stmcufinder\plugins\mcufinder/ => C:\Users\sudh1\.stmcufinder\plugins\mcufinder
2024-02-27 07:16:01,427 [INFO] DbMcusAds:125 - Set database path to: C:\Users\sudh1\.stmcufinder\plugins\mcufinder//mcu/
2024-02-27 07:16:01,427 [WARN] DbFile:41 - Overriding database path with different value: C:\Users\sudh1\.stmcufinder\plugins\mcufinder/ => C:\Users\sudh1\.stmcufinder\plugins\mcufinder
2024-02-27 07:16:01,427 [WARN] DbFile:41 - Overriding database path with different value: C:\Users\sudh1\.stmcufinder\plugins\mcufinder/ => C:\Users\sudh1\.stmcufinder\plugins\mcufinder
2024-02-27 07:16:01,427 [INFO] CrossReferenceDbSqlite:203 - Set database path to: C:\Users\sudh1\.stmcufinder\plugins\mcufinder//mcu/cs/
2024-02-27 07:16:01,479 [INFO] ApplicationProperties:184 - Using Application install path: C:\ST\STM32CubeIDE_1.14.0\STM32CubeIDE\plugins\com.st.stm32cube.common.mx_6.10.0.202311202037
2024-02-27 07:16:01,483 [INFO] PluginManage:196 - Search for loadable plugins [exclusion list=, ]
2024-02-27 07:16:01,483 [INFO] PluginManage:310 - Check plugin analytics
2024-02-27 07:16:02,002 [INFO] AnalyticsPlugin:253 - Accepted Software Licenses: 
2024-02-27 07:16:02,002 [INFO] AnalyticsPlugin:255 - Accepted CMSIS Pack Licenses: 
2024-02-27 07:16:02,006 [INFO] AnalyticsPlugin:257 - Accepted Firmware Licenses: 
2024-02-27 07:16:02,017 [INFO] PluginManage:359 - Loaded plugin analytics (category:tool,tabindex:-1)
2024-02-27 07:16:02,017 [INFO] PluginManage:310 - Check plugin cadmodel
2024-02-27 07:16:02,043 [INFO] CADModel:105 - Init CAD model plugin
2024-02-27 07:16:02,043 [INFO] PluginManage:359 - Loaded plugin cadmodel (category:power,tabindex:5)
2024-02-27 07:16:02,043 [INFO] PluginManage:310 - Check plugin clock
2024-02-27 07:16:02,091 [INFO] PluginManage:359 - Loaded plugin clock (category:base,tabindex:2)
2024-02-27 07:16:02,091 [INFO] PluginManage:310 - Check plugin ddr
2024-02-27 07:16:02,097 [INFO] PluginManage:359 - Loaded plugin ddr (category:tool,tabindex:6)
2024-02-27 07:16:02,099 [INFO] PluginManage:310 - Check plugin filemanager
2024-02-27 07:16:02,509 [INFO] PluginManage:359 - Loaded plugin filemanager (category:base,tabindex:10)
2024-02-27 07:16:02,509 [INFO] PluginManage:310 - Check plugin ipmanager
2024-02-27 07:16:02,534 [INFO] PluginManage:359 - Loaded plugin ipmanager (category:base,tabindex:5)
2024-02-27 07:16:02,534 [INFO] PluginManage:310 - Check plugin lpbam
2024-02-27 07:16:02,579 [INFO] PluginManage:359 - Loaded plugin lpbam (category:base,tabindex:0)
2024-02-27 07:16:02,579 [INFO] PluginManage:310 - Check plugin memorymap
2024-02-27 07:16:02,639 [INFO] PluginManage:359 - Loaded plugin memorymap (category:base,tabindex:4)
2024-02-27 07:16:02,643 [INFO] PluginManage:310 - Check plugin pinoutandconfiguration
2024-02-27 07:16:02,679 [INFO] PluginManage:359 - Loaded plugin pinoutandconfiguration (category:base,tabindex:1)
2024-02-27 07:16:02,683 [INFO] PluginManage:310 - Check plugin pinoutconfig
2024-02-27 07:16:02,988 [WARN] SupportedApi:132 - Cannot load RTOS API schema: s4s-elt-must-match.1: The content of 'definitions' must match (annotation?, (simpleType | complexType)?, (unique | key | keyref)*)). A problem was found starting at: attribute.
2024-02-27 07:16:03,388 [INFO] PluginManage:359 - Loaded plugin pinoutconfig (category:base,tabindex:0)
2024-02-27 07:16:03,393 [INFO] PluginManage:310 - Check plugin power
2024-02-27 07:16:03,437 [INFO] PluginManage:359 - Loaded plugin power (category:power,tabindex:4)
2024-02-27 07:16:03,437 [INFO] PluginManage:310 - Check plugin projectmanager
2024-02-27 07:16:03,526 [INFO] PluginManage:359 - Loaded plugin projectmanager (category:projectmanager,tabindex:3)
2024-02-27 07:16:03,529 [INFO] PluginManage:310 - Check plugin thirdparty
2024-02-27 07:16:04,202 [INFO] PluginManage:359 - Loaded plugin thirdparty (category:base,tabindex:-1)
2024-02-27 07:16:04,202 [INFO] PluginManage:310 - Check plugin tools
2024-02-27 07:16:04,199 [WARN] IntegrityCheckThread:84 - waiting for thirdparty lock release [integrity check]
2024-02-27 07:16:04,206 [INFO] IntegrityCheckThread:86 - entering critical section [integrity check]
2024-02-27 07:16:04,208 [INFO] ThirdPartyUpdaterWithRetryManager:70 - Updater plugin not ready yet. [1/15]
2024-02-27 07:16:04,322 [INFO] PluginManage:359 - Loaded plugin tools (category:base,tabindex:7)
2024-02-27 07:16:04,322 [INFO] PluginManage:310 - Check plugin tutovideos
2024-02-27 07:16:04,973 [INFO] PluginManage:359 - Loaded plugin tutovideos (category:base,tabindex:-1)
2024-02-27 07:16:04,973 [INFO] PluginManage:310 - Check plugin updater
2024-02-27 07:16:05,039 [INFO] PluginManage:359 - Loaded plugin updater (category:base,tabindex:12)
2024-02-27 07:16:05,039 [INFO] PluginManage:310 - Check plugin userauth
2024-02-27 07:16:05,055 [INFO] UserAuth:114 - Init User Auth plugin
2024-02-27 07:16:05,055 [INFO] PluginManage:359 - Loaded plugin userauth (category:base,tabindex:14)
2024-02-27 07:16:05,055 [INFO] PluginManage:283 - PluginManage : Loaded plugins [17]
2024-02-27 07:16:05,742 [INFO] PinOutPanel:1499 - setPackage(No Configuration,No Configuration)
2024-02-27 07:16:05,966 [INFO] CADModel:165 - CPN selected for project level
2024-02-27 07:16:05,966 [INFO] CADModel:114 - Register for checkConnection events
2024-02-27 07:16:06,043 [INFO] IPUIPlugin:80 - create IPUIPlugin
2024-02-27 07:16:06,043 [INFO] PluginManager:220 - loadIPPluginJar : add adc
2024-02-27 07:16:06,175 [INFO] IPUIPlugin:80 - create IPUIPlugin
2024-02-27 07:16:06,175 [INFO] PluginManager:220 - loadIPPluginJar : add aes
2024-02-27 07:16:06,304 [INFO] IPUIPlugin:80 - create IPUIPlugin
2024-02-27 07:16:06,304 [INFO] PluginManager:220 - loadIPPluginJar : add can
2024-02-27 07:16:06,387 [INFO] IPUIPlugin:80 - create IPUIPlugin
2024-02-27 07:16:06,387 [INFO] PluginManager:220 - loadIPPluginJar : add comp
2024-02-27 07:16:06,516 [INFO] IPUIPlugin:80 - create IPUIPlugin
2024-02-27 07:16:06,516 [INFO] PluginManager:220 - loadIPPluginJar : add cryp
2024-02-27 07:16:06,581 [INFO] IPUIPlugin:80 - create IPUIPlugin
2024-02-27 07:16:06,581 [INFO] PluginManager:220 - loadIPPluginJar : add dfsdm
2024-02-27 07:16:06,625 [INFO] IPUIPlugin:80 - create IPUIPlugin
2024-02-27 07:16:06,629 [INFO] PluginManager:220 - loadIPPluginJar : add dma
2024-02-27 07:16:06,769 [INFO] IPUIPlugin:80 - create IPUIPlugin
2024-02-27 07:16:06,769 [INFO] PluginManager:220 - loadIPPluginJar : add dma3
2024-02-27 07:16:06,841 [INFO] IPUIPlugin:80 - create IPUIPlugin
2024-02-27 07:16:06,841 [INFO] PluginManager:220 - loadIPPluginJar : add fatfs
2024-02-27 07:16:06,993 [INFO] IPUIPlugin:80 - create IPUIPlugin
2024-02-27 07:16:06,993 [INFO] PluginManager:220 - loadIPPluginJar : add fmc
2024-02-27 07:16:07,037 [INFO] IPUIPlugin:80 - create IPUIPlugin
2024-02-27 07:16:07,037 [INFO] PluginManager:220 - loadIPPluginJar : add freertos
2024-02-27 07:16:07,086 [INFO] IPUIPlugin:80 - create IPUIPlugin
2024-02-27 07:16:07,086 [INFO] PluginManager:220 - loadIPPluginJar : add genericplugin
2024-02-27 07:16:07,211 [INFO] ThirdPartyUpdaterWithRetryManager:70 - Updater plugin not ready yet. [2/15]
2024-02-27 07:16:07,405 [INFO] IPUIPlugin:80 - create IPUIPlugin
2024-02-27 07:16:07,405 [INFO] PluginManager:220 - loadIPPluginJar : add gfxmmu
2024-02-27 07:16:07,823 [INFO] IPUIPlugin:80 - create IPUIPlugin
2024-02-27 07:16:07,823 [INFO] PluginManager:220 - loadIPPluginJar : add gic
2024-02-27 07:16:07,871 [INFO] IPUIPlugin:80 - create IPUIPlugin
2024-02-27 07:16:07,871 [INFO] PluginManager:220 - loadIPPluginJar : add gpio
2024-02-27 07:16:08,180 [INFO] IPUIPlugin:80 - create IPUIPlugin
2024-02-27 07:16:08,180 [INFO] PluginManager:220 - loadIPPluginJar : add gtzc
2024-02-27 07:16:08,319 [INFO] IPUIPlugin:80 - create IPUIPlugin
2024-02-27 07:16:08,319 [INFO] PluginManager:220 - loadIPPluginJar : add hash
2024-02-27 07:16:08,482 [INFO] IPUIPlugin:80 - create IPUIPlugin
2024-02-27 07:16:08,482 [INFO] PluginManager:220 - loadIPPluginJar : add i2c
2024-02-27 07:16:08,665 [INFO] IPUIPlugin:80 - create IPUIPlugin
2024-02-27 07:16:08,665 [INFO] PluginManager:220 - loadIPPluginJar : add i2s
2024-02-27 07:16:08,810 [INFO] IPUIPlugin:80 - create IPUIPlugin
2024-02-27 07:16:08,810 [INFO] PluginManager:220 - loadIPPluginJar : add i3c
2024-02-27 07:16:09,223 [INFO] IPUIPlugin:80 - create IPUIPlugin
2024-02-27 07:16:09,227 [INFO] PluginManager:220 - loadIPPluginJar : add ipddr
2024-02-27 07:16:09,526 [INFO] IPUIPlugin:80 - create IPUIPlugin
2024-02-27 07:16:09,526 [INFO] PluginManager:220 - loadIPPluginJar : add linkedlist
2024-02-27 07:16:09,643 [INFO] IPUIPlugin:80 - create IPUIPlugin
2024-02-27 07:16:09,643 [INFO] PluginManager:220 - loadIPPluginJar : add lorawan
2024-02-27 07:16:09,760 [INFO] IPUIPlugin:80 - create IPUIPlugin
2024-02-27 07:16:09,760 [INFO] PluginManager:220 - loadIPPluginJar : add ltdc
2024-02-27 07:16:09,800 [INFO] IPUIPlugin:80 - create IPUIPlugin
2024-02-27 07:16:09,800 [INFO] PluginManager:220 - loadIPPluginJar : add mdma
2024-02-27 07:16:09,840 [INFO] IPUIPlugin:80 - create IPUIPlugin
2024-02-27 07:16:09,840 [INFO] PluginManager:220 - loadIPPluginJar : add nvic
2024-02-27 07:16:09,937 [INFO] IPUIPlugin:80 - create IPUIPlugin
2024-02-27 07:16:09,941 [INFO] PluginManager:220 - loadIPPluginJar : add opamp
2024-02-27 07:16:10,145 [INFO] IPUIPlugin:80 - create IPUIPlugin
2024-02-27 07:16:10,145 [INFO] PluginManager:220 - loadIPPluginJar : add openamp
2024-02-27 07:16:10,222 [INFO] ThirdPartyUpdaterWithRetryManager:70 - Updater plugin not ready yet. [3/15]
2024-02-27 07:16:10,310 [INFO] IPUIPlugin:80 - create IPUIPlugin
2024-02-27 07:16:10,311 [INFO] PluginManager:220 - loadIPPluginJar : add pdm2pcm
2024-02-27 07:16:10,347 [INFO] IPUIPlugin:80 - create IPUIPlugin
2024-02-27 07:16:10,355 [INFO] PluginManager:220 - loadIPPluginJar : add plateformsettings
2024-02-27 07:16:10,419 [INFO] IPUIPlugin:80 - create IPUIPlugin
2024-02-27 07:16:10,419 [INFO] PluginManager:220 - loadIPPluginJar : add quadspi
2024-02-27 07:16:10,463 [INFO] IPUIPlugin:80 - create IPUIPlugin
2024-02-27 07:16:10,463 [INFO] PluginManager:220 - loadIPPluginJar : add resmgrutility
2024-02-27 07:16:10,636 [INFO] IPUIPlugin:80 - create IPUIPlugin
2024-02-27 07:16:10,636 [INFO] PluginManager:220 - loadIPPluginJar : add sai
2024-02-27 07:16:10,760 [INFO] IPUIPlugin:80 - create IPUIPlugin
2024-02-27 07:16:10,760 [INFO] PluginManager:220 - loadIPPluginJar : add spi
2024-02-27 07:16:11,013 [INFO] IPUIPlugin:80 - create IPUIPlugin
2024-02-27 07:16:11,013 [INFO] PluginManager:220 - loadIPPluginJar : add stm32_wpan
2024-02-27 07:16:11,094 [INFO] IPUIPlugin:80 - create IPUIPlugin
2024-02-27 07:16:11,094 [INFO] PluginManager:220 - loadIPPluginJar : add tim
2024-02-27 07:16:11,271 [INFO] IPUIPlugin:80 - create IPUIPlugin
2024-02-27 07:16:11,271 [INFO] PluginManager:220 - loadIPPluginJar : add touchsensing
2024-02-27 07:16:11,347 [INFO] IPUIPlugin:80 - create IPUIPlugin
2024-02-27 07:16:11,347 [INFO] PluginManager:220 - loadIPPluginJar : add tracer_emb
2024-02-27 07:16:11,423 [INFO] IPUIPlugin:80 - create IPUIPlugin
2024-02-27 07:16:11,427 [INFO] PluginManager:220 - loadIPPluginJar : add ts
2024-02-27 07:16:11,503 [INFO] IPUIPlugin:80 - create IPUIPlugin
2024-02-27 07:16:11,503 [INFO] PluginManager:220 - loadIPPluginJar : add tsc
2024-02-27 07:16:11,571 [INFO] IPUIPlugin:80 - create IPUIPlugin
2024-02-27 07:16:11,571 [INFO] PluginManager:220 - loadIPPluginJar : add ucpd
2024-02-27 07:16:11,713 [INFO] IPUIPlugin:80 - create IPUIPlugin
2024-02-27 07:16:11,713 [INFO] PluginManager:220 - loadIPPluginJar : add usart
2024-02-27 07:16:11,859 [INFO] IPUIPlugin:80 - create IPUIPlugin
2024-02-27 07:16:11,863 [INFO] PluginManager:220 - loadIPPluginJar : add usbx
2024-02-27 07:16:12,168 [INFO] CADModel:165 - CPN selected for project level
2024-02-27 07:16:12,168 [INFO] CADModel:114 - Register for checkConnection events
2024-02-27 07:16:12,168 [FATAL] Updater:308 - Updater called before beeing initialized
2024-02-27 07:16:12,168 [ERROR] CADModel:125 - Updater not yet initialized, retry later 
2024-02-27 07:16:12,654 [INFO] CADModel:165 - CPN selected for project level
2024-02-27 07:16:12,654 [INFO] CADModel:114 - Register for checkConnection events
2024-02-27 07:16:12,654 [FATAL] Updater:308 - Updater called before beeing initialized
2024-02-27 07:16:12,654 [ERROR] CADModel:125 - Updater not yet initialized, retry later 
2024-02-27 07:16:12,666 [FATAL] Updater:308 - Updater called before beeing initialized
2024-02-27 07:16:13,001 [FATAL] Updater:308 - Updater called before beeing initialized
2024-02-27 07:16:13,025 [INFO] DbMcusAds:53 - JSON generation date=Wed Nov 29 16:22:27 IST 2023 (1701255147349)
2024-02-27 07:16:13,025 [FATAL] Updater:308 - Updater called before beeing initialized
2024-02-27 07:16:13,227 [INFO] ThirdPartyUpdaterWithRetryManager:70 - Updater plugin not ready yet. [4/15]
2024-02-27 07:16:13,256 [WARN] DetailPanel:346 - Failed to get advertising image, set to default
2024-02-27 07:16:13,582 [FATAL] Updater:308 - Updater called before beeing initialized
2024-02-27 07:16:13,588 [FATAL] Updater:308 - Updater called before beeing initialized
2024-02-27 07:16:13,588 [FATAL] Updater:308 - Updater called before beeing initialized
2024-02-27 07:16:13,588 [WARN] DetailPanel:346 - Failed to get advertising image, set to default
2024-02-27 07:16:13,590 [FATAL] Updater:308 - Updater called before beeing initialized
2024-02-27 07:16:13,787 [ERROR] Updater:1120 - MainUpdater not yet initialized. External WinMGr cannot be set.
2024-02-27 07:16:13,814 [INFO] Updater:1056 - Updater Version found : 6.10.0
2024-02-27 07:16:13,872 [INFO] ApplicationProperties:184 - Using Application install path: C:\ST\STM32CubeIDE_1.14.0\STM32CubeIDE\plugins\com.st.stm32cube.common.mx_6.10.0.202311202037
2024-02-27 07:16:15,604 [ERROR] LogOutputStream:75 - [STDERR_REDIRECT] Feb 27, 2024 7:16:15 AM java.util.prefs.WindowsPreferences <init>
2024-02-27 07:16:15,616 [ERROR] LogOutputStream:75 - [STDERR_REDIRECT] WARNING: Could not open/create prefs root node Software\JavaSoft\Prefs at root 0xffffffff80000002. Windows RegCreateKeyEx(...) returned error code 5.
2024-02-27 07:16:15,616 [ERROR] LogOutputStream:75 - [STDERR_REDIRECT] 
2024-02-27 07:16:16,235 [FATAL] Updater:308 - Updater called before beeing initialized
2024-02-27 07:16:16,235 [ERROR] IntegrityCheckThread:130 - Cannot retrieve database content from updater: error 21
2024-02-27 07:16:16,235 [INFO] ThirdParty:978 - Integrity check success = false
2024-02-27 07:16:16,235 [INFO] IntegrityCheckThread:100 - exiting critical section [integrity check]
2024-02-27 07:16:16,235 [INFO] IntegrityCheckThread:103 - End integrity checks thread
2024-02-27 07:16:16,360 [INFO] MainUpdater:2873 - connection check result : 10
2024-02-27 07:16:16,362 [INFO] MainUpdater:290 - Updater Check For Update Now.
2024-02-27 07:16:16,362 [INFO] MicroXplorer:498 - Change Database Version : DB.6.0.100
2024-02-27 07:16:16,410 [INFO] McuFinderGlobals:63 - Set McuFinder mode to 2 (CubeIDE integrated)
2024-02-27 07:16:16,414 [INFO] UserAuth:180 - activating auth plugin
2024-02-27 07:16:16,421 [INFO] UserAuth:404 - Internet connection configuration mode: 1
2024-02-27 07:16:16,490 [INFO] JxBrowserEngine:152 - Initiate JxBrowser Engine with user profile folder
2024-02-27 07:16:16,807 [INFO] CheckServerUpdateThread:120 - End of CheckServer Thread
2024-02-27 07:16:24,498 [INFO] WebApp:161 - Instantiating new browser for Auth
2024-02-27 07:16:26,072 [INFO] WebApp:780 - Register for checkConnection events
2024-02-27 07:16:26,072 [INFO] WebApp:414 - Apply proxy settings
2024-02-27 07:16:26,072 [INFO] WebApp:499 - Chromium requires no authentication
2024-02-27 07:16:26,099 [INFO] WebApp:442 - Direct internet connection detected
2024-02-27 07:16:26,657 [INFO] WebApp:192 - Starting web application
2024-02-27 07:16:26,661 [INFO] WebApp:544 - Web application path used C:\ST\STM32CubeIDE_1.14.0\STM32CubeIDE\plugins\com.st.stm32cube.common.mx_6.10.0.202311202037\db\plugins\mcufinder\reactClient1\index.html
2024-02-27 07:16:49,575 [ERROR] LogOutputStream:75 - [STDERR_REDIRECT] SLF4J: Failed to load class "org.slf4j.impl.StaticLoggerBinder".
2024-02-27 07:16:49,584 [ERROR] LogOutputStream:75 - [STDERR_REDIRECT] SLF4J: Defaulting to no-operation (NOP) logger implementation
2024-02-27 07:16:49,588 [ERROR] LogOutputStream:75 - [STDERR_REDIRECT] SLF4J: See http://www.slf4j.org/codes.html#StaticLoggerBinder for further details.
2024-02-27 12:23:25,383 [ERROR] LogOutputStream:75 - [STDERR_REDIRECT] 
