2024-01-04 17:37:18,605 [INFO] Activator:176 - 


2024-01-04 17:37:18,612 [INFO] Activator:177 - !SESSION log4j initialized
2024-01-04 17:37:24,398 [INFO] LogOutputStream:77 - [STDOUT_REDIRECT] 
2024-01-04 17:37:27,498 [INFO] ApplicationProperties:184 - Using Application install path: C:\ST\STM32CubeIDE_1.14.0\STM32CubeIDE\plugins\com.st.stm32cube.common.mx_6.10.0.202311202037
2024-01-04 17:37:27,525 [INFO] DbMcusXml:78 - Set database path to: C:\ST\STM32CubeIDE_1.14.0\STM32CubeIDE\plugins\com.st.stm32cube.common.mx_6.10.0.202311202037\\db\/mcu/
2024-01-04 17:37:27,525 [INFO] ApiDb:274 - Set plugin database path to: C:\ST\STM32CubeIDE_1.14.0\STM32CubeIDE\plugins\com.st.stm32cube.common.mx_6.10.0.202311202037\\db\/plugins/boardmanager/
2024-01-04 17:37:27,526 [WARN] ApiDb:259 - Overriding images path with different value:  => C:\ST\STM32CubeIDE_1.14.0\STM32CubeIDE\plugins\com.st.stm32cube.common.mx_6.10.0.202311202037\\db\/plugins/mcufinder/images/
2024-01-04 17:37:27,538 [INFO] ApiDb:250 - Set database path to: C:\Users\sudh1\.stmcufinder\plugins\mcufinder//mcu/
2024-01-04 17:37:27,540 [INFO] DbMcusAds:125 - Set database path to: C:\Users\sudh1\.stmcufinder\plugins\mcufinder//mcu/
2024-01-04 17:37:27,542 [INFO] CrossReferenceDbSqlite:203 - Set database path to: C:\Users\sudh1\.stmcufinder\plugins\mcufinder//mcu/cs/
2024-01-04 17:37:27,690 [INFO] RulesReader:64 - Compatibility file has been processed (297 Rules)
2024-01-04 17:37:27,776 [INFO] DbMcusXml:78 - Set database path to: C:\ST\STM32CubeIDE_1.14.0\STM32CubeIDE\plugins\com.st.stm32cube.common.mx_6.10.0.202311202037\\db\/mcu/
2024-01-04 17:37:27,776 [INFO] ApiDb:274 - Set plugin database path to: C:\ST\STM32CubeIDE_1.14.0\STM32CubeIDE\plugins\com.st.stm32cube.common.mx_6.10.0.202311202037\\db\/plugins/boardmanager/
2024-01-04 17:37:27,776 [INFO] ApiDb:261 - Set plugin images path to: C:\ST\STM32CubeIDE_1.14.0\STM32CubeIDE\plugins\com.st.stm32cube.common.mx_6.10.0.202311202037\\db\/plugins/mcufinder/images/
2024-01-04 17:37:27,776 [WARN] DbFile:41 - Overriding database path with different value: C:\Users\sudh1\.stmcufinder\plugins\mcufinder/ => C:\Users\sudh1\.stmcufinder\plugins\mcufinder
2024-01-04 17:37:27,777 [INFO] ApiDb:250 - Set database path to: C:\Users\sudh1\.stmcufinder\plugins\mcufinder//mcu/
2024-01-04 17:37:27,777 [WARN] DbFile:41 - Overriding database path with different value: C:\Users\sudh1\.stmcufinder\plugins\mcufinder/ => C:\Users\sudh1\.stmcufinder\plugins\mcufinder
2024-01-04 17:37:27,777 [INFO] DbMcusAds:125 - Set database path to: C:\Users\sudh1\.stmcufinder\plugins\mcufinder//mcu/
2024-01-04 17:37:27,777 [WARN] DbFile:41 - Overriding database path with different value: C:\Users\sudh1\.stmcufinder\plugins\mcufinder/ => C:\Users\sudh1\.stmcufinder\plugins\mcufinder
2024-01-04 17:37:27,777 [WARN] DbFile:41 - Overriding database path with different value: C:\Users\sudh1\.stmcufinder\plugins\mcufinder/ => C:\Users\sudh1\.stmcufinder\plugins\mcufinder
2024-01-04 17:37:27,777 [INFO] CrossReferenceDbSqlite:203 - Set database path to: C:\Users\sudh1\.stmcufinder\plugins\mcufinder//mcu/cs/
2024-01-04 17:37:27,862 [INFO] MainPanel:264 - HeapMemory: 268435456
2024-01-04 17:37:27,966 [INFO] DbMcusXml:78 - Set database path to: C:\ST\STM32CubeIDE_1.14.0\STM32CubeIDE\plugins\com.st.stm32cube.common.mx_6.10.0.202311202037\\db\/mcu/
2024-01-04 17:37:27,966 [INFO] ApiDb:274 - Set plugin database path to: C:\ST\STM32CubeIDE_1.14.0\STM32CubeIDE\plugins\com.st.stm32cube.common.mx_6.10.0.202311202037\\db\/plugins/boardmanager/
2024-01-04 17:37:27,966 [INFO] ApiDb:261 - Set plugin images path to: C:\ST\STM32CubeIDE_1.14.0\STM32CubeIDE\plugins\com.st.stm32cube.common.mx_6.10.0.202311202037\\db\/plugins/mcufinder/images/
2024-01-04 17:37:27,966 [WARN] DbFile:41 - Overriding database path with different value: C:\Users\sudh1\.stmcufinder\plugins\mcufinder/ => C:\Users\sudh1\.stmcufinder\plugins\mcufinder
2024-01-04 17:37:27,966 [INFO] ApiDb:250 - Set database path to: C:\Users\sudh1\.stmcufinder\plugins\mcufinder//mcu/
2024-01-04 17:37:27,966 [WARN] DbFile:41 - Overriding database path with different value: C:\Users\sudh1\.stmcufinder\plugins\mcufinder/ => C:\Users\sudh1\.stmcufinder\plugins\mcufinder
2024-01-04 17:37:27,967 [INFO] DbMcusAds:125 - Set database path to: C:\Users\sudh1\.stmcufinder\plugins\mcufinder//mcu/
2024-01-04 17:37:27,967 [WARN] DbFile:41 - Overriding database path with different value: C:\Users\sudh1\.stmcufinder\plugins\mcufinder/ => C:\Users\sudh1\.stmcufinder\plugins\mcufinder
2024-01-04 17:37:27,967 [WARN] DbFile:41 - Overriding database path with different value: C:\Users\sudh1\.stmcufinder\plugins\mcufinder/ => C:\Users\sudh1\.stmcufinder\plugins\mcufinder
2024-01-04 17:37:27,967 [INFO] CrossReferenceDbSqlite:203 - Set database path to: C:\Users\sudh1\.stmcufinder\plugins\mcufinder//mcu/cs/
2024-01-04 17:37:27,986 [INFO] ApplicationProperties:184 - Using Application install path: C:\ST\STM32CubeIDE_1.14.0\STM32CubeIDE\plugins\com.st.stm32cube.common.mx_6.10.0.202311202037
2024-01-04 17:37:27,989 [INFO] PluginManage:196 - Search for loadable plugins [exclusion list=, ]
2024-01-04 17:37:27,992 [INFO] PluginManage:310 - Check plugin analytics
2024-01-04 17:37:28,189 [INFO] AnalyticsPlugin:253 - Accepted Software Licenses: 
2024-01-04 17:37:28,189 [INFO] AnalyticsPlugin:255 - Accepted CMSIS Pack Licenses: 
2024-01-04 17:37:28,190 [INFO] AnalyticsPlugin:257 - Accepted Firmware Licenses: 
2024-01-04 17:37:28,193 [INFO] PluginManage:359 - Loaded plugin analytics (category:tool,tabindex:-1)
2024-01-04 17:37:28,194 [INFO] PluginManage:310 - Check plugin cadmodel
2024-01-04 17:37:28,213 [INFO] CADModel:105 - Init CAD model plugin
2024-01-04 17:37:28,213 [INFO] PluginManage:359 - Loaded plugin cadmodel (category:power,tabindex:5)
2024-01-04 17:37:28,213 [INFO] PluginManage:310 - Check plugin clock
2024-01-04 17:37:28,243 [INFO] PluginManage:359 - Loaded plugin clock (category:base,tabindex:2)
2024-01-04 17:37:28,243 [INFO] PluginManage:310 - Check plugin ddr
2024-01-04 17:37:28,246 [INFO] PluginManage:359 - Loaded plugin ddr (category:tool,tabindex:6)
2024-01-04 17:37:28,246 [INFO] PluginManage:310 - Check plugin filemanager
2024-01-04 17:37:28,419 [INFO] PluginManage:359 - Loaded plugin filemanager (category:base,tabindex:10)
2024-01-04 17:37:28,420 [INFO] PluginManage:310 - Check plugin ipmanager
2024-01-04 17:37:28,428 [INFO] PluginManage:359 - Loaded plugin ipmanager (category:base,tabindex:5)
2024-01-04 17:37:28,428 [INFO] PluginManage:310 - Check plugin lpbam
2024-01-04 17:37:28,448 [INFO] PluginManage:359 - Loaded plugin lpbam (category:base,tabindex:0)
2024-01-04 17:37:28,448 [INFO] PluginManage:310 - Check plugin memorymap
2024-01-04 17:37:28,474 [INFO] PluginManage:359 - Loaded plugin memorymap (category:base,tabindex:4)
2024-01-04 17:37:28,474 [INFO] PluginManage:310 - Check plugin pinoutandconfiguration
2024-01-04 17:37:28,497 [INFO] PluginManage:359 - Loaded plugin pinoutandconfiguration (category:base,tabindex:1)
2024-01-04 17:37:28,498 [INFO] PluginManage:310 - Check plugin pinoutconfig
2024-01-04 17:37:28,627 [WARN] SupportedApi:132 - Cannot load RTOS API schema: s4s-elt-must-match.1: The content of 'definitions' must match (annotation?, (simpleType | complexType)?, (unique | key | keyref)*)). A problem was found starting at: attribute.
2024-01-04 17:37:28,771 [INFO] PluginManage:359 - Loaded plugin pinoutconfig (category:base,tabindex:0)
2024-01-04 17:37:28,771 [INFO] PluginManage:310 - Check plugin power
2024-01-04 17:37:28,794 [INFO] PluginManage:359 - Loaded plugin power (category:power,tabindex:4)
2024-01-04 17:37:28,795 [INFO] PluginManage:310 - Check plugin projectmanager
2024-01-04 17:37:28,811 [INFO] PluginManage:359 - Loaded plugin projectmanager (category:projectmanager,tabindex:3)
2024-01-04 17:37:28,812 [INFO] PluginManage:310 - Check plugin thirdparty
2024-01-04 17:37:29,087 [INFO] PluginManage:359 - Loaded plugin thirdparty (category:base,tabindex:-1)
2024-01-04 17:37:29,087 [WARN] IntegrityCheckThread:84 - waiting for thirdparty lock release [integrity check]
2024-01-04 17:37:29,087 [INFO] PluginManage:310 - Check plugin tools
2024-01-04 17:37:29,087 [INFO] IntegrityCheckThread:86 - entering critical section [integrity check]
2024-01-04 17:37:29,087 [INFO] ThirdPartyUpdaterWithRetryManager:70 - Updater plugin not ready yet. [1/15]
2024-01-04 17:37:29,120 [INFO] PluginManage:359 - Loaded plugin tools (category:base,tabindex:7)
2024-01-04 17:37:29,120 [INFO] PluginManage:310 - Check plugin tutovideos
2024-01-04 17:37:29,438 [INFO] PluginManage:359 - Loaded plugin tutovideos (category:base,tabindex:-1)
2024-01-04 17:37:29,438 [INFO] PluginManage:310 - Check plugin updater
2024-01-04 17:37:29,452 [INFO] PluginManage:359 - Loaded plugin updater (category:base,tabindex:12)
2024-01-04 17:37:29,452 [INFO] PluginManage:310 - Check plugin userauth
2024-01-04 17:37:29,459 [INFO] UserAuth:114 - Init User Auth plugin
2024-01-04 17:37:29,459 [INFO] PluginManage:359 - Loaded plugin userauth (category:base,tabindex:14)
2024-01-04 17:37:29,460 [INFO] PluginManage:283 - PluginManage : Loaded plugins [17]
2024-01-04 17:37:29,697 [INFO] PinOutPanel:1499 - setPackage(No Configuration,No Configuration)
2024-01-04 17:37:29,778 [INFO] CADModel:165 - CPN selected for project level
2024-01-04 17:37:29,778 [INFO] CADModel:114 - Register for checkConnection events
2024-01-04 17:37:29,806 [INFO] IPUIPlugin:80 - create IPUIPlugin
2024-01-04 17:37:29,807 [INFO] PluginManager:220 - loadIPPluginJar : add adc
2024-01-04 17:37:29,843 [INFO] IPUIPlugin:80 - create IPUIPlugin
2024-01-04 17:37:29,844 [INFO] PluginManager:220 - loadIPPluginJar : add aes
2024-01-04 17:37:29,886 [INFO] IPUIPlugin:80 - create IPUIPlugin
2024-01-04 17:37:29,886 [INFO] PluginManager:220 - loadIPPluginJar : add can
2024-01-04 17:37:29,912 [INFO] IPUIPlugin:80 - create IPUIPlugin
2024-01-04 17:37:29,912 [INFO] PluginManager:220 - loadIPPluginJar : add comp
2024-01-04 17:37:29,943 [INFO] IPUIPlugin:80 - create IPUIPlugin
2024-01-04 17:37:29,943 [INFO] PluginManager:220 - loadIPPluginJar : add cryp
2024-01-04 17:37:29,973 [INFO] IPUIPlugin:80 - create IPUIPlugin
2024-01-04 17:37:29,973 [INFO] PluginManager:220 - loadIPPluginJar : add dfsdm
2024-01-04 17:37:29,989 [INFO] IPUIPlugin:80 - create IPUIPlugin
2024-01-04 17:37:29,989 [INFO] PluginManager:220 - loadIPPluginJar : add dma
2024-01-04 17:37:30,031 [INFO] IPUIPlugin:80 - create IPUIPlugin
2024-01-04 17:37:30,031 [INFO] PluginManager:220 - loadIPPluginJar : add dma3
2024-01-04 17:37:30,058 [INFO] IPUIPlugin:80 - create IPUIPlugin
2024-01-04 17:37:30,058 [INFO] PluginManager:220 - loadIPPluginJar : add fatfs
2024-01-04 17:37:30,105 [INFO] IPUIPlugin:80 - create IPUIPlugin
2024-01-04 17:37:30,106 [INFO] PluginManager:220 - loadIPPluginJar : add fmc
2024-01-04 17:37:30,124 [INFO] IPUIPlugin:80 - create IPUIPlugin
2024-01-04 17:37:30,124 [INFO] PluginManager:220 - loadIPPluginJar : add freertos
2024-01-04 17:37:30,145 [INFO] IPUIPlugin:80 - create IPUIPlugin
2024-01-04 17:37:30,145 [INFO] PluginManager:220 - loadIPPluginJar : add genericplugin
2024-01-04 17:37:30,264 [INFO] IPUIPlugin:80 - create IPUIPlugin
2024-01-04 17:37:30,265 [INFO] PluginManager:220 - loadIPPluginJar : add gfxmmu
2024-01-04 17:37:30,456 [INFO] IPUIPlugin:80 - create IPUIPlugin
2024-01-04 17:37:30,457 [INFO] PluginManager:220 - loadIPPluginJar : add gic
2024-01-04 17:37:30,481 [INFO] IPUIPlugin:80 - create IPUIPlugin
2024-01-04 17:37:30,482 [INFO] PluginManager:220 - loadIPPluginJar : add gpio
2024-01-04 17:37:30,586 [INFO] IPUIPlugin:80 - create IPUIPlugin
2024-01-04 17:37:30,586 [INFO] PluginManager:220 - loadIPPluginJar : add gtzc
2024-01-04 17:37:30,620 [INFO] IPUIPlugin:80 - create IPUIPlugin
2024-01-04 17:37:30,620 [INFO] PluginManager:220 - loadIPPluginJar : add hash
2024-01-04 17:37:30,696 [INFO] IPUIPlugin:80 - create IPUIPlugin
2024-01-04 17:37:30,696 [INFO] PluginManager:220 - loadIPPluginJar : add i2c
2024-01-04 17:37:30,753 [INFO] IPUIPlugin:80 - create IPUIPlugin
2024-01-04 17:37:30,754 [INFO] PluginManager:220 - loadIPPluginJar : add i2s
2024-01-04 17:37:30,797 [INFO] IPUIPlugin:80 - create IPUIPlugin
2024-01-04 17:37:30,798 [INFO] PluginManager:220 - loadIPPluginJar : add i3c
2024-01-04 17:37:30,960 [INFO] IPUIPlugin:80 - create IPUIPlugin
2024-01-04 17:37:30,961 [INFO] PluginManager:220 - loadIPPluginJar : add ipddr
2024-01-04 17:37:31,077 [INFO] IPUIPlugin:80 - create IPUIPlugin
2024-01-04 17:37:31,078 [INFO] PluginManager:220 - loadIPPluginJar : add linkedlist
2024-01-04 17:37:31,168 [INFO] IPUIPlugin:80 - create IPUIPlugin
2024-01-04 17:37:31,169 [INFO] PluginManager:220 - loadIPPluginJar : add lorawan
2024-01-04 17:37:31,206 [INFO] IPUIPlugin:80 - create IPUIPlugin
2024-01-04 17:37:31,206 [INFO] PluginManager:220 - loadIPPluginJar : add ltdc
2024-01-04 17:37:31,221 [INFO] IPUIPlugin:80 - create IPUIPlugin
2024-01-04 17:37:31,221 [INFO] PluginManager:220 - loadIPPluginJar : add mdma
2024-01-04 17:37:31,235 [INFO] IPUIPlugin:80 - create IPUIPlugin
2024-01-04 17:37:31,235 [INFO] PluginManager:220 - loadIPPluginJar : add nvic
2024-01-04 17:37:31,278 [INFO] IPUIPlugin:80 - create IPUIPlugin
2024-01-04 17:37:31,279 [INFO] PluginManager:220 - loadIPPluginJar : add opamp
2024-01-04 17:37:31,373 [INFO] IPUIPlugin:80 - create IPUIPlugin
2024-01-04 17:37:31,373 [INFO] PluginManager:220 - loadIPPluginJar : add openamp
2024-01-04 17:37:31,417 [INFO] IPUIPlugin:80 - create IPUIPlugin
2024-01-04 17:37:31,417 [INFO] PluginManager:220 - loadIPPluginJar : add pdm2pcm
2024-01-04 17:37:31,437 [INFO] IPUIPlugin:80 - create IPUIPlugin
2024-01-04 17:37:31,441 [INFO] PluginManager:220 - loadIPPluginJar : add plateformsettings
2024-01-04 17:37:31,464 [INFO] IPUIPlugin:80 - create IPUIPlugin
2024-01-04 17:37:31,464 [INFO] PluginManager:220 - loadIPPluginJar : add quadspi
2024-01-04 17:37:31,477 [INFO] IPUIPlugin:80 - create IPUIPlugin
2024-01-04 17:37:31,477 [INFO] PluginManager:220 - loadIPPluginJar : add resmgrutility
2024-01-04 17:37:31,527 [INFO] IPUIPlugin:80 - create IPUIPlugin
2024-01-04 17:37:31,527 [INFO] PluginManager:220 - loadIPPluginJar : add sai
2024-01-04 17:37:31,598 [INFO] IPUIPlugin:80 - create IPUIPlugin
2024-01-04 17:37:31,598 [INFO] PluginManager:220 - loadIPPluginJar : add spi
2024-01-04 17:37:31,671 [INFO] IPUIPlugin:80 - create IPUIPlugin
2024-01-04 17:37:31,671 [INFO] PluginManager:220 - loadIPPluginJar : add stm32_wpan
2024-01-04 17:37:31,698 [INFO] IPUIPlugin:80 - create IPUIPlugin
2024-01-04 17:37:31,698 [INFO] PluginManager:220 - loadIPPluginJar : add tim
2024-01-04 17:37:31,753 [INFO] IPUIPlugin:80 - create IPUIPlugin
2024-01-04 17:37:31,753 [INFO] PluginManager:220 - loadIPPluginJar : add touchsensing
2024-01-04 17:37:31,776 [INFO] IPUIPlugin:80 - create IPUIPlugin
2024-01-04 17:37:31,776 [INFO] PluginManager:220 - loadIPPluginJar : add tracer_emb
2024-01-04 17:37:31,811 [INFO] IPUIPlugin:80 - create IPUIPlugin
2024-01-04 17:37:31,811 [INFO] PluginManager:220 - loadIPPluginJar : add ts
2024-01-04 17:37:31,835 [INFO] IPUIPlugin:80 - create IPUIPlugin
2024-01-04 17:37:31,835 [INFO] PluginManager:220 - loadIPPluginJar : add tsc
2024-01-04 17:37:31,863 [INFO] IPUIPlugin:80 - create IPUIPlugin
2024-01-04 17:37:31,863 [INFO] PluginManager:220 - loadIPPluginJar : add ucpd
2024-01-04 17:37:31,907 [INFO] IPUIPlugin:80 - create IPUIPlugin
2024-01-04 17:37:31,907 [INFO] PluginManager:220 - loadIPPluginJar : add usart
2024-01-04 17:37:31,951 [INFO] IPUIPlugin:80 - create IPUIPlugin
2024-01-04 17:37:31,951 [INFO] PluginManager:220 - loadIPPluginJar : add usbx
2024-01-04 17:37:32,085 [INFO] CADModel:165 - CPN selected for project level
2024-01-04 17:37:32,085 [INFO] CADModel:114 - Register for checkConnection events
2024-01-04 17:37:32,086 [FATAL] Updater:308 - Updater called before beeing initialized
2024-01-04 17:37:32,086 [ERROR] CADModel:125 - Updater not yet initialized, retry later 
2024-01-04 17:37:32,089 [INFO] ThirdPartyUpdaterWithRetryManager:70 - Updater plugin not ready yet. [2/15]
2024-01-04 17:37:32,271 [INFO] CADModel:165 - CPN selected for project level
2024-01-04 17:37:32,271 [INFO] CADModel:114 - Register for checkConnection events
2024-01-04 17:37:32,271 [FATAL] Updater:308 - Updater called before beeing initialized
2024-01-04 17:37:32,271 [ERROR] CADModel:125 - Updater not yet initialized, retry later 
2024-01-04 17:37:32,275 [FATAL] Updater:308 - Updater called before beeing initialized
2024-01-04 17:37:32,397 [FATAL] Updater:308 - Updater called before beeing initialized
2024-01-04 17:37:32,409 [INFO] DbMcusAds:53 - JSON generation date=Wed Nov 29 16:22:27 IST 2023 (1701255147349)
2024-01-04 17:37:32,409 [FATAL] Updater:308 - Updater called before beeing initialized
2024-01-04 17:37:32,502 [WARN] DetailPanel:346 - Failed to get advertising image, set to default
2024-01-04 17:37:32,600 [FATAL] Updater:308 - Updater called before beeing initialized
2024-01-04 17:37:32,603 [FATAL] Updater:308 - Updater called before beeing initialized
2024-01-04 17:37:32,603 [FATAL] Updater:308 - Updater called before beeing initialized
2024-01-04 17:37:32,603 [WARN] DetailPanel:346 - Failed to get advertising image, set to default
2024-01-04 17:37:32,604 [FATAL] Updater:308 - Updater called before beeing initialized
2024-01-04 17:37:32,682 [ERROR] Updater:1120 - MainUpdater not yet initialized. External WinMGr cannot be set.
2024-01-04 17:37:32,694 [INFO] Updater:1056 - Updater Version found : 6.10.0
2024-01-04 17:37:32,716 [INFO] ApplicationProperties:184 - Using Application install path: C:\ST\STM32CubeIDE_1.14.0\STM32CubeIDE\plugins\com.st.stm32cube.common.mx_6.10.0.202311202037
2024-01-04 17:37:34,299 [ERROR] LogOutputStream:75 - [STDERR_REDIRECT] Jan 04, 2024 5:37:34 PM java.util.prefs.WindowsPreferences <init>
2024-01-04 17:37:34,305 [ERROR] LogOutputStream:75 - [STDERR_REDIRECT] WARNING: Could not open/create prefs root node Software\JavaSoft\Prefs at root 0xffffffff80000002. Windows RegCreateKeyEx(...) returned error code 5.
2024-01-04 17:37:34,305 [ERROR] LogOutputStream:75 - [STDERR_REDIRECT] 
2024-01-04 17:37:34,694 [INFO] MainUpdater:2873 - connection check result : 10
2024-01-04 17:37:34,695 [INFO] MainUpdater:290 - Updater Check For Update Now.
2024-01-04 17:37:34,697 [INFO] MicroXplorer:498 - Change Database Version : DB.6.0.100
2024-01-04 17:37:34,732 [INFO] McuFinderGlobals:63 - Set McuFinder mode to 2 (CubeIDE integrated)
2024-01-04 17:37:34,732 [INFO] UserAuth:180 - activating auth plugin
2024-01-04 17:37:34,740 [INFO] UserAuth:404 - Internet connection configuration mode: 1
2024-01-04 17:37:34,788 [INFO] JxBrowserEngine:152 - Initiate JxBrowser Engine with user profile folder
2024-01-04 17:37:34,948 [INFO] CheckServerUpdateThread:120 - End of CheckServer Thread
2024-01-04 17:37:35,346 [WARN] PackLoader:240 - Cannot read IP mode file for STMicroelectronics.X-CUBE-SMBUS.2.1.0
2024-01-04 17:37:35,364 [WARN] PackLoader:240 - Cannot read IP mode file for STMicroelectronics.X-CUBE-TOUCHGFX.4.23.0
2024-01-04 17:37:35,418 [WARN] PackLoader:240 - Cannot read IP mode file for STMicroelectronics.X-CUBE-AZRTOS-F7.1.1.0
2024-01-04 17:37:35,443 [WARN] PackLoader:240 - Cannot read IP mode file for STMicroelectronics.FP-SNS-MOTENV1.4.3.2
2024-01-04 17:37:35,466 [WARN] PackLoader:240 - Cannot read IP mode file for STMicroelectronics.X-CUBE-BLE1.6.2.4
2024-01-04 17:37:35,484 [WARN] PackLoader:240 - Cannot read IP mode file for STMicroelectronics.FP-SNS-FLIGHT1.5.0.2
2024-01-04 17:37:35,504 [WARN] PackLoader:240 - Cannot read IP mode file for STMicroelectronics.X-CUBE-DISPLAY.3.0.0
2024-01-04 17:37:35,531 [WARN] PackLoader:240 - Cannot read IP mode file for STMicroelectronics.X-CUBE-BLE1.7.0.0
2024-01-04 17:37:35,549 [WARN] PackLoader:240 - Cannot read IP mode file for STMicroelectronics.FP-SNS-SMARTAG2.1.2.0
2024-01-04 17:37:35,579 [INFO] LogOutputStream:77 - [STDOUT_REDIRECT] 1 : Invalid condition id : UX_CORESTACK_Condition cause : null
2024-01-04 17:37:35,579 [INFO] LogOutputStream:77 - [STDOUT_REDIRECT] 1 : Invalid condition id : UX_CORESTACK_Condition cause : null
2024-01-04 17:37:35,580 [INFO] LogOutputStream:77 - [STDOUT_REDIRECT] 1 : Invalid condition id : UX_CORESTACK_Condition cause : null
2024-01-04 17:37:35,581 [INFO] LogOutputStream:77 - [STDOUT_REDIRECT] 1 : Invalid condition id : UX_CORESTACK_Condition cause : null
2024-01-04 17:37:35,581 [INFO] LogOutputStream:77 - [STDOUT_REDIRECT] 1 : Invalid condition id : UX_CORESTACK_Condition cause : null
2024-01-04 17:37:35,586 [WARN] PackLoader:240 - Cannot read IP mode file for STMicroelectronics.X-CUBE-AZRTOS-WL.2.0.0
2024-01-04 17:37:35,604 [WARN] PackLoader:240 - Cannot read IP mode file for WES.I-CUBE-Cesium.1.3.0
2024-01-04 17:37:35,619 [WARN] PackLoader:240 - Cannot read IP mode file for STMicroelectronics.X-CUBE-BLE2.3.3.0
2024-01-04 17:37:35,649 [WARN] PackLoader:240 - Cannot read IP mode file for STMicroelectronics.X-CUBE-TOF1.3.2.0
2024-01-04 17:37:35,678 [WARN] PackLoader:240 - Cannot read IP mode file for STMicroelectronics.X-CUBE-TOUCHGFX.4.21.1
2024-01-04 17:37:35,692 [WARN] PackLoader:240 - Cannot read IP mode file for STMicroelectronics.X-CUBE-ALGOBUILD.1.3.0
2024-01-04 17:37:35,726 [WARN] PackLoader:240 - Cannot read IP mode file for STMicroelectronics.X-CUBE-AZRTOS-G0.1.1.0
2024-01-04 17:37:35,747 [WARN] PackLoader:240 - Cannot read IP mode file for STMicroelectronics.X-CUBE-NFC4.3.0.0
2024-01-04 17:37:35,770 [WARN] PackLoader:240 - Cannot read IP mode file for STMicroelectronics.X-CUBE-BLEMGR.3.0.0
2024-01-04 17:37:35,790 [WARN] PackLoader:240 - Cannot read IP mode file for STMicroelectronics.X-CUBE-BLEMGR.1.3.0
2024-01-04 17:37:35,807 [WARN] PackLoader:240 - Cannot read IP mode file for STMicroelectronics.FP-ATR-SIGFOX1.3.2.0
2024-01-04 17:37:35,863 [WARN] PackLoader:240 - Cannot read IP mode file for STMicroelectronics.X-CUBE-MEMS1.9.5.0
2024-01-04 17:37:36,034 [WARN] PackLoader:240 - Cannot read IP mode file for SEGGER.I-CUBE-embOS.1.3.1
2024-01-04 17:37:36,096 [WARN] PackLoader:240 - Cannot read IP mode file for STMicroelectronics.X-CUBE-GNSS1.6.0.0
2024-01-04 17:37:36,133 [WARN] PackLoader:240 - Cannot read IP mode file for STMicroelectronics.X-CUBE-AZRTOS-F4.1.1.0
2024-01-04 17:37:36,164 [WARN] PackLoader:240 - Cannot read IP mode file for STMicroelectronics.X-CUBE-AZRTOS-L5.2.0.0
2024-01-04 17:37:36,183 [WARN] PackLoader:240 - Cannot read IP mode file for STMicroelectronics.X-CUBE-EEPRMA1.4.2.0
2024-01-04 17:37:36,198 [WARN] PackLoader:240 - Cannot read IP mode file for ITTIA_DB.I-CUBE-ITTIADB.8.8.0
2024-01-04 17:37:36,215 [WARN] PackLoader:240 - Cannot read IP mode file for emotas.I-CUBE-CANOPEN.1.1.3
2024-01-04 17:37:36,236 [WARN] PackLoader:240 - Cannot read IP mode file for STMicroelectronics.X-CUBE-BLEMGR.2.0.0
2024-01-04 17:37:36,252 [WARN] PackLoader:240 - Cannot read IP mode file for wolfSSL.I-CUBE-wolfSSL.5.5.4
2024-01-04 17:37:36,270 [WARN] PackLoader:240 - Cannot read IP mode file for STMicroelectronics.X-CUBE-NFC7.1.0.1
2024-01-04 17:37:36,285 [WARN] PackLoader:240 - Cannot read IP mode file for STMicroelectronics.X-CUBE-NFC7.1.0.0
2024-01-04 17:37:36,305 [WARN] PackLoader:240 - Cannot read IP mode file for STMicroelectronics.X-CUBE-NFC6.3.0.0
2024-01-04 17:37:36,321 [WARN] PackLoader:240 - Cannot read IP mode file for STMicroelectronics.X-CUBE-EEPRMA1.4.1.0
2024-01-04 17:37:36,337 [WARN] PackLoader:240 - Cannot read IP mode file for STMicroelectronics.X-CUBE-AI.8.1.0
2024-01-04 17:37:36,379 [WARN] ConditionMgr:438 - getConditionDescription Invalid condition id : LAN8742 Phy interface Condition cause : null
2024-01-04 17:37:36,380 [WARN] PackLoader:240 - Cannot read IP mode file for STMicroelectronics.X-CUBE-AZRTOS-L4.2.0.0
2024-01-04 17:37:36,382 [WARN] ConditionMgr:1039 - genDependencies : Invalid condition id : LAN8742 Phy interface Condition cause : null
2024-01-04 17:37:36,382 [WARN] ConditionMgr:1039 - genDependencies : Invalid condition id : LAN8742 Phy interface Condition cause : null
2024-01-04 17:37:36,382 [WARN] ConditionMgr:1039 - genDependencies : Invalid condition id : LAN8742 Phy interface Condition cause : null
2024-01-04 17:37:36,404 [WARN] PackLoader:240 - Cannot read IP mode file for STMicroelectronics.X-CUBE-SFXS2LP1.4.0.0
2024-01-04 17:37:36,446 [WARN] PackLoader:240 - Cannot read IP mode file for STMicroelectronics.X-CUBE-AZRTOS-H7.3.0.0
2024-01-04 17:37:36,464 [WARN] PackLoader:240 - Cannot read IP mode file for STMicroelectronics.X-CUBE-ISPU.1.1.0
2024-01-04 17:37:36,483 [WARN] PackLoader:240 - Cannot read IP mode file for RoweBots.I-CUBE-UNISONRTOS.5.5.0-4
2024-01-04 17:37:36,499 [WARN] PackLoader:240 - Cannot read IP mode file for STMicroelectronics.X-CUBE-AI.8.0.0
2024-01-04 17:37:36,524 [WARN] ConditionMgr:438 - getConditionDescription Invalid condition id : UX DEVICE CLASS RTOS Condition cause : null
2024-01-04 17:37:36,524 [WARN] ConditionMgr:438 - getConditionDescription Invalid condition id : UX DEVICE CLASS RTOS Condition cause : null
2024-01-04 17:37:36,526 [WARN] PackLoader:240 - Cannot read IP mode file for STMicroelectronics.X-CUBE-AZRTOS-WB.2.0.0
2024-01-04 17:37:36,527 [WARN] ConditionMgr:1039 - genDependencies : Invalid condition id : UX DEVICE CLASS RTOS Condition cause : null
2024-01-04 17:37:36,527 [WARN] ConditionMgr:1039 - genDependencies : Invalid condition id : UX DEVICE CLASS RTOS Condition cause : null
2024-01-04 17:37:36,527 [WARN] ConditionMgr:1039 - genDependencies : Invalid condition id : UX DEVICE CLASS RTOS Condition cause : null
2024-01-04 17:37:36,527 [WARN] ConditionMgr:1039 - genDependencies : Invalid condition id : UX DEVICE CLASS RTOS Condition cause : null
2024-01-04 17:37:36,527 [WARN] ConditionMgr:1039 - genDependencies : Invalid condition id : UX DEVICE CLASS RTOS Condition cause : null
2024-01-04 17:37:36,544 [WARN] PackLoader:240 - Cannot read IP mode file for STMicroelectronics.X-CUBE-FREERTOS.1.0.0
2024-01-04 17:37:36,573 [WARN] PackLoader:240 - Cannot read IP mode file for STMicroelectronics.X-CUBE-AZRTOS-L5.1.1.0
2024-01-04 17:37:36,597 [WARN] PackLoader:240 - Cannot read IP mode file for STMicroelectronics.X-CUBE-SUBG2.5.0.0
2024-01-04 17:37:36,628 [WARN] PackLoader:240 - Cannot read IP mode file for STMicroelectronics.X-CUBE-AZRTOS-G4.2.0.0
2024-01-04 17:37:36,643 [WARN] PackLoader:240 - Cannot read IP mode file for STMicroelectronics.FP-ATR-ASTRA1.1.1.1
2024-01-04 17:37:36,667 [WARN] PackLoader:240 - Cannot read IP mode file for Infineon.AIROC-Wi-Fi-Bluetooth-STM32.1.5.1
2024-01-04 17:37:36,685 [WARN] PackLoader:240 - Cannot read IP mode file for STMicroelectronics.FP-SNS-MOTENVWB1.1.3.1
2024-01-04 17:37:36,712 [WARN] PackLoader:240 - Cannot read IP mode file for STMicroelectronics.X-CUBE-AZRTOS-G4.1.0.0
2024-01-04 17:37:36,746 [WARN] PackLoader:240 - Cannot read IP mode file for STMicroelectronics.X-CUBE-AZRTOS-L4.1.0.0
2024-01-04 17:37:36,762 [WARN] PackLoader:240 - Cannot read IP mode file for STMicroelectronics.X-CUBE-ISPU.2.0.0
2024-01-04 17:37:36,817 [WARN] PackLoader:240 - Cannot read IP mode file for STMicroelectronics.X-CUBE-MEMS1.10.0.0
2024-01-04 17:37:36,900 [WARN] PackLoader:240 - Cannot read IP mode file for STMicroelectronics.X-CUBE-FREERTOS.1.1.0
2024-01-04 17:37:36,924 [WARN] PackLoader:240 - Cannot read IP mode file for STMicroelectronics.X-CUBE-AZRTOS-WL.1.0.0
2024-01-04 17:37:36,940 [WARN] PackLoader:240 - Cannot read IP mode file for portGmbH.I-Cube-SoM-uGOAL.1.1.0
2024-01-04 17:37:36,959 [WARN] PackLoader:240 - Cannot read IP mode file for STMicroelectronics.X-CUBE-ALS.1.0.1
2024-01-04 17:37:36,980 [WARN] PackLoader:240 - Cannot read IP mode file for STMicroelectronics.X-CUBE-AZRTOS-WB.1.1.0
2024-01-04 17:37:36,995 [WARN] PackLoader:240 - Cannot read IP mode file for STMicroelectronics.FP-ATR-ASTRA1.2.0.0
2024-01-04 17:37:37,021 [WARN] PackLoader:240 - Cannot read IP mode file for STMicroelectronics.X-CUBE-TOF1.3.4.0
2024-01-04 17:37:37,064 [WARN] PackLoader:240 - Cannot read IP mode file for STMicroelectronics.X-CUBE-AZRTOS-H7.3.2.0
2024-01-04 17:37:37,067 [INFO] ThirdParty:978 - Integrity check success = true
2024-01-04 17:37:37,067 [INFO] IntegrityCheckThread:100 - exiting critical section [integrity check]
2024-01-04 17:37:37,067 [INFO] IntegrityCheckThread:103 - End integrity checks thread
2024-01-04 17:37:38,831 [INFO] WebApp:161 - Instantiating new browser for Auth
2024-01-04 17:37:39,566 [INFO] WebApp:780 - Register for checkConnection events
2024-01-04 17:37:39,566 [INFO] WebApp:414 - Apply proxy settings
2024-01-04 17:37:39,566 [INFO] WebApp:499 - Chromium requires no authentication
2024-01-04 17:37:39,576 [INFO] WebApp:442 - Direct internet connection detected
2024-01-04 17:37:39,758 [INFO] WebApp:192 - Starting web application
2024-01-04 17:37:39,759 [INFO] WebApp:544 - Web application path used C:\ST\STM32CubeIDE_1.14.0\STM32CubeIDE\plugins\com.st.stm32cube.common.mx_6.10.0.202311202037\db\plugins\mcufinder\reactClient1\index.html
2024-01-04 17:38:01,025 [ERROR] LogOutputStream:75 - [STDERR_REDIRECT] SLF4J: Failed to load class "org.slf4j.impl.StaticLoggerBinder".
2024-01-04 17:38:01,026 [ERROR] LogOutputStream:75 - [STDERR_REDIRECT] SLF4J: Defaulting to no-operation (NOP) logger implementation
2024-01-04 17:38:01,027 [ERROR] LogOutputStream:75 - [STDERR_REDIRECT] SLF4J: See http://www.slf4j.org/codes.html#StaticLoggerBinder for further details.
2024-01-04 20:04:57,826 [ERROR] LogOutputStream:75 - [STDERR_REDIRECT] 
2024-01-04 20:04:57,829 [ERROR] LogOutputStream:75 - [STDERR_REDIRECT] 
