2024-01-25 12:35:02,083 [INFO] Activator:176 - 


2024-01-25 12:35:02,091 [INFO] Activator:177 - !SESSION log4j initialized
2024-01-25 12:35:08,719 [INFO] LogOutputStream:77 - [STDOUT_REDIRECT] 
2024-01-25 12:35:13,531 [INFO] ApplicationProperties:184 - Using Application install path: C:\ST\STM32CubeIDE_1.14.0\STM32CubeIDE\plugins\com.st.stm32cube.common.mx_6.10.0.202311202037
2024-01-25 12:35:13,557 [INFO] DbMcusXml:78 - Set database path to: C:\ST\STM32CubeIDE_1.14.0\STM32CubeIDE\plugins\com.st.stm32cube.common.mx_6.10.0.202311202037\\db\/mcu/
2024-01-25 12:35:13,558 [INFO] ApiDb:274 - Set plugin database path to: C:\ST\STM32CubeIDE_1.14.0\STM32CubeIDE\plugins\com.st.stm32cube.common.mx_6.10.0.202311202037\\db\/plugins/boardmanager/
2024-01-25 12:35:13,558 [WARN] ApiDb:259 - Overriding images path with different value:  => C:\ST\STM32CubeIDE_1.14.0\STM32CubeIDE\plugins\com.st.stm32cube.common.mx_6.10.0.202311202037\\db\/plugins/mcufinder/images/
2024-01-25 12:35:13,564 [INFO] ApiDb:250 - Set database path to: C:\Users\sudh1\.stmcufinder\plugins\mcufinder//mcu/
2024-01-25 12:35:13,565 [INFO] DbMcusAds:125 - Set database path to: C:\Users\sudh1\.stmcufinder\plugins\mcufinder//mcu/
2024-01-25 12:35:13,567 [INFO] CrossReferenceDbSqlite:203 - Set database path to: C:\Users\sudh1\.stmcufinder\plugins\mcufinder//mcu/cs/
2024-01-25 12:35:13,723 [INFO] RulesReader:64 - Compatibility file has been processed (297 Rules)
2024-01-25 12:35:13,835 [INFO] DbMcusXml:78 - Set database path to: C:\ST\STM32CubeIDE_1.14.0\STM32CubeIDE\plugins\com.st.stm32cube.common.mx_6.10.0.202311202037\\db\/mcu/
2024-01-25 12:35:13,835 [INFO] ApiDb:274 - Set plugin database path to: C:\ST\STM32CubeIDE_1.14.0\STM32CubeIDE\plugins\com.st.stm32cube.common.mx_6.10.0.202311202037\\db\/plugins/boardmanager/
2024-01-25 12:35:13,835 [INFO] ApiDb:261 - Set plugin images path to: C:\ST\STM32CubeIDE_1.14.0\STM32CubeIDE\plugins\com.st.stm32cube.common.mx_6.10.0.202311202037\\db\/plugins/mcufinder/images/
2024-01-25 12:35:13,836 [WARN] DbFile:41 - Overriding database path with different value: C:\Users\sudh1\.stmcufinder\plugins\mcufinder/ => C:\Users\sudh1\.stmcufinder\plugins\mcufinder
2024-01-25 12:35:13,836 [INFO] ApiDb:250 - Set database path to: C:\Users\sudh1\.stmcufinder\plugins\mcufinder//mcu/
2024-01-25 12:35:13,836 [WARN] DbFile:41 - Overriding database path with different value: C:\Users\sudh1\.stmcufinder\plugins\mcufinder/ => C:\Users\sudh1\.stmcufinder\plugins\mcufinder
2024-01-25 12:35:13,836 [INFO] DbMcusAds:125 - Set database path to: C:\Users\sudh1\.stmcufinder\plugins\mcufinder//mcu/
2024-01-25 12:35:13,836 [WARN] DbFile:41 - Overriding database path with different value: C:\Users\sudh1\.stmcufinder\plugins\mcufinder/ => C:\Users\sudh1\.stmcufinder\plugins\mcufinder
2024-01-25 12:35:13,836 [WARN] DbFile:41 - Overriding database path with different value: C:\Users\sudh1\.stmcufinder\plugins\mcufinder/ => C:\Users\sudh1\.stmcufinder\plugins\mcufinder
2024-01-25 12:35:13,836 [INFO] CrossReferenceDbSqlite:203 - Set database path to: C:\Users\sudh1\.stmcufinder\plugins\mcufinder//mcu/cs/
2024-01-25 12:35:13,924 [INFO] MainPanel:264 - HeapMemory: 268435456
2024-01-25 12:35:14,030 [INFO] DbMcusXml:78 - Set database path to: C:\ST\STM32CubeIDE_1.14.0\STM32CubeIDE\plugins\com.st.stm32cube.common.mx_6.10.0.202311202037\\db\/mcu/
2024-01-25 12:35:14,031 [INFO] ApiDb:274 - Set plugin database path to: C:\ST\STM32CubeIDE_1.14.0\STM32CubeIDE\plugins\com.st.stm32cube.common.mx_6.10.0.202311202037\\db\/plugins/boardmanager/
2024-01-25 12:35:14,031 [INFO] ApiDb:261 - Set plugin images path to: C:\ST\STM32CubeIDE_1.14.0\STM32CubeIDE\plugins\com.st.stm32cube.common.mx_6.10.0.202311202037\\db\/plugins/mcufinder/images/
2024-01-25 12:35:14,031 [WARN] DbFile:41 - Overriding database path with different value: C:\Users\sudh1\.stmcufinder\plugins\mcufinder/ => C:\Users\sudh1\.stmcufinder\plugins\mcufinder
2024-01-25 12:35:14,031 [INFO] ApiDb:250 - Set database path to: C:\Users\sudh1\.stmcufinder\plugins\mcufinder//mcu/
2024-01-25 12:35:14,031 [WARN] DbFile:41 - Overriding database path with different value: C:\Users\sudh1\.stmcufinder\plugins\mcufinder/ => C:\Users\sudh1\.stmcufinder\plugins\mcufinder
2024-01-25 12:35:14,031 [INFO] DbMcusAds:125 - Set database path to: C:\Users\sudh1\.stmcufinder\plugins\mcufinder//mcu/
2024-01-25 12:35:14,031 [WARN] DbFile:41 - Overriding database path with different value: C:\Users\sudh1\.stmcufinder\plugins\mcufinder/ => C:\Users\sudh1\.stmcufinder\plugins\mcufinder
2024-01-25 12:35:14,031 [WARN] DbFile:41 - Overriding database path with different value: C:\Users\sudh1\.stmcufinder\plugins\mcufinder/ => C:\Users\sudh1\.stmcufinder\plugins\mcufinder
2024-01-25 12:35:14,032 [INFO] CrossReferenceDbSqlite:203 - Set database path to: C:\Users\sudh1\.stmcufinder\plugins\mcufinder//mcu/cs/
2024-01-25 12:35:14,051 [INFO] ApplicationProperties:184 - Using Application install path: C:\ST\STM32CubeIDE_1.14.0\STM32CubeIDE\plugins\com.st.stm32cube.common.mx_6.10.0.202311202037
2024-01-25 12:35:14,054 [INFO] PluginManage:196 - Search for loadable plugins [exclusion list=, ]
2024-01-25 12:35:14,055 [INFO] PluginManage:310 - Check plugin analytics
2024-01-25 12:35:14,237 [INFO] AnalyticsPlugin:253 - Accepted Software Licenses: 
2024-01-25 12:35:14,238 [INFO] AnalyticsPlugin:255 - Accepted CMSIS Pack Licenses: 
2024-01-25 12:35:14,238 [INFO] AnalyticsPlugin:257 - Accepted Firmware Licenses: 
2024-01-25 12:35:14,241 [INFO] PluginManage:359 - Loaded plugin analytics (category:tool,tabindex:-1)
2024-01-25 12:35:14,241 [INFO] PluginManage:310 - Check plugin cadmodel
2024-01-25 12:35:14,260 [INFO] CADModel:105 - Init CAD model plugin
2024-01-25 12:35:14,260 [INFO] PluginManage:359 - Loaded plugin cadmodel (category:power,tabindex:5)
2024-01-25 12:35:14,260 [INFO] PluginManage:310 - Check plugin clock
2024-01-25 12:35:14,287 [INFO] PluginManage:359 - Loaded plugin clock (category:base,tabindex:2)
2024-01-25 12:35:14,287 [INFO] PluginManage:310 - Check plugin ddr
2024-01-25 12:35:14,289 [INFO] PluginManage:359 - Loaded plugin ddr (category:tool,tabindex:6)
2024-01-25 12:35:14,290 [INFO] PluginManage:310 - Check plugin filemanager
2024-01-25 12:35:14,478 [INFO] PluginManage:359 - Loaded plugin filemanager (category:base,tabindex:10)
2024-01-25 12:35:14,478 [INFO] PluginManage:310 - Check plugin ipmanager
2024-01-25 12:35:14,486 [INFO] PluginManage:359 - Loaded plugin ipmanager (category:base,tabindex:5)
2024-01-25 12:35:14,486 [INFO] PluginManage:310 - Check plugin lpbam
2024-01-25 12:35:14,503 [INFO] PluginManage:359 - Loaded plugin lpbam (category:base,tabindex:0)
2024-01-25 12:35:14,503 [INFO] PluginManage:310 - Check plugin memorymap
2024-01-25 12:35:14,529 [INFO] PluginManage:359 - Loaded plugin memorymap (category:base,tabindex:4)
2024-01-25 12:35:14,529 [INFO] PluginManage:310 - Check plugin pinoutandconfiguration
2024-01-25 12:35:14,553 [INFO] PluginManage:359 - Loaded plugin pinoutandconfiguration (category:base,tabindex:1)
2024-01-25 12:35:14,553 [INFO] PluginManage:310 - Check plugin pinoutconfig
2024-01-25 12:35:14,679 [WARN] SupportedApi:132 - Cannot load RTOS API schema: s4s-elt-must-match.1: The content of 'definitions' must match (annotation?, (simpleType | complexType)?, (unique | key | keyref)*)). A problem was found starting at: attribute.
2024-01-25 12:35:14,820 [INFO] PluginManage:359 - Loaded plugin pinoutconfig (category:base,tabindex:0)
2024-01-25 12:35:14,821 [INFO] PluginManage:310 - Check plugin power
2024-01-25 12:35:14,847 [INFO] PluginManage:359 - Loaded plugin power (category:power,tabindex:4)
2024-01-25 12:35:14,847 [INFO] PluginManage:310 - Check plugin projectmanager
2024-01-25 12:35:14,867 [INFO] PluginManage:359 - Loaded plugin projectmanager (category:projectmanager,tabindex:3)
2024-01-25 12:35:14,867 [INFO] PluginManage:310 - Check plugin thirdparty
2024-01-25 12:35:15,136 [INFO] PluginManage:359 - Loaded plugin thirdparty (category:base,tabindex:-1)
2024-01-25 12:35:15,136 [WARN] IntegrityCheckThread:84 - waiting for thirdparty lock release [integrity check]
2024-01-25 12:35:15,136 [INFO] PluginManage:310 - Check plugin tools
2024-01-25 12:35:15,136 [INFO] IntegrityCheckThread:86 - entering critical section [integrity check]
2024-01-25 12:35:15,137 [INFO] ThirdPartyUpdaterWithRetryManager:70 - Updater plugin not ready yet. [1/15]
2024-01-25 12:35:15,193 [INFO] PluginManage:359 - Loaded plugin tools (category:base,tabindex:7)
2024-01-25 12:35:15,193 [INFO] PluginManage:310 - Check plugin tutovideos
2024-01-25 12:35:15,414 [INFO] PluginManage:359 - Loaded plugin tutovideos (category:base,tabindex:-1)
2024-01-25 12:35:15,414 [INFO] PluginManage:310 - Check plugin updater
2024-01-25 12:35:15,427 [INFO] PluginManage:359 - Loaded plugin updater (category:base,tabindex:12)
2024-01-25 12:35:15,428 [INFO] PluginManage:310 - Check plugin userauth
2024-01-25 12:35:15,434 [INFO] UserAuth:114 - Init User Auth plugin
2024-01-25 12:35:15,435 [INFO] PluginManage:359 - Loaded plugin userauth (category:base,tabindex:14)
2024-01-25 12:35:15,435 [INFO] PluginManage:283 - PluginManage : Loaded plugins [17]
2024-01-25 12:35:15,672 [INFO] PinOutPanel:1499 - setPackage(No Configuration,No Configuration)
2024-01-25 12:35:15,752 [INFO] CADModel:165 - CPN selected for project level
2024-01-25 12:35:15,752 [INFO] CADModel:114 - Register for checkConnection events
2024-01-25 12:35:15,780 [INFO] IPUIPlugin:80 - create IPUIPlugin
2024-01-25 12:35:15,780 [INFO] PluginManager:220 - loadIPPluginJar : add adc
2024-01-25 12:35:15,818 [INFO] IPUIPlugin:80 - create IPUIPlugin
2024-01-25 12:35:15,818 [INFO] PluginManager:220 - loadIPPluginJar : add aes
2024-01-25 12:35:15,885 [INFO] IPUIPlugin:80 - create IPUIPlugin
2024-01-25 12:35:15,885 [INFO] PluginManager:220 - loadIPPluginJar : add can
2024-01-25 12:35:15,911 [INFO] IPUIPlugin:80 - create IPUIPlugin
2024-01-25 12:35:15,912 [INFO] PluginManager:220 - loadIPPluginJar : add comp
2024-01-25 12:35:15,953 [INFO] IPUIPlugin:80 - create IPUIPlugin
2024-01-25 12:35:15,953 [INFO] PluginManager:220 - loadIPPluginJar : add cryp
2024-01-25 12:35:16,025 [INFO] IPUIPlugin:80 - create IPUIPlugin
2024-01-25 12:35:16,025 [INFO] PluginManager:220 - loadIPPluginJar : add dfsdm
2024-01-25 12:35:16,046 [INFO] IPUIPlugin:80 - create IPUIPlugin
2024-01-25 12:35:16,047 [INFO] PluginManager:220 - loadIPPluginJar : add dma
2024-01-25 12:35:16,093 [INFO] IPUIPlugin:80 - create IPUIPlugin
2024-01-25 12:35:16,093 [INFO] PluginManager:220 - loadIPPluginJar : add dma3
2024-01-25 12:35:16,114 [INFO] IPUIPlugin:80 - create IPUIPlugin
2024-01-25 12:35:16,115 [INFO] PluginManager:220 - loadIPPluginJar : add fatfs
2024-01-25 12:35:16,182 [INFO] IPUIPlugin:80 - create IPUIPlugin
2024-01-25 12:35:16,182 [INFO] PluginManager:220 - loadIPPluginJar : add fmc
2024-01-25 12:35:16,203 [INFO] IPUIPlugin:80 - create IPUIPlugin
2024-01-25 12:35:16,203 [INFO] PluginManager:220 - loadIPPluginJar : add freertos
2024-01-25 12:35:16,229 [INFO] IPUIPlugin:80 - create IPUIPlugin
2024-01-25 12:35:16,229 [INFO] PluginManager:220 - loadIPPluginJar : add genericplugin
2024-01-25 12:35:16,348 [INFO] IPUIPlugin:80 - create IPUIPlugin
2024-01-25 12:35:16,349 [INFO] PluginManager:220 - loadIPPluginJar : add gfxmmu
2024-01-25 12:35:16,506 [INFO] IPUIPlugin:80 - create IPUIPlugin
2024-01-25 12:35:16,506 [INFO] PluginManager:220 - loadIPPluginJar : add gic
2024-01-25 12:35:16,521 [INFO] IPUIPlugin:80 - create IPUIPlugin
2024-01-25 12:35:16,521 [INFO] PluginManager:220 - loadIPPluginJar : add gpio
2024-01-25 12:35:16,616 [INFO] IPUIPlugin:80 - create IPUIPlugin
2024-01-25 12:35:16,616 [INFO] PluginManager:220 - loadIPPluginJar : add gtzc
2024-01-25 12:35:16,649 [INFO] IPUIPlugin:80 - create IPUIPlugin
2024-01-25 12:35:16,649 [INFO] PluginManager:220 - loadIPPluginJar : add hash
2024-01-25 12:35:16,728 [INFO] IPUIPlugin:80 - create IPUIPlugin
2024-01-25 12:35:16,728 [INFO] PluginManager:220 - loadIPPluginJar : add i2c
2024-01-25 12:35:16,781 [INFO] IPUIPlugin:80 - create IPUIPlugin
2024-01-25 12:35:16,781 [INFO] PluginManager:220 - loadIPPluginJar : add i2s
2024-01-25 12:35:16,838 [INFO] IPUIPlugin:80 - create IPUIPlugin
2024-01-25 12:35:16,838 [INFO] PluginManager:220 - loadIPPluginJar : add i3c
2024-01-25 12:35:16,986 [INFO] IPUIPlugin:80 - create IPUIPlugin
2024-01-25 12:35:16,986 [INFO] PluginManager:220 - loadIPPluginJar : add ipddr
2024-01-25 12:35:17,132 [INFO] IPUIPlugin:80 - create IPUIPlugin
2024-01-25 12:35:17,132 [INFO] PluginManager:220 - loadIPPluginJar : add linkedlist
2024-01-25 12:35:17,184 [INFO] IPUIPlugin:80 - create IPUIPlugin
2024-01-25 12:35:17,184 [INFO] PluginManager:220 - loadIPPluginJar : add lorawan
2024-01-25 12:35:17,288 [INFO] IPUIPlugin:80 - create IPUIPlugin
2024-01-25 12:35:17,288 [INFO] PluginManager:220 - loadIPPluginJar : add ltdc
2024-01-25 12:35:17,311 [INFO] IPUIPlugin:80 - create IPUIPlugin
2024-01-25 12:35:17,312 [INFO] PluginManager:220 - loadIPPluginJar : add mdma
2024-01-25 12:35:17,333 [INFO] IPUIPlugin:80 - create IPUIPlugin
2024-01-25 12:35:17,333 [INFO] PluginManager:220 - loadIPPluginJar : add nvic
2024-01-25 12:35:17,378 [INFO] IPUIPlugin:80 - create IPUIPlugin
2024-01-25 12:35:17,378 [INFO] PluginManager:220 - loadIPPluginJar : add opamp
2024-01-25 12:35:17,439 [INFO] IPUIPlugin:80 - create IPUIPlugin
2024-01-25 12:35:17,440 [INFO] PluginManager:220 - loadIPPluginJar : add openamp
2024-01-25 12:35:17,488 [INFO] IPUIPlugin:80 - create IPUIPlugin
2024-01-25 12:35:17,489 [INFO] PluginManager:220 - loadIPPluginJar : add pdm2pcm
2024-01-25 12:35:17,553 [INFO] IPUIPlugin:80 - create IPUIPlugin
2024-01-25 12:35:17,556 [INFO] PluginManager:220 - loadIPPluginJar : add plateformsettings
2024-01-25 12:35:17,589 [INFO] IPUIPlugin:80 - create IPUIPlugin
2024-01-25 12:35:17,591 [INFO] PluginManager:220 - loadIPPluginJar : add quadspi
2024-01-25 12:35:17,607 [INFO] IPUIPlugin:80 - create IPUIPlugin
2024-01-25 12:35:17,607 [INFO] PluginManager:220 - loadIPPluginJar : add resmgrutility
2024-01-25 12:35:17,698 [INFO] IPUIPlugin:80 - create IPUIPlugin
2024-01-25 12:35:17,698 [INFO] PluginManager:220 - loadIPPluginJar : add sai
2024-01-25 12:35:17,745 [INFO] IPUIPlugin:80 - create IPUIPlugin
2024-01-25 12:35:17,745 [INFO] PluginManager:220 - loadIPPluginJar : add spi
2024-01-25 12:35:17,821 [INFO] IPUIPlugin:80 - create IPUIPlugin
2024-01-25 12:35:17,821 [INFO] PluginManager:220 - loadIPPluginJar : add stm32_wpan
2024-01-25 12:35:17,844 [INFO] IPUIPlugin:80 - create IPUIPlugin
2024-01-25 12:35:17,844 [INFO] PluginManager:220 - loadIPPluginJar : add tim
2024-01-25 12:35:17,910 [INFO] IPUIPlugin:80 - create IPUIPlugin
2024-01-25 12:35:17,910 [INFO] PluginManager:220 - loadIPPluginJar : add touchsensing
2024-01-25 12:35:17,941 [INFO] IPUIPlugin:80 - create IPUIPlugin
2024-01-25 12:35:17,941 [INFO] PluginManager:220 - loadIPPluginJar : add tracer_emb
2024-01-25 12:35:17,973 [INFO] IPUIPlugin:80 - create IPUIPlugin
2024-01-25 12:35:17,973 [INFO] PluginManager:220 - loadIPPluginJar : add ts
2024-01-25 12:35:18,001 [INFO] IPUIPlugin:80 - create IPUIPlugin
2024-01-25 12:35:18,001 [INFO] PluginManager:220 - loadIPPluginJar : add tsc
2024-01-25 12:35:18,027 [INFO] IPUIPlugin:80 - create IPUIPlugin
2024-01-25 12:35:18,027 [INFO] PluginManager:220 - loadIPPluginJar : add ucpd
2024-01-25 12:35:18,073 [INFO] IPUIPlugin:80 - create IPUIPlugin
2024-01-25 12:35:18,073 [INFO] PluginManager:220 - loadIPPluginJar : add usart
2024-01-25 12:35:18,123 [INFO] IPUIPlugin:80 - create IPUIPlugin
2024-01-25 12:35:18,123 [INFO] PluginManager:220 - loadIPPluginJar : add usbx
2024-01-25 12:35:18,138 [INFO] ThirdPartyUpdaterWithRetryManager:70 - Updater plugin not ready yet. [2/15]
2024-01-25 12:35:18,252 [INFO] CADModel:165 - CPN selected for project level
2024-01-25 12:35:18,252 [INFO] CADModel:114 - Register for checkConnection events
2024-01-25 12:35:18,253 [FATAL] Updater:308 - Updater called before beeing initialized
2024-01-25 12:35:18,253 [ERROR] CADModel:125 - Updater not yet initialized, retry later 
2024-01-25 12:35:18,434 [INFO] CADModel:165 - CPN selected for project level
2024-01-25 12:35:18,434 [INFO] CADModel:114 - Register for checkConnection events
2024-01-25 12:35:18,434 [FATAL] Updater:308 - Updater called before beeing initialized
2024-01-25 12:35:18,434 [ERROR] CADModel:125 - Updater not yet initialized, retry later 
2024-01-25 12:35:18,437 [FATAL] Updater:308 - Updater called before beeing initialized
2024-01-25 12:35:18,546 [FATAL] Updater:308 - Updater called before beeing initialized
2024-01-25 12:35:18,556 [INFO] DbMcusAds:53 - JSON generation date=Wed Nov 29 16:22:27 IST 2023 (1701255147200)
2024-01-25 12:35:18,557 [FATAL] Updater:308 - Updater called before beeing initialized
2024-01-25 12:35:18,656 [WARN] DetailPanel:346 - Failed to get advertising image, set to default
2024-01-25 12:35:18,753 [FATAL] Updater:308 - Updater called before beeing initialized
2024-01-25 12:35:18,756 [FATAL] Updater:308 - Updater called before beeing initialized
2024-01-25 12:35:18,756 [FATAL] Updater:308 - Updater called before beeing initialized
2024-01-25 12:35:18,756 [WARN] DetailPanel:346 - Failed to get advertising image, set to default
2024-01-25 12:35:18,757 [FATAL] Updater:308 - Updater called before beeing initialized
2024-01-25 12:35:18,829 [ERROR] Updater:1120 - MainUpdater not yet initialized. External WinMGr cannot be set.
2024-01-25 12:35:18,841 [INFO] Updater:1056 - Updater Version found : 6.10.0
2024-01-25 12:35:18,862 [INFO] ApplicationProperties:184 - Using Application install path: C:\ST\STM32CubeIDE_1.14.0\STM32CubeIDE\plugins\com.st.stm32cube.common.mx_6.10.0.202311202037
2024-01-25 12:35:20,436 [ERROR] LogOutputStream:75 - [STDERR_REDIRECT] Jan 25, 2024 12:35:20 PM java.util.prefs.WindowsPreferences <init>
2024-01-25 12:35:20,438 [ERROR] LogOutputStream:75 - [STDERR_REDIRECT] WARNING: Could not open/create prefs root node Software\JavaSoft\Prefs at root 0xffffffff80000002. Windows RegCreateKeyEx(...) returned error code 5.
2024-01-25 12:35:20,438 [ERROR] LogOutputStream:75 - [STDERR_REDIRECT] 
2024-01-25 12:35:20,778 [INFO] MainUpdater:2873 - connection check result : 10
2024-01-25 12:35:20,779 [INFO] MainUpdater:290 - Updater Check For Update Now.
2024-01-25 12:35:20,779 [INFO] MicroXplorer:498 - Change Database Version : DB.6.0.100
2024-01-25 12:35:20,810 [INFO] McuFinderGlobals:63 - Set McuFinder mode to 2 (CubeIDE integrated)
2024-01-25 12:35:20,812 [INFO] UserAuth:180 - activating auth plugin
2024-01-25 12:35:20,816 [INFO] UserAuth:404 - Internet connection configuration mode: 1
2024-01-25 12:35:20,860 [INFO] JxBrowserEngine:152 - Initiate JxBrowser Engine with user profile folder
2024-01-25 12:35:21,028 [INFO] CheckServerUpdateThread:120 - End of CheckServer Thread
2024-01-25 12:35:21,367 [WARN] PackLoader:240 - Cannot read IP mode file for STMicroelectronics.X-CUBE-SMBUS.2.1.0
2024-01-25 12:35:21,389 [WARN] PackLoader:240 - Cannot read IP mode file for STMicroelectronics.X-CUBE-TOUCHGFX.4.23.0
2024-01-25 12:35:21,435 [WARN] PackLoader:240 - Cannot read IP mode file for STMicroelectronics.X-CUBE-AZRTOS-F7.1.1.0
2024-01-25 12:35:21,459 [WARN] PackLoader:240 - Cannot read IP mode file for STMicroelectronics.FP-SNS-MOTENV1.4.3.2
2024-01-25 12:35:21,478 [WARN] PackLoader:240 - Cannot read IP mode file for STMicroelectronics.X-CUBE-BLE1.6.2.4
2024-01-25 12:35:21,492 [WARN] PackLoader:240 - Cannot read IP mode file for STMicroelectronics.FP-SNS-FLIGHT1.5.0.2
2024-01-25 12:35:21,515 [WARN] PackLoader:240 - Cannot read IP mode file for STMicroelectronics.X-CUBE-DISPLAY.3.0.0
2024-01-25 12:35:21,535 [WARN] PackLoader:240 - Cannot read IP mode file for STMicroelectronics.X-CUBE-BLE1.7.0.0
2024-01-25 12:35:21,552 [WARN] PackLoader:240 - Cannot read IP mode file for STMicroelectronics.FP-SNS-SMARTAG2.1.2.0
2024-01-25 12:35:21,575 [INFO] LogOutputStream:77 - [STDOUT_REDIRECT] 1 : Invalid condition id : UX_CORESTACK_Condition cause : null
2024-01-25 12:35:21,576 [INFO] LogOutputStream:77 - [STDOUT_REDIRECT] 1 : Invalid condition id : UX_CORESTACK_Condition cause : null
2024-01-25 12:35:21,577 [INFO] LogOutputStream:77 - [STDOUT_REDIRECT] 1 : Invalid condition id : UX_CORESTACK_Condition cause : null
2024-01-25 12:35:21,578 [INFO] LogOutputStream:77 - [STDOUT_REDIRECT] 1 : Invalid condition id : UX_CORESTACK_Condition cause : null
2024-01-25 12:35:21,579 [INFO] LogOutputStream:77 - [STDOUT_REDIRECT] 1 : Invalid condition id : UX_CORESTACK_Condition cause : null
2024-01-25 12:35:21,583 [WARN] PackLoader:240 - Cannot read IP mode file for STMicroelectronics.X-CUBE-AZRTOS-WL.2.0.0
2024-01-25 12:35:21,602 [WARN] PackLoader:240 - Cannot read IP mode file for WES.I-CUBE-Cesium.1.3.0
2024-01-25 12:35:21,617 [WARN] PackLoader:240 - Cannot read IP mode file for STMicroelectronics.X-CUBE-BLE2.3.3.0
2024-01-25 12:35:21,639 [WARN] PackLoader:240 - Cannot read IP mode file for STMicroelectronics.X-CUBE-TOF1.3.2.0
2024-01-25 12:35:21,661 [WARN] PackLoader:240 - Cannot read IP mode file for STMicroelectronics.X-CUBE-TOUCHGFX.4.21.1
2024-01-25 12:35:21,678 [WARN] PackLoader:240 - Cannot read IP mode file for STMicroelectronics.X-CUBE-ALGOBUILD.1.3.0
2024-01-25 12:35:21,711 [WARN] PackLoader:240 - Cannot read IP mode file for STMicroelectronics.X-CUBE-AZRTOS-G0.1.1.0
2024-01-25 12:35:21,730 [WARN] PackLoader:240 - Cannot read IP mode file for STMicroelectronics.X-CUBE-NFC4.3.0.0
2024-01-25 12:35:21,749 [WARN] PackLoader:240 - Cannot read IP mode file for STMicroelectronics.X-CUBE-BLEMGR.3.0.0
2024-01-25 12:35:21,769 [WARN] PackLoader:240 - Cannot read IP mode file for STMicroelectronics.X-CUBE-BLEMGR.1.3.0
2024-01-25 12:35:21,799 [WARN] PackLoader:240 - Cannot read IP mode file for STMicroelectronics.FP-ATR-SIGFOX1.3.2.0
2024-01-25 12:35:21,862 [WARN] PackLoader:240 - Cannot read IP mode file for STMicroelectronics.X-CUBE-MEMS1.9.5.0
2024-01-25 12:35:22,029 [WARN] PackLoader:240 - Cannot read IP mode file for SEGGER.I-CUBE-embOS.1.3.1
2024-01-25 12:35:22,091 [WARN] PackLoader:240 - Cannot read IP mode file for STMicroelectronics.X-CUBE-GNSS1.6.0.0
2024-01-25 12:35:22,121 [WARN] PackLoader:240 - Cannot read IP mode file for STMicroelectronics.X-CUBE-AZRTOS-F4.1.1.0
2024-01-25 12:35:22,160 [WARN] PackLoader:240 - Cannot read IP mode file for STMicroelectronics.X-CUBE-AZRTOS-L5.2.0.0
2024-01-25 12:35:22,179 [WARN] PackLoader:240 - Cannot read IP mode file for STMicroelectronics.X-CUBE-EEPRMA1.4.2.0
2024-01-25 12:35:22,195 [WARN] PackLoader:240 - Cannot read IP mode file for ITTIA_DB.I-CUBE-ITTIADB.8.8.0
2024-01-25 12:35:22,210 [WARN] PackLoader:240 - Cannot read IP mode file for emotas.I-CUBE-CANOPEN.1.1.3
2024-01-25 12:35:22,228 [WARN] PackLoader:240 - Cannot read IP mode file for STMicroelectronics.X-CUBE-BLEMGR.2.0.0
2024-01-25 12:35:22,245 [WARN] PackLoader:240 - Cannot read IP mode file for wolfSSL.I-CUBE-wolfSSL.5.5.4
2024-01-25 12:35:22,264 [WARN] PackLoader:240 - Cannot read IP mode file for STMicroelectronics.X-CUBE-NFC7.1.0.1
2024-01-25 12:35:22,280 [WARN] PackLoader:240 - Cannot read IP mode file for STMicroelectronics.X-CUBE-NFC7.1.0.0
2024-01-25 12:35:22,299 [WARN] PackLoader:240 - Cannot read IP mode file for STMicroelectronics.X-CUBE-NFC6.3.0.0
2024-01-25 12:35:22,318 [WARN] PackLoader:240 - Cannot read IP mode file for STMicroelectronics.X-CUBE-EEPRMA1.4.1.0
2024-01-25 12:35:22,336 [WARN] PackLoader:240 - Cannot read IP mode file for STMicroelectronics.X-CUBE-AI.8.1.0
2024-01-25 12:35:22,366 [WARN] ConditionMgr:438 - getConditionDescription Invalid condition id : LAN8742 Phy interface Condition cause : null
2024-01-25 12:35:22,368 [WARN] PackLoader:240 - Cannot read IP mode file for STMicroelectronics.X-CUBE-AZRTOS-L4.2.0.0
2024-01-25 12:35:22,370 [WARN] ConditionMgr:1039 - genDependencies : Invalid condition id : LAN8742 Phy interface Condition cause : null
2024-01-25 12:35:22,371 [WARN] ConditionMgr:1039 - genDependencies : Invalid condition id : LAN8742 Phy interface Condition cause : null
2024-01-25 12:35:22,372 [WARN] ConditionMgr:1039 - genDependencies : Invalid condition id : LAN8742 Phy interface Condition cause : null
2024-01-25 12:35:22,392 [WARN] PackLoader:240 - Cannot read IP mode file for STMicroelectronics.X-CUBE-SFXS2LP1.4.0.0
2024-01-25 12:35:22,423 [WARN] PackLoader:240 - Cannot read IP mode file for STMicroelectronics.X-CUBE-AZRTOS-H7.3.0.0
2024-01-25 12:35:22,439 [WARN] PackLoader:240 - Cannot read IP mode file for STMicroelectronics.X-CUBE-ISPU.1.1.0
2024-01-25 12:35:22,457 [WARN] PackLoader:240 - Cannot read IP mode file for RoweBots.I-CUBE-UNISONRTOS.5.5.0-4
2024-01-25 12:35:22,471 [WARN] PackLoader:240 - Cannot read IP mode file for STMicroelectronics.X-CUBE-AI.8.0.0
2024-01-25 12:35:22,499 [WARN] ConditionMgr:438 - getConditionDescription Invalid condition id : UX DEVICE CLASS RTOS Condition cause : null
2024-01-25 12:35:22,499 [WARN] ConditionMgr:438 - getConditionDescription Invalid condition id : UX DEVICE CLASS RTOS Condition cause : null
2024-01-25 12:35:22,502 [WARN] PackLoader:240 - Cannot read IP mode file for STMicroelectronics.X-CUBE-AZRTOS-WB.2.0.0
2024-01-25 12:35:22,503 [WARN] ConditionMgr:1039 - genDependencies : Invalid condition id : UX DEVICE CLASS RTOS Condition cause : null
2024-01-25 12:35:22,503 [WARN] ConditionMgr:1039 - genDependencies : Invalid condition id : UX DEVICE CLASS RTOS Condition cause : null
2024-01-25 12:35:22,503 [WARN] ConditionMgr:1039 - genDependencies : Invalid condition id : UX DEVICE CLASS RTOS Condition cause : null
2024-01-25 12:35:22,504 [WARN] ConditionMgr:1039 - genDependencies : Invalid condition id : UX DEVICE CLASS RTOS Condition cause : null
2024-01-25 12:35:22,504 [WARN] ConditionMgr:1039 - genDependencies : Invalid condition id : UX DEVICE CLASS RTOS Condition cause : null
2024-01-25 12:35:22,520 [WARN] PackLoader:240 - Cannot read IP mode file for STMicroelectronics.X-CUBE-FREERTOS.1.0.0
2024-01-25 12:35:22,547 [WARN] PackLoader:240 - Cannot read IP mode file for STMicroelectronics.X-CUBE-AZRTOS-L5.1.1.0
2024-01-25 12:35:22,578 [WARN] PackLoader:240 - Cannot read IP mode file for STMicroelectronics.X-CUBE-SUBG2.5.0.0
2024-01-25 12:35:22,612 [WARN] PackLoader:240 - Cannot read IP mode file for STMicroelectronics.X-CUBE-AZRTOS-G4.2.0.0
2024-01-25 12:35:22,629 [WARN] PackLoader:240 - Cannot read IP mode file for STMicroelectronics.FP-ATR-ASTRA1.1.1.1
2024-01-25 12:35:22,652 [WARN] PackLoader:240 - Cannot read IP mode file for Infineon.AIROC-Wi-Fi-Bluetooth-STM32.1.5.1
2024-01-25 12:35:22,672 [WARN] PackLoader:240 - Cannot read IP mode file for STMicroelectronics.FP-SNS-MOTENVWB1.1.3.1
2024-01-25 12:35:22,700 [WARN] PackLoader:240 - Cannot read IP mode file for STMicroelectronics.X-CUBE-AZRTOS-G4.1.0.0
2024-01-25 12:35:22,732 [WARN] PackLoader:240 - Cannot read IP mode file for STMicroelectronics.X-CUBE-AZRTOS-L4.1.0.0
2024-01-25 12:35:22,749 [WARN] PackLoader:240 - Cannot read IP mode file for STMicroelectronics.X-CUBE-ISPU.2.0.0
2024-01-25 12:35:22,798 [WARN] PackLoader:240 - Cannot read IP mode file for STMicroelectronics.X-CUBE-MEMS1.10.0.0
2024-01-25 12:35:22,911 [WARN] PackLoader:240 - Cannot read IP mode file for STMicroelectronics.X-CUBE-FREERTOS.1.1.0
2024-01-25 12:35:22,931 [WARN] PackLoader:240 - Cannot read IP mode file for STMicroelectronics.X-CUBE-AZRTOS-WL.1.0.0
2024-01-25 12:35:22,946 [WARN] PackLoader:240 - Cannot read IP mode file for portGmbH.I-Cube-SoM-uGOAL.1.1.0
2024-01-25 12:35:22,962 [WARN] PackLoader:240 - Cannot read IP mode file for STMicroelectronics.X-CUBE-ALS.1.0.1
2024-01-25 12:35:22,989 [WARN] PackLoader:240 - Cannot read IP mode file for STMicroelectronics.X-CUBE-AZRTOS-WB.1.1.0
2024-01-25 12:35:23,004 [WARN] PackLoader:240 - Cannot read IP mode file for STMicroelectronics.FP-ATR-ASTRA1.2.0.0
2024-01-25 12:35:23,028 [WARN] PackLoader:240 - Cannot read IP mode file for STMicroelectronics.X-CUBE-TOF1.3.4.0
2024-01-25 12:35:23,070 [WARN] PackLoader:240 - Cannot read IP mode file for STMicroelectronics.X-CUBE-AZRTOS-H7.3.2.0
2024-01-25 12:35:23,073 [INFO] ThirdParty:978 - Integrity check success = true
2024-01-25 12:35:23,074 [INFO] IntegrityCheckThread:100 - exiting critical section [integrity check]
2024-01-25 12:35:23,074 [INFO] IntegrityCheckThread:103 - End integrity checks thread
2024-01-25 12:35:24,418 [INFO] WebApp:161 - Instantiating new browser for Auth
2024-01-25 12:35:25,166 [INFO] WebApp:780 - Register for checkConnection events
2024-01-25 12:35:25,166 [INFO] WebApp:414 - Apply proxy settings
2024-01-25 12:35:25,166 [INFO] WebApp:499 - Chromium requires no authentication
2024-01-25 12:35:25,172 [INFO] WebApp:442 - Direct internet connection detected
2024-01-25 12:35:25,406 [INFO] WebApp:192 - Starting web application
2024-01-25 12:35:25,407 [INFO] WebApp:544 - Web application path used C:\ST\STM32CubeIDE_1.14.0\STM32CubeIDE\plugins\com.st.stm32cube.common.mx_6.10.0.202311202037\db\plugins\mcufinder\reactClient1\index.html
2024-01-25 12:35:46,798 [ERROR] LogOutputStream:75 - [STDERR_REDIRECT] SLF4J: Failed to load class "org.slf4j.impl.StaticLoggerBinder".
2024-01-25 12:35:46,800 [ERROR] LogOutputStream:75 - [STDERR_REDIRECT] SLF4J: Defaulting to no-operation (NOP) logger implementation
2024-01-25 12:35:46,802 [ERROR] LogOutputStream:75 - [STDERR_REDIRECT] SLF4J: See http://www.slf4j.org/codes.html#StaticLoggerBinder for further details.
2024-01-25 17:35:38,958 [ERROR] LogOutputStream:75 - [STDERR_REDIRECT] 
2024-01-25 17:35:38,960 [ERROR] LogOutputStream:75 - [STDERR_REDIRECT] 
