2024-01-29 10:23:00,505 [INFO] Activator:176 - 


2024-01-29 10:23:00,512 [INFO] Activator:177 - !SESSION log4j initialized
2024-01-29 10:23:18,671 [INFO] LogOutputStream:77 - [STDOUT_REDIRECT] 
2024-01-29 10:23:18,989 [ERROR] ConfigurationRetriever:142 - IOException on connection: sw-center.st.com
2024-01-29 10:23:18,989 [ERROR] ConfigurationRetriever:142 - IOException on connection: sw-center.st.com
2024-01-29 10:23:18,989 [ERROR] ConfigurationRetriever:142 - IOException on connection: sw-center.st.com
2024-01-29 10:23:18,999 [ERROR] ConfigurationRetriever:142 - IOException on connection: sw-center.st.com
2024-01-29 10:23:18,999 [ERROR] ConfigurationRetriever:142 - IOException on connection: sw-center.st.com
2024-01-29 10:23:18,999 [ERROR] ConfigurationRetriever:142 - IOException on connection: sw-center.st.com
2024-01-29 10:23:23,121 [INFO] ApplicationProperties:184 - Using Application install path: C:\ST\STM32CubeIDE_1.14.0\STM32CubeIDE\plugins\com.st.stm32cube.common.mx_6.10.0.202311202037
2024-01-29 10:23:23,148 [INFO] DbMcusXml:78 - Set database path to: C:\ST\STM32CubeIDE_1.14.0\STM32CubeIDE\plugins\com.st.stm32cube.common.mx_6.10.0.202311202037\\db\/mcu/
2024-01-29 10:23:23,148 [INFO] ApiDb:274 - Set plugin database path to: C:\ST\STM32CubeIDE_1.14.0\STM32CubeIDE\plugins\com.st.stm32cube.common.mx_6.10.0.202311202037\\db\/plugins/boardmanager/
2024-01-29 10:23:23,149 [WARN] ApiDb:259 - Overriding images path with different value:  => C:\ST\STM32CubeIDE_1.14.0\STM32CubeIDE\plugins\com.st.stm32cube.common.mx_6.10.0.202311202037\\db\/plugins/mcufinder/images/
2024-01-29 10:23:23,159 [INFO] ApiDb:250 - Set database path to: C:\Users\sudh1\.stmcufinder\plugins\mcufinder//mcu/
2024-01-29 10:23:23,159 [INFO] DbMcusAds:125 - Set database path to: C:\Users\sudh1\.stmcufinder\plugins\mcufinder//mcu/
2024-01-29 10:23:23,162 [INFO] CrossReferenceDbSqlite:203 - Set database path to: C:\Users\sudh1\.stmcufinder\plugins\mcufinder//mcu/cs/
2024-01-29 10:23:23,307 [INFO] RulesReader:64 - Compatibility file has been processed (297 Rules)
2024-01-29 10:23:23,397 [INFO] DbMcusXml:78 - Set database path to: C:\ST\STM32CubeIDE_1.14.0\STM32CubeIDE\plugins\com.st.stm32cube.common.mx_6.10.0.202311202037\\db\/mcu/
2024-01-29 10:23:23,397 [INFO] ApiDb:274 - Set plugin database path to: C:\ST\STM32CubeIDE_1.14.0\STM32CubeIDE\plugins\com.st.stm32cube.common.mx_6.10.0.202311202037\\db\/plugins/boardmanager/
2024-01-29 10:23:23,397 [INFO] ApiDb:261 - Set plugin images path to: C:\ST\STM32CubeIDE_1.14.0\STM32CubeIDE\plugins\com.st.stm32cube.common.mx_6.10.0.202311202037\\db\/plugins/mcufinder/images/
2024-01-29 10:23:23,397 [WARN] DbFile:41 - Overriding database path with different value: C:\Users\sudh1\.stmcufinder\plugins\mcufinder/ => C:\Users\sudh1\.stmcufinder\plugins\mcufinder
2024-01-29 10:23:23,398 [INFO] ApiDb:250 - Set database path to: C:\Users\sudh1\.stmcufinder\plugins\mcufinder//mcu/
2024-01-29 10:23:23,398 [WARN] DbFile:41 - Overriding database path with different value: C:\Users\sudh1\.stmcufinder\plugins\mcufinder/ => C:\Users\sudh1\.stmcufinder\plugins\mcufinder
2024-01-29 10:23:23,398 [INFO] DbMcusAds:125 - Set database path to: C:\Users\sudh1\.stmcufinder\plugins\mcufinder//mcu/
2024-01-29 10:23:23,398 [WARN] DbFile:41 - Overriding database path with different value: C:\Users\sudh1\.stmcufinder\plugins\mcufinder/ => C:\Users\sudh1\.stmcufinder\plugins\mcufinder
2024-01-29 10:23:23,398 [WARN] DbFile:41 - Overriding database path with different value: C:\Users\sudh1\.stmcufinder\plugins\mcufinder/ => C:\Users\sudh1\.stmcufinder\plugins\mcufinder
2024-01-29 10:23:23,398 [INFO] CrossReferenceDbSqlite:203 - Set database path to: C:\Users\sudh1\.stmcufinder\plugins\mcufinder//mcu/cs/
2024-01-29 10:23:23,479 [INFO] MainPanel:264 - HeapMemory: 268435456
2024-01-29 10:23:23,574 [INFO] DbMcusXml:78 - Set database path to: C:\ST\STM32CubeIDE_1.14.0\STM32CubeIDE\plugins\com.st.stm32cube.common.mx_6.10.0.202311202037\\db\/mcu/
2024-01-29 10:23:23,574 [INFO] ApiDb:274 - Set plugin database path to: C:\ST\STM32CubeIDE_1.14.0\STM32CubeIDE\plugins\com.st.stm32cube.common.mx_6.10.0.202311202037\\db\/plugins/boardmanager/
2024-01-29 10:23:23,574 [INFO] ApiDb:261 - Set plugin images path to: C:\ST\STM32CubeIDE_1.14.0\STM32CubeIDE\plugins\com.st.stm32cube.common.mx_6.10.0.202311202037\\db\/plugins/mcufinder/images/
2024-01-29 10:23:23,575 [WARN] DbFile:41 - Overriding database path with different value: C:\Users\sudh1\.stmcufinder\plugins\mcufinder/ => C:\Users\sudh1\.stmcufinder\plugins\mcufinder
2024-01-29 10:23:23,575 [INFO] ApiDb:250 - Set database path to: C:\Users\sudh1\.stmcufinder\plugins\mcufinder//mcu/
2024-01-29 10:23:23,575 [WARN] DbFile:41 - Overriding database path with different value: C:\Users\sudh1\.stmcufinder\plugins\mcufinder/ => C:\Users\sudh1\.stmcufinder\plugins\mcufinder
2024-01-29 10:23:23,575 [INFO] DbMcusAds:125 - Set database path to: C:\Users\sudh1\.stmcufinder\plugins\mcufinder//mcu/
2024-01-29 10:23:23,575 [WARN] DbFile:41 - Overriding database path with different value: C:\Users\sudh1\.stmcufinder\plugins\mcufinder/ => C:\Users\sudh1\.stmcufinder\plugins\mcufinder
2024-01-29 10:23:23,575 [WARN] DbFile:41 - Overriding database path with different value: C:\Users\sudh1\.stmcufinder\plugins\mcufinder/ => C:\Users\sudh1\.stmcufinder\plugins\mcufinder
2024-01-29 10:23:23,575 [INFO] CrossReferenceDbSqlite:203 - Set database path to: C:\Users\sudh1\.stmcufinder\plugins\mcufinder//mcu/cs/
2024-01-29 10:23:23,593 [INFO] ApplicationProperties:184 - Using Application install path: C:\ST\STM32CubeIDE_1.14.0\STM32CubeIDE\plugins\com.st.stm32cube.common.mx_6.10.0.202311202037
2024-01-29 10:23:23,595 [INFO] PluginManage:196 - Search for loadable plugins [exclusion list=, ]
2024-01-29 10:23:23,596 [INFO] PluginManage:310 - Check plugin analytics
2024-01-29 10:23:23,771 [INFO] AnalyticsPlugin:253 - Accepted Software Licenses: 
2024-01-29 10:23:23,771 [INFO] AnalyticsPlugin:255 - Accepted CMSIS Pack Licenses: 
2024-01-29 10:23:23,771 [INFO] AnalyticsPlugin:257 - Accepted Firmware Licenses: 
2024-01-29 10:23:23,774 [INFO] PluginManage:359 - Loaded plugin analytics (category:tool,tabindex:-1)
2024-01-29 10:23:23,774 [INFO] PluginManage:310 - Check plugin cadmodel
2024-01-29 10:23:23,774 [ERROR] ConfigurationRetriever:142 - IOException on connection: sw-center.st.com
2024-01-29 10:23:23,775 [ERROR] ConfigurationRetriever:142 - IOException on connection: sw-center.st.com
2024-01-29 10:23:23,775 [ERROR] ConfigurationRetriever:142 - IOException on connection: sw-center.st.com
2024-01-29 10:23:23,790 [INFO] CADModel:105 - Init CAD model plugin
2024-01-29 10:23:23,791 [INFO] PluginManage:359 - Loaded plugin cadmodel (category:power,tabindex:5)
2024-01-29 10:23:23,791 [INFO] PluginManage:310 - Check plugin clock
2024-01-29 10:23:23,817 [INFO] PluginManage:359 - Loaded plugin clock (category:base,tabindex:2)
2024-01-29 10:23:23,818 [INFO] PluginManage:310 - Check plugin ddr
2024-01-29 10:23:23,820 [INFO] PluginManage:359 - Loaded plugin ddr (category:tool,tabindex:6)
2024-01-29 10:23:23,821 [INFO] PluginManage:310 - Check plugin filemanager
2024-01-29 10:23:23,987 [INFO] PluginManage:359 - Loaded plugin filemanager (category:base,tabindex:10)
2024-01-29 10:23:23,988 [INFO] PluginManage:310 - Check plugin ipmanager
2024-01-29 10:23:23,998 [INFO] PluginManage:359 - Loaded plugin ipmanager (category:base,tabindex:5)
2024-01-29 10:23:23,998 [INFO] PluginManage:310 - Check plugin lpbam
2024-01-29 10:23:24,022 [INFO] PluginManage:359 - Loaded plugin lpbam (category:base,tabindex:0)
2024-01-29 10:23:24,022 [INFO] PluginManage:310 - Check plugin memorymap
2024-01-29 10:23:24,056 [INFO] PluginManage:359 - Loaded plugin memorymap (category:base,tabindex:4)
2024-01-29 10:23:24,056 [INFO] PluginManage:310 - Check plugin pinoutandconfiguration
2024-01-29 10:23:24,077 [INFO] PluginManage:359 - Loaded plugin pinoutandconfiguration (category:base,tabindex:1)
2024-01-29 10:23:24,078 [INFO] PluginManage:310 - Check plugin pinoutconfig
2024-01-29 10:23:24,183 [WARN] SupportedApi:132 - Cannot load RTOS API schema: s4s-elt-must-match.1: The content of 'definitions' must match (annotation?, (simpleType | complexType)?, (unique | key | keyref)*)). A problem was found starting at: attribute.
2024-01-29 10:23:24,328 [INFO] PluginManage:359 - Loaded plugin pinoutconfig (category:base,tabindex:0)
2024-01-29 10:23:24,328 [INFO] PluginManage:310 - Check plugin power
2024-01-29 10:23:24,350 [INFO] PluginManage:359 - Loaded plugin power (category:power,tabindex:4)
2024-01-29 10:23:24,350 [INFO] PluginManage:310 - Check plugin projectmanager
2024-01-29 10:23:24,366 [INFO] PluginManage:359 - Loaded plugin projectmanager (category:projectmanager,tabindex:3)
2024-01-29 10:23:24,366 [INFO] PluginManage:310 - Check plugin thirdparty
2024-01-29 10:23:24,652 [INFO] PluginManage:359 - Loaded plugin thirdparty (category:base,tabindex:-1)
2024-01-29 10:23:24,652 [WARN] IntegrityCheckThread:84 - waiting for thirdparty lock release [integrity check]
2024-01-29 10:23:24,652 [INFO] PluginManage:310 - Check plugin tools
2024-01-29 10:23:24,652 [INFO] IntegrityCheckThread:86 - entering critical section [integrity check]
2024-01-29 10:23:24,652 [INFO] ThirdPartyUpdaterWithRetryManager:70 - Updater plugin not ready yet. [1/15]
2024-01-29 10:23:24,690 [INFO] PluginManage:359 - Loaded plugin tools (category:base,tabindex:7)
2024-01-29 10:23:24,690 [INFO] PluginManage:310 - Check plugin tutovideos
2024-01-29 10:23:24,975 [INFO] PluginManage:359 - Loaded plugin tutovideos (category:base,tabindex:-1)
2024-01-29 10:23:24,975 [INFO] PluginManage:310 - Check plugin updater
2024-01-29 10:23:24,988 [INFO] PluginManage:359 - Loaded plugin updater (category:base,tabindex:12)
2024-01-29 10:23:24,988 [INFO] PluginManage:310 - Check plugin userauth
2024-01-29 10:23:24,995 [INFO] UserAuth:114 - Init User Auth plugin
2024-01-29 10:23:24,995 [INFO] PluginManage:359 - Loaded plugin userauth (category:base,tabindex:14)
2024-01-29 10:23:24,995 [INFO] PluginManage:283 - PluginManage : Loaded plugins [17]
2024-01-29 10:23:25,241 [INFO] PinOutPanel:1499 - setPackage(No Configuration,No Configuration)
2024-01-29 10:23:25,322 [INFO] CADModel:165 - CPN selected for project level
2024-01-29 10:23:25,323 [INFO] CADModel:114 - Register for checkConnection events
2024-01-29 10:23:25,358 [INFO] IPUIPlugin:80 - create IPUIPlugin
2024-01-29 10:23:25,358 [INFO] PluginManager:220 - loadIPPluginJar : add adc
2024-01-29 10:23:25,418 [INFO] IPUIPlugin:80 - create IPUIPlugin
2024-01-29 10:23:25,419 [INFO] PluginManager:220 - loadIPPluginJar : add aes
2024-01-29 10:23:25,482 [INFO] IPUIPlugin:80 - create IPUIPlugin
2024-01-29 10:23:25,482 [INFO] PluginManager:220 - loadIPPluginJar : add can
2024-01-29 10:23:25,506 [INFO] IPUIPlugin:80 - create IPUIPlugin
2024-01-29 10:23:25,507 [INFO] PluginManager:220 - loadIPPluginJar : add comp
2024-01-29 10:23:25,542 [INFO] IPUIPlugin:80 - create IPUIPlugin
2024-01-29 10:23:25,542 [INFO] PluginManager:220 - loadIPPluginJar : add cryp
2024-01-29 10:23:25,575 [INFO] IPUIPlugin:80 - create IPUIPlugin
2024-01-29 10:23:25,575 [INFO] PluginManager:220 - loadIPPluginJar : add dfsdm
2024-01-29 10:23:25,591 [INFO] IPUIPlugin:80 - create IPUIPlugin
2024-01-29 10:23:25,592 [INFO] PluginManager:220 - loadIPPluginJar : add dma
2024-01-29 10:23:25,637 [INFO] IPUIPlugin:80 - create IPUIPlugin
2024-01-29 10:23:25,637 [INFO] PluginManager:220 - loadIPPluginJar : add dma3
2024-01-29 10:23:25,659 [INFO] IPUIPlugin:80 - create IPUIPlugin
2024-01-29 10:23:25,659 [INFO] PluginManager:220 - loadIPPluginJar : add fatfs
2024-01-29 10:23:25,718 [INFO] IPUIPlugin:80 - create IPUIPlugin
2024-01-29 10:23:25,718 [INFO] PluginManager:220 - loadIPPluginJar : add fmc
2024-01-29 10:23:25,737 [INFO] IPUIPlugin:80 - create IPUIPlugin
2024-01-29 10:23:25,737 [INFO] PluginManager:220 - loadIPPluginJar : add freertos
2024-01-29 10:23:25,767 [INFO] IPUIPlugin:80 - create IPUIPlugin
2024-01-29 10:23:25,767 [INFO] PluginManager:220 - loadIPPluginJar : add genericplugin
2024-01-29 10:23:25,908 [INFO] IPUIPlugin:80 - create IPUIPlugin
2024-01-29 10:23:25,908 [INFO] PluginManager:220 - loadIPPluginJar : add gfxmmu
2024-01-29 10:23:26,044 [INFO] IPUIPlugin:80 - create IPUIPlugin
2024-01-29 10:23:26,044 [INFO] PluginManager:220 - loadIPPluginJar : add gic
2024-01-29 10:23:26,103 [INFO] IPUIPlugin:80 - create IPUIPlugin
2024-01-29 10:23:26,104 [INFO] PluginManager:220 - loadIPPluginJar : add gpio
2024-01-29 10:23:26,205 [INFO] IPUIPlugin:80 - create IPUIPlugin
2024-01-29 10:23:26,205 [INFO] PluginManager:220 - loadIPPluginJar : add gtzc
2024-01-29 10:23:26,246 [INFO] IPUIPlugin:80 - create IPUIPlugin
2024-01-29 10:23:26,246 [INFO] PluginManager:220 - loadIPPluginJar : add hash
2024-01-29 10:23:26,306 [INFO] IPUIPlugin:80 - create IPUIPlugin
2024-01-29 10:23:26,306 [INFO] PluginManager:220 - loadIPPluginJar : add i2c
2024-01-29 10:23:26,347 [INFO] IPUIPlugin:80 - create IPUIPlugin
2024-01-29 10:23:26,347 [INFO] PluginManager:220 - loadIPPluginJar : add i2s
2024-01-29 10:23:26,401 [INFO] IPUIPlugin:80 - create IPUIPlugin
2024-01-29 10:23:26,401 [INFO] PluginManager:220 - loadIPPluginJar : add i3c
2024-01-29 10:23:26,512 [INFO] IPUIPlugin:80 - create IPUIPlugin
2024-01-29 10:23:26,512 [INFO] PluginManager:220 - loadIPPluginJar : add ipddr
2024-01-29 10:23:26,666 [INFO] IPUIPlugin:80 - create IPUIPlugin
2024-01-29 10:23:26,666 [INFO] PluginManager:220 - loadIPPluginJar : add linkedlist
2024-01-29 10:23:26,705 [INFO] IPUIPlugin:80 - create IPUIPlugin
2024-01-29 10:23:26,705 [INFO] PluginManager:220 - loadIPPluginJar : add lorawan
2024-01-29 10:23:26,744 [INFO] IPUIPlugin:80 - create IPUIPlugin
2024-01-29 10:23:26,744 [INFO] PluginManager:220 - loadIPPluginJar : add ltdc
2024-01-29 10:23:26,760 [INFO] IPUIPlugin:80 - create IPUIPlugin
2024-01-29 10:23:26,760 [INFO] PluginManager:220 - loadIPPluginJar : add mdma
2024-01-29 10:23:26,776 [INFO] IPUIPlugin:80 - create IPUIPlugin
2024-01-29 10:23:26,776 [INFO] PluginManager:220 - loadIPPluginJar : add nvic
2024-01-29 10:23:26,822 [INFO] IPUIPlugin:80 - create IPUIPlugin
2024-01-29 10:23:26,823 [INFO] PluginManager:220 - loadIPPluginJar : add opamp
2024-01-29 10:23:26,884 [INFO] IPUIPlugin:80 - create IPUIPlugin
2024-01-29 10:23:26,885 [INFO] PluginManager:220 - loadIPPluginJar : add openamp
2024-01-29 10:23:26,940 [INFO] IPUIPlugin:80 - create IPUIPlugin
2024-01-29 10:23:26,940 [INFO] PluginManager:220 - loadIPPluginJar : add pdm2pcm
2024-01-29 10:23:26,964 [INFO] IPUIPlugin:80 - create IPUIPlugin
2024-01-29 10:23:26,967 [INFO] PluginManager:220 - loadIPPluginJar : add plateformsettings
2024-01-29 10:23:27,007 [INFO] IPUIPlugin:80 - create IPUIPlugin
2024-01-29 10:23:27,008 [INFO] PluginManager:220 - loadIPPluginJar : add quadspi
2024-01-29 10:23:27,025 [INFO] IPUIPlugin:80 - create IPUIPlugin
2024-01-29 10:23:27,025 [INFO] PluginManager:220 - loadIPPluginJar : add resmgrutility
2024-01-29 10:23:27,083 [INFO] IPUIPlugin:80 - create IPUIPlugin
2024-01-29 10:23:27,083 [INFO] PluginManager:220 - loadIPPluginJar : add sai
2024-01-29 10:23:27,131 [INFO] IPUIPlugin:80 - create IPUIPlugin
2024-01-29 10:23:27,131 [INFO] PluginManager:220 - loadIPPluginJar : add spi
2024-01-29 10:23:27,201 [INFO] IPUIPlugin:80 - create IPUIPlugin
2024-01-29 10:23:27,201 [INFO] PluginManager:220 - loadIPPluginJar : add stm32_wpan
2024-01-29 10:23:27,228 [INFO] IPUIPlugin:80 - create IPUIPlugin
2024-01-29 10:23:27,228 [INFO] PluginManager:220 - loadIPPluginJar : add tim
2024-01-29 10:23:27,292 [INFO] IPUIPlugin:80 - create IPUIPlugin
2024-01-29 10:23:27,292 [INFO] PluginManager:220 - loadIPPluginJar : add touchsensing
2024-01-29 10:23:27,325 [INFO] IPUIPlugin:80 - create IPUIPlugin
2024-01-29 10:23:27,325 [INFO] PluginManager:220 - loadIPPluginJar : add tracer_emb
2024-01-29 10:23:27,358 [INFO] IPUIPlugin:80 - create IPUIPlugin
2024-01-29 10:23:27,358 [INFO] PluginManager:220 - loadIPPluginJar : add ts
2024-01-29 10:23:27,382 [INFO] IPUIPlugin:80 - create IPUIPlugin
2024-01-29 10:23:27,382 [INFO] PluginManager:220 - loadIPPluginJar : add tsc
2024-01-29 10:23:27,410 [INFO] IPUIPlugin:80 - create IPUIPlugin
2024-01-29 10:23:27,410 [INFO] PluginManager:220 - loadIPPluginJar : add ucpd
2024-01-29 10:23:27,458 [INFO] IPUIPlugin:80 - create IPUIPlugin
2024-01-29 10:23:27,459 [INFO] PluginManager:220 - loadIPPluginJar : add usart
2024-01-29 10:23:27,520 [INFO] IPUIPlugin:80 - create IPUIPlugin
2024-01-29 10:23:27,520 [INFO] PluginManager:220 - loadIPPluginJar : add usbx
2024-01-29 10:23:27,653 [INFO] ThirdPartyUpdaterWithRetryManager:70 - Updater plugin not ready yet. [2/15]
2024-01-29 10:23:27,653 [INFO] CADModel:165 - CPN selected for project level
2024-01-29 10:23:27,653 [INFO] CADModel:114 - Register for checkConnection events
2024-01-29 10:23:27,654 [FATAL] Updater:308 - Updater called before beeing initialized
2024-01-29 10:23:27,654 [ERROR] CADModel:125 - Updater not yet initialized, retry later 
2024-01-29 10:23:27,842 [INFO] CADModel:165 - CPN selected for project level
2024-01-29 10:23:27,842 [INFO] CADModel:114 - Register for checkConnection events
2024-01-29 10:23:27,842 [FATAL] Updater:308 - Updater called before beeing initialized
2024-01-29 10:23:27,842 [ERROR] CADModel:125 - Updater not yet initialized, retry later 
2024-01-29 10:23:27,846 [FATAL] Updater:308 - Updater called before beeing initialized
2024-01-29 10:23:27,968 [FATAL] Updater:308 - Updater called before beeing initialized
2024-01-29 10:23:27,978 [INFO] DbMcusAds:53 - JSON generation date=Wed Nov 29 16:22:27 IST 2023 (1701255147200)
2024-01-29 10:23:27,979 [FATAL] Updater:308 - Updater called before beeing initialized
2024-01-29 10:23:28,102 [WARN] DetailPanel:346 - Failed to get advertising image, set to default
2024-01-29 10:23:28,205 [FATAL] Updater:308 - Updater called before beeing initialized
2024-01-29 10:23:28,208 [FATAL] Updater:308 - Updater called before beeing initialized
2024-01-29 10:23:28,208 [FATAL] Updater:308 - Updater called before beeing initialized
2024-01-29 10:23:28,208 [WARN] DetailPanel:346 - Failed to get advertising image, set to default
2024-01-29 10:23:28,209 [FATAL] Updater:308 - Updater called before beeing initialized
2024-01-29 10:23:28,292 [ERROR] Updater:1120 - MainUpdater not yet initialized. External WinMGr cannot be set.
2024-01-29 10:23:28,304 [INFO] Updater:1056 - Updater Version found : 6.10.0
2024-01-29 10:23:28,328 [INFO] ApplicationProperties:184 - Using Application install path: C:\ST\STM32CubeIDE_1.14.0\STM32CubeIDE\plugins\com.st.stm32cube.common.mx_6.10.0.202311202037
2024-01-29 10:23:29,944 [ERROR] LogOutputStream:75 - [STDERR_REDIRECT] Jan 29, 2024 10:23:29 AM java.util.prefs.WindowsPreferences <init>
2024-01-29 10:23:29,949 [ERROR] LogOutputStream:75 - [STDERR_REDIRECT] WARNING: Could not open/create prefs root node Software\JavaSoft\Prefs at root 0xffffffff80000002. Windows RegCreateKeyEx(...) returned error code 5.
2024-01-29 10:23:29,949 [ERROR] LogOutputStream:75 - [STDERR_REDIRECT] 
2024-01-29 10:23:30,654 [FATAL] Updater:308 - Updater called before beeing initialized
2024-01-29 10:23:30,655 [ERROR] IntegrityCheckThread:130 - Cannot retrieve database content from updater: error 21
2024-01-29 10:23:30,655 [INFO] ThirdParty:978 - Integrity check success = false
2024-01-29 10:23:30,656 [INFO] IntegrityCheckThread:100 - exiting critical section [integrity check]
2024-01-29 10:23:30,656 [INFO] IntegrityCheckThread:103 - End integrity checks thread
2024-01-29 10:23:42,247 [INFO] MainUpdater:2873 - connection check result : 22
2024-01-29 10:23:42,248 [INFO] MainUpdater:290 - Updater Check For Update Now.
2024-01-29 10:23:42,248 [INFO] MicroXplorer:498 - Change Database Version : DB.6.0.100
2024-01-29 10:23:42,280 [INFO] McuFinderGlobals:63 - Set McuFinder mode to 2 (CubeIDE integrated)
2024-01-29 10:23:42,281 [INFO] UserAuth:180 - activating auth plugin
2024-01-29 10:23:42,285 [INFO] UserAuth:404 - Internet connection configuration mode: 2
2024-01-29 10:23:42,309 [INFO] UserAuth:404 - Internet connection configuration mode: 2
2024-01-29 10:23:42,491 [INFO] CheckServerUpdateThread:120 - End of CheckServer Thread
2024-01-29 10:24:03,227 [ERROR] LogOutputStream:75 - [STDERR_REDIRECT] SLF4J: Failed to load class "org.slf4j.impl.StaticLoggerBinder".
2024-01-29 10:24:03,228 [ERROR] LogOutputStream:75 - [STDERR_REDIRECT] SLF4J: Defaulting to no-operation (NOP) logger implementation
2024-01-29 10:24:03,230 [ERROR] LogOutputStream:75 - [STDERR_REDIRECT] SLF4J: See http://www.slf4j.org/codes.html#StaticLoggerBinder for further details.
2024-01-29 17:02:31,521 [ERROR] ConfigurationRetriever:142 - IOException on connection: sw-center.st.com
2024-01-29 17:02:31,525 [ERROR] ConfigurationRetriever:142 - IOException on connection: sw-center.st.com
2024-01-29 17:02:31,526 [ERROR] ConfigurationRetriever:142 - IOException on connection: sw-center.st.com
2024-01-29 17:02:32,505 [ERROR] LogOutputStream:75 - [STDERR_REDIRECT] 
