2023-12-21 09:40:24,739 [INFO] Activator:176 - 


2023-12-21 09:40:24,741 [INFO] Activator:177 - !SESSION log4j initialized
2023-12-21 09:40:27,131 [INFO] LogOutputStream:77 - [STDOUT_REDIRECT] 
2023-12-21 09:40:28,989 [INFO] ApplicationProperties:184 - Using Application install path: C:\ST\STM32CubeIDE_1.14.0\STM32CubeIDE\plugins\com.st.stm32cube.common.mx_6.10.0.202311202037
2023-12-21 09:40:29,009 [INFO] DbMcusXml:78 - Set database path to: C:\ST\STM32CubeIDE_1.14.0\STM32CubeIDE\plugins\com.st.stm32cube.common.mx_6.10.0.202311202037\\db\/mcu/
2023-12-21 09:40:29,010 [INFO] ApiDb:274 - Set plugin database path to: C:\ST\STM32CubeIDE_1.14.0\STM32CubeIDE\plugins\com.st.stm32cube.common.mx_6.10.0.202311202037\\db\/plugins/boardmanager/
2023-12-21 09:40:29,017 [WARN] ApiDb:259 - Overriding images path with different value:  => C:\ST\STM32CubeIDE_1.14.0\STM32CubeIDE\plugins\com.st.stm32cube.common.mx_6.10.0.202311202037\\db\/plugins/mcufinder/images/
2023-12-21 09:40:29,025 [INFO] ApiDb:250 - Set database path to: C:\Users\sudh1\.stmcufinder\plugins\mcufinder//mcu/
2023-12-21 09:40:29,026 [INFO] DbMcusAds:125 - Set database path to: C:\Users\sudh1\.stmcufinder\plugins\mcufinder//mcu/
2023-12-21 09:40:29,029 [INFO] CrossReferenceDbSqlite:203 - Set database path to: C:\Users\sudh1\.stmcufinder\plugins\mcufinder//mcu/cs/
2023-12-21 09:40:29,166 [INFO] RulesReader:64 - Compatibility file has been processed (297 Rules)
2023-12-21 09:40:29,300 [INFO] DbMcusXml:78 - Set database path to: C:\ST\STM32CubeIDE_1.14.0\STM32CubeIDE\plugins\com.st.stm32cube.common.mx_6.10.0.202311202037\\db\/mcu/
2023-12-21 09:40:29,301 [INFO] ApiDb:274 - Set plugin database path to: C:\ST\STM32CubeIDE_1.14.0\STM32CubeIDE\plugins\com.st.stm32cube.common.mx_6.10.0.202311202037\\db\/plugins/boardmanager/
2023-12-21 09:40:29,301 [INFO] ApiDb:261 - Set plugin images path to: C:\ST\STM32CubeIDE_1.14.0\STM32CubeIDE\plugins\com.st.stm32cube.common.mx_6.10.0.202311202037\\db\/plugins/mcufinder/images/
2023-12-21 09:40:29,301 [WARN] DbFile:41 - Overriding database path with different value: C:\Users\sudh1\.stmcufinder\plugins\mcufinder/ => C:\Users\sudh1\.stmcufinder\plugins\mcufinder
2023-12-21 09:40:29,301 [INFO] ApiDb:250 - Set database path to: C:\Users\sudh1\.stmcufinder\plugins\mcufinder//mcu/
2023-12-21 09:40:29,301 [WARN] DbFile:41 - Overriding database path with different value: C:\Users\sudh1\.stmcufinder\plugins\mcufinder/ => C:\Users\sudh1\.stmcufinder\plugins\mcufinder
2023-12-21 09:40:29,301 [INFO] DbMcusAds:125 - Set database path to: C:\Users\sudh1\.stmcufinder\plugins\mcufinder//mcu/
2023-12-21 09:40:29,302 [WARN] DbFile:41 - Overriding database path with different value: C:\Users\sudh1\.stmcufinder\plugins\mcufinder/ => C:\Users\sudh1\.stmcufinder\plugins\mcufinder
2023-12-21 09:40:29,302 [WARN] DbFile:41 - Overriding database path with different value: C:\Users\sudh1\.stmcufinder\plugins\mcufinder/ => C:\Users\sudh1\.stmcufinder\plugins\mcufinder
2023-12-21 09:40:29,302 [INFO] CrossReferenceDbSqlite:203 - Set database path to: C:\Users\sudh1\.stmcufinder\plugins\mcufinder//mcu/cs/
2023-12-21 09:40:29,382 [INFO] MainPanel:264 - HeapMemory: 268435456
2023-12-21 09:40:29,463 [INFO] DbMcusXml:78 - Set database path to: C:\ST\STM32CubeIDE_1.14.0\STM32CubeIDE\plugins\com.st.stm32cube.common.mx_6.10.0.202311202037\\db\/mcu/
2023-12-21 09:40:29,464 [INFO] ApiDb:274 - Set plugin database path to: C:\ST\STM32CubeIDE_1.14.0\STM32CubeIDE\plugins\com.st.stm32cube.common.mx_6.10.0.202311202037\\db\/plugins/boardmanager/
2023-12-21 09:40:29,464 [INFO] ApiDb:261 - Set plugin images path to: C:\ST\STM32CubeIDE_1.14.0\STM32CubeIDE\plugins\com.st.stm32cube.common.mx_6.10.0.202311202037\\db\/plugins/mcufinder/images/
2023-12-21 09:40:29,464 [WARN] DbFile:41 - Overriding database path with different value: C:\Users\sudh1\.stmcufinder\plugins\mcufinder/ => C:\Users\sudh1\.stmcufinder\plugins\mcufinder
2023-12-21 09:40:29,464 [INFO] ApiDb:250 - Set database path to: C:\Users\sudh1\.stmcufinder\plugins\mcufinder//mcu/
2023-12-21 09:40:29,464 [WARN] DbFile:41 - Overriding database path with different value: C:\Users\sudh1\.stmcufinder\plugins\mcufinder/ => C:\Users\sudh1\.stmcufinder\plugins\mcufinder
2023-12-21 09:40:29,465 [INFO] DbMcusAds:125 - Set database path to: C:\Users\sudh1\.stmcufinder\plugins\mcufinder//mcu/
2023-12-21 09:40:29,465 [WARN] DbFile:41 - Overriding database path with different value: C:\Users\sudh1\.stmcufinder\plugins\mcufinder/ => C:\Users\sudh1\.stmcufinder\plugins\mcufinder
2023-12-21 09:40:29,465 [WARN] DbFile:41 - Overriding database path with different value: C:\Users\sudh1\.stmcufinder\plugins\mcufinder/ => C:\Users\sudh1\.stmcufinder\plugins\mcufinder
2023-12-21 09:40:29,465 [INFO] CrossReferenceDbSqlite:203 - Set database path to: C:\Users\sudh1\.stmcufinder\plugins\mcufinder//mcu/cs/
2023-12-21 09:40:29,483 [INFO] ApplicationProperties:184 - Using Application install path: C:\ST\STM32CubeIDE_1.14.0\STM32CubeIDE\plugins\com.st.stm32cube.common.mx_6.10.0.202311202037
2023-12-21 09:40:29,485 [INFO] PluginManage:196 - Search for loadable plugins [exclusion list=, ]
2023-12-21 09:40:29,486 [INFO] PluginManage:310 - Check plugin analytics
2023-12-21 09:40:29,671 [INFO] AnalyticsPlugin:253 - Accepted Software Licenses: 
2023-12-21 09:40:29,671 [INFO] AnalyticsPlugin:255 - Accepted CMSIS Pack Licenses: 
2023-12-21 09:40:29,671 [INFO] AnalyticsPlugin:257 - Accepted Firmware Licenses: 
2023-12-21 09:40:29,674 [INFO] PluginManage:359 - Loaded plugin analytics (category:tool,tabindex:-1)
2023-12-21 09:40:29,675 [INFO] PluginManage:310 - Check plugin cadmodel
2023-12-21 09:40:29,682 [INFO] CADModel:105 - Init CAD model plugin
2023-12-21 09:40:29,682 [INFO] PluginManage:359 - Loaded plugin cadmodel (category:power,tabindex:5)
2023-12-21 09:40:29,683 [INFO] PluginManage:310 - Check plugin clock
2023-12-21 09:40:29,691 [INFO] PluginManage:359 - Loaded plugin clock (category:base,tabindex:2)
2023-12-21 09:40:29,692 [INFO] PluginManage:310 - Check plugin ddr
2023-12-21 09:40:29,694 [INFO] PluginManage:359 - Loaded plugin ddr (category:tool,tabindex:6)
2023-12-21 09:40:29,694 [INFO] PluginManage:310 - Check plugin filemanager
2023-12-21 09:40:29,910 [INFO] PluginManage:359 - Loaded plugin filemanager (category:base,tabindex:10)
2023-12-21 09:40:29,910 [INFO] PluginManage:310 - Check plugin ipmanager
2023-12-21 09:40:29,918 [INFO] PluginManage:359 - Loaded plugin ipmanager (category:base,tabindex:5)
2023-12-21 09:40:29,918 [INFO] PluginManage:310 - Check plugin lpbam
2023-12-21 09:40:29,926 [INFO] PluginManage:359 - Loaded plugin lpbam (category:base,tabindex:0)
2023-12-21 09:40:29,927 [INFO] PluginManage:310 - Check plugin memorymap
2023-12-21 09:40:29,939 [INFO] PluginManage:359 - Loaded plugin memorymap (category:base,tabindex:4)
2023-12-21 09:40:29,939 [INFO] PluginManage:310 - Check plugin pinoutandconfiguration
2023-12-21 09:40:29,944 [INFO] PluginManage:359 - Loaded plugin pinoutandconfiguration (category:base,tabindex:1)
2023-12-21 09:40:29,945 [INFO] PluginManage:310 - Check plugin pinoutconfig
2023-12-21 09:40:30,063 [WARN] SupportedApi:132 - Cannot load RTOS API schema: s4s-elt-must-match.1: The content of 'definitions' must match (annotation?, (simpleType | complexType)?, (unique | key | keyref)*)). A problem was found starting at: attribute.
2023-12-21 09:40:30,262 [INFO] PluginManage:359 - Loaded plugin pinoutconfig (category:base,tabindex:0)
2023-12-21 09:40:30,264 [INFO] PluginManage:310 - Check plugin power
2023-12-21 09:40:30,271 [INFO] PluginManage:359 - Loaded plugin power (category:power,tabindex:4)
2023-12-21 09:40:30,272 [INFO] PluginManage:310 - Check plugin projectmanager
2023-12-21 09:40:30,285 [INFO] PluginManage:359 - Loaded plugin projectmanager (category:projectmanager,tabindex:3)
2023-12-21 09:40:30,286 [INFO] PluginManage:310 - Check plugin thirdparty
2023-12-21 09:40:30,398 [INFO] PluginManage:359 - Loaded plugin thirdparty (category:base,tabindex:-1)
2023-12-21 09:40:30,399 [INFO] PluginManage:310 - Check plugin tools
2023-12-21 09:40:30,398 [WARN] IntegrityCheckThread:84 - waiting for thirdparty lock release [integrity check]
2023-12-21 09:40:30,399 [INFO] IntegrityCheckThread:86 - entering critical section [integrity check]
2023-12-21 09:40:30,400 [INFO] ThirdPartyUpdaterWithRetryManager:70 - Updater plugin not ready yet. [1/15]
2023-12-21 09:40:30,402 [INFO] PluginManage:359 - Loaded plugin tools (category:base,tabindex:7)
2023-12-21 09:40:30,402 [INFO] PluginManage:310 - Check plugin tutovideos
2023-12-21 09:40:30,564 [INFO] PluginManage:359 - Loaded plugin tutovideos (category:base,tabindex:-1)
2023-12-21 09:40:30,564 [INFO] PluginManage:310 - Check plugin updater
2023-12-21 09:40:30,578 [INFO] PluginManage:359 - Loaded plugin updater (category:base,tabindex:12)
2023-12-21 09:40:30,578 [INFO] PluginManage:310 - Check plugin userauth
2023-12-21 09:40:30,584 [INFO] UserAuth:114 - Init User Auth plugin
2023-12-21 09:40:30,584 [INFO] PluginManage:359 - Loaded plugin userauth (category:base,tabindex:14)
2023-12-21 09:40:30,584 [INFO] PluginManage:283 - PluginManage : Loaded plugins [17]
2023-12-21 09:40:30,849 [INFO] PinOutPanel:1499 - setPackage(No Configuration,No Configuration)
2023-12-21 09:40:30,933 [INFO] CADModel:165 - CPN selected for project level
2023-12-21 09:40:30,933 [INFO] CADModel:114 - Register for checkConnection events
2023-12-21 09:40:30,962 [INFO] IPUIPlugin:80 - create IPUIPlugin
2023-12-21 09:40:30,963 [INFO] PluginManager:220 - loadIPPluginJar : add adc
2023-12-21 09:40:30,968 [INFO] IPUIPlugin:80 - create IPUIPlugin
2023-12-21 09:40:30,968 [INFO] PluginManager:220 - loadIPPluginJar : add aes
2023-12-21 09:40:30,972 [INFO] IPUIPlugin:80 - create IPUIPlugin
2023-12-21 09:40:30,972 [INFO] PluginManager:220 - loadIPPluginJar : add can
2023-12-21 09:40:30,974 [INFO] IPUIPlugin:80 - create IPUIPlugin
2023-12-21 09:40:30,976 [INFO] PluginManager:220 - loadIPPluginJar : add comp
2023-12-21 09:40:30,978 [INFO] IPUIPlugin:80 - create IPUIPlugin
2023-12-21 09:40:30,978 [INFO] PluginManager:220 - loadIPPluginJar : add cryp
2023-12-21 09:40:30,983 [INFO] IPUIPlugin:80 - create IPUIPlugin
2023-12-21 09:40:30,984 [INFO] PluginManager:220 - loadIPPluginJar : add dfsdm
2023-12-21 09:40:30,992 [INFO] IPUIPlugin:80 - create IPUIPlugin
2023-12-21 09:40:30,993 [INFO] PluginManager:220 - loadIPPluginJar : add dma
2023-12-21 09:40:30,995 [INFO] IPUIPlugin:80 - create IPUIPlugin
2023-12-21 09:40:30,995 [INFO] PluginManager:220 - loadIPPluginJar : add dma3
2023-12-21 09:40:30,998 [INFO] IPUIPlugin:80 - create IPUIPlugin
2023-12-21 09:40:30,998 [INFO] PluginManager:220 - loadIPPluginJar : add fatfs
2023-12-21 09:40:31,006 [INFO] IPUIPlugin:80 - create IPUIPlugin
2023-12-21 09:40:31,006 [INFO] PluginManager:220 - loadIPPluginJar : add fmc
2023-12-21 09:40:31,012 [INFO] IPUIPlugin:80 - create IPUIPlugin
2023-12-21 09:40:31,013 [INFO] PluginManager:220 - loadIPPluginJar : add freertos
2023-12-21 09:40:31,015 [INFO] IPUIPlugin:80 - create IPUIPlugin
2023-12-21 09:40:31,015 [INFO] PluginManager:220 - loadIPPluginJar : add genericplugin
2023-12-21 09:40:31,019 [INFO] IPUIPlugin:80 - create IPUIPlugin
2023-12-21 09:40:31,019 [INFO] PluginManager:220 - loadIPPluginJar : add gfxmmu
2023-12-21 09:40:31,028 [INFO] IPUIPlugin:80 - create IPUIPlugin
2023-12-21 09:40:31,028 [INFO] PluginManager:220 - loadIPPluginJar : add gic
2023-12-21 09:40:31,034 [INFO] IPUIPlugin:80 - create IPUIPlugin
2023-12-21 09:40:31,034 [INFO] PluginManager:220 - loadIPPluginJar : add gpio
2023-12-21 09:40:31,038 [INFO] IPUIPlugin:80 - create IPUIPlugin
2023-12-21 09:40:31,038 [INFO] PluginManager:220 - loadIPPluginJar : add gtzc
2023-12-21 09:40:31,040 [INFO] IPUIPlugin:80 - create IPUIPlugin
2023-12-21 09:40:31,040 [INFO] PluginManager:220 - loadIPPluginJar : add hash
2023-12-21 09:40:31,043 [INFO] IPUIPlugin:80 - create IPUIPlugin
2023-12-21 09:40:31,043 [INFO] PluginManager:220 - loadIPPluginJar : add i2c
2023-12-21 09:40:31,046 [INFO] IPUIPlugin:80 - create IPUIPlugin
2023-12-21 09:40:31,046 [INFO] PluginManager:220 - loadIPPluginJar : add i2s
2023-12-21 09:40:31,050 [INFO] IPUIPlugin:80 - create IPUIPlugin
2023-12-21 09:40:31,050 [INFO] PluginManager:220 - loadIPPluginJar : add i3c
2023-12-21 09:40:31,054 [INFO] IPUIPlugin:80 - create IPUIPlugin
2023-12-21 09:40:31,054 [INFO] PluginManager:220 - loadIPPluginJar : add ipddr
2023-12-21 09:40:31,062 [INFO] IPUIPlugin:80 - create IPUIPlugin
2023-12-21 09:40:31,062 [INFO] PluginManager:220 - loadIPPluginJar : add linkedlist
2023-12-21 09:40:31,066 [INFO] IPUIPlugin:80 - create IPUIPlugin
2023-12-21 09:40:31,067 [INFO] PluginManager:220 - loadIPPluginJar : add lorawan
2023-12-21 09:40:31,069 [INFO] IPUIPlugin:80 - create IPUIPlugin
2023-12-21 09:40:31,069 [INFO] PluginManager:220 - loadIPPluginJar : add ltdc
2023-12-21 09:40:31,075 [INFO] IPUIPlugin:80 - create IPUIPlugin
2023-12-21 09:40:31,076 [INFO] PluginManager:220 - loadIPPluginJar : add mdma
2023-12-21 09:40:31,080 [INFO] IPUIPlugin:80 - create IPUIPlugin
2023-12-21 09:40:31,080 [INFO] PluginManager:220 - loadIPPluginJar : add nvic
2023-12-21 09:40:31,085 [INFO] IPUIPlugin:80 - create IPUIPlugin
2023-12-21 09:40:31,085 [INFO] PluginManager:220 - loadIPPluginJar : add opamp
2023-12-21 09:40:31,089 [INFO] IPUIPlugin:80 - create IPUIPlugin
2023-12-21 09:40:31,089 [INFO] PluginManager:220 - loadIPPluginJar : add openamp
2023-12-21 09:40:31,093 [INFO] IPUIPlugin:80 - create IPUIPlugin
2023-12-21 09:40:31,093 [INFO] PluginManager:220 - loadIPPluginJar : add pdm2pcm
2023-12-21 09:40:31,102 [INFO] IPUIPlugin:80 - create IPUIPlugin
2023-12-21 09:40:31,105 [INFO] PluginManager:220 - loadIPPluginJar : add plateformsettings
2023-12-21 09:40:31,106 [INFO] IPUIPlugin:80 - create IPUIPlugin
2023-12-21 09:40:31,107 [INFO] PluginManager:220 - loadIPPluginJar : add quadspi
2023-12-21 09:40:31,110 [INFO] IPUIPlugin:80 - create IPUIPlugin
2023-12-21 09:40:31,110 [INFO] PluginManager:220 - loadIPPluginJar : add resmgrutility
2023-12-21 09:40:31,114 [INFO] IPUIPlugin:80 - create IPUIPlugin
2023-12-21 09:40:31,114 [INFO] PluginManager:220 - loadIPPluginJar : add sai
2023-12-21 09:40:31,118 [INFO] IPUIPlugin:80 - create IPUIPlugin
2023-12-21 09:40:31,118 [INFO] PluginManager:220 - loadIPPluginJar : add spi
2023-12-21 09:40:31,124 [INFO] IPUIPlugin:80 - create IPUIPlugin
2023-12-21 09:40:31,124 [INFO] PluginManager:220 - loadIPPluginJar : add stm32_wpan
2023-12-21 09:40:31,126 [INFO] IPUIPlugin:80 - create IPUIPlugin
2023-12-21 09:40:31,126 [INFO] PluginManager:220 - loadIPPluginJar : add tim
2023-12-21 09:40:31,129 [INFO] IPUIPlugin:80 - create IPUIPlugin
2023-12-21 09:40:31,129 [INFO] PluginManager:220 - loadIPPluginJar : add touchsensing
2023-12-21 09:40:31,132 [INFO] IPUIPlugin:80 - create IPUIPlugin
2023-12-21 09:40:31,132 [INFO] PluginManager:220 - loadIPPluginJar : add tracer_emb
2023-12-21 09:40:31,135 [INFO] IPUIPlugin:80 - create IPUIPlugin
2023-12-21 09:40:31,135 [INFO] PluginManager:220 - loadIPPluginJar : add ts
2023-12-21 09:40:31,137 [INFO] IPUIPlugin:80 - create IPUIPlugin
2023-12-21 09:40:31,137 [INFO] PluginManager:220 - loadIPPluginJar : add tsc
2023-12-21 09:40:31,139 [INFO] IPUIPlugin:80 - create IPUIPlugin
2023-12-21 09:40:31,139 [INFO] PluginManager:220 - loadIPPluginJar : add ucpd
2023-12-21 09:40:31,143 [INFO] IPUIPlugin:80 - create IPUIPlugin
2023-12-21 09:40:31,143 [INFO] PluginManager:220 - loadIPPluginJar : add usart
2023-12-21 09:40:31,145 [INFO] IPUIPlugin:80 - create IPUIPlugin
2023-12-21 09:40:31,146 [INFO] PluginManager:220 - loadIPPluginJar : add usbx
2023-12-21 09:40:31,326 [INFO] CADModel:165 - CPN selected for project level
2023-12-21 09:40:31,326 [INFO] CADModel:114 - Register for checkConnection events
2023-12-21 09:40:31,327 [FATAL] Updater:308 - Updater called before beeing initialized
2023-12-21 09:40:31,327 [ERROR] CADModel:125 - Updater not yet initialized, retry later 
2023-12-21 09:40:31,563 [INFO] CADModel:165 - CPN selected for project level
2023-12-21 09:40:31,564 [INFO] CADModel:114 - Register for checkConnection events
2023-12-21 09:40:31,564 [FATAL] Updater:308 - Updater called before beeing initialized
2023-12-21 09:40:31,564 [ERROR] CADModel:125 - Updater not yet initialized, retry later 
2023-12-21 09:40:31,569 [FATAL] Updater:308 - Updater called before beeing initialized
2023-12-21 09:40:31,715 [FATAL] Updater:308 - Updater called before beeing initialized
2023-12-21 09:40:31,721 [INFO] DbMcusAds:53 - JSON generation date=Thu Sep 30 12:25:09 IST 2021 (1632984909247)
2023-12-21 09:40:31,721 [FATAL] Updater:308 - Updater called before beeing initialized
2023-12-21 09:40:31,757 [WARN] DetailPanel:346 - Failed to get advertising image, set to default
2023-12-21 09:40:31,844 [FATAL] Updater:308 - Updater called before beeing initialized
2023-12-21 09:40:31,845 [FATAL] Updater:308 - Updater called before beeing initialized
2023-12-21 09:40:31,845 [FATAL] Updater:308 - Updater called before beeing initialized
2023-12-21 09:40:31,845 [WARN] DetailPanel:346 - Failed to get advertising image, set to default
2023-12-21 09:40:31,846 [FATAL] Updater:308 - Updater called before beeing initialized
2023-12-21 09:40:31,903 [ERROR] Updater:1120 - MainUpdater not yet initialized. External WinMGr cannot be set.
2023-12-21 09:40:31,907 [INFO] Updater:1056 - Updater Version found : 6.10.0
2023-12-21 09:40:31,929 [INFO] ApplicationProperties:184 - Using Application install path: C:\ST\STM32CubeIDE_1.14.0\STM32CubeIDE\plugins\com.st.stm32cube.common.mx_6.10.0.202311202037
2023-12-21 09:40:33,401 [INFO] ThirdPartyUpdaterWithRetryManager:70 - Updater plugin not ready yet. [2/15]
2023-12-21 09:40:33,516 [ERROR] LogOutputStream:75 - [STDERR_REDIRECT] Dec 21, 2023 9:40:33 AM java.util.prefs.WindowsPreferences <init>
2023-12-21 09:40:33,521 [ERROR] LogOutputStream:75 - [STDERR_REDIRECT] WARNING: Could not open/create prefs root node Software\JavaSoft\Prefs at root 0xffffffff80000002. Windows RegCreateKeyEx(...) returned error code 5.
2023-12-21 09:40:33,521 [ERROR] LogOutputStream:75 - [STDERR_REDIRECT] 
2023-12-21 09:40:33,817 [INFO] MainUpdater:2873 - connection check result : 10
2023-12-21 09:40:33,818 [INFO] MainUpdater:290 - Updater Check For Update Now.
2023-12-21 09:40:33,818 [INFO] MicroXplorer:498 - Change Database Version : DB.6.0.100
2023-12-21 09:40:33,830 [INFO] McuFinderGlobals:63 - Set McuFinder mode to 2 (CubeIDE integrated)
2023-12-21 09:40:33,830 [INFO] UserAuth:180 - activating auth plugin
2023-12-21 09:40:33,834 [INFO] UserAuth:404 - Internet connection configuration mode: 1
2023-12-21 09:40:33,855 [INFO] JxBrowserEngine:152 - Initiate JxBrowser Engine with user profile folder
2023-12-21 09:40:34,058 [INFO] CheckServerUpdateThread:120 - End of CheckServer Thread
2023-12-21 09:40:34,668 [INFO] WebApp:161 - Instantiating new browser for Auth
2023-12-21 09:40:35,314 [INFO] WebApp:780 - Register for checkConnection events
2023-12-21 09:40:35,315 [INFO] WebApp:414 - Apply proxy settings
2023-12-21 09:40:35,315 [INFO] WebApp:499 - Chromium requires no authentication
2023-12-21 09:40:35,322 [INFO] WebApp:442 - Direct internet connection detected
2023-12-21 09:40:35,530 [INFO] WebApp:192 - Starting web application
2023-12-21 09:40:35,530 [INFO] WebApp:544 - Web application path used C:\ST\STM32CubeIDE_1.14.0\STM32CubeIDE\plugins\com.st.stm32cube.common.mx_6.10.0.202311202037\db\plugins\mcufinder\reactClient1\index.html
2023-12-21 09:40:36,594 [WARN] PackLoader:240 - Cannot read IP mode file for STMicroelectronics.X-CUBE-SMBUS.2.1.0
2023-12-21 09:40:36,607 [WARN] PackLoader:240 - Cannot read IP mode file for STMicroelectronics.X-CUBE-TOUCHGFX.4.23.0
2023-12-21 09:40:36,653 [WARN] PackLoader:240 - Cannot read IP mode file for STMicroelectronics.X-CUBE-AZRTOS-F7.1.1.0
2023-12-21 09:40:36,672 [WARN] PackLoader:240 - Cannot read IP mode file for STMicroelectronics.FP-SNS-MOTENV1.4.3.2
2023-12-21 09:40:36,689 [WARN] PackLoader:240 - Cannot read IP mode file for STMicroelectronics.X-CUBE-BLE1.6.2.4
2023-12-21 09:40:36,732 [WARN] PackLoader:240 - Cannot read IP mode file for STMicroelectronics.FP-SNS-FLIGHT1.5.0.2
2023-12-21 09:40:36,749 [WARN] PackLoader:240 - Cannot read IP mode file for STMicroelectronics.X-CUBE-DISPLAY.3.0.0
2023-12-21 09:40:36,771 [WARN] PackLoader:240 - Cannot read IP mode file for STMicroelectronics.X-CUBE-BLE1.7.0.0
2023-12-21 09:40:36,777 [WARN] PackLoader:240 - Cannot read IP mode file for STMicroelectronics.FP-SNS-SMARTAG2.1.2.0
2023-12-21 09:40:36,790 [INFO] LogOutputStream:77 - [STDOUT_REDIRECT] 1 : Invalid condition id : UX_CORESTACK_Condition cause : null
2023-12-21 09:40:36,792 [INFO] LogOutputStream:77 - [STDOUT_REDIRECT] 1 : Invalid condition id : UX_CORESTACK_Condition cause : null
2023-12-21 09:40:36,793 [INFO] LogOutputStream:77 - [STDOUT_REDIRECT] 1 : Invalid condition id : UX_CORESTACK_Condition cause : null
2023-12-21 09:40:36,795 [INFO] LogOutputStream:77 - [STDOUT_REDIRECT] 1 : Invalid condition id : UX_CORESTACK_Condition cause : null
2023-12-21 09:40:36,796 [INFO] LogOutputStream:77 - [STDOUT_REDIRECT] 1 : Invalid condition id : UX_CORESTACK_Condition cause : null
2023-12-21 09:40:36,804 [WARN] PackLoader:240 - Cannot read IP mode file for STMicroelectronics.X-CUBE-AZRTOS-WL.2.0.0
2023-12-21 09:40:36,816 [WARN] PackLoader:240 - Cannot read IP mode file for WES.I-CUBE-Cesium.1.3.0
2023-12-21 09:40:36,822 [WARN] PackLoader:240 - Cannot read IP mode file for STMicroelectronics.X-CUBE-BLE2.3.3.0
2023-12-21 09:40:36,837 [WARN] PackLoader:240 - Cannot read IP mode file for STMicroelectronics.X-CUBE-TOF1.3.2.0
2023-12-21 09:40:36,848 [WARN] PackLoader:240 - Cannot read IP mode file for STMicroelectronics.X-CUBE-TOUCHGFX.4.21.1
2023-12-21 09:40:36,857 [WARN] PackLoader:240 - Cannot read IP mode file for STMicroelectronics.X-CUBE-ALGOBUILD.1.3.0
2023-12-21 09:40:36,885 [WARN] PackLoader:240 - Cannot read IP mode file for STMicroelectronics.X-CUBE-AZRTOS-G0.1.1.0
2023-12-21 09:40:36,892 [WARN] PackLoader:240 - Cannot read IP mode file for STMicroelectronics.X-CUBE-NFC4.3.0.0
2023-12-21 09:40:36,903 [WARN] PackLoader:240 - Cannot read IP mode file for STMicroelectronics.X-CUBE-BLEMGR.3.0.0
2023-12-21 09:40:36,913 [WARN] PackLoader:240 - Cannot read IP mode file for STMicroelectronics.X-CUBE-BLEMGR.1.3.0
2023-12-21 09:40:36,920 [WARN] PackLoader:240 - Cannot read IP mode file for STMicroelectronics.FP-ATR-SIGFOX1.3.2.0
2023-12-21 09:40:36,958 [WARN] PackLoader:240 - Cannot read IP mode file for STMicroelectronics.X-CUBE-MEMS1.9.5.0
2023-12-21 09:40:37,125 [WARN] PackLoader:240 - Cannot read IP mode file for SEGGER.I-CUBE-embOS.1.3.1
2023-12-21 09:40:37,158 [WARN] PackLoader:240 - Cannot read IP mode file for STMicroelectronics.X-CUBE-GNSS1.6.0.0
2023-12-21 09:40:37,181 [WARN] PackLoader:240 - Cannot read IP mode file for STMicroelectronics.X-CUBE-AZRTOS-F4.1.1.0
2023-12-21 09:40:37,203 [WARN] PackLoader:240 - Cannot read IP mode file for STMicroelectronics.X-CUBE-AZRTOS-L5.2.0.0
2023-12-21 09:40:37,209 [WARN] PackLoader:240 - Cannot read IP mode file for STMicroelectronics.X-CUBE-EEPRMA1.4.2.0
2023-12-21 09:40:37,215 [WARN] PackLoader:240 - Cannot read IP mode file for ITTIA_DB.I-CUBE-ITTIADB.8.8.0
2023-12-21 09:40:37,224 [WARN] PackLoader:240 - Cannot read IP mode file for emotas.I-CUBE-CANOPEN.1.1.3
2023-12-21 09:40:37,232 [WARN] PackLoader:240 - Cannot read IP mode file for STMicroelectronics.X-CUBE-BLEMGR.2.0.0
2023-12-21 09:40:37,240 [WARN] PackLoader:240 - Cannot read IP mode file for wolfSSL.I-CUBE-wolfSSL.5.5.4
2023-12-21 09:40:37,243 [WARN] PackLoader:240 - Cannot read IP mode file for STMicroelectronics.X-CUBE-NFC7.1.0.1
2023-12-21 09:40:37,248 [WARN] PackLoader:240 - Cannot read IP mode file for STMicroelectronics.X-CUBE-NFC7.1.0.0
2023-12-21 09:40:37,258 [WARN] PackLoader:240 - Cannot read IP mode file for STMicroelectronics.X-CUBE-NFC6.3.0.0
2023-12-21 09:40:37,263 [WARN] PackLoader:240 - Cannot read IP mode file for STMicroelectronics.X-CUBE-EEPRMA1.4.1.0
2023-12-21 09:40:37,269 [WARN] PackLoader:240 - Cannot read IP mode file for STMicroelectronics.X-CUBE-AI.8.1.0
2023-12-21 09:40:37,282 [WARN] ConditionMgr:438 - getConditionDescription Invalid condition id : LAN8742 Phy interface Condition cause : null
2023-12-21 09:40:37,283 [WARN] PackLoader:240 - Cannot read IP mode file for STMicroelectronics.X-CUBE-AZRTOS-L4.2.0.0
2023-12-21 09:40:37,285 [WARN] ConditionMgr:1039 - genDependencies : Invalid condition id : LAN8742 Phy interface Condition cause : null
2023-12-21 09:40:37,285 [WARN] ConditionMgr:1039 - genDependencies : Invalid condition id : LAN8742 Phy interface Condition cause : null
2023-12-21 09:40:37,286 [WARN] ConditionMgr:1039 - genDependencies : Invalid condition id : LAN8742 Phy interface Condition cause : null
2023-12-21 09:40:37,294 [WARN] PackLoader:240 - Cannot read IP mode file for STMicroelectronics.X-CUBE-SFXS2LP1.4.0.0
2023-12-21 09:40:37,317 [WARN] PackLoader:240 - Cannot read IP mode file for STMicroelectronics.X-CUBE-AZRTOS-H7.3.0.0
2023-12-21 09:40:37,326 [WARN] PackLoader:240 - Cannot read IP mode file for STMicroelectronics.X-CUBE-ISPU.1.1.0
2023-12-21 09:40:37,336 [WARN] PackLoader:240 - Cannot read IP mode file for RoweBots.I-CUBE-UNISONRTOS.5.5.0-4
2023-12-21 09:40:37,341 [WARN] PackLoader:240 - Cannot read IP mode file for STMicroelectronics.X-CUBE-AI.8.0.0
2023-12-21 09:40:37,353 [WARN] ConditionMgr:438 - getConditionDescription Invalid condition id : UX DEVICE CLASS RTOS Condition cause : null
2023-12-21 09:40:37,354 [WARN] ConditionMgr:438 - getConditionDescription Invalid condition id : UX DEVICE CLASS RTOS Condition cause : null
2023-12-21 09:40:37,355 [WARN] PackLoader:240 - Cannot read IP mode file for STMicroelectronics.X-CUBE-AZRTOS-WB.2.0.0
2023-12-21 09:40:37,355 [WARN] ConditionMgr:1039 - genDependencies : Invalid condition id : UX DEVICE CLASS RTOS Condition cause : null
2023-12-21 09:40:37,356 [WARN] ConditionMgr:1039 - genDependencies : Invalid condition id : UX DEVICE CLASS RTOS Condition cause : null
2023-12-21 09:40:37,356 [WARN] ConditionMgr:1039 - genDependencies : Invalid condition id : UX DEVICE CLASS RTOS Condition cause : null
2023-12-21 09:40:37,356 [WARN] ConditionMgr:1039 - genDependencies : Invalid condition id : UX DEVICE CLASS RTOS Condition cause : null
2023-12-21 09:40:37,356 [WARN] ConditionMgr:1039 - genDependencies : Invalid condition id : UX DEVICE CLASS RTOS Condition cause : null
2023-12-21 09:40:37,361 [WARN] PackLoader:240 - Cannot read IP mode file for STMicroelectronics.X-CUBE-FREERTOS.1.0.0
2023-12-21 09:40:37,373 [WARN] PackLoader:240 - Cannot read IP mode file for STMicroelectronics.X-CUBE-AZRTOS-L5.1.1.0
2023-12-21 09:40:37,385 [WARN] PackLoader:240 - Cannot read IP mode file for STMicroelectronics.X-CUBE-SUBG2.5.0.0
2023-12-21 09:40:37,408 [WARN] PackLoader:240 - Cannot read IP mode file for STMicroelectronics.X-CUBE-AZRTOS-G4.2.0.0
2023-12-21 09:40:37,412 [WARN] PackLoader:240 - Cannot read IP mode file for STMicroelectronics.FP-ATR-ASTRA1.1.1.1
2023-12-21 09:40:37,423 [WARN] PackLoader:240 - Cannot read IP mode file for Infineon.AIROC-Wi-Fi-Bluetooth-STM32.1.5.1
2023-12-21 09:40:37,428 [WARN] PackLoader:240 - Cannot read IP mode file for STMicroelectronics.FP-SNS-MOTENVWB1.1.3.1
2023-12-21 09:40:37,440 [WARN] PackLoader:240 - Cannot read IP mode file for STMicroelectronics.X-CUBE-AZRTOS-G4.1.0.0
2023-12-21 09:40:37,456 [WARN] PackLoader:240 - Cannot read IP mode file for STMicroelectronics.X-CUBE-AZRTOS-L4.1.0.0
2023-12-21 09:40:37,460 [WARN] PackLoader:240 - Cannot read IP mode file for STMicroelectronics.X-CUBE-ISPU.2.0.0
2023-12-21 09:40:37,488 [WARN] PackLoader:240 - Cannot read IP mode file for STMicroelectronics.X-CUBE-MEMS1.10.0.0
2023-12-21 09:40:37,590 [WARN] PackLoader:240 - Cannot read IP mode file for STMicroelectronics.X-CUBE-FREERTOS.1.1.0
2023-12-21 09:40:37,602 [WARN] PackLoader:240 - Cannot read IP mode file for STMicroelectronics.X-CUBE-AZRTOS-WL.1.0.0
2023-12-21 09:40:37,610 [WARN] PackLoader:240 - Cannot read IP mode file for portGmbH.I-Cube-SoM-uGOAL.1.1.0
2023-12-21 09:40:37,616 [WARN] PackLoader:240 - Cannot read IP mode file for STMicroelectronics.X-CUBE-ALS.1.0.1
2023-12-21 09:40:37,631 [WARN] PackLoader:240 - Cannot read IP mode file for STMicroelectronics.X-CUBE-AZRTOS-WB.1.1.0
2023-12-21 09:40:37,638 [WARN] PackLoader:240 - Cannot read IP mode file for STMicroelectronics.FP-ATR-ASTRA1.2.0.0
2023-12-21 09:40:37,646 [WARN] PackLoader:240 - Cannot read IP mode file for STMicroelectronics.X-CUBE-TOF1.3.4.0
2023-12-21 09:40:37,685 [WARN] PackLoader:240 - Cannot read IP mode file for STMicroelectronics.X-CUBE-AZRTOS-H7.3.2.0
2023-12-21 09:40:37,690 [INFO] ThirdParty:978 - Integrity check success = true
2023-12-21 09:40:37,690 [INFO] IntegrityCheckThread:100 - exiting critical section [integrity check]
2023-12-21 09:40:37,690 [INFO] IntegrityCheckThread:103 - End integrity checks thread
2023-12-21 09:40:56,374 [ERROR] LogOutputStream:75 - [STDERR_REDIRECT] SLF4J: Failed to load class "org.slf4j.impl.StaticLoggerBinder".
2023-12-21 09:40:56,375 [ERROR] LogOutputStream:75 - [STDERR_REDIRECT] SLF4J: Defaulting to no-operation (NOP) logger implementation
2023-12-21 09:40:56,377 [ERROR] LogOutputStream:75 - [STDERR_REDIRECT] SLF4J: See http://www.slf4j.org/codes.html#StaticLoggerBinder for further details.
2023-12-21 10:49:14,192 [ERROR] LogOutputStream:75 - [STDERR_REDIRECT] 
