2024-02-01 10:24:32,636 [INFO] Activator:176 - 


2024-02-01 10:24:32,644 [INFO] Activator:177 - !SESSION log4j initialized
2024-02-01 10:24:41,319 [INFO] LogOutputStream:77 - [STDOUT_REDIRECT] 
2024-02-01 10:24:44,494 [INFO] ApplicationProperties:184 - Using Application install path: C:\ST\STM32CubeIDE_1.14.0\STM32CubeIDE\plugins\com.st.stm32cube.common.mx_6.10.0.202311202037
2024-02-01 10:24:44,518 [INFO] DbMcusXml:78 - Set database path to: C:\ST\STM32CubeIDE_1.14.0\STM32CubeIDE\plugins\com.st.stm32cube.common.mx_6.10.0.202311202037\\db\/mcu/
2024-02-01 10:24:44,518 [INFO] ApiDb:274 - Set plugin database path to: C:\ST\STM32CubeIDE_1.14.0\STM32CubeIDE\plugins\com.st.stm32cube.common.mx_6.10.0.202311202037\\db\/plugins/boardmanager/
2024-02-01 10:24:44,518 [WARN] ApiDb:259 - Overriding images path with different value:  => C:\ST\STM32CubeIDE_1.14.0\STM32CubeIDE\plugins\com.st.stm32cube.common.mx_6.10.0.202311202037\\db\/plugins/mcufinder/images/
2024-02-01 10:24:44,528 [INFO] ApiDb:250 - Set database path to: C:\Users\sudh1\.stmcufinder\plugins\mcufinder//mcu/
2024-02-01 10:24:44,528 [INFO] DbMcusAds:125 - Set database path to: C:\Users\sudh1\.stmcufinder\plugins\mcufinder//mcu/
2024-02-01 10:24:44,532 [INFO] CrossReferenceDbSqlite:203 - Set database path to: C:\Users\sudh1\.stmcufinder\plugins\mcufinder//mcu/cs/
2024-02-01 10:24:44,713 [INFO] RulesReader:64 - Compatibility file has been processed (297 Rules)
2024-02-01 10:24:44,866 [INFO] DbMcusXml:78 - Set database path to: C:\ST\STM32CubeIDE_1.14.0\STM32CubeIDE\plugins\com.st.stm32cube.common.mx_6.10.0.202311202037\\db\/mcu/
2024-02-01 10:24:44,866 [INFO] ApiDb:274 - Set plugin database path to: C:\ST\STM32CubeIDE_1.14.0\STM32CubeIDE\plugins\com.st.stm32cube.common.mx_6.10.0.202311202037\\db\/plugins/boardmanager/
2024-02-01 10:24:44,866 [INFO] ApiDb:261 - Set plugin images path to: C:\ST\STM32CubeIDE_1.14.0\STM32CubeIDE\plugins\com.st.stm32cube.common.mx_6.10.0.202311202037\\db\/plugins/mcufinder/images/
2024-02-01 10:24:44,867 [WARN] DbFile:41 - Overriding database path with different value: C:\Users\sudh1\.stmcufinder\plugins\mcufinder/ => C:\Users\sudh1\.stmcufinder\plugins\mcufinder
2024-02-01 10:24:44,867 [INFO] ApiDb:250 - Set database path to: C:\Users\sudh1\.stmcufinder\plugins\mcufinder//mcu/
2024-02-01 10:24:44,867 [WARN] DbFile:41 - Overriding database path with different value: C:\Users\sudh1\.stmcufinder\plugins\mcufinder/ => C:\Users\sudh1\.stmcufinder\plugins\mcufinder
2024-02-01 10:24:44,867 [INFO] DbMcusAds:125 - Set database path to: C:\Users\sudh1\.stmcufinder\plugins\mcufinder//mcu/
2024-02-01 10:24:44,867 [WARN] DbFile:41 - Overriding database path with different value: C:\Users\sudh1\.stmcufinder\plugins\mcufinder/ => C:\Users\sudh1\.stmcufinder\plugins\mcufinder
2024-02-01 10:24:44,868 [WARN] DbFile:41 - Overriding database path with different value: C:\Users\sudh1\.stmcufinder\plugins\mcufinder/ => C:\Users\sudh1\.stmcufinder\plugins\mcufinder
2024-02-01 10:24:44,868 [INFO] CrossReferenceDbSqlite:203 - Set database path to: C:\Users\sudh1\.stmcufinder\plugins\mcufinder//mcu/cs/
2024-02-01 10:24:45,021 [INFO] MainPanel:264 - HeapMemory: 268435456
2024-02-01 10:24:45,226 [INFO] DbMcusXml:78 - Set database path to: C:\ST\STM32CubeIDE_1.14.0\STM32CubeIDE\plugins\com.st.stm32cube.common.mx_6.10.0.202311202037\\db\/mcu/
2024-02-01 10:24:45,226 [INFO] ApiDb:274 - Set plugin database path to: C:\ST\STM32CubeIDE_1.14.0\STM32CubeIDE\plugins\com.st.stm32cube.common.mx_6.10.0.202311202037\\db\/plugins/boardmanager/
2024-02-01 10:24:45,226 [INFO] ApiDb:261 - Set plugin images path to: C:\ST\STM32CubeIDE_1.14.0\STM32CubeIDE\plugins\com.st.stm32cube.common.mx_6.10.0.202311202037\\db\/plugins/mcufinder/images/
2024-02-01 10:24:45,227 [WARN] DbFile:41 - Overriding database path with different value: C:\Users\sudh1\.stmcufinder\plugins\mcufinder/ => C:\Users\sudh1\.stmcufinder\plugins\mcufinder
2024-02-01 10:24:45,227 [INFO] ApiDb:250 - Set database path to: C:\Users\sudh1\.stmcufinder\plugins\mcufinder//mcu/
2024-02-01 10:24:45,228 [WARN] DbFile:41 - Overriding database path with different value: C:\Users\sudh1\.stmcufinder\plugins\mcufinder/ => C:\Users\sudh1\.stmcufinder\plugins\mcufinder
2024-02-01 10:24:45,228 [INFO] DbMcusAds:125 - Set database path to: C:\Users\sudh1\.stmcufinder\plugins\mcufinder//mcu/
2024-02-01 10:24:45,228 [WARN] DbFile:41 - Overriding database path with different value: C:\Users\sudh1\.stmcufinder\plugins\mcufinder/ => C:\Users\sudh1\.stmcufinder\plugins\mcufinder
2024-02-01 10:24:45,228 [WARN] DbFile:41 - Overriding database path with different value: C:\Users\sudh1\.stmcufinder\plugins\mcufinder/ => C:\Users\sudh1\.stmcufinder\plugins\mcufinder
2024-02-01 10:24:45,228 [INFO] CrossReferenceDbSqlite:203 - Set database path to: C:\Users\sudh1\.stmcufinder\plugins\mcufinder//mcu/cs/
2024-02-01 10:24:45,268 [INFO] ApplicationProperties:184 - Using Application install path: C:\ST\STM32CubeIDE_1.14.0\STM32CubeIDE\plugins\com.st.stm32cube.common.mx_6.10.0.202311202037
2024-02-01 10:24:45,272 [INFO] PluginManage:196 - Search for loadable plugins [exclusion list=, ]
2024-02-01 10:24:45,276 [INFO] PluginManage:310 - Check plugin analytics
2024-02-01 10:24:45,512 [INFO] AnalyticsPlugin:253 - Accepted Software Licenses: 
2024-02-01 10:24:45,512 [INFO] AnalyticsPlugin:255 - Accepted CMSIS Pack Licenses: 
2024-02-01 10:24:45,512 [INFO] AnalyticsPlugin:257 - Accepted Firmware Licenses: 
2024-02-01 10:24:45,518 [INFO] PluginManage:359 - Loaded plugin analytics (category:tool,tabindex:-1)
2024-02-01 10:24:45,519 [INFO] PluginManage:310 - Check plugin cadmodel
2024-02-01 10:24:45,536 [INFO] CADModel:105 - Init CAD model plugin
2024-02-01 10:24:45,537 [INFO] PluginManage:359 - Loaded plugin cadmodel (category:power,tabindex:5)
2024-02-01 10:24:45,537 [INFO] PluginManage:310 - Check plugin clock
2024-02-01 10:24:45,558 [INFO] PluginManage:359 - Loaded plugin clock (category:base,tabindex:2)
2024-02-01 10:24:45,558 [INFO] PluginManage:310 - Check plugin ddr
2024-02-01 10:24:45,560 [INFO] PluginManage:359 - Loaded plugin ddr (category:tool,tabindex:6)
2024-02-01 10:24:45,561 [INFO] PluginManage:310 - Check plugin filemanager
2024-02-01 10:24:45,735 [INFO] PluginManage:359 - Loaded plugin filemanager (category:base,tabindex:10)
2024-02-01 10:24:45,735 [INFO] PluginManage:310 - Check plugin ipmanager
2024-02-01 10:24:45,744 [INFO] PluginManage:359 - Loaded plugin ipmanager (category:base,tabindex:5)
2024-02-01 10:24:45,744 [INFO] PluginManage:310 - Check plugin lpbam
2024-02-01 10:24:45,775 [INFO] PluginManage:359 - Loaded plugin lpbam (category:base,tabindex:0)
2024-02-01 10:24:45,776 [INFO] PluginManage:310 - Check plugin memorymap
2024-02-01 10:24:45,811 [INFO] PluginManage:359 - Loaded plugin memorymap (category:base,tabindex:4)
2024-02-01 10:24:45,811 [INFO] PluginManage:310 - Check plugin pinoutandconfiguration
2024-02-01 10:24:45,834 [INFO] PluginManage:359 - Loaded plugin pinoutandconfiguration (category:base,tabindex:1)
2024-02-01 10:24:45,835 [INFO] PluginManage:310 - Check plugin pinoutconfig
2024-02-01 10:24:45,953 [WARN] SupportedApi:132 - Cannot load RTOS API schema: s4s-elt-must-match.1: The content of 'definitions' must match (annotation?, (simpleType | complexType)?, (unique | key | keyref)*)). A problem was found starting at: attribute.
2024-02-01 10:24:46,196 [INFO] PluginManage:359 - Loaded plugin pinoutconfig (category:base,tabindex:0)
2024-02-01 10:24:46,196 [INFO] PluginManage:310 - Check plugin power
2024-02-01 10:24:46,240 [INFO] PluginManage:359 - Loaded plugin power (category:power,tabindex:4)
2024-02-01 10:24:46,241 [INFO] PluginManage:310 - Check plugin projectmanager
2024-02-01 10:24:46,276 [INFO] PluginManage:359 - Loaded plugin projectmanager (category:projectmanager,tabindex:3)
2024-02-01 10:24:46,276 [INFO] PluginManage:310 - Check plugin thirdparty
2024-02-01 10:24:46,710 [INFO] PluginManage:359 - Loaded plugin thirdparty (category:base,tabindex:-1)
2024-02-01 10:24:46,710 [WARN] IntegrityCheckThread:84 - waiting for thirdparty lock release [integrity check]
2024-02-01 10:24:46,710 [INFO] PluginManage:310 - Check plugin tools
2024-02-01 10:24:46,710 [INFO] IntegrityCheckThread:86 - entering critical section [integrity check]
2024-02-01 10:24:46,711 [INFO] ThirdPartyUpdaterWithRetryManager:70 - Updater plugin not ready yet. [1/15]
2024-02-01 10:24:46,803 [INFO] PluginManage:359 - Loaded plugin tools (category:base,tabindex:7)
2024-02-01 10:24:46,804 [INFO] PluginManage:310 - Check plugin tutovideos
2024-02-01 10:24:47,055 [INFO] PluginManage:359 - Loaded plugin tutovideos (category:base,tabindex:-1)
2024-02-01 10:24:47,056 [INFO] PluginManage:310 - Check plugin updater
2024-02-01 10:24:47,068 [INFO] PluginManage:359 - Loaded plugin updater (category:base,tabindex:12)
2024-02-01 10:24:47,069 [INFO] PluginManage:310 - Check plugin userauth
2024-02-01 10:24:47,075 [INFO] UserAuth:114 - Init User Auth plugin
2024-02-01 10:24:47,075 [INFO] PluginManage:359 - Loaded plugin userauth (category:base,tabindex:14)
2024-02-01 10:24:47,076 [INFO] PluginManage:283 - PluginManage : Loaded plugins [17]
2024-02-01 10:24:47,633 [INFO] PinOutPanel:1499 - setPackage(No Configuration,No Configuration)
2024-02-01 10:24:47,852 [INFO] CADModel:165 - CPN selected for project level
2024-02-01 10:24:47,853 [INFO] CADModel:114 - Register for checkConnection events
2024-02-01 10:24:47,909 [INFO] IPUIPlugin:80 - create IPUIPlugin
2024-02-01 10:24:47,909 [INFO] PluginManager:220 - loadIPPluginJar : add adc
2024-02-01 10:24:48,003 [INFO] IPUIPlugin:80 - create IPUIPlugin
2024-02-01 10:24:48,003 [INFO] PluginManager:220 - loadIPPluginJar : add aes
2024-02-01 10:24:48,123 [INFO] IPUIPlugin:80 - create IPUIPlugin
2024-02-01 10:24:48,123 [INFO] PluginManager:220 - loadIPPluginJar : add can
2024-02-01 10:24:48,185 [INFO] IPUIPlugin:80 - create IPUIPlugin
2024-02-01 10:24:48,185 [INFO] PluginManager:220 - loadIPPluginJar : add comp
2024-02-01 10:24:48,277 [INFO] IPUIPlugin:80 - create IPUIPlugin
2024-02-01 10:24:48,277 [INFO] PluginManager:220 - loadIPPluginJar : add cryp
2024-02-01 10:24:48,353 [INFO] IPUIPlugin:80 - create IPUIPlugin
2024-02-01 10:24:48,355 [INFO] PluginManager:220 - loadIPPluginJar : add dfsdm
2024-02-01 10:24:48,393 [INFO] IPUIPlugin:80 - create IPUIPlugin
2024-02-01 10:24:48,393 [INFO] PluginManager:220 - loadIPPluginJar : add dma
2024-02-01 10:24:48,516 [INFO] IPUIPlugin:80 - create IPUIPlugin
2024-02-01 10:24:48,516 [INFO] PluginManager:220 - loadIPPluginJar : add dma3
2024-02-01 10:24:48,613 [INFO] IPUIPlugin:80 - create IPUIPlugin
2024-02-01 10:24:48,613 [INFO] PluginManager:220 - loadIPPluginJar : add fatfs
2024-02-01 10:24:48,743 [INFO] IPUIPlugin:80 - create IPUIPlugin
2024-02-01 10:24:48,743 [INFO] PluginManager:220 - loadIPPluginJar : add fmc
2024-02-01 10:24:48,822 [INFO] IPUIPlugin:80 - create IPUIPlugin
2024-02-01 10:24:48,823 [INFO] PluginManager:220 - loadIPPluginJar : add freertos
2024-02-01 10:24:48,876 [INFO] IPUIPlugin:80 - create IPUIPlugin
2024-02-01 10:24:48,876 [INFO] PluginManager:220 - loadIPPluginJar : add genericplugin
2024-02-01 10:24:49,155 [INFO] IPUIPlugin:80 - create IPUIPlugin
2024-02-01 10:24:49,159 [INFO] PluginManager:220 - loadIPPluginJar : add gfxmmu
2024-02-01 10:24:49,653 [INFO] IPUIPlugin:80 - create IPUIPlugin
2024-02-01 10:24:49,653 [INFO] PluginManager:220 - loadIPPluginJar : add gic
2024-02-01 10:24:49,697 [INFO] IPUIPlugin:80 - create IPUIPlugin
2024-02-01 10:24:49,697 [INFO] PluginManager:220 - loadIPPluginJar : add gpio
2024-02-01 10:24:49,713 [INFO] ThirdPartyUpdaterWithRetryManager:70 - Updater plugin not ready yet. [2/15]
2024-02-01 10:24:49,994 [INFO] IPUIPlugin:80 - create IPUIPlugin
2024-02-01 10:24:49,994 [INFO] PluginManager:220 - loadIPPluginJar : add gtzc
2024-02-01 10:24:50,092 [INFO] IPUIPlugin:80 - create IPUIPlugin
2024-02-01 10:24:50,092 [INFO] PluginManager:220 - loadIPPluginJar : add hash
2024-02-01 10:24:50,237 [INFO] IPUIPlugin:80 - create IPUIPlugin
2024-02-01 10:24:50,237 [INFO] PluginManager:220 - loadIPPluginJar : add i2c
2024-02-01 10:24:50,354 [INFO] IPUIPlugin:80 - create IPUIPlugin
2024-02-01 10:24:50,354 [INFO] PluginManager:220 - loadIPPluginJar : add i2s
2024-02-01 10:24:50,477 [INFO] IPUIPlugin:80 - create IPUIPlugin
2024-02-01 10:24:50,477 [INFO] PluginManager:220 - loadIPPluginJar : add i3c
2024-02-01 10:24:50,907 [INFO] IPUIPlugin:80 - create IPUIPlugin
2024-02-01 10:24:50,907 [INFO] PluginManager:220 - loadIPPluginJar : add ipddr
2024-02-01 10:24:51,224 [INFO] IPUIPlugin:80 - create IPUIPlugin
2024-02-01 10:24:51,224 [INFO] PluginManager:220 - loadIPPluginJar : add linkedlist
2024-02-01 10:24:51,324 [INFO] IPUIPlugin:80 - create IPUIPlugin
2024-02-01 10:24:51,324 [INFO] PluginManager:220 - loadIPPluginJar : add lorawan
2024-02-01 10:24:51,435 [INFO] IPUIPlugin:80 - create IPUIPlugin
2024-02-01 10:24:51,435 [INFO] PluginManager:220 - loadIPPluginJar : add ltdc
2024-02-01 10:24:51,516 [INFO] IPUIPlugin:80 - create IPUIPlugin
2024-02-01 10:24:51,518 [INFO] PluginManager:220 - loadIPPluginJar : add mdma
2024-02-01 10:24:51,548 [INFO] IPUIPlugin:80 - create IPUIPlugin
2024-02-01 10:24:51,548 [INFO] PluginManager:220 - loadIPPluginJar : add nvic
2024-02-01 10:24:51,649 [INFO] IPUIPlugin:80 - create IPUIPlugin
2024-02-01 10:24:51,650 [INFO] PluginManager:220 - loadIPPluginJar : add opamp
2024-02-01 10:24:51,835 [INFO] IPUIPlugin:80 - create IPUIPlugin
2024-02-01 10:24:51,835 [INFO] PluginManager:220 - loadIPPluginJar : add openamp
2024-02-01 10:24:51,998 [INFO] IPUIPlugin:80 - create IPUIPlugin
2024-02-01 10:24:51,998 [INFO] PluginManager:220 - loadIPPluginJar : add pdm2pcm
2024-02-01 10:24:52,035 [INFO] IPUIPlugin:80 - create IPUIPlugin
2024-02-01 10:24:52,043 [INFO] PluginManager:220 - loadIPPluginJar : add plateformsettings
2024-02-01 10:24:52,106 [INFO] IPUIPlugin:80 - create IPUIPlugin
2024-02-01 10:24:52,106 [INFO] PluginManager:220 - loadIPPluginJar : add quadspi
2024-02-01 10:24:52,143 [INFO] IPUIPlugin:80 - create IPUIPlugin
2024-02-01 10:24:52,143 [INFO] PluginManager:220 - loadIPPluginJar : add resmgrutility
2024-02-01 10:24:52,283 [INFO] IPUIPlugin:80 - create IPUIPlugin
2024-02-01 10:24:52,283 [INFO] PluginManager:220 - loadIPPluginJar : add sai
2024-02-01 10:24:52,414 [INFO] IPUIPlugin:80 - create IPUIPlugin
2024-02-01 10:24:52,414 [INFO] PluginManager:220 - loadIPPluginJar : add spi
2024-02-01 10:24:52,624 [INFO] IPUIPlugin:80 - create IPUIPlugin
2024-02-01 10:24:52,624 [INFO] PluginManager:220 - loadIPPluginJar : add stm32_wpan
2024-02-01 10:24:52,686 [INFO] IPUIPlugin:80 - create IPUIPlugin
2024-02-01 10:24:52,686 [INFO] PluginManager:220 - loadIPPluginJar : add tim
2024-02-01 10:24:52,726 [INFO] ThirdPartyUpdaterWithRetryManager:70 - Updater plugin not ready yet. [3/15]
2024-02-01 10:24:52,851 [INFO] IPUIPlugin:80 - create IPUIPlugin
2024-02-01 10:24:52,851 [INFO] PluginManager:220 - loadIPPluginJar : add touchsensing
2024-02-01 10:24:52,909 [INFO] IPUIPlugin:80 - create IPUIPlugin
2024-02-01 10:24:52,909 [INFO] PluginManager:220 - loadIPPluginJar : add tracer_emb
2024-02-01 10:24:52,974 [INFO] IPUIPlugin:80 - create IPUIPlugin
2024-02-01 10:24:52,974 [INFO] PluginManager:220 - loadIPPluginJar : add ts
2024-02-01 10:24:53,044 [INFO] IPUIPlugin:80 - create IPUIPlugin
2024-02-01 10:24:53,044 [INFO] PluginManager:220 - loadIPPluginJar : add tsc
2024-02-01 10:24:53,106 [INFO] IPUIPlugin:80 - create IPUIPlugin
2024-02-01 10:24:53,106 [INFO] PluginManager:220 - loadIPPluginJar : add ucpd
2024-02-01 10:24:53,214 [INFO] IPUIPlugin:80 - create IPUIPlugin
2024-02-01 10:24:53,218 [INFO] PluginManager:220 - loadIPPluginJar : add usart
2024-02-01 10:24:53,343 [INFO] IPUIPlugin:80 - create IPUIPlugin
2024-02-01 10:24:53,343 [INFO] PluginManager:220 - loadIPPluginJar : add usbx
2024-02-01 10:24:53,654 [INFO] CADModel:165 - CPN selected for project level
2024-02-01 10:24:53,654 [INFO] CADModel:114 - Register for checkConnection events
2024-02-01 10:24:53,658 [FATAL] Updater:308 - Updater called before beeing initialized
2024-02-01 10:24:53,658 [ERROR] CADModel:125 - Updater not yet initialized, retry later 
2024-02-01 10:24:54,102 [INFO] CADModel:165 - CPN selected for project level
2024-02-01 10:24:54,102 [INFO] CADModel:114 - Register for checkConnection events
2024-02-01 10:24:54,102 [FATAL] Updater:308 - Updater called before beeing initialized
2024-02-01 10:24:54,102 [ERROR] CADModel:125 - Updater not yet initialized, retry later 
2024-02-01 10:24:54,113 [FATAL] Updater:308 - Updater called before beeing initialized
2024-02-01 10:24:54,423 [FATAL] Updater:308 - Updater called before beeing initialized
2024-02-01 10:24:54,451 [INFO] DbMcusAds:53 - JSON generation date=Wed Nov 29 16:22:27 IST 2023 (1701255147200)
2024-02-01 10:24:54,451 [FATAL] Updater:308 - Updater called before beeing initialized
2024-02-01 10:24:54,652 [WARN] DetailPanel:346 - Failed to get advertising image, set to default
2024-02-01 10:24:54,998 [FATAL] Updater:308 - Updater called before beeing initialized
2024-02-01 10:24:55,006 [FATAL] Updater:308 - Updater called before beeing initialized
2024-02-01 10:24:55,006 [FATAL] Updater:308 - Updater called before beeing initialized
2024-02-01 10:24:55,006 [WARN] DetailPanel:346 - Failed to get advertising image, set to default
2024-02-01 10:24:55,006 [FATAL] Updater:308 - Updater called before beeing initialized
2024-02-01 10:24:55,177 [ERROR] Updater:1120 - MainUpdater not yet initialized. External WinMGr cannot be set.
2024-02-01 10:24:55,198 [INFO] Updater:1056 - Updater Version found : 6.10.0
2024-02-01 10:24:55,260 [INFO] ApplicationProperties:184 - Using Application install path: C:\ST\STM32CubeIDE_1.14.0\STM32CubeIDE\plugins\com.st.stm32cube.common.mx_6.10.0.202311202037
2024-02-01 10:24:55,739 [INFO] ThirdPartyUpdaterWithRetryManager:70 - Updater plugin not ready yet. [4/15]
2024-02-01 10:24:56,933 [ERROR] LogOutputStream:75 - [STDERR_REDIRECT] Feb 01, 2024 10:24:56 AM java.util.prefs.WindowsPreferences <init>
2024-02-01 10:24:56,939 [ERROR] LogOutputStream:75 - [STDERR_REDIRECT] WARNING: Could not open/create prefs root node Software\JavaSoft\Prefs at root 0xffffffff80000002. Windows RegCreateKeyEx(...) returned error code 5.
2024-02-01 10:24:56,939 [ERROR] LogOutputStream:75 - [STDERR_REDIRECT] 
2024-02-01 10:24:57,941 [INFO] MainUpdater:2873 - connection check result : 10
2024-02-01 10:24:57,941 [INFO] MainUpdater:290 - Updater Check For Update Now.
2024-02-01 10:24:57,943 [INFO] MicroXplorer:498 - Change Database Version : DB.6.0.100
2024-02-01 10:24:57,969 [INFO] McuFinderGlobals:63 - Set McuFinder mode to 2 (CubeIDE integrated)
2024-02-01 10:24:57,973 [INFO] UserAuth:180 - activating auth plugin
2024-02-01 10:24:57,981 [INFO] UserAuth:404 - Internet connection configuration mode: 1
2024-02-01 10:24:58,034 [INFO] JxBrowserEngine:152 - Initiate JxBrowser Engine with user profile folder
2024-02-01 10:24:58,337 [INFO] CheckServerUpdateThread:120 - End of CheckServer Thread
2024-02-01 10:24:59,233 [WARN] PackLoader:240 - Cannot read IP mode file for STMicroelectronics.X-CUBE-SMBUS.2.1.0
2024-02-01 10:24:59,269 [WARN] PackLoader:240 - Cannot read IP mode file for STMicroelectronics.X-CUBE-TOUCHGFX.4.23.0
2024-02-01 10:24:59,387 [WARN] PackLoader:240 - Cannot read IP mode file for STMicroelectronics.X-CUBE-AZRTOS-F7.1.1.0
2024-02-01 10:24:59,478 [WARN] PackLoader:240 - Cannot read IP mode file for STMicroelectronics.FP-SNS-MOTENV1.4.3.2
2024-02-01 10:24:59,534 [WARN] PackLoader:240 - Cannot read IP mode file for STMicroelectronics.X-CUBE-BLE1.6.2.4
2024-02-01 10:24:59,586 [WARN] PackLoader:240 - Cannot read IP mode file for STMicroelectronics.FP-SNS-FLIGHT1.5.0.2
2024-02-01 10:24:59,632 [WARN] PackLoader:240 - Cannot read IP mode file for STMicroelectronics.X-CUBE-DISPLAY.3.0.0
2024-02-01 10:24:59,684 [WARN] PackLoader:240 - Cannot read IP mode file for STMicroelectronics.X-CUBE-BLE1.7.0.0
2024-02-01 10:24:59,731 [WARN] PackLoader:240 - Cannot read IP mode file for STMicroelectronics.FP-SNS-SMARTAG2.1.2.0
2024-02-01 10:24:59,797 [INFO] LogOutputStream:77 - [STDOUT_REDIRECT] 1 : Invalid condition id : UX_CORESTACK_Condition cause : null
2024-02-01 10:24:59,801 [INFO] LogOutputStream:77 - [STDOUT_REDIRECT] 1 : Invalid condition id : UX_CORESTACK_Condition cause : null
2024-02-01 10:24:59,803 [INFO] LogOutputStream:77 - [STDOUT_REDIRECT] 1 : Invalid condition id : UX_CORESTACK_Condition cause : null
2024-02-01 10:24:59,805 [INFO] LogOutputStream:77 - [STDOUT_REDIRECT] 1 : Invalid condition id : UX_CORESTACK_Condition cause : null
2024-02-01 10:24:59,809 [INFO] LogOutputStream:77 - [STDOUT_REDIRECT] 1 : Invalid condition id : UX_CORESTACK_Condition cause : null
2024-02-01 10:24:59,825 [WARN] PackLoader:240 - Cannot read IP mode file for STMicroelectronics.X-CUBE-AZRTOS-WL.2.0.0
2024-02-01 10:24:59,882 [WARN] PackLoader:240 - Cannot read IP mode file for WES.I-CUBE-Cesium.1.3.0
2024-02-01 10:24:59,915 [WARN] PackLoader:240 - Cannot read IP mode file for STMicroelectronics.X-CUBE-BLE2.3.3.0
2024-02-01 10:24:59,968 [WARN] PackLoader:240 - Cannot read IP mode file for STMicroelectronics.X-CUBE-TOF1.3.2.0
2024-02-01 10:25:00,025 [WARN] PackLoader:240 - Cannot read IP mode file for STMicroelectronics.X-CUBE-TOUCHGFX.4.21.1
2024-02-01 10:25:00,067 [WARN] PackLoader:240 - Cannot read IP mode file for STMicroelectronics.X-CUBE-ALGOBUILD.1.3.0
2024-02-01 10:25:00,141 [WARN] PackLoader:240 - Cannot read IP mode file for STMicroelectronics.X-CUBE-AZRTOS-G0.1.1.0
2024-02-01 10:25:00,181 [WARN] PackLoader:240 - Cannot read IP mode file for STMicroelectronics.X-CUBE-NFC4.3.0.0
2024-02-01 10:25:00,232 [WARN] PackLoader:240 - Cannot read IP mode file for STMicroelectronics.X-CUBE-BLEMGR.3.0.0
2024-02-01 10:25:00,281 [WARN] PackLoader:240 - Cannot read IP mode file for STMicroelectronics.X-CUBE-BLEMGR.1.3.0
2024-02-01 10:25:00,322 [WARN] PackLoader:240 - Cannot read IP mode file for STMicroelectronics.FP-ATR-SIGFOX1.3.2.0
2024-02-01 10:25:00,365 [WARN] PackLoader:240 - Cannot read IP mode file for STMicroelectronics.X-CUBE-EEPRMA1.5.1.0
2024-02-01 10:25:00,533 [WARN] PackLoader:240 - Cannot read IP mode file for STMicroelectronics.X-CUBE-MEMS1.9.5.0
2024-02-01 10:25:01,083 [WARN] PackLoader:240 - Cannot read IP mode file for SEGGER.I-CUBE-embOS.1.3.1
2024-02-01 10:25:01,193 [WARN] PackLoader:240 - Cannot read IP mode file for STMicroelectronics.X-CUBE-GNSS1.6.0.0
2024-02-01 10:25:01,249 [WARN] PackLoader:240 - Cannot read IP mode file for STMicroelectronics.X-CUBE-AZRTOS-F4.1.1.0
2024-02-01 10:25:01,344 [WARN] PackLoader:240 - Cannot read IP mode file for STMicroelectronics.X-CUBE-AZRTOS-L5.2.0.0
2024-02-01 10:25:01,381 [WARN] PackLoader:240 - Cannot read IP mode file for STMicroelectronics.X-CUBE-EEPRMA1.4.2.0
2024-02-01 10:25:01,417 [WARN] PackLoader:240 - Cannot read IP mode file for ITTIA_DB.I-CUBE-ITTIADB.8.8.0
2024-02-01 10:25:01,449 [WARN] PackLoader:240 - Cannot read IP mode file for emotas.I-CUBE-CANOPEN.1.1.3
2024-02-01 10:25:01,474 [WARN] PackLoader:240 - Cannot read IP mode file for STMicroelectronics.X-CUBE-BLEMGR.2.0.0
2024-02-01 10:25:01,517 [WARN] PackLoader:240 - Cannot read IP mode file for wolfSSL.I-CUBE-wolfSSL.5.5.4
2024-02-01 10:25:01,541 [WARN] PackLoader:240 - Cannot read IP mode file for STMicroelectronics.X-CUBE-NFC7.1.0.1
2024-02-01 10:25:01,570 [WARN] PackLoader:240 - Cannot read IP mode file for STMicroelectronics.X-CUBE-NFC7.1.0.0
2024-02-01 10:25:01,611 [WARN] PackLoader:240 - Cannot read IP mode file for STMicroelectronics.X-CUBE-NFC6.3.0.0
2024-02-01 10:25:01,639 [WARN] PackLoader:240 - Cannot read IP mode file for STMicroelectronics.X-CUBE-EEPRMA1.4.1.0
2024-02-01 10:25:01,719 [WARN] PackLoader:240 - Cannot read IP mode file for STMicroelectronics.X-CUBE-AI.8.1.0
2024-02-01 10:25:01,799 [WARN] ConditionMgr:438 - getConditionDescription Invalid condition id : LAN8742 Phy interface Condition cause : null
2024-02-01 10:25:01,803 [WARN] PackLoader:240 - Cannot read IP mode file for STMicroelectronics.X-CUBE-AZRTOS-L4.2.0.0
2024-02-01 10:25:01,807 [WARN] ConditionMgr:1039 - genDependencies : Invalid condition id : LAN8742 Phy interface Condition cause : null
2024-02-01 10:25:01,807 [WARN] ConditionMgr:1039 - genDependencies : Invalid condition id : LAN8742 Phy interface Condition cause : null
2024-02-01 10:25:01,808 [WARN] ConditionMgr:1039 - genDependencies : Invalid condition id : LAN8742 Phy interface Condition cause : null
2024-02-01 10:25:01,849 [WARN] PackLoader:240 - Cannot read IP mode file for STMicroelectronics.X-CUBE-SFXS2LP1.4.0.0
2024-02-01 10:25:01,939 [WARN] PackLoader:240 - Cannot read IP mode file for STMicroelectronics.X-CUBE-AZRTOS-H7.3.0.0
2024-02-01 10:25:01,977 [WARN] PackLoader:240 - Cannot read IP mode file for STMicroelectronics.X-CUBE-ISPU.1.1.0
2024-02-01 10:25:02,002 [WARN] PackLoader:240 - Cannot read IP mode file for RoweBots.I-CUBE-UNISONRTOS.5.5.0-4
2024-02-01 10:25:02,035 [WARN] PackLoader:240 - Cannot read IP mode file for STMicroelectronics.X-CUBE-AI.8.0.0
2024-02-01 10:25:02,093 [WARN] ConditionMgr:438 - getConditionDescription Invalid condition id : UX DEVICE CLASS RTOS Condition cause : null
2024-02-01 10:25:02,093 [WARN] ConditionMgr:438 - getConditionDescription Invalid condition id : UX DEVICE CLASS RTOS Condition cause : null
2024-02-01 10:25:02,105 [WARN] PackLoader:240 - Cannot read IP mode file for STMicroelectronics.X-CUBE-AZRTOS-WB.2.0.0
2024-02-01 10:25:02,105 [WARN] ConditionMgr:1039 - genDependencies : Invalid condition id : UX DEVICE CLASS RTOS Condition cause : null
2024-02-01 10:25:02,105 [WARN] ConditionMgr:1039 - genDependencies : Invalid condition id : UX DEVICE CLASS RTOS Condition cause : null
2024-02-01 10:25:02,109 [WARN] ConditionMgr:1039 - genDependencies : Invalid condition id : UX DEVICE CLASS RTOS Condition cause : null
2024-02-01 10:25:02,110 [WARN] ConditionMgr:1039 - genDependencies : Invalid condition id : UX DEVICE CLASS RTOS Condition cause : null
2024-02-01 10:25:02,110 [WARN] ConditionMgr:1039 - genDependencies : Invalid condition id : UX DEVICE CLASS RTOS Condition cause : null
2024-02-01 10:25:02,154 [WARN] PackLoader:240 - Cannot read IP mode file for STMicroelectronics.X-CUBE-FREERTOS.1.0.0
2024-02-01 10:25:02,205 [WARN] PackLoader:240 - Cannot read IP mode file for STMicroelectronics.X-CUBE-AZRTOS-L5.1.1.0
2024-02-01 10:25:02,273 [WARN] PackLoader:240 - Cannot read IP mode file for STMicroelectronics.X-CUBE-SUBG2.5.0.0
2024-02-01 10:25:02,354 [WARN] PackLoader:240 - Cannot read IP mode file for STMicroelectronics.X-CUBE-AZRTOS-G4.2.0.0
2024-02-01 10:25:02,378 [WARN] PackLoader:240 - Cannot read IP mode file for STMicroelectronics.FP-ATR-ASTRA1.1.1.1
2024-02-01 10:25:02,411 [WARN] PackLoader:240 - Cannot read IP mode file for Infineon.AIROC-Wi-Fi-Bluetooth-STM32.1.5.1
2024-02-01 10:25:02,450 [WARN] PackLoader:240 - Cannot read IP mode file for STMicroelectronics.FP-SNS-MOTENVWB1.1.3.1
2024-02-01 10:25:02,523 [WARN] PackLoader:240 - Cannot read IP mode file for STMicroelectronics.X-CUBE-AZRTOS-G4.1.0.0
2024-02-01 10:25:02,600 [WARN] PackLoader:240 - Cannot read IP mode file for STMicroelectronics.X-CUBE-AZRTOS-L4.1.0.0
2024-02-01 10:25:02,625 [WARN] PackLoader:240 - Cannot read IP mode file for STMicroelectronics.X-CUBE-ISPU.2.0.0
2024-02-01 10:25:02,741 [WARN] PackLoader:240 - Cannot read IP mode file for STMicroelectronics.X-CUBE-MEMS1.10.0.0
2024-02-01 10:25:03,085 [WARN] PackLoader:240 - Cannot read IP mode file for STMicroelectronics.X-CUBE-FREERTOS.1.1.0
2024-02-01 10:25:03,149 [WARN] PackLoader:240 - Cannot read IP mode file for STMicroelectronics.X-CUBE-AZRTOS-WL.1.0.0
2024-02-01 10:25:03,179 [WARN] PackLoader:240 - Cannot read IP mode file for portGmbH.I-Cube-SoM-uGOAL.1.1.0
2024-02-01 10:25:03,196 [WARN] PackLoader:240 - Cannot read IP mode file for STMicroelectronics.X-CUBE-ALS.1.0.1
2024-02-01 10:25:03,243 [WARN] PackLoader:240 - Cannot read IP mode file for STMicroelectronics.X-CUBE-AZRTOS-WB.1.1.0
2024-02-01 10:25:03,267 [WARN] PackLoader:240 - Cannot read IP mode file for STMicroelectronics.FP-ATR-ASTRA1.2.0.0
2024-02-01 10:25:03,325 [WARN] PackLoader:240 - Cannot read IP mode file for STMicroelectronics.X-CUBE-TOF1.3.4.0
2024-02-01 10:25:03,443 [WARN] PackLoader:240 - Cannot read IP mode file for STMicroelectronics.X-CUBE-AZRTOS-H7.3.2.0
2024-02-01 10:25:03,452 [INFO] ThirdParty:978 - Integrity check success = true
2024-02-01 10:25:03,452 [INFO] IntegrityCheckThread:100 - exiting critical section [integrity check]
2024-02-01 10:25:03,452 [INFO] IntegrityCheckThread:103 - End integrity checks thread
2024-02-01 10:25:06,503 [INFO] WebApp:161 - Instantiating new browser for Auth
2024-02-01 10:25:07,977 [INFO] WebApp:780 - Register for checkConnection events
2024-02-01 10:25:07,977 [INFO] WebApp:414 - Apply proxy settings
2024-02-01 10:25:07,977 [INFO] WebApp:499 - Chromium requires no authentication
2024-02-01 10:25:08,001 [INFO] WebApp:442 - Direct internet connection detected
2024-02-01 10:25:08,534 [INFO] WebApp:192 - Starting web application
2024-02-01 10:25:08,534 [INFO] WebApp:544 - Web application path used C:\ST\STM32CubeIDE_1.14.0\STM32CubeIDE\plugins\com.st.stm32cube.common.mx_6.10.0.202311202037\db\plugins\mcufinder\reactClient1\index.html
2024-02-01 10:25:31,164 [ERROR] LogOutputStream:75 - [STDERR_REDIRECT] SLF4J: Failed to load class "org.slf4j.impl.StaticLoggerBinder".
2024-02-01 10:25:31,168 [ERROR] LogOutputStream:75 - [STDERR_REDIRECT] SLF4J: Defaulting to no-operation (NOP) logger implementation
2024-02-01 10:25:31,173 [ERROR] LogOutputStream:75 - [STDERR_REDIRECT] SLF4J: See http://www.slf4j.org/codes.html#StaticLoggerBinder for further details.
2024-02-01 11:08:18,232 [ERROR] LogOutputStream:75 - [STDERR_REDIRECT] 
2024-02-01 11:08:18,233 [ERROR] LogOutputStream:75 - [STDERR_REDIRECT] 
