2024-02-12 05:53:43,791 [INFO] Activator:176 - 


2024-02-12 05:53:43,797 [INFO] Activator:177 - !SESSION log4j initialized
2024-02-12 05:53:50,176 [INFO] LogOutputStream:77 - [STDOUT_REDIRECT] 
2024-02-12 05:53:52,530 [INFO] ApplicationProperties:184 - Using Application install path: C:\ST\STM32CubeIDE_1.14.0\STM32CubeIDE\plugins\com.st.stm32cube.common.mx_6.10.0.202311202037
2024-02-12 05:53:52,554 [INFO] DbMcusXml:78 - Set database path to: C:\ST\STM32CubeIDE_1.14.0\STM32CubeIDE\plugins\com.st.stm32cube.common.mx_6.10.0.202311202037\\db\/mcu/
2024-02-12 05:53:52,555 [INFO] ApiDb:274 - Set plugin database path to: C:\ST\STM32CubeIDE_1.14.0\STM32CubeIDE\plugins\com.st.stm32cube.common.mx_6.10.0.202311202037\\db\/plugins/boardmanager/
2024-02-12 05:53:52,555 [WARN] ApiDb:259 - Overriding images path with different value:  => C:\ST\STM32CubeIDE_1.14.0\STM32CubeIDE\plugins\com.st.stm32cube.common.mx_6.10.0.202311202037\\db\/plugins/mcufinder/images/
2024-02-12 05:53:52,566 [INFO] ApiDb:250 - Set database path to: C:\Users\sudh1\.stmcufinder\plugins\mcufinder//mcu/
2024-02-12 05:53:52,567 [INFO] DbMcusAds:125 - Set database path to: C:\Users\sudh1\.stmcufinder\plugins\mcufinder//mcu/
2024-02-12 05:53:52,569 [INFO] CrossReferenceDbSqlite:203 - Set database path to: C:\Users\sudh1\.stmcufinder\plugins\mcufinder//mcu/cs/
2024-02-12 05:53:52,704 [INFO] RulesReader:64 - Compatibility file has been processed (297 Rules)
2024-02-12 05:53:52,785 [INFO] DbMcusXml:78 - Set database path to: C:\ST\STM32CubeIDE_1.14.0\STM32CubeIDE\plugins\com.st.stm32cube.common.mx_6.10.0.202311202037\\db\/mcu/
2024-02-12 05:53:52,785 [INFO] ApiDb:274 - Set plugin database path to: C:\ST\STM32CubeIDE_1.14.0\STM32CubeIDE\plugins\com.st.stm32cube.common.mx_6.10.0.202311202037\\db\/plugins/boardmanager/
2024-02-12 05:53:52,785 [INFO] ApiDb:261 - Set plugin images path to: C:\ST\STM32CubeIDE_1.14.0\STM32CubeIDE\plugins\com.st.stm32cube.common.mx_6.10.0.202311202037\\db\/plugins/mcufinder/images/
2024-02-12 05:53:52,785 [WARN] DbFile:41 - Overriding database path with different value: C:\Users\sudh1\.stmcufinder\plugins\mcufinder/ => C:\Users\sudh1\.stmcufinder\plugins\mcufinder
2024-02-12 05:53:52,785 [INFO] ApiDb:250 - Set database path to: C:\Users\sudh1\.stmcufinder\plugins\mcufinder//mcu/
2024-02-12 05:53:52,786 [WARN] DbFile:41 - Overriding database path with different value: C:\Users\sudh1\.stmcufinder\plugins\mcufinder/ => C:\Users\sudh1\.stmcufinder\plugins\mcufinder
2024-02-12 05:53:52,786 [INFO] DbMcusAds:125 - Set database path to: C:\Users\sudh1\.stmcufinder\plugins\mcufinder//mcu/
2024-02-12 05:53:52,786 [WARN] DbFile:41 - Overriding database path with different value: C:\Users\sudh1\.stmcufinder\plugins\mcufinder/ => C:\Users\sudh1\.stmcufinder\plugins\mcufinder
2024-02-12 05:53:52,786 [WARN] DbFile:41 - Overriding database path with different value: C:\Users\sudh1\.stmcufinder\plugins\mcufinder/ => C:\Users\sudh1\.stmcufinder\plugins\mcufinder
2024-02-12 05:53:52,786 [INFO] CrossReferenceDbSqlite:203 - Set database path to: C:\Users\sudh1\.stmcufinder\plugins\mcufinder//mcu/cs/
2024-02-12 05:53:52,862 [INFO] MainPanel:264 - HeapMemory: 268435456
2024-02-12 05:53:52,960 [INFO] DbMcusXml:78 - Set database path to: C:\ST\STM32CubeIDE_1.14.0\STM32CubeIDE\plugins\com.st.stm32cube.common.mx_6.10.0.202311202037\\db\/mcu/
2024-02-12 05:53:52,961 [INFO] ApiDb:274 - Set plugin database path to: C:\ST\STM32CubeIDE_1.14.0\STM32CubeIDE\plugins\com.st.stm32cube.common.mx_6.10.0.202311202037\\db\/plugins/boardmanager/
2024-02-12 05:53:52,961 [INFO] ApiDb:261 - Set plugin images path to: C:\ST\STM32CubeIDE_1.14.0\STM32CubeIDE\plugins\com.st.stm32cube.common.mx_6.10.0.202311202037\\db\/plugins/mcufinder/images/
2024-02-12 05:53:52,961 [WARN] DbFile:41 - Overriding database path with different value: C:\Users\sudh1\.stmcufinder\plugins\mcufinder/ => C:\Users\sudh1\.stmcufinder\plugins\mcufinder
2024-02-12 05:53:52,961 [INFO] ApiDb:250 - Set database path to: C:\Users\sudh1\.stmcufinder\plugins\mcufinder//mcu/
2024-02-12 05:53:52,961 [WARN] DbFile:41 - Overriding database path with different value: C:\Users\sudh1\.stmcufinder\plugins\mcufinder/ => C:\Users\sudh1\.stmcufinder\plugins\mcufinder
2024-02-12 05:53:52,961 [INFO] DbMcusAds:125 - Set database path to: C:\Users\sudh1\.stmcufinder\plugins\mcufinder//mcu/
2024-02-12 05:53:52,961 [WARN] DbFile:41 - Overriding database path with different value: C:\Users\sudh1\.stmcufinder\plugins\mcufinder/ => C:\Users\sudh1\.stmcufinder\plugins\mcufinder
2024-02-12 05:53:52,962 [WARN] DbFile:41 - Overriding database path with different value: C:\Users\sudh1\.stmcufinder\plugins\mcufinder/ => C:\Users\sudh1\.stmcufinder\plugins\mcufinder
2024-02-12 05:53:52,962 [INFO] CrossReferenceDbSqlite:203 - Set database path to: C:\Users\sudh1\.stmcufinder\plugins\mcufinder//mcu/cs/
2024-02-12 05:53:52,982 [INFO] ApplicationProperties:184 - Using Application install path: C:\ST\STM32CubeIDE_1.14.0\STM32CubeIDE\plugins\com.st.stm32cube.common.mx_6.10.0.202311202037
2024-02-12 05:53:52,983 [INFO] PluginManage:196 - Search for loadable plugins [exclusion list=, ]
2024-02-12 05:53:52,985 [INFO] PluginManage:310 - Check plugin analytics
2024-02-12 05:53:53,138 [INFO] AnalyticsPlugin:253 - Accepted Software Licenses: 
2024-02-12 05:53:53,138 [INFO] AnalyticsPlugin:255 - Accepted CMSIS Pack Licenses: 
2024-02-12 05:53:53,138 [INFO] AnalyticsPlugin:257 - Accepted Firmware Licenses: 
2024-02-12 05:53:53,140 [INFO] PluginManage:359 - Loaded plugin analytics (category:tool,tabindex:-1)
2024-02-12 05:53:53,140 [INFO] PluginManage:310 - Check plugin cadmodel
2024-02-12 05:53:53,152 [INFO] CADModel:105 - Init CAD model plugin
2024-02-12 05:53:53,153 [INFO] PluginManage:359 - Loaded plugin cadmodel (category:power,tabindex:5)
2024-02-12 05:53:53,153 [INFO] PluginManage:310 - Check plugin clock
2024-02-12 05:53:53,172 [INFO] PluginManage:359 - Loaded plugin clock (category:base,tabindex:2)
2024-02-12 05:53:53,172 [INFO] PluginManage:310 - Check plugin ddr
2024-02-12 05:53:53,174 [INFO] PluginManage:359 - Loaded plugin ddr (category:tool,tabindex:6)
2024-02-12 05:53:53,174 [INFO] PluginManage:310 - Check plugin filemanager
2024-02-12 05:53:53,300 [INFO] PluginManage:359 - Loaded plugin filemanager (category:base,tabindex:10)
2024-02-12 05:53:53,300 [INFO] PluginManage:310 - Check plugin ipmanager
2024-02-12 05:53:53,310 [INFO] PluginManage:359 - Loaded plugin ipmanager (category:base,tabindex:5)
2024-02-12 05:53:53,310 [INFO] PluginManage:310 - Check plugin lpbam
2024-02-12 05:53:53,327 [INFO] PluginManage:359 - Loaded plugin lpbam (category:base,tabindex:0)
2024-02-12 05:53:53,328 [INFO] PluginManage:310 - Check plugin memorymap
2024-02-12 05:53:53,350 [INFO] PluginManage:359 - Loaded plugin memorymap (category:base,tabindex:4)
2024-02-12 05:53:53,351 [INFO] PluginManage:310 - Check plugin pinoutandconfiguration
2024-02-12 05:53:53,368 [INFO] PluginManage:359 - Loaded plugin pinoutandconfiguration (category:base,tabindex:1)
2024-02-12 05:53:53,368 [INFO] PluginManage:310 - Check plugin pinoutconfig
2024-02-12 05:53:53,492 [WARN] SupportedApi:132 - Cannot load RTOS API schema: s4s-elt-must-match.1: The content of 'definitions' must match (annotation?, (simpleType | complexType)?, (unique | key | keyref)*)). A problem was found starting at: attribute.
2024-02-12 05:53:53,618 [INFO] PluginManage:359 - Loaded plugin pinoutconfig (category:base,tabindex:0)
2024-02-12 05:53:53,618 [INFO] PluginManage:310 - Check plugin power
2024-02-12 05:53:53,641 [INFO] PluginManage:359 - Loaded plugin power (category:power,tabindex:4)
2024-02-12 05:53:53,641 [INFO] PluginManage:310 - Check plugin projectmanager
2024-02-12 05:53:53,658 [INFO] PluginManage:359 - Loaded plugin projectmanager (category:projectmanager,tabindex:3)
2024-02-12 05:53:53,659 [INFO] PluginManage:310 - Check plugin thirdparty
2024-02-12 05:53:53,926 [INFO] PluginManage:359 - Loaded plugin thirdparty (category:base,tabindex:-1)
2024-02-12 05:53:53,926 [WARN] IntegrityCheckThread:84 - waiting for thirdparty lock release [integrity check]
2024-02-12 05:53:53,926 [INFO] PluginManage:310 - Check plugin tools
2024-02-12 05:53:53,926 [INFO] IntegrityCheckThread:86 - entering critical section [integrity check]
2024-02-12 05:53:53,926 [INFO] ThirdPartyUpdaterWithRetryManager:70 - Updater plugin not ready yet. [1/15]
2024-02-12 05:53:53,958 [INFO] PluginManage:359 - Loaded plugin tools (category:base,tabindex:7)
2024-02-12 05:53:53,958 [INFO] PluginManage:310 - Check plugin tutovideos
2024-02-12 05:53:54,157 [INFO] PluginManage:359 - Loaded plugin tutovideos (category:base,tabindex:-1)
2024-02-12 05:53:54,157 [INFO] PluginManage:310 - Check plugin updater
2024-02-12 05:53:54,169 [INFO] PluginManage:359 - Loaded plugin updater (category:base,tabindex:12)
2024-02-12 05:53:54,169 [INFO] PluginManage:310 - Check plugin userauth
2024-02-12 05:53:54,176 [INFO] UserAuth:114 - Init User Auth plugin
2024-02-12 05:53:54,176 [INFO] PluginManage:359 - Loaded plugin userauth (category:base,tabindex:14)
2024-02-12 05:53:54,176 [INFO] PluginManage:283 - PluginManage : Loaded plugins [17]
2024-02-12 05:53:54,406 [INFO] PinOutPanel:1499 - setPackage(No Configuration,No Configuration)
2024-02-12 05:53:54,485 [INFO] CADModel:165 - CPN selected for project level
2024-02-12 05:53:54,486 [INFO] CADModel:114 - Register for checkConnection events
2024-02-12 05:53:54,514 [INFO] IPUIPlugin:80 - create IPUIPlugin
2024-02-12 05:53:54,514 [INFO] PluginManager:220 - loadIPPluginJar : add adc
2024-02-12 05:53:54,545 [INFO] IPUIPlugin:80 - create IPUIPlugin
2024-02-12 05:53:54,546 [INFO] PluginManager:220 - loadIPPluginJar : add aes
2024-02-12 05:53:54,582 [INFO] IPUIPlugin:80 - create IPUIPlugin
2024-02-12 05:53:54,582 [INFO] PluginManager:220 - loadIPPluginJar : add can
2024-02-12 05:53:54,603 [INFO] IPUIPlugin:80 - create IPUIPlugin
2024-02-12 05:53:54,603 [INFO] PluginManager:220 - loadIPPluginJar : add comp
2024-02-12 05:53:54,633 [INFO] IPUIPlugin:80 - create IPUIPlugin
2024-02-12 05:53:54,633 [INFO] PluginManager:220 - loadIPPluginJar : add cryp
2024-02-12 05:53:54,663 [INFO] IPUIPlugin:80 - create IPUIPlugin
2024-02-12 05:53:54,663 [INFO] PluginManager:220 - loadIPPluginJar : add dfsdm
2024-02-12 05:53:54,679 [INFO] IPUIPlugin:80 - create IPUIPlugin
2024-02-12 05:53:54,679 [INFO] PluginManager:220 - loadIPPluginJar : add dma
2024-02-12 05:53:54,719 [INFO] IPUIPlugin:80 - create IPUIPlugin
2024-02-12 05:53:54,719 [INFO] PluginManager:220 - loadIPPluginJar : add dma3
2024-02-12 05:53:54,737 [INFO] IPUIPlugin:80 - create IPUIPlugin
2024-02-12 05:53:54,737 [INFO] PluginManager:220 - loadIPPluginJar : add fatfs
2024-02-12 05:53:54,778 [INFO] IPUIPlugin:80 - create IPUIPlugin
2024-02-12 05:53:54,778 [INFO] PluginManager:220 - loadIPPluginJar : add fmc
2024-02-12 05:53:54,794 [INFO] IPUIPlugin:80 - create IPUIPlugin
2024-02-12 05:53:54,795 [INFO] PluginManager:220 - loadIPPluginJar : add freertos
2024-02-12 05:53:54,815 [INFO] IPUIPlugin:80 - create IPUIPlugin
2024-02-12 05:53:54,815 [INFO] PluginManager:220 - loadIPPluginJar : add genericplugin
2024-02-12 05:53:54,898 [INFO] IPUIPlugin:80 - create IPUIPlugin
2024-02-12 05:53:54,899 [INFO] PluginManager:220 - loadIPPluginJar : add gfxmmu
2024-02-12 05:53:55,032 [INFO] IPUIPlugin:80 - create IPUIPlugin
2024-02-12 05:53:55,032 [INFO] PluginManager:220 - loadIPPluginJar : add gic
2024-02-12 05:53:55,044 [INFO] IPUIPlugin:80 - create IPUIPlugin
2024-02-12 05:53:55,045 [INFO] PluginManager:220 - loadIPPluginJar : add gpio
2024-02-12 05:53:55,125 [INFO] IPUIPlugin:80 - create IPUIPlugin
2024-02-12 05:53:55,126 [INFO] PluginManager:220 - loadIPPluginJar : add gtzc
2024-02-12 05:53:55,155 [INFO] IPUIPlugin:80 - create IPUIPlugin
2024-02-12 05:53:55,155 [INFO] PluginManager:220 - loadIPPluginJar : add hash
2024-02-12 05:53:55,203 [INFO] IPUIPlugin:80 - create IPUIPlugin
2024-02-12 05:53:55,203 [INFO] PluginManager:220 - loadIPPluginJar : add i2c
2024-02-12 05:53:55,253 [INFO] IPUIPlugin:80 - create IPUIPlugin
2024-02-12 05:53:55,253 [INFO] PluginManager:220 - loadIPPluginJar : add i2s
2024-02-12 05:53:55,290 [INFO] IPUIPlugin:80 - create IPUIPlugin
2024-02-12 05:53:55,290 [INFO] PluginManager:220 - loadIPPluginJar : add i3c
2024-02-12 05:53:55,380 [INFO] IPUIPlugin:80 - create IPUIPlugin
2024-02-12 05:53:55,381 [INFO] PluginManager:220 - loadIPPluginJar : add ipddr
2024-02-12 05:53:55,468 [INFO] IPUIPlugin:80 - create IPUIPlugin
2024-02-12 05:53:55,468 [INFO] PluginManager:220 - loadIPPluginJar : add linkedlist
2024-02-12 05:53:55,502 [INFO] IPUIPlugin:80 - create IPUIPlugin
2024-02-12 05:53:55,502 [INFO] PluginManager:220 - loadIPPluginJar : add lorawan
2024-02-12 05:53:55,538 [INFO] IPUIPlugin:80 - create IPUIPlugin
2024-02-12 05:53:55,538 [INFO] PluginManager:220 - loadIPPluginJar : add ltdc
2024-02-12 05:53:55,553 [INFO] IPUIPlugin:80 - create IPUIPlugin
2024-02-12 05:53:55,554 [INFO] PluginManager:220 - loadIPPluginJar : add mdma
2024-02-12 05:53:55,566 [INFO] IPUIPlugin:80 - create IPUIPlugin
2024-02-12 05:53:55,566 [INFO] PluginManager:220 - loadIPPluginJar : add nvic
2024-02-12 05:53:55,608 [INFO] IPUIPlugin:80 - create IPUIPlugin
2024-02-12 05:53:55,609 [INFO] PluginManager:220 - loadIPPluginJar : add opamp
2024-02-12 05:53:55,672 [INFO] IPUIPlugin:80 - create IPUIPlugin
2024-02-12 05:53:55,672 [INFO] PluginManager:220 - loadIPPluginJar : add openamp
2024-02-12 05:53:55,712 [INFO] IPUIPlugin:80 - create IPUIPlugin
2024-02-12 05:53:55,712 [INFO] PluginManager:220 - loadIPPluginJar : add pdm2pcm
2024-02-12 05:53:55,727 [INFO] IPUIPlugin:80 - create IPUIPlugin
2024-02-12 05:53:55,729 [INFO] PluginManager:220 - loadIPPluginJar : add plateformsettings
2024-02-12 05:53:55,749 [INFO] IPUIPlugin:80 - create IPUIPlugin
2024-02-12 05:53:55,749 [INFO] PluginManager:220 - loadIPPluginJar : add quadspi
2024-02-12 05:53:55,762 [INFO] IPUIPlugin:80 - create IPUIPlugin
2024-02-12 05:53:55,762 [INFO] PluginManager:220 - loadIPPluginJar : add resmgrutility
2024-02-12 05:53:55,810 [INFO] IPUIPlugin:80 - create IPUIPlugin
2024-02-12 05:53:55,810 [INFO] PluginManager:220 - loadIPPluginJar : add sai
2024-02-12 05:53:55,847 [INFO] IPUIPlugin:80 - create IPUIPlugin
2024-02-12 05:53:55,847 [INFO] PluginManager:220 - loadIPPluginJar : add spi
2024-02-12 05:53:55,914 [INFO] IPUIPlugin:80 - create IPUIPlugin
2024-02-12 05:53:55,914 [INFO] PluginManager:220 - loadIPPluginJar : add stm32_wpan
2024-02-12 05:53:55,937 [INFO] IPUIPlugin:80 - create IPUIPlugin
2024-02-12 05:53:55,937 [INFO] PluginManager:220 - loadIPPluginJar : add tim
2024-02-12 05:53:55,986 [INFO] IPUIPlugin:80 - create IPUIPlugin
2024-02-12 05:53:55,986 [INFO] PluginManager:220 - loadIPPluginJar : add touchsensing
2024-02-12 05:53:56,010 [INFO] IPUIPlugin:80 - create IPUIPlugin
2024-02-12 05:53:56,010 [INFO] PluginManager:220 - loadIPPluginJar : add tracer_emb
2024-02-12 05:53:56,033 [INFO] IPUIPlugin:80 - create IPUIPlugin
2024-02-12 05:53:56,033 [INFO] PluginManager:220 - loadIPPluginJar : add ts
2024-02-12 05:53:56,055 [INFO] IPUIPlugin:80 - create IPUIPlugin
2024-02-12 05:53:56,055 [INFO] PluginManager:220 - loadIPPluginJar : add tsc
2024-02-12 05:53:56,077 [INFO] IPUIPlugin:80 - create IPUIPlugin
2024-02-12 05:53:56,077 [INFO] PluginManager:220 - loadIPPluginJar : add ucpd
2024-02-12 05:53:56,125 [INFO] IPUIPlugin:80 - create IPUIPlugin
2024-02-12 05:53:56,125 [INFO] PluginManager:220 - loadIPPluginJar : add usart
2024-02-12 05:53:56,164 [INFO] IPUIPlugin:80 - create IPUIPlugin
2024-02-12 05:53:56,164 [INFO] PluginManager:220 - loadIPPluginJar : add usbx
2024-02-12 05:53:56,287 [INFO] CADModel:165 - CPN selected for project level
2024-02-12 05:53:56,287 [INFO] CADModel:114 - Register for checkConnection events
2024-02-12 05:53:56,287 [FATAL] Updater:308 - Updater called before beeing initialized
2024-02-12 05:53:56,288 [ERROR] CADModel:125 - Updater not yet initialized, retry later 
2024-02-12 05:53:56,472 [INFO] CADModel:165 - CPN selected for project level
2024-02-12 05:53:56,472 [INFO] CADModel:114 - Register for checkConnection events
2024-02-12 05:53:56,472 [FATAL] Updater:308 - Updater called before beeing initialized
2024-02-12 05:53:56,472 [ERROR] CADModel:125 - Updater not yet initialized, retry later 
2024-02-12 05:53:56,475 [FATAL] Updater:308 - Updater called before beeing initialized
2024-02-12 05:53:56,591 [FATAL] Updater:308 - Updater called before beeing initialized
2024-02-12 05:53:56,600 [INFO] DbMcusAds:53 - JSON generation date=Wed Nov 29 16:22:27 IST 2023 (1701255147200)
2024-02-12 05:53:56,600 [FATAL] Updater:308 - Updater called before beeing initialized
2024-02-12 05:53:56,675 [WARN] DetailPanel:346 - Failed to get advertising image, set to default
2024-02-12 05:53:56,789 [FATAL] Updater:308 - Updater called before beeing initialized
2024-02-12 05:53:56,791 [FATAL] Updater:308 - Updater called before beeing initialized
2024-02-12 05:53:56,791 [FATAL] Updater:308 - Updater called before beeing initialized
2024-02-12 05:53:56,791 [WARN] DetailPanel:346 - Failed to get advertising image, set to default
2024-02-12 05:53:56,791 [FATAL] Updater:308 - Updater called before beeing initialized
2024-02-12 05:53:56,859 [ERROR] Updater:1120 - MainUpdater not yet initialized. External WinMGr cannot be set.
2024-02-12 05:53:56,871 [INFO] Updater:1056 - Updater Version found : 6.10.0
2024-02-12 05:53:56,893 [INFO] ApplicationProperties:184 - Using Application install path: C:\ST\STM32CubeIDE_1.14.0\STM32CubeIDE\plugins\com.st.stm32cube.common.mx_6.10.0.202311202037
2024-02-12 05:53:56,927 [INFO] ThirdPartyUpdaterWithRetryManager:70 - Updater plugin not ready yet. [2/15]
2024-02-12 05:53:58,487 [ERROR] LogOutputStream:75 - [STDERR_REDIRECT] Feb 12, 2024 5:53:58 AM java.util.prefs.WindowsPreferences <init>
2024-02-12 05:53:58,489 [ERROR] LogOutputStream:75 - [STDERR_REDIRECT] WARNING: Could not open/create prefs root node Software\JavaSoft\Prefs at root 0xffffffff80000002. Windows RegCreateKeyEx(...) returned error code 5.
2024-02-12 05:53:58,489 [ERROR] LogOutputStream:75 - [STDERR_REDIRECT] 
2024-02-12 05:53:58,872 [INFO] MainUpdater:2873 - connection check result : 10
2024-02-12 05:53:58,872 [INFO] MainUpdater:3567 - Updater definition file requires update
2024-02-12 05:53:58,873 [INFO] MainUpdater:290 - Updater Check For Update Now.
2024-02-12 05:53:58,873 [INFO] MicroXplorer:498 - Change Database Version : DB.6.0.100
2024-02-12 05:53:58,896 [INFO] McuFinderGlobals:63 - Set McuFinder mode to 2 (CubeIDE integrated)
2024-02-12 05:53:58,897 [INFO] UserAuth:180 - activating auth plugin
2024-02-12 05:53:58,900 [INFO] UserAuth:404 - Internet connection configuration mode: 1
2024-02-12 05:53:58,927 [INFO] JxBrowserEngine:152 - Initiate JxBrowser Engine with user profile folder
2024-02-12 05:53:59,032 [INFO] ServerAccessManage:473 - Download File updaters.zip
2024-02-12 05:53:59,124 [INFO] FileExtend:240 - Unzip File : updaters.zip
2024-02-12 05:53:59,124 [INFO] FileExtend:255 - Standard Zip Deflate
2024-02-12 05:53:59,504 [INFO] ServerAccessManage:473 - Download File PacksControlFlags.xml
2024-02-12 05:53:59,680 [INFO] ServerAccessManage:473 - Download File cubemx.pidx
2024-02-12 05:53:59,808 [INFO] LoadServerUpdatesThread:375 - End of LoadServerUpdate Thread
2024-02-12 05:53:59,929 [WARN] MainUpdater:1194 - Updater busy. Cannot search thirdparties
2024-02-12 05:53:59,929 [INFO] ThirdPartyUpdaterWithRetryManager:96 - Updater plugin is busy. [1/15]
2024-02-12 05:54:00,012 [INFO] CheckServerUpdateThread:120 - End of CheckServer Thread
2024-02-12 05:54:02,137 [INFO] WebApp:161 - Instantiating new browser for Auth
2024-02-12 05:54:02,700 [INFO] WebApp:780 - Register for checkConnection events
2024-02-12 05:54:02,700 [INFO] WebApp:414 - Apply proxy settings
2024-02-12 05:54:02,700 [INFO] WebApp:499 - Chromium requires no authentication
2024-02-12 05:54:02,708 [INFO] WebApp:442 - Direct internet connection detected
2024-02-12 05:54:02,863 [INFO] WebApp:192 - Starting web application
2024-02-12 05:54:02,864 [INFO] WebApp:544 - Web application path used C:\ST\STM32CubeIDE_1.14.0\STM32CubeIDE\plugins\com.st.stm32cube.common.mx_6.10.0.202311202037\db\plugins\mcufinder\reactClient1\index.html
2024-02-12 05:54:03,142 [WARN] PackLoader:240 - Cannot read IP mode file for STMicroelectronics.X-CUBE-SMBUS.2.1.0
2024-02-12 05:54:03,162 [WARN] PackLoader:240 - Cannot read IP mode file for STMicroelectronics.X-CUBE-TOUCHGFX.4.23.0
2024-02-12 05:54:03,210 [WARN] PackLoader:240 - Cannot read IP mode file for STMicroelectronics.X-CUBE-AZRTOS-F7.1.1.0
2024-02-12 05:54:03,234 [WARN] PackLoader:240 - Cannot read IP mode file for STMicroelectronics.FP-SNS-MOTENV1.4.3.2
2024-02-12 05:54:03,256 [WARN] PackLoader:240 - Cannot read IP mode file for STMicroelectronics.X-CUBE-BLE1.6.2.4
2024-02-12 05:54:03,270 [WARN] PackLoader:240 - Cannot read IP mode file for STMicroelectronics.FP-SNS-FLIGHT1.5.0.2
2024-02-12 05:54:03,289 [WARN] PackLoader:240 - Cannot read IP mode file for STMicroelectronics.X-CUBE-DISPLAY.3.0.0
2024-02-12 05:54:03,309 [WARN] PackLoader:240 - Cannot read IP mode file for STMicroelectronics.X-CUBE-BLE1.7.0.0
2024-02-12 05:54:03,323 [WARN] PackLoader:240 - Cannot read IP mode file for STMicroelectronics.FP-SNS-SMARTAG2.1.2.0
2024-02-12 05:54:03,345 [INFO] LogOutputStream:77 - [STDOUT_REDIRECT] 1 : Invalid condition id : UX_CORESTACK_Condition cause : null
2024-02-12 05:54:03,345 [INFO] LogOutputStream:77 - [STDOUT_REDIRECT] 1 : Invalid condition id : UX_CORESTACK_Condition cause : null
2024-02-12 05:54:03,346 [INFO] LogOutputStream:77 - [STDOUT_REDIRECT] 1 : Invalid condition id : UX_CORESTACK_Condition cause : null
2024-02-12 05:54:03,347 [INFO] LogOutputStream:77 - [STDOUT_REDIRECT] 1 : Invalid condition id : UX_CORESTACK_Condition cause : null
2024-02-12 05:54:03,348 [INFO] LogOutputStream:77 - [STDOUT_REDIRECT] 1 : Invalid condition id : UX_CORESTACK_Condition cause : null
2024-02-12 05:54:03,354 [WARN] PackLoader:240 - Cannot read IP mode file for STMicroelectronics.X-CUBE-AZRTOS-WL.2.0.0
2024-02-12 05:54:03,376 [WARN] PackLoader:240 - Cannot read IP mode file for WES.I-CUBE-Cesium.1.3.0
2024-02-12 05:54:03,389 [WARN] PackLoader:240 - Cannot read IP mode file for STMicroelectronics.X-CUBE-BLE2.3.3.0
2024-02-12 05:54:03,409 [WARN] PackLoader:240 - Cannot read IP mode file for STMicroelectronics.X-CUBE-TOF1.3.2.0
2024-02-12 05:54:03,429 [WARN] PackLoader:240 - Cannot read IP mode file for STMicroelectronics.X-CUBE-TOUCHGFX.4.21.1
2024-02-12 05:54:03,442 [WARN] PackLoader:240 - Cannot read IP mode file for STMicroelectronics.X-CUBE-ALGOBUILD.1.3.0
2024-02-12 05:54:03,473 [WARN] PackLoader:240 - Cannot read IP mode file for STMicroelectronics.X-CUBE-AZRTOS-G0.1.1.0
2024-02-12 05:54:03,489 [WARN] PackLoader:240 - Cannot read IP mode file for STMicroelectronics.X-CUBE-NFC4.3.0.0
2024-02-12 05:54:03,507 [WARN] PackLoader:240 - Cannot read IP mode file for STMicroelectronics.X-CUBE-BLEMGR.3.0.0
2024-02-12 05:54:03,527 [WARN] PackLoader:240 - Cannot read IP mode file for STMicroelectronics.X-CUBE-BLEMGR.1.3.0
2024-02-12 05:54:03,542 [WARN] PackLoader:240 - Cannot read IP mode file for STMicroelectronics.FP-ATR-SIGFOX1.3.2.0
2024-02-12 05:54:03,559 [WARN] PackLoader:240 - Cannot read IP mode file for STMicroelectronics.X-CUBE-EEPRMA1.5.1.0
2024-02-12 05:54:03,613 [WARN] PackLoader:240 - Cannot read IP mode file for STMicroelectronics.X-CUBE-MEMS1.9.5.0
2024-02-12 05:54:03,786 [WARN] PackLoader:240 - Cannot read IP mode file for SEGGER.I-CUBE-embOS.1.3.1
2024-02-12 05:54:03,821 [WARN] PackLoader:240 - Cannot read IP mode file for STMicroelectronics.X-CUBE-GNSS1.6.0.0
2024-02-12 05:54:03,846 [WARN] PackLoader:240 - Cannot read IP mode file for STMicroelectronics.X-CUBE-AZRTOS-F4.1.1.0
2024-02-12 05:54:03,873 [WARN] PackLoader:240 - Cannot read IP mode file for STMicroelectronics.X-CUBE-AZRTOS-L5.2.0.0
2024-02-12 05:54:03,885 [WARN] PackLoader:240 - Cannot read IP mode file for STMicroelectronics.X-CUBE-EEPRMA1.4.2.0
2024-02-12 05:54:03,897 [WARN] PackLoader:240 - Cannot read IP mode file for ITTIA_DB.I-CUBE-ITTIADB.8.8.0
2024-02-12 05:54:03,912 [WARN] PackLoader:240 - Cannot read IP mode file for emotas.I-CUBE-CANOPEN.1.1.3
2024-02-12 05:54:03,926 [WARN] PackLoader:240 - Cannot read IP mode file for STMicroelectronics.X-CUBE-BLEMGR.2.0.0
2024-02-12 05:54:03,938 [WARN] PackLoader:240 - Cannot read IP mode file for wolfSSL.I-CUBE-wolfSSL.5.5.4
2024-02-12 05:54:03,949 [WARN] PackLoader:240 - Cannot read IP mode file for STMicroelectronics.X-CUBE-NFC7.1.0.1
2024-02-12 05:54:03,963 [WARN] PackLoader:240 - Cannot read IP mode file for STMicroelectronics.X-CUBE-NFC7.1.0.0
2024-02-12 05:54:03,980 [WARN] PackLoader:240 - Cannot read IP mode file for STMicroelectronics.X-CUBE-NFC6.3.0.0
2024-02-12 05:54:03,997 [WARN] PackLoader:240 - Cannot read IP mode file for STMicroelectronics.X-CUBE-EEPRMA1.4.1.0
2024-02-12 05:54:04,020 [WARN] PackLoader:240 - Cannot read IP mode file for STMicroelectronics.X-CUBE-AI.8.1.0
2024-02-12 05:54:04,080 [WARN] ConditionMgr:438 - getConditionDescription Invalid condition id : LAN8742 Phy interface Condition cause : null
2024-02-12 05:54:04,080 [WARN] PackLoader:240 - Cannot read IP mode file for STMicroelectronics.X-CUBE-AZRTOS-L4.2.0.0
2024-02-12 05:54:04,085 [WARN] ConditionMgr:1039 - genDependencies : Invalid condition id : LAN8742 Phy interface Condition cause : null
2024-02-12 05:54:04,086 [WARN] ConditionMgr:1039 - genDependencies : Invalid condition id : LAN8742 Phy interface Condition cause : null
2024-02-12 05:54:04,086 [WARN] ConditionMgr:1039 - genDependencies : Invalid condition id : LAN8742 Phy interface Condition cause : null
2024-02-12 05:54:04,101 [WARN] PackLoader:240 - Cannot read IP mode file for STMicroelectronics.X-CUBE-SFXS2LP1.4.0.0
2024-02-12 05:54:04,127 [WARN] PackLoader:240 - Cannot read IP mode file for STMicroelectronics.X-CUBE-AZRTOS-H7.3.0.0
2024-02-12 05:54:04,140 [WARN] PackLoader:240 - Cannot read IP mode file for STMicroelectronics.X-CUBE-ISPU.1.1.0
2024-02-12 05:54:04,156 [WARN] PackLoader:240 - Cannot read IP mode file for RoweBots.I-CUBE-UNISONRTOS.5.5.0-4
2024-02-12 05:54:04,167 [WARN] PackLoader:240 - Cannot read IP mode file for STMicroelectronics.X-CUBE-AI.8.0.0
2024-02-12 05:54:04,188 [WARN] ConditionMgr:438 - getConditionDescription Invalid condition id : UX DEVICE CLASS RTOS Condition cause : null
2024-02-12 05:54:04,188 [WARN] ConditionMgr:438 - getConditionDescription Invalid condition id : UX DEVICE CLASS RTOS Condition cause : null
2024-02-12 05:54:04,189 [WARN] PackLoader:240 - Cannot read IP mode file for STMicroelectronics.X-CUBE-AZRTOS-WB.2.0.0
2024-02-12 05:54:04,190 [WARN] ConditionMgr:1039 - genDependencies : Invalid condition id : UX DEVICE CLASS RTOS Condition cause : null
2024-02-12 05:54:04,190 [WARN] ConditionMgr:1039 - genDependencies : Invalid condition id : UX DEVICE CLASS RTOS Condition cause : null
2024-02-12 05:54:04,190 [WARN] ConditionMgr:1039 - genDependencies : Invalid condition id : UX DEVICE CLASS RTOS Condition cause : null
2024-02-12 05:54:04,190 [WARN] ConditionMgr:1039 - genDependencies : Invalid condition id : UX DEVICE CLASS RTOS Condition cause : null
2024-02-12 05:54:04,190 [WARN] ConditionMgr:1039 - genDependencies : Invalid condition id : UX DEVICE CLASS RTOS Condition cause : null
2024-02-12 05:54:04,200 [WARN] PackLoader:240 - Cannot read IP mode file for STMicroelectronics.X-CUBE-FREERTOS.1.0.0
2024-02-12 05:54:04,221 [WARN] PackLoader:240 - Cannot read IP mode file for STMicroelectronics.X-CUBE-AZRTOS-L5.1.1.0
2024-02-12 05:54:04,238 [WARN] PackLoader:240 - Cannot read IP mode file for STMicroelectronics.X-CUBE-SUBG2.5.0.0
2024-02-12 05:54:04,264 [WARN] PackLoader:240 - Cannot read IP mode file for STMicroelectronics.X-CUBE-AZRTOS-G4.2.0.0
2024-02-12 05:54:04,275 [WARN] PackLoader:240 - Cannot read IP mode file for STMicroelectronics.FP-ATR-ASTRA1.1.1.1
2024-02-12 05:54:04,295 [WARN] PackLoader:240 - Cannot read IP mode file for Infineon.AIROC-Wi-Fi-Bluetooth-STM32.1.5.1
2024-02-12 05:54:04,309 [WARN] PackLoader:240 - Cannot read IP mode file for STMicroelectronics.FP-SNS-MOTENVWB1.1.3.1
2024-02-12 05:54:04,329 [WARN] PackLoader:240 - Cannot read IP mode file for STMicroelectronics.X-CUBE-AZRTOS-G4.1.0.0
2024-02-12 05:54:04,355 [WARN] PackLoader:240 - Cannot read IP mode file for STMicroelectronics.X-CUBE-AZRTOS-L4.1.0.0
2024-02-12 05:54:04,368 [WARN] PackLoader:240 - Cannot read IP mode file for STMicroelectronics.X-CUBE-ISPU.2.0.0
2024-02-12 05:54:04,410 [WARN] PackLoader:240 - Cannot read IP mode file for STMicroelectronics.X-CUBE-MEMS1.10.0.0
2024-02-12 05:54:04,485 [WARN] PackLoader:240 - Cannot read IP mode file for STMicroelectronics.X-CUBE-FREERTOS.1.1.0
2024-02-12 05:54:04,503 [WARN] PackLoader:240 - Cannot read IP mode file for STMicroelectronics.X-CUBE-AZRTOS-WL.1.0.0
2024-02-12 05:54:04,516 [WARN] PackLoader:240 - Cannot read IP mode file for portGmbH.I-Cube-SoM-uGOAL.1.1.0
2024-02-12 05:54:04,528 [WARN] PackLoader:240 - Cannot read IP mode file for STMicroelectronics.X-CUBE-ALS.1.0.1
2024-02-12 05:54:04,549 [WARN] PackLoader:240 - Cannot read IP mode file for STMicroelectronics.X-CUBE-AZRTOS-WB.1.1.0
2024-02-12 05:54:04,561 [WARN] PackLoader:240 - Cannot read IP mode file for STMicroelectronics.FP-ATR-ASTRA1.2.0.0
2024-02-12 05:54:04,578 [WARN] PackLoader:240 - Cannot read IP mode file for STMicroelectronics.X-CUBE-TOF1.3.4.0
2024-02-12 05:54:04,609 [WARN] PackLoader:240 - Cannot read IP mode file for STMicroelectronics.X-CUBE-AZRTOS-H7.3.2.0
2024-02-12 05:54:04,612 [INFO] ThirdParty:978 - Integrity check success = true
2024-02-12 05:54:04,612 [INFO] IntegrityCheckThread:100 - exiting critical section [integrity check]
2024-02-12 05:54:04,612 [INFO] IntegrityCheckThread:103 - End integrity checks thread
2024-02-12 05:54:23,798 [ERROR] LogOutputStream:75 - [STDERR_REDIRECT] SLF4J: Failed to load class "org.slf4j.impl.StaticLoggerBinder".
2024-02-12 05:54:23,799 [ERROR] LogOutputStream:75 - [STDERR_REDIRECT] SLF4J: Defaulting to no-operation (NOP) logger implementation
2024-02-12 05:54:23,800 [ERROR] LogOutputStream:75 - [STDERR_REDIRECT] SLF4J: See http://www.slf4j.org/codes.html#StaticLoggerBinder for further details.
2024-02-12 16:29:31,913 [ERROR] LogOutputStream:75 - [STDERR_REDIRECT] 
