2024-02-02 09:40:13,395 [INFO] Activator:176 - 


2024-02-02 09:40:13,400 [INFO] Activator:177 - !SESSION log4j initialized
2024-02-02 09:40:20,611 [INFO] LogOutputStream:77 - [STDOUT_REDIRECT] 
2024-02-02 09:40:23,491 [INFO] ApplicationProperties:184 - Using Application install path: C:\ST\STM32CubeIDE_1.14.0\STM32CubeIDE\plugins\com.st.stm32cube.common.mx_6.10.0.202311202037
2024-02-02 09:40:23,515 [INFO] DbMcusXml:78 - Set database path to: C:\ST\STM32CubeIDE_1.14.0\STM32CubeIDE\plugins\com.st.stm32cube.common.mx_6.10.0.202311202037\\db\/mcu/
2024-02-02 09:40:23,516 [INFO] ApiDb:274 - Set plugin database path to: C:\ST\STM32CubeIDE_1.14.0\STM32CubeIDE\plugins\com.st.stm32cube.common.mx_6.10.0.202311202037\\db\/plugins/boardmanager/
2024-02-02 09:40:23,516 [WARN] ApiDb:259 - Overriding images path with different value:  => C:\ST\STM32CubeIDE_1.14.0\STM32CubeIDE\plugins\com.st.stm32cube.common.mx_6.10.0.202311202037\\db\/plugins/mcufinder/images/
2024-02-02 09:40:23,527 [INFO] ApiDb:250 - Set database path to: C:\Users\sudh1\.stmcufinder\plugins\mcufinder//mcu/
2024-02-02 09:40:23,528 [INFO] DbMcusAds:125 - Set database path to: C:\Users\sudh1\.stmcufinder\plugins\mcufinder//mcu/
2024-02-02 09:40:23,530 [INFO] CrossReferenceDbSqlite:203 - Set database path to: C:\Users\sudh1\.stmcufinder\plugins\mcufinder//mcu/cs/
2024-02-02 09:40:23,674 [INFO] RulesReader:64 - Compatibility file has been processed (297 Rules)
2024-02-02 09:40:23,759 [INFO] DbMcusXml:78 - Set database path to: C:\ST\STM32CubeIDE_1.14.0\STM32CubeIDE\plugins\com.st.stm32cube.common.mx_6.10.0.202311202037\\db\/mcu/
2024-02-02 09:40:23,760 [INFO] ApiDb:274 - Set plugin database path to: C:\ST\STM32CubeIDE_1.14.0\STM32CubeIDE\plugins\com.st.stm32cube.common.mx_6.10.0.202311202037\\db\/plugins/boardmanager/
2024-02-02 09:40:23,760 [INFO] ApiDb:261 - Set plugin images path to: C:\ST\STM32CubeIDE_1.14.0\STM32CubeIDE\plugins\com.st.stm32cube.common.mx_6.10.0.202311202037\\db\/plugins/mcufinder/images/
2024-02-02 09:40:23,760 [WARN] DbFile:41 - Overriding database path with different value: C:\Users\sudh1\.stmcufinder\plugins\mcufinder/ => C:\Users\sudh1\.stmcufinder\plugins\mcufinder
2024-02-02 09:40:23,760 [INFO] ApiDb:250 - Set database path to: C:\Users\sudh1\.stmcufinder\plugins\mcufinder//mcu/
2024-02-02 09:40:23,761 [WARN] DbFile:41 - Overriding database path with different value: C:\Users\sudh1\.stmcufinder\plugins\mcufinder/ => C:\Users\sudh1\.stmcufinder\plugins\mcufinder
2024-02-02 09:40:23,761 [INFO] DbMcusAds:125 - Set database path to: C:\Users\sudh1\.stmcufinder\plugins\mcufinder//mcu/
2024-02-02 09:40:23,761 [WARN] DbFile:41 - Overriding database path with different value: C:\Users\sudh1\.stmcufinder\plugins\mcufinder/ => C:\Users\sudh1\.stmcufinder\plugins\mcufinder
2024-02-02 09:40:23,761 [WARN] DbFile:41 - Overriding database path with different value: C:\Users\sudh1\.stmcufinder\plugins\mcufinder/ => C:\Users\sudh1\.stmcufinder\plugins\mcufinder
2024-02-02 09:40:23,761 [INFO] CrossReferenceDbSqlite:203 - Set database path to: C:\Users\sudh1\.stmcufinder\plugins\mcufinder//mcu/cs/
2024-02-02 09:40:23,843 [INFO] MainPanel:264 - HeapMemory: 268435456
2024-02-02 09:40:23,937 [INFO] DbMcusXml:78 - Set database path to: C:\ST\STM32CubeIDE_1.14.0\STM32CubeIDE\plugins\com.st.stm32cube.common.mx_6.10.0.202311202037\\db\/mcu/
2024-02-02 09:40:23,938 [INFO] ApiDb:274 - Set plugin database path to: C:\ST\STM32CubeIDE_1.14.0\STM32CubeIDE\plugins\com.st.stm32cube.common.mx_6.10.0.202311202037\\db\/plugins/boardmanager/
2024-02-02 09:40:23,938 [INFO] ApiDb:261 - Set plugin images path to: C:\ST\STM32CubeIDE_1.14.0\STM32CubeIDE\plugins\com.st.stm32cube.common.mx_6.10.0.202311202037\\db\/plugins/mcufinder/images/
2024-02-02 09:40:23,938 [WARN] DbFile:41 - Overriding database path with different value: C:\Users\sudh1\.stmcufinder\plugins\mcufinder/ => C:\Users\sudh1\.stmcufinder\plugins\mcufinder
2024-02-02 09:40:23,938 [INFO] ApiDb:250 - Set database path to: C:\Users\sudh1\.stmcufinder\plugins\mcufinder//mcu/
2024-02-02 09:40:23,938 [WARN] DbFile:41 - Overriding database path with different value: C:\Users\sudh1\.stmcufinder\plugins\mcufinder/ => C:\Users\sudh1\.stmcufinder\plugins\mcufinder
2024-02-02 09:40:23,938 [INFO] DbMcusAds:125 - Set database path to: C:\Users\sudh1\.stmcufinder\plugins\mcufinder//mcu/
2024-02-02 09:40:23,938 [WARN] DbFile:41 - Overriding database path with different value: C:\Users\sudh1\.stmcufinder\plugins\mcufinder/ => C:\Users\sudh1\.stmcufinder\plugins\mcufinder
2024-02-02 09:40:23,938 [WARN] DbFile:41 - Overriding database path with different value: C:\Users\sudh1\.stmcufinder\plugins\mcufinder/ => C:\Users\sudh1\.stmcufinder\plugins\mcufinder
2024-02-02 09:40:23,938 [INFO] CrossReferenceDbSqlite:203 - Set database path to: C:\Users\sudh1\.stmcufinder\plugins\mcufinder//mcu/cs/
2024-02-02 09:40:23,958 [INFO] ApplicationProperties:184 - Using Application install path: C:\ST\STM32CubeIDE_1.14.0\STM32CubeIDE\plugins\com.st.stm32cube.common.mx_6.10.0.202311202037
2024-02-02 09:40:23,960 [INFO] PluginManage:196 - Search for loadable plugins [exclusion list=, ]
2024-02-02 09:40:23,961 [INFO] PluginManage:310 - Check plugin analytics
2024-02-02 09:40:24,135 [INFO] AnalyticsPlugin:253 - Accepted Software Licenses: 
2024-02-02 09:40:24,136 [INFO] AnalyticsPlugin:255 - Accepted CMSIS Pack Licenses: 
2024-02-02 09:40:24,136 [INFO] AnalyticsPlugin:257 - Accepted Firmware Licenses: 
2024-02-02 09:40:24,138 [INFO] PluginManage:359 - Loaded plugin analytics (category:tool,tabindex:-1)
2024-02-02 09:40:24,139 [INFO] PluginManage:310 - Check plugin cadmodel
2024-02-02 09:40:24,153 [INFO] CADModel:105 - Init CAD model plugin
2024-02-02 09:40:24,153 [INFO] PluginManage:359 - Loaded plugin cadmodel (category:power,tabindex:5)
2024-02-02 09:40:24,153 [INFO] PluginManage:310 - Check plugin clock
2024-02-02 09:40:24,173 [INFO] PluginManage:359 - Loaded plugin clock (category:base,tabindex:2)
2024-02-02 09:40:24,173 [INFO] PluginManage:310 - Check plugin ddr
2024-02-02 09:40:24,176 [INFO] PluginManage:359 - Loaded plugin ddr (category:tool,tabindex:6)
2024-02-02 09:40:24,176 [INFO] PluginManage:310 - Check plugin filemanager
2024-02-02 09:40:24,324 [INFO] PluginManage:359 - Loaded plugin filemanager (category:base,tabindex:10)
2024-02-02 09:40:24,324 [INFO] PluginManage:310 - Check plugin ipmanager
2024-02-02 09:40:24,331 [INFO] PluginManage:359 - Loaded plugin ipmanager (category:base,tabindex:5)
2024-02-02 09:40:24,332 [INFO] PluginManage:310 - Check plugin lpbam
2024-02-02 09:40:24,348 [INFO] PluginManage:359 - Loaded plugin lpbam (category:base,tabindex:0)
2024-02-02 09:40:24,348 [INFO] PluginManage:310 - Check plugin memorymap
2024-02-02 09:40:24,379 [INFO] PluginManage:359 - Loaded plugin memorymap (category:base,tabindex:4)
2024-02-02 09:40:24,379 [INFO] PluginManage:310 - Check plugin pinoutandconfiguration
2024-02-02 09:40:24,394 [INFO] PluginManage:359 - Loaded plugin pinoutandconfiguration (category:base,tabindex:1)
2024-02-02 09:40:24,394 [INFO] PluginManage:310 - Check plugin pinoutconfig
2024-02-02 09:40:24,492 [WARN] SupportedApi:132 - Cannot load RTOS API schema: s4s-elt-must-match.1: The content of 'definitions' must match (annotation?, (simpleType | complexType)?, (unique | key | keyref)*)). A problem was found starting at: attribute.
2024-02-02 09:40:24,635 [INFO] PluginManage:359 - Loaded plugin pinoutconfig (category:base,tabindex:0)
2024-02-02 09:40:24,635 [INFO] PluginManage:310 - Check plugin power
2024-02-02 09:40:24,653 [INFO] PluginManage:359 - Loaded plugin power (category:power,tabindex:4)
2024-02-02 09:40:24,653 [INFO] PluginManage:310 - Check plugin projectmanager
2024-02-02 09:40:24,674 [INFO] PluginManage:359 - Loaded plugin projectmanager (category:projectmanager,tabindex:3)
2024-02-02 09:40:24,674 [INFO] PluginManage:310 - Check plugin thirdparty
2024-02-02 09:40:24,972 [INFO] PluginManage:359 - Loaded plugin thirdparty (category:base,tabindex:-1)
2024-02-02 09:40:24,972 [INFO] PluginManage:310 - Check plugin tools
2024-02-02 09:40:24,972 [WARN] IntegrityCheckThread:84 - waiting for thirdparty lock release [integrity check]
2024-02-02 09:40:24,973 [INFO] IntegrityCheckThread:86 - entering critical section [integrity check]
2024-02-02 09:40:24,973 [INFO] ThirdPartyUpdaterWithRetryManager:70 - Updater plugin not ready yet. [1/15]
2024-02-02 09:40:25,008 [INFO] PluginManage:359 - Loaded plugin tools (category:base,tabindex:7)
2024-02-02 09:40:25,008 [INFO] PluginManage:310 - Check plugin tutovideos
2024-02-02 09:40:25,205 [INFO] PluginManage:359 - Loaded plugin tutovideos (category:base,tabindex:-1)
2024-02-02 09:40:25,205 [INFO] PluginManage:310 - Check plugin updater
2024-02-02 09:40:25,216 [INFO] PluginManage:359 - Loaded plugin updater (category:base,tabindex:12)
2024-02-02 09:40:25,216 [INFO] PluginManage:310 - Check plugin userauth
2024-02-02 09:40:25,224 [INFO] UserAuth:114 - Init User Auth plugin
2024-02-02 09:40:25,224 [INFO] PluginManage:359 - Loaded plugin userauth (category:base,tabindex:14)
2024-02-02 09:40:25,225 [INFO] PluginManage:283 - PluginManage : Loaded plugins [17]
2024-02-02 09:40:25,454 [INFO] PinOutPanel:1499 - setPackage(No Configuration,No Configuration)
2024-02-02 09:40:25,533 [INFO] CADModel:165 - CPN selected for project level
2024-02-02 09:40:25,533 [INFO] CADModel:114 - Register for checkConnection events
2024-02-02 09:40:25,575 [INFO] IPUIPlugin:80 - create IPUIPlugin
2024-02-02 09:40:25,575 [INFO] PluginManager:220 - loadIPPluginJar : add adc
2024-02-02 09:40:25,608 [INFO] IPUIPlugin:80 - create IPUIPlugin
2024-02-02 09:40:25,608 [INFO] PluginManager:220 - loadIPPluginJar : add aes
2024-02-02 09:40:25,656 [INFO] IPUIPlugin:80 - create IPUIPlugin
2024-02-02 09:40:25,656 [INFO] PluginManager:220 - loadIPPluginJar : add can
2024-02-02 09:40:25,679 [INFO] IPUIPlugin:80 - create IPUIPlugin
2024-02-02 09:40:25,680 [INFO] PluginManager:220 - loadIPPluginJar : add comp
2024-02-02 09:40:25,715 [INFO] IPUIPlugin:80 - create IPUIPlugin
2024-02-02 09:40:25,715 [INFO] PluginManager:220 - loadIPPluginJar : add cryp
2024-02-02 09:40:25,747 [INFO] IPUIPlugin:80 - create IPUIPlugin
2024-02-02 09:40:25,747 [INFO] PluginManager:220 - loadIPPluginJar : add dfsdm
2024-02-02 09:40:25,766 [INFO] IPUIPlugin:80 - create IPUIPlugin
2024-02-02 09:40:25,766 [INFO] PluginManager:220 - loadIPPluginJar : add dma
2024-02-02 09:40:25,808 [INFO] IPUIPlugin:80 - create IPUIPlugin
2024-02-02 09:40:25,808 [INFO] PluginManager:220 - loadIPPluginJar : add dma3
2024-02-02 09:40:25,831 [INFO] IPUIPlugin:80 - create IPUIPlugin
2024-02-02 09:40:25,831 [INFO] PluginManager:220 - loadIPPluginJar : add fatfs
2024-02-02 09:40:25,879 [INFO] IPUIPlugin:80 - create IPUIPlugin
2024-02-02 09:40:25,879 [INFO] PluginManager:220 - loadIPPluginJar : add fmc
2024-02-02 09:40:25,903 [INFO] IPUIPlugin:80 - create IPUIPlugin
2024-02-02 09:40:25,903 [INFO] PluginManager:220 - loadIPPluginJar : add freertos
2024-02-02 09:40:25,929 [INFO] IPUIPlugin:80 - create IPUIPlugin
2024-02-02 09:40:25,930 [INFO] PluginManager:220 - loadIPPluginJar : add genericplugin
2024-02-02 09:40:26,064 [INFO] IPUIPlugin:80 - create IPUIPlugin
2024-02-02 09:40:26,064 [INFO] PluginManager:220 - loadIPPluginJar : add gfxmmu
2024-02-02 09:40:26,247 [INFO] IPUIPlugin:80 - create IPUIPlugin
2024-02-02 09:40:26,247 [INFO] PluginManager:220 - loadIPPluginJar : add gic
2024-02-02 09:40:26,269 [INFO] IPUIPlugin:80 - create IPUIPlugin
2024-02-02 09:40:26,270 [INFO] PluginManager:220 - loadIPPluginJar : add gpio
2024-02-02 09:40:26,424 [INFO] IPUIPlugin:80 - create IPUIPlugin
2024-02-02 09:40:26,424 [INFO] PluginManager:220 - loadIPPluginJar : add gtzc
2024-02-02 09:40:26,487 [INFO] IPUIPlugin:80 - create IPUIPlugin
2024-02-02 09:40:26,487 [INFO] PluginManager:220 - loadIPPluginJar : add hash
2024-02-02 09:40:26,554 [INFO] IPUIPlugin:80 - create IPUIPlugin
2024-02-02 09:40:26,554 [INFO] PluginManager:220 - loadIPPluginJar : add i2c
2024-02-02 09:40:26,598 [INFO] IPUIPlugin:80 - create IPUIPlugin
2024-02-02 09:40:26,598 [INFO] PluginManager:220 - loadIPPluginJar : add i2s
2024-02-02 09:40:26,639 [INFO] IPUIPlugin:80 - create IPUIPlugin
2024-02-02 09:40:26,640 [INFO] PluginManager:220 - loadIPPluginJar : add i3c
2024-02-02 09:40:26,759 [INFO] IPUIPlugin:80 - create IPUIPlugin
2024-02-02 09:40:26,759 [INFO] PluginManager:220 - loadIPPluginJar : add ipddr
2024-02-02 09:40:26,874 [INFO] IPUIPlugin:80 - create IPUIPlugin
2024-02-02 09:40:26,874 [INFO] PluginManager:220 - loadIPPluginJar : add linkedlist
2024-02-02 09:40:26,917 [INFO] IPUIPlugin:80 - create IPUIPlugin
2024-02-02 09:40:26,918 [INFO] PluginManager:220 - loadIPPluginJar : add lorawan
2024-02-02 09:40:26,974 [INFO] IPUIPlugin:80 - create IPUIPlugin
2024-02-02 09:40:26,975 [INFO] PluginManager:220 - loadIPPluginJar : add ltdc
2024-02-02 09:40:26,999 [INFO] IPUIPlugin:80 - create IPUIPlugin
2024-02-02 09:40:27,000 [INFO] PluginManager:220 - loadIPPluginJar : add mdma
2024-02-02 09:40:27,014 [INFO] IPUIPlugin:80 - create IPUIPlugin
2024-02-02 09:40:27,014 [INFO] PluginManager:220 - loadIPPluginJar : add nvic
2024-02-02 09:40:27,053 [INFO] IPUIPlugin:80 - create IPUIPlugin
2024-02-02 09:40:27,053 [INFO] PluginManager:220 - loadIPPluginJar : add opamp
2024-02-02 09:40:27,140 [INFO] IPUIPlugin:80 - create IPUIPlugin
2024-02-02 09:40:27,140 [INFO] PluginManager:220 - loadIPPluginJar : add openamp
2024-02-02 09:40:27,203 [INFO] IPUIPlugin:80 - create IPUIPlugin
2024-02-02 09:40:27,203 [INFO] PluginManager:220 - loadIPPluginJar : add pdm2pcm
2024-02-02 09:40:27,223 [INFO] IPUIPlugin:80 - create IPUIPlugin
2024-02-02 09:40:27,226 [INFO] PluginManager:220 - loadIPPluginJar : add plateformsettings
2024-02-02 09:40:27,263 [INFO] IPUIPlugin:80 - create IPUIPlugin
2024-02-02 09:40:27,263 [INFO] PluginManager:220 - loadIPPluginJar : add quadspi
2024-02-02 09:40:27,293 [INFO] IPUIPlugin:80 - create IPUIPlugin
2024-02-02 09:40:27,294 [INFO] PluginManager:220 - loadIPPluginJar : add resmgrutility
2024-02-02 09:40:27,359 [INFO] IPUIPlugin:80 - create IPUIPlugin
2024-02-02 09:40:27,359 [INFO] PluginManager:220 - loadIPPluginJar : add sai
2024-02-02 09:40:27,398 [INFO] IPUIPlugin:80 - create IPUIPlugin
2024-02-02 09:40:27,398 [INFO] PluginManager:220 - loadIPPluginJar : add spi
2024-02-02 09:40:27,509 [INFO] IPUIPlugin:80 - create IPUIPlugin
2024-02-02 09:40:27,509 [INFO] PluginManager:220 - loadIPPluginJar : add stm32_wpan
2024-02-02 09:40:27,534 [INFO] IPUIPlugin:80 - create IPUIPlugin
2024-02-02 09:40:27,535 [INFO] PluginManager:220 - loadIPPluginJar : add tim
2024-02-02 09:40:27,615 [INFO] IPUIPlugin:80 - create IPUIPlugin
2024-02-02 09:40:27,615 [INFO] PluginManager:220 - loadIPPluginJar : add touchsensing
2024-02-02 09:40:27,645 [INFO] IPUIPlugin:80 - create IPUIPlugin
2024-02-02 09:40:27,645 [INFO] PluginManager:220 - loadIPPluginJar : add tracer_emb
2024-02-02 09:40:27,671 [INFO] IPUIPlugin:80 - create IPUIPlugin
2024-02-02 09:40:27,672 [INFO] PluginManager:220 - loadIPPluginJar : add ts
2024-02-02 09:40:27,699 [INFO] IPUIPlugin:80 - create IPUIPlugin
2024-02-02 09:40:27,700 [INFO] PluginManager:220 - loadIPPluginJar : add tsc
2024-02-02 09:40:27,744 [INFO] IPUIPlugin:80 - create IPUIPlugin
2024-02-02 09:40:27,744 [INFO] PluginManager:220 - loadIPPluginJar : add ucpd
2024-02-02 09:40:27,806 [INFO] IPUIPlugin:80 - create IPUIPlugin
2024-02-02 09:40:27,807 [INFO] PluginManager:220 - loadIPPluginJar : add usart
2024-02-02 09:40:27,857 [INFO] IPUIPlugin:80 - create IPUIPlugin
2024-02-02 09:40:27,857 [INFO] PluginManager:220 - loadIPPluginJar : add usbx
2024-02-02 09:40:27,974 [INFO] ThirdPartyUpdaterWithRetryManager:70 - Updater plugin not ready yet. [2/15]
2024-02-02 09:40:28,048 [INFO] CADModel:165 - CPN selected for project level
2024-02-02 09:40:28,048 [INFO] CADModel:114 - Register for checkConnection events
2024-02-02 09:40:28,049 [FATAL] Updater:308 - Updater called before beeing initialized
2024-02-02 09:40:28,049 [ERROR] CADModel:125 - Updater not yet initialized, retry later 
2024-02-02 09:40:28,285 [INFO] CADModel:165 - CPN selected for project level
2024-02-02 09:40:28,285 [INFO] CADModel:114 - Register for checkConnection events
2024-02-02 09:40:28,285 [FATAL] Updater:308 - Updater called before beeing initialized
2024-02-02 09:40:28,285 [ERROR] CADModel:125 - Updater not yet initialized, retry later 
2024-02-02 09:40:28,289 [FATAL] Updater:308 - Updater called before beeing initialized
2024-02-02 09:40:28,465 [FATAL] Updater:308 - Updater called before beeing initialized
2024-02-02 09:40:28,478 [INFO] DbMcusAds:53 - JSON generation date=Wed Nov 29 16:22:27 IST 2023 (1701255147200)
2024-02-02 09:40:28,479 [FATAL] Updater:308 - Updater called before beeing initialized
2024-02-02 09:40:28,593 [WARN] DetailPanel:346 - Failed to get advertising image, set to default
2024-02-02 09:40:28,717 [FATAL] Updater:308 - Updater called before beeing initialized
2024-02-02 09:40:28,719 [FATAL] Updater:308 - Updater called before beeing initialized
2024-02-02 09:40:28,719 [FATAL] Updater:308 - Updater called before beeing initialized
2024-02-02 09:40:28,719 [WARN] DetailPanel:346 - Failed to get advertising image, set to default
2024-02-02 09:40:28,720 [FATAL] Updater:308 - Updater called before beeing initialized
2024-02-02 09:40:28,808 [ERROR] Updater:1120 - MainUpdater not yet initialized. External WinMGr cannot be set.
2024-02-02 09:40:28,819 [INFO] Updater:1056 - Updater Version found : 6.10.0
2024-02-02 09:40:28,844 [INFO] ApplicationProperties:184 - Using Application install path: C:\ST\STM32CubeIDE_1.14.0\STM32CubeIDE\plugins\com.st.stm32cube.common.mx_6.10.0.202311202037
2024-02-02 09:40:30,472 [ERROR] LogOutputStream:75 - [STDERR_REDIRECT] Feb 02, 2024 9:40:30 AM java.util.prefs.WindowsPreferences <init>
2024-02-02 09:40:30,476 [ERROR] LogOutputStream:75 - [STDERR_REDIRECT] WARNING: Could not open/create prefs root node Software\JavaSoft\Prefs at root 0xffffffff80000002. Windows RegCreateKeyEx(...) returned error code 5.
2024-02-02 09:40:30,477 [ERROR] LogOutputStream:75 - [STDERR_REDIRECT] 
2024-02-02 09:40:30,975 [FATAL] Updater:308 - Updater called before beeing initialized
2024-02-02 09:40:30,976 [ERROR] IntegrityCheckThread:130 - Cannot retrieve database content from updater: error 21
2024-02-02 09:40:30,977 [INFO] ThirdParty:978 - Integrity check success = false
2024-02-02 09:40:30,977 [INFO] IntegrityCheckThread:100 - exiting critical section [integrity check]
2024-02-02 09:40:30,977 [INFO] IntegrityCheckThread:103 - End integrity checks thread
2024-02-02 09:40:31,168 [INFO] MainUpdater:2873 - connection check result : 10
2024-02-02 09:40:31,169 [INFO] MainUpdater:290 - Updater Check For Update Now.
2024-02-02 09:40:31,170 [INFO] MicroXplorer:498 - Change Database Version : DB.6.0.100
2024-02-02 09:40:31,193 [INFO] McuFinderGlobals:63 - Set McuFinder mode to 2 (CubeIDE integrated)
2024-02-02 09:40:31,194 [INFO] UserAuth:180 - activating auth plugin
2024-02-02 09:40:31,199 [INFO] UserAuth:404 - Internet connection configuration mode: 1
2024-02-02 09:40:31,231 [INFO] JxBrowserEngine:152 - Initiate JxBrowser Engine with user profile folder
2024-02-02 09:40:31,402 [INFO] CheckServerUpdateThread:120 - End of CheckServer Thread
2024-02-02 09:40:35,042 [INFO] WebApp:161 - Instantiating new browser for Auth
2024-02-02 09:40:35,770 [INFO] WebApp:780 - Register for checkConnection events
2024-02-02 09:40:35,771 [INFO] WebApp:414 - Apply proxy settings
2024-02-02 09:40:35,771 [INFO] WebApp:499 - Chromium requires no authentication
2024-02-02 09:40:35,780 [INFO] WebApp:442 - Direct internet connection detected
2024-02-02 09:40:36,050 [INFO] WebApp:192 - Starting web application
2024-02-02 09:40:36,050 [INFO] WebApp:544 - Web application path used C:\ST\STM32CubeIDE_1.14.0\STM32CubeIDE\plugins\com.st.stm32cube.common.mx_6.10.0.202311202037\db\plugins\mcufinder\reactClient1\index.html
2024-02-02 09:40:57,432 [ERROR] LogOutputStream:75 - [STDERR_REDIRECT] SLF4J: Failed to load class "org.slf4j.impl.StaticLoggerBinder".
2024-02-02 09:40:57,434 [ERROR] LogOutputStream:75 - [STDERR_REDIRECT] SLF4J: Defaulting to no-operation (NOP) logger implementation
2024-02-02 09:40:57,436 [ERROR] LogOutputStream:75 - [STDERR_REDIRECT] SLF4J: See http://www.slf4j.org/codes.html#StaticLoggerBinder for further details.
2024-02-02 09:41:11,991 [INFO] McuFinderGlobals:63 - Set McuFinder mode to 2 (CubeIDE integrated)
2024-02-02 09:41:12,020 [INFO] MainUpdater:2873 - connection check result : 10
2024-02-02 09:41:12,597 [INFO] ApiDb:581 - Connected to CubeFinder SQLite database (C:\Users\sudh1\.stmcufinder\plugins\mcufinder\mcu\cube-finder-db.db)
2024-02-02 09:41:12,665 [INFO] ApiDb:668 - CubeFinder database Data Model version=2.1
2024-02-02 09:41:12,665 [INFO] ApiDb:669 - CubeFinder database Configuration version=3.0.39
2024-02-02 09:41:12,665 [INFO] ApiDb:670 - CubeFinder database generation date=2024-01-11 (1704964531)
2024-02-02 09:41:12,665 [INFO] ApiDb:671 - CubeFinder database FW Pack versions=[FP-ATR-ASTRA1_V2.0.0, FP-SNS-FLIGHT1_V5.0.1, FP-SNS-FLIGHT1_V5.0.2, FP-SNS-MOTENV1_V4.3.1, FP-SNS-MOTENV1_V4.3.2, FP-SNS-MOTENVWB1_V1.3.1, FP-SNS-SMARTAG2_V1.2.0, STM32Cube_FW_C0_V1.1.0, STM32Cube_FW_F4_V1.28.0, STM32Cube_FW_F7_V1.17.0, STM32Cube_FW_G0_V1.6.2, STM32Cube_FW_G4_V1.5.2, STM32Cube_FW_H5_V0.5.1, STM32Cube_FW_H5_V1.1.1, STM32Cube_FW_H5_V1.2.0RC2, STM32Cube_FW_H7_V1.11.0, STM32Cube_FW_L0_V1.12.2, STM32Cube_FW_L5_V1.5.0, STM32Cube_FW_U5_V1.3.0RC4, STM32Cube_FW_U5_V1.4.0, STM32Cube_FW_WBA_V1.0.0RC1, STM32Cube_FW_WBA_V1.1.0RC1, STM32Cube_FW_WBA_V1.2.0, STM32Cube_FW_WBA_V1.2.0RC2, STM32Cube_FW_WB_V1.15.0RC1, STM32Cube_FW_WB_V1.16.0, STM32Cube_FW_WB_V1.16.0RC2, STM32Cube_FW_WB_V1.18.0, STM32Cube_FW_WL_V1.3.0, X-CUBE-ALGOBUILD_V1.3.0, X-CUBE-ALS_V1.0.1, X-CUBE-AZRTOS-F4_V1.1.0, X-CUBE-AZRTOS-F7_V1.1.0, X-CUBE-AZRTOS-G0_V1.1.0, X-CUBE-AZRTOS-G4_V2.0.0, X-CUBE-AZRTOS-H7_V3.2.0, X-CUBE-AZRTOS-L4_V1.0.0, X-CUBE-AZRTOS-L4_V2.0.0, X-CUBE-AZRTOS-L5_V1.1.0, X-CUBE-AZRTOS-WB_V2.0.0, X-CUBE-AZRTOS-WL_V2.0.0, X-CUBE-BLE1_V7.0.0, X-CUBE-BLE2_V3.3.0, X-CUBE-BLEMGR_V3.0.0, X-CUBE-EEPRMA1_V4.1.0, X-CUBE-EEPRMA1_V4.2.0, X-CUBE-FREERTOS_V1.1.0, X-CUBE-GNSS1_V6.0.0, X-CUBE-MEMS1_V10.0.0, X-CUBE-MEMS1_V9.1.0, X-CUBE-MEMS1_V9.4.0, X-CUBE-MEMS1_V9.6.0, X-CUBE-NFC4_V3.0.0, X-CUBE-NFC7_V1.0.1, X-CUBE-SFXS2LP1_V4.0.0, X-CUBE-SUBG2_V5.0.0, X-CUBE-TOF1_V3.4.0]
2024-02-02 09:41:12,828 [INFO] DbBoardsSqlite:226 - include board P-NUCLEO-WB55-NUCLEO as a kit item of type 'Nucleo-64'
2024-02-02 09:41:12,828 [INFO] DbBoardsSqlite:226 - include board P-NUCLEO-WB55-USBDONGLE as a kit item of type 'Nucleo USB Dongle'
2024-02-02 09:41:12,829 [INFO] DbBoardsSqlite:226 - include board STEVAL-IDP005V1 as a kit item of type 'Evaluation Board'
2024-02-02 09:41:12,830 [INFO] DbBoardsSqlite:226 - include board STEVAL-IDP005V2 as a kit item of type 'Evaluation Board'
2024-02-02 09:41:13,141 [INFO] ApiDb:240 - Found 371 in-development CPN: [B-G473E-ZEST1S, B-WB1M-WPAN1, B-WL5M-SUBG1, NUCLEO-C031C6, NUCLEO-H503RB, NUCLEO-H563ZI, NUCLEO-U545RE-Q, NUCLEO-U5A5ZJ-Q, NUCLEO-WBA52CG, NUCLEO-WBA55CG, STEVAL-MKBOXPRO, STEVAL-PROTEUS1, STEVAL-STWINBX1, STM320518-EVAL, STM32C0116-DK, STM32C011D6Y3TR, STM32C011D6Y6TR, STM32C011F4P3, STM32C011F4P6, STM32C011F4U3, STM32C011F4U6TR, STM32C011F6P3, STM32C011F6P6, STM32C011F6U3, STM32C011F6U6TR, STM32C011J4M3, STM32C011J4M6, STM32C011J6M3, STM32C011J6M6, STM32C0316-DK, STM32C031C4T3, STM32C031C4T6, STM32C031C4U3, STM32C031C4U6, STM32C031C6T3, STM32C031C6T6, STM32C031C6U3, STM32C031C6U6, STM32C031F4P3, STM32C031F4P6, STM32C031F6P3, STM32C031F6P6, STM32C031G4U3, STM32C031G4U6, STM32C031G6U3, STM32C031G6U6, STM32C031K4T3, STM32C031K4T6, STM32C031K4U3, STM32C031K4U6, STM32C031K6T3, STM32C031K6T6, STM32C031K6U3, STM32C031K6U6, STM32G071K8TXN, STM32G071K8UXN, STM32G081GBU6N, STM32G081KBT6N, STM32G081KBUXN, STM32G0B1CCT6N, STM32G0B1KCT6, STM32G0B1NEY6TR, STM32G0B1RCT6N, STM32G0C1CCT6, STM32G0C1CCT6N, STM32G0C1CCU6N, STM32G0C1CET6N, STM32G0C1CEU6N, STM32G0C1KCT6, STM32G0C1NEY6TR, STM32G0C1RCI6N, STM32G0C1RCT6N, STM32G0C1REI6N, STM32G0C1RET6N, STM32G0C1VCI6, STM32G0C1VEI6, STM32G471CCT6, STM32G471CCU6, STM32G471CET3, STM32G471CET6, STM32G471CEU3, STM32G471CEU6, STM32G471MCT6, STM32G471MET3, STM32G471MET6, STM32G471MEY6TR, STM32G471QCT6, STM32G471QET3, STM32G471RCT6, STM32G471RET3, STM32G471RET6, STM32G471VCH6, STM32G471VCI6, STM32G471VCT6, STM32G471VEH3, STM32G471VEH6, STM32G471VEI3, STM32G471VEI6, STM32G471VET3, STM32G471VET6, STM32G474CCT6, STM32H503CBT6, STM32H503CBU6, STM32H503EBY6TR, STM32H503KBU6, STM32H503RBT6, STM32H562AGI6, STM32H562AII6, STM32H562IGK6, STM32H562IGT6, STM32H562IIK6, STM32H562IIT6, STM32H562RGT6, STM32H562RGV6, STM32H562RIT6, STM32H562RIV6, STM32H562VGT6, STM32H562VIT6, STM32H562ZGT6, STM32H562ZIT6, STM32H563AGI6, STM32H563AII3Q, STM32H563AII6, STM32H563IGK6, STM32H563IGT6, STM32H563IIK3Q, STM32H563IIK6, STM32H563IIT3Q, STM32H563IIT6, STM32H563MIY3QTR, STM32H563RGT6, STM32H563RGV6, STM32H563RIT6, STM32H563RIV6, STM32H563VGT6, STM32H563VIT3Q, STM32H563VIT6, STM32H563ZGT6, STM32H563ZIT3Q, STM32H563ZIT6, STM32H573AII3Q, STM32H573AII6, STM32H573I-DK, STM32H573IIK3Q, STM32H573IIK6, STM32H573IIT3Q, STM32H573IIT6, STM32H573MIY3QTR, STM32H573RIT6, STM32H573RIV6, STM32H573VIT3Q, STM32H573VIT6, STM32H573ZIT3Q, STM32H573ZIT6, STM32L4R5QGI6STR, STM32MP131AAE3, STM32MP131AAF3, STM32MP131AAG3, STM32MP131CAE3, STM32MP131CAF3, STM32MP131CAG3, STM32MP131DAE7, STM32MP131DAF7, STM32MP131DAG7, STM32MP131FAE7, STM32MP131FAF7, STM32MP131FAG7, STM32MP133AAE3, STM32MP133AAF3, STM32MP133AAG3, STM32MP133CAE3, STM32MP133CAF3, STM32MP133CAG3, STM32MP133DAE7, STM32MP133DAF7, STM32MP133DAG7, STM32MP133FAE7, STM32MP133FAF7, STM32MP133FAG7, STM32MP135AAE3, STM32MP135AAF3, STM32MP135AAG3, STM32MP135CAE3, STM32MP135CAF3, STM32MP135CAG3, STM32MP135DAE7, STM32MP135DAF7, STM32MP135DAG7, STM32MP135F-DK, STM32MP135FAE7, STM32MP135FAF7, STM32MP135FAF7T, STM32MP135FAF7U, STM32MP135FAG7, STM32U535CBT6, STM32U535CBT6Q, STM32U535CBU6, STM32U535CBU6Q, STM32U535CCT6, STM32U535CCT6Q, STM32U535CCU6, STM32U535CCU6Q, STM32U535CET6, STM32U535CET6Q, STM32U535CEU6, STM32U535CEU6Q, STM32U535JEY6QTR, STM32U535NCY6QTR, STM32U535NEY6QTR, STM32U535RBI6, STM32U535RBI6Q, STM32U535RBT6, STM32U535RBT6Q, STM32U535RCI6, STM32U535RCI6Q, STM32U535RCT6, STM32U535RCT6Q, STM32U535REI6, STM32U535REI6Q, STM32U535RET6, STM32U535RET6Q, STM32U535VCI6, STM32U535VCI6Q, STM32U535VCT6, STM32U535VCT6Q, STM32U535VEI6, STM32U535VEI6Q, STM32U535VET6, STM32U535VET6Q, STM32U545CET6, STM32U545CET6Q, STM32U545CEU6, STM32U545CEU6Q, STM32U545JEY6QTR, STM32U545NEY6QTR, STM32U545REI6, STM32U545REI6Q, STM32U545RET6, STM32U545RET6Q, STM32U545VEI6, STM32U545VEI6Q, STM32U545VET6, STM32U545VET6Q, STM32U595AIH6, STM32U595AIH6Q, STM32U595AJH6, STM32U595AJH6Q, STM32U595QII6, STM32U595QII6Q, STM32U595QJI6, STM32U595QJI6Q, STM32U595RIT6, STM32U595RIT6Q, STM32U595RJT6, STM32U595RJT6Q, STM32U595VIT6, STM32U595VIT6Q, STM32U595VJT6, STM32U595VJT6Q, STM32U595ZIT6, STM32U595ZIT6Q, STM32U595ZIY6QTR, STM32U595ZJT6, STM32U595ZJT6Q, STM32U595ZJY6QTR, STM32U599BJY6QTR, STM32U599NIH6Q, STM32U599NJH6Q, STM32U599VIT6Q, STM32U599VJT6, STM32U599VJT6Q, STM32U599ZIT6Q, STM32U599ZIY6QTR, STM32U599ZJT6Q, STM32U599ZJY6QTR, STM32U5A5AJH6, STM32U5A5AJH6Q, STM32U5A5QJI6, STM32U5A5QJI6Q, STM32U5A5RJT6, STM32U5A5RJT6Q, STM32U5A5VJT6, STM32U5A5VJT6Q, STM32U5A5ZJT6, STM32U5A5ZJT6Q, STM32U5A5ZJY6QTR, STM32U5A9BJY6QTR, STM32U5A9J-DK, STM32U5A9NJH6Q, STM32U5A9VJT6Q, STM32U5A9ZJT6Q, STM32U5A9ZJY6QTR, STM32U5F7VIT6, STM32U5F7VIT6Q, STM32U5F7VJT6, STM32U5F7VJT6Q, STM32U5F9BJY6QTR, STM32U5F9NJH6Q, STM32U5F9VIT6Q, STM32U5F9VJT6Q, STM32U5F9ZIJ6QTR, STM32U5F9ZIT6Q, STM32U5F9ZJJ6QTR, STM32U5F9ZJT6Q, STM32U5G7VJT6, STM32U5G7VJT6Q, STM32U5G9BJY6QTR, STM32U5G9J-DK1, STM32U5G9J-DK2, STM32U5G9NJH6Q, STM32U5G9VJT6Q, STM32U5G9ZJJ6QTR, STM32U5G9ZJT6Q, STM32WB1MMCH6, STM32WBA50KEU6, STM32WBA50KEU6TR, STM32WBA50KGU6, STM32WBA50KGU6TR, STM32WBA52CEU6, STM32WBA52CEU6TR, STM32WBA52CEU7, STM32WBA52CEU7TR, STM32WBA52CGU6, STM32WBA52CGU6TR, STM32WBA52CGU6U, STM32WBA52CGU7, STM32WBA52CGU7TR, STM32WBA52KEU6, STM32WBA52KEU6TR, STM32WBA52KGU6, STM32WBA52KGU6TR, STM32WBA54CEU6, STM32WBA54CEU6TR, STM32WBA54CEU7, STM32WBA54CEU7TR, STM32WBA54CGU6, STM32WBA54CGU6TR, STM32WBA54CGU7, STM32WBA54CGU7TR, STM32WBA54KEU6, STM32WBA54KEU6TR, STM32WBA54KEU7, STM32WBA54KEU7TR, STM32WBA54KGU6, STM32WBA54KGU6TR, STM32WBA54KGU7, STM32WBA54KGU7TR, STM32WBA55CEU6, STM32WBA55CEU6TR, STM32WBA55CEU7, STM32WBA55CEU7TR, STM32WBA55CGU6, STM32WBA55CGU6TR, STM32WBA55CGU6U, STM32WBA55CGU7, STM32WBA55CGU7TR, STM32WBA55G-DK1, STM32WBA55HEF6, STM32WBA55HEF7, STM32WBA55HGF6, STM32WBA55HGF7, STM32WBA55UEI6, STM32WBA55UEI6TR, STM32WBA55UEI7, STM32WBA55UEI7TR, STM32WBA55UGI6, STM32WBA55UGI6TR, STM32WBA55UGI7, STM32WBA55UGI7TR, STM32WL5MOCH6, STM32WL5MOCH6TR]
2024-02-02 09:41:13,239 [INFO] BoardInfo:889 - No configuration file found for board P-NUCLEO-WB55
2024-02-02 09:41:13,239 [INFO] DbBoards:161 - Kit is not supported: P-NUCLEO-WB55
2024-02-02 09:41:13,242 [INFO] BoardInfo:889 - No configuration file found for board STEVAL-BFA001V1B
2024-02-02 09:41:13,242 [INFO] DbBoards:161 - Kit is not supported: STEVAL-BFA001V1B
2024-02-02 09:41:13,243 [INFO] BoardInfo:889 - No configuration file found for board STEVAL-BFA001V2B
2024-02-02 09:41:13,243 [INFO] DbBoards:161 - Kit is not supported: STEVAL-BFA001V2B
2024-02-02 09:41:13,327 [INFO] DbBoards:168 - Found 193 boards, 190 are supported
2024-02-02 09:41:13,327 [INFO] DbBoards:169 - Found 193 boards, 3 of them is supported for  Bsp
2024-02-02 09:41:13,331 [INFO] ApiDb:668 - CubeFinder database Data Model version=2.1
2024-02-02 09:41:13,331 [INFO] ApiDb:669 - CubeFinder database Configuration version=3.0.39
2024-02-02 09:41:13,332 [INFO] ApiDb:670 - CubeFinder database generation date=2024-01-11 (1704964531)
2024-02-02 09:41:13,332 [INFO] ApiDb:671 - CubeFinder database FW Pack versions=[FP-ATR-ASTRA1_V2.0.0, FP-SNS-FLIGHT1_V5.0.1, FP-SNS-FLIGHT1_V5.0.2, FP-SNS-MOTENV1_V4.3.1, FP-SNS-MOTENV1_V4.3.2, FP-SNS-MOTENVWB1_V1.3.1, FP-SNS-SMARTAG2_V1.2.0, STM32Cube_FW_C0_V1.1.0, STM32Cube_FW_F4_V1.28.0, STM32Cube_FW_F7_V1.17.0, STM32Cube_FW_G0_V1.6.2, STM32Cube_FW_G4_V1.5.2, STM32Cube_FW_H5_V0.5.1, STM32Cube_FW_H5_V1.1.1, STM32Cube_FW_H5_V1.2.0RC2, STM32Cube_FW_H7_V1.11.0, STM32Cube_FW_L0_V1.12.2, STM32Cube_FW_L5_V1.5.0, STM32Cube_FW_U5_V1.3.0RC4, STM32Cube_FW_U5_V1.4.0, STM32Cube_FW_WBA_V1.0.0RC1, STM32Cube_FW_WBA_V1.1.0RC1, STM32Cube_FW_WBA_V1.2.0, STM32Cube_FW_WBA_V1.2.0RC2, STM32Cube_FW_WB_V1.15.0RC1, STM32Cube_FW_WB_V1.16.0, STM32Cube_FW_WB_V1.16.0RC2, STM32Cube_FW_WB_V1.18.0, STM32Cube_FW_WL_V1.3.0, X-CUBE-ALGOBUILD_V1.3.0, X-CUBE-ALS_V1.0.1, X-CUBE-AZRTOS-F4_V1.1.0, X-CUBE-AZRTOS-F7_V1.1.0, X-CUBE-AZRTOS-G0_V1.1.0, X-CUBE-AZRTOS-G4_V2.0.0, X-CUBE-AZRTOS-H7_V3.2.0, X-CUBE-AZRTOS-L4_V1.0.0, X-CUBE-AZRTOS-L4_V2.0.0, X-CUBE-AZRTOS-L5_V1.1.0, X-CUBE-AZRTOS-WB_V2.0.0, X-CUBE-AZRTOS-WL_V2.0.0, X-CUBE-BLE1_V7.0.0, X-CUBE-BLE2_V3.3.0, X-CUBE-BLEMGR_V3.0.0, X-CUBE-EEPRMA1_V4.1.0, X-CUBE-EEPRMA1_V4.2.0, X-CUBE-FREERTOS_V1.1.0, X-CUBE-GNSS1_V6.0.0, X-CUBE-MEMS1_V10.0.0, X-CUBE-MEMS1_V9.1.0, X-CUBE-MEMS1_V9.4.0, X-CUBE-MEMS1_V9.6.0, X-CUBE-NFC4_V3.0.0, X-CUBE-NFC7_V1.0.1, X-CUBE-SFXS2LP1_V4.0.0, X-CUBE-SUBG2_V5.0.0, X-CUBE-TOF1_V3.4.0]
2024-02-02 09:41:14,970 [INFO] ApiDb:240 - Found 371 in-development CPN: [B-G473E-ZEST1S, B-WB1M-WPAN1, B-WL5M-SUBG1, NUCLEO-C031C6, NUCLEO-H503RB, NUCLEO-H563ZI, NUCLEO-U545RE-Q, NUCLEO-U5A5ZJ-Q, NUCLEO-WBA52CG, NUCLEO-WBA55CG, STEVAL-MKBOXPRO, STEVAL-PROTEUS1, STEVAL-STWINBX1, STM320518-EVAL, STM32C0116-DK, STM32C011D6Y3TR, STM32C011D6Y6TR, STM32C011F4P3, STM32C011F4P6, STM32C011F4U3, STM32C011F4U6TR, STM32C011F6P3, STM32C011F6P6, STM32C011F6U3, STM32C011F6U6TR, STM32C011J4M3, STM32C011J4M6, STM32C011J6M3, STM32C011J6M6, STM32C0316-DK, STM32C031C4T3, STM32C031C4T6, STM32C031C4U3, STM32C031C4U6, STM32C031C6T3, STM32C031C6T6, STM32C031C6U3, STM32C031C6U6, STM32C031F4P3, STM32C031F4P6, STM32C031F6P3, STM32C031F6P6, STM32C031G4U3, STM32C031G4U6, STM32C031G6U3, STM32C031G6U6, STM32C031K4T3, STM32C031K4T6, STM32C031K4U3, STM32C031K4U6, STM32C031K6T3, STM32C031K6T6, STM32C031K6U3, STM32C031K6U6, STM32G071K8TXN, STM32G071K8UXN, STM32G081GBU6N, STM32G081KBT6N, STM32G081KBUXN, STM32G0B1CCT6N, STM32G0B1KCT6, STM32G0B1NEY6TR, STM32G0B1RCT6N, STM32G0C1CCT6, STM32G0C1CCT6N, STM32G0C1CCU6N, STM32G0C1CET6N, STM32G0C1CEU6N, STM32G0C1KCT6, STM32G0C1NEY6TR, STM32G0C1RCI6N, STM32G0C1RCT6N, STM32G0C1REI6N, STM32G0C1RET6N, STM32G0C1VCI6, STM32G0C1VEI6, STM32G471CCT6, STM32G471CCU6, STM32G471CET3, STM32G471CET6, STM32G471CEU3, STM32G471CEU6, STM32G471MCT6, STM32G471MET3, STM32G471MET6, STM32G471MEY6TR, STM32G471QCT6, STM32G471QET3, STM32G471RCT6, STM32G471RET3, STM32G471RET6, STM32G471VCH6, STM32G471VCI6, STM32G471VCT6, STM32G471VEH3, STM32G471VEH6, STM32G471VEI3, STM32G471VEI6, STM32G471VET3, STM32G471VET6, STM32G474CCT6, STM32H503CBT6, STM32H503CBU6, STM32H503EBY6TR, STM32H503KBU6, STM32H503RBT6, STM32H562AGI6, STM32H562AII6, STM32H562IGK6, STM32H562IGT6, STM32H562IIK6, STM32H562IIT6, STM32H562RGT6, STM32H562RGV6, STM32H562RIT6, STM32H562RIV6, STM32H562VGT6, STM32H562VIT6, STM32H562ZGT6, STM32H562ZIT6, STM32H563AGI6, STM32H563AII3Q, STM32H563AII6, STM32H563IGK6, STM32H563IGT6, STM32H563IIK3Q, STM32H563IIK6, STM32H563IIT3Q, STM32H563IIT6, STM32H563MIY3QTR, STM32H563RGT6, STM32H563RGV6, STM32H563RIT6, STM32H563RIV6, STM32H563VGT6, STM32H563VIT3Q, STM32H563VIT6, STM32H563ZGT6, STM32H563ZIT3Q, STM32H563ZIT6, STM32H573AII3Q, STM32H573AII6, STM32H573I-DK, STM32H573IIK3Q, STM32H573IIK6, STM32H573IIT3Q, STM32H573IIT6, STM32H573MIY3QTR, STM32H573RIT6, STM32H573RIV6, STM32H573VIT3Q, STM32H573VIT6, STM32H573ZIT3Q, STM32H573ZIT6, STM32L4R5QGI6STR, STM32MP131AAE3, STM32MP131AAF3, STM32MP131AAG3, STM32MP131CAE3, STM32MP131CAF3, STM32MP131CAG3, STM32MP131DAE7, STM32MP131DAF7, STM32MP131DAG7, STM32MP131FAE7, STM32MP131FAF7, STM32MP131FAG7, STM32MP133AAE3, STM32MP133AAF3, STM32MP133AAG3, STM32MP133CAE3, STM32MP133CAF3, STM32MP133CAG3, STM32MP133DAE7, STM32MP133DAF7, STM32MP133DAG7, STM32MP133FAE7, STM32MP133FAF7, STM32MP133FAG7, STM32MP135AAE3, STM32MP135AAF3, STM32MP135AAG3, STM32MP135CAE3, STM32MP135CAF3, STM32MP135CAG3, STM32MP135DAE7, STM32MP135DAF7, STM32MP135DAG7, STM32MP135F-DK, STM32MP135FAE7, STM32MP135FAF7, STM32MP135FAF7T, STM32MP135FAF7U, STM32MP135FAG7, STM32U535CBT6, STM32U535CBT6Q, STM32U535CBU6, STM32U535CBU6Q, STM32U535CCT6, STM32U535CCT6Q, STM32U535CCU6, STM32U535CCU6Q, STM32U535CET6, STM32U535CET6Q, STM32U535CEU6, STM32U535CEU6Q, STM32U535JEY6QTR, STM32U535NCY6QTR, STM32U535NEY6QTR, STM32U535RBI6, STM32U535RBI6Q, STM32U535RBT6, STM32U535RBT6Q, STM32U535RCI6, STM32U535RCI6Q, STM32U535RCT6, STM32U535RCT6Q, STM32U535REI6, STM32U535REI6Q, STM32U535RET6, STM32U535RET6Q, STM32U535VCI6, STM32U535VCI6Q, STM32U535VCT6, STM32U535VCT6Q, STM32U535VEI6, STM32U535VEI6Q, STM32U535VET6, STM32U535VET6Q, STM32U545CET6, STM32U545CET6Q, STM32U545CEU6, STM32U545CEU6Q, STM32U545JEY6QTR, STM32U545NEY6QTR, STM32U545REI6, STM32U545REI6Q, STM32U545RET6, STM32U545RET6Q, STM32U545VEI6, STM32U545VEI6Q, STM32U545VET6, STM32U545VET6Q, STM32U595AIH6, STM32U595AIH6Q, STM32U595AJH6, STM32U595AJH6Q, STM32U595QII6, STM32U595QII6Q, STM32U595QJI6, STM32U595QJI6Q, STM32U595RIT6, STM32U595RIT6Q, STM32U595RJT6, STM32U595RJT6Q, STM32U595VIT6, STM32U595VIT6Q, STM32U595VJT6, STM32U595VJT6Q, STM32U595ZIT6, STM32U595ZIT6Q, STM32U595ZIY6QTR, STM32U595ZJT6, STM32U595ZJT6Q, STM32U595ZJY6QTR, STM32U599BJY6QTR, STM32U599NIH6Q, STM32U599NJH6Q, STM32U599VIT6Q, STM32U599VJT6, STM32U599VJT6Q, STM32U599ZIT6Q, STM32U599ZIY6QTR, STM32U599ZJT6Q, STM32U599ZJY6QTR, STM32U5A5AJH6, STM32U5A5AJH6Q, STM32U5A5QJI6, STM32U5A5QJI6Q, STM32U5A5RJT6, STM32U5A5RJT6Q, STM32U5A5VJT6, STM32U5A5VJT6Q, STM32U5A5ZJT6, STM32U5A5ZJT6Q, STM32U5A5ZJY6QTR, STM32U5A9BJY6QTR, STM32U5A9J-DK, STM32U5A9NJH6Q, STM32U5A9VJT6Q, STM32U5A9ZJT6Q, STM32U5A9ZJY6QTR, STM32U5F7VIT6, STM32U5F7VIT6Q, STM32U5F7VJT6, STM32U5F7VJT6Q, STM32U5F9BJY6QTR, STM32U5F9NJH6Q, STM32U5F9VIT6Q, STM32U5F9VJT6Q, STM32U5F9ZIJ6QTR, STM32U5F9ZIT6Q, STM32U5F9ZJJ6QTR, STM32U5F9ZJT6Q, STM32U5G7VJT6, STM32U5G7VJT6Q, STM32U5G9BJY6QTR, STM32U5G9J-DK1, STM32U5G9J-DK2, STM32U5G9NJH6Q, STM32U5G9VJT6Q, STM32U5G9ZJJ6QTR, STM32U5G9ZJT6Q, STM32WB1MMCH6, STM32WBA50KEU6, STM32WBA50KEU6TR, STM32WBA50KGU6, STM32WBA50KGU6TR, STM32WBA52CEU6, STM32WBA52CEU6TR, STM32WBA52CEU7, STM32WBA52CEU7TR, STM32WBA52CGU6, STM32WBA52CGU6TR, STM32WBA52CGU6U, STM32WBA52CGU7, STM32WBA52CGU7TR, STM32WBA52KEU6, STM32WBA52KEU6TR, STM32WBA52KGU6, STM32WBA52KGU6TR, STM32WBA54CEU6, STM32WBA54CEU6TR, STM32WBA54CEU7, STM32WBA54CEU7TR, STM32WBA54CGU6, STM32WBA54CGU6TR, STM32WBA54CGU7, STM32WBA54CGU7TR, STM32WBA54KEU6, STM32WBA54KEU6TR, STM32WBA54KEU7, STM32WBA54KEU7TR, STM32WBA54KGU6, STM32WBA54KGU6TR, STM32WBA54KGU7, STM32WBA54KGU7TR, STM32WBA55CEU6, STM32WBA55CEU6TR, STM32WBA55CEU7, STM32WBA55CEU7TR, STM32WBA55CGU6, STM32WBA55CGU6TR, STM32WBA55CGU6U, STM32WBA55CGU7, STM32WBA55CGU7TR, STM32WBA55G-DK1, STM32WBA55HEF6, STM32WBA55HEF7, STM32WBA55HGF6, STM32WBA55HGF7, STM32WBA55UEI6, STM32WBA55UEI6TR, STM32WBA55UEI7, STM32WBA55UEI7TR, STM32WBA55UGI6, STM32WBA55UGI6TR, STM32WBA55UGI7, STM32WBA55UGI7TR, STM32WL5MOCH6, STM32WL5MOCH6TR]
2024-02-02 09:41:14,975 [INFO] DbMcus:218 - Found 3930 MCUs, 3930 are supported
2024-02-02 09:41:14,976 [INFO] ApiDb:423 - Load user favorites file C:\Users\sudh1/.stm32cubeide/favorites.mcus.txt: 0 item(s)
2024-02-02 09:41:14,976 [INFO] ApiDb:427 - User favorites MCUs=[]
2024-02-02 09:41:14,976 [INFO] DbMcus:224 - Set 0 / 0 favorites MCUs
2024-02-02 09:41:15,169 [INFO] ApiDb:423 - Load user favorites file C:\Users\sudh1/.stm32cubeide/favorites.boards.txt: 0 item(s)
2024-02-02 09:41:15,170 [INFO] ApiDb:427 - User favorites Boards=[]
2024-02-02 09:41:15,170 [INFO] DbBoards:198 - Set 0 / 0 favorites Boards
2024-02-02 09:41:15,170 [INFO] McuFinderGlobals:76 - Set McuFinderConnectedMode to true
2024-02-02 09:41:15,177 [INFO] MultiScanPanel:200 - Auto-refresh data requested => check proxy status ongoing
2024-02-02 09:41:15,180 [INFO] FinderPluginLoader:95 - Searching for filters in installed packs
2024-02-02 09:41:16,638 [INFO] LoadUrlFilesThread:185 - End of LoadServerUrlFiles without Thread
2024-02-02 09:41:16,651 [INFO] DetailPanel:341 - Set advertising image to C:/Users/sudh1/STM32Cube/Repository/\en.prom-stm32wl3-mcu-finder.jpg
2024-02-02 09:41:36,604 [INFO] MultiScanPanel:200 - Auto-refresh data requested => check proxy status ongoing
2024-02-02 09:41:36,795 [INFO] LoadUrlFilesThread:185 - End of LoadServerUrlFiles without Thread
2024-02-02 09:41:36,796 [INFO] DetailPanel:341 - Set advertising image to C:/Users/sudh1/STM32Cube/Repository/\en.prom-stm32wl3-mcu-finder.jpg
2024-02-02 09:41:36,809 [INFO] DbBoards:642 - Loading board mini-images...
2024-02-02 09:41:37,858 [ERROR] DbBoards:659 - Image file not found for board NUCLEO-WBA55CG: C:\Users\sudh1\.stmcufinder\plugins\mcufinder//mcu//boards_images/NUCLEO-WBA55CG.jpg
2024-02-02 09:41:39,058 [ERROR] DbBoards:659 - Image file not found for board STM32WBA55G-DK1: C:\Users\sudh1\.stmcufinder\plugins\mcufinder//mcu//boards_images/STM32WBA55G-DK1.jpg
2024-02-02 09:41:39,058 [INFO] DbBoards:665 - Loaded 191 board mini-images
2024-02-02 09:42:05,904 [INFO] McuFinderGlobals:76 - Set McuFinderConnectedMode to true
2024-02-02 09:42:05,907 [INFO] ApiDb:448 - Save user favorites file C:\Users\sudh1/.stm32cubeide/favorites.mcus.txt: 0 item(s)
2024-02-02 09:42:05,907 [INFO] ApiDb:452 - User favorites MCUs=[]
2024-02-02 09:42:05,909 [INFO] ApiDb:448 - Save user favorites file C:\Users\sudh1/.stm32cubeide/favorites.boards.txt: 0 item(s)
2024-02-02 09:42:05,910 [INFO] ApiDb:452 - User favorites Boards=[]
2024-02-02 15:22:18,381 [INFO] MainUpdater:2873 - connection check result : 10
2024-02-02 15:22:18,397 [INFO] McuFinderGlobals:76 - Set McuFinderConnectedMode to true
2024-02-02 15:22:19,067 [INFO] ServerAccessManage:473 - Download File mcusAds.json._tmp_
2024-02-02 15:22:19,205 [INFO] LoadUrlFilesThread:156 - End of LoadUrlFiles Thread
2024-02-02 15:22:19,646 [INFO] ServerAccessManage:473 - Download File cube-finder-db.zip
2024-02-02 15:22:48,291 [INFO] FileExtend:240 - Unzip File : cube-finder-db.zip
2024-02-02 15:22:48,292 [INFO] FileExtend:255 - Standard Zip Deflate
2024-02-02 15:22:49,927 [INFO] LoadUrlFilesThread:156 - End of LoadUrlFiles Thread
2024-02-02 15:22:51,807 [INFO] ServerAccessManage:473 - Download File crdb.zip
2024-02-02 15:22:54,355 [INFO] FileExtend:240 - Unzip File : crdb.zip
2024-02-02 15:22:54,356 [INFO] FileExtend:255 - Standard Zip Deflate
2024-02-02 15:22:54,555 [INFO] LoadUrlFilesThread:156 - End of LoadUrlFiles Thread
2024-02-02 15:22:54,979 [INFO] ServerAccessManage:473 - Download File tutoVideoDB.zip
2024-02-02 15:22:55,172 [INFO] FileExtend:240 - Unzip File : tutoVideoDB.zip
2024-02-02 15:22:55,172 [INFO] FileExtend:255 - Standard Zip Deflate
2024-02-02 15:22:55,339 [INFO] LoadUrlFilesThread:156 - End of LoadUrlFiles Thread
2024-02-02 15:22:55,347 [WARN] DbFile:41 - Overriding database path with different value: C:\Users\sudh1\.stmcufinder\plugins\mcufinder/ => C:\Users\sudh1\.stmcufinder\plugins\mcufinder
2024-02-02 15:22:55,482 [INFO] ServerAccessManage:473 - Download File api_config.json
2024-02-02 15:22:55,613 [INFO] LoadUrlFilesThread:156 - End of LoadUrlFiles Thread
2024-02-02 15:22:55,654 [INFO] DbMcusAds:53 - JSON generation date=Wed Nov 29 16:22:27 IST 2023 (1701255147200)
2024-02-02 15:22:55,658 [INFO] ApiDb:448 - Save user favorites file C:\Users\sudh1/.stm32cubeide/favorites.mcus.txt: 0 item(s)
2024-02-02 15:22:55,658 [INFO] ApiDb:452 - User favorites MCUs=[]
2024-02-02 15:22:55,685 [INFO] ApiDb:581 - Connected to CubeFinder SQLite database (C:\Users\sudh1\.stmcufinder\plugins\mcufinder\mcu\cube-finder-db.db)
2024-02-02 15:22:55,774 [INFO] ApiDb:668 - CubeFinder database Data Model version=2.1
2024-02-02 15:22:55,774 [INFO] ApiDb:669 - CubeFinder database Configuration version=3.0.39
2024-02-02 15:22:55,774 [INFO] ApiDb:670 - CubeFinder database generation date=2024-01-11 (1704964531)
2024-02-02 15:22:55,774 [INFO] ApiDb:671 - CubeFinder database FW Pack versions=[FP-ATR-ASTRA1_V2.0.0, FP-SNS-FLIGHT1_V5.0.1, FP-SNS-FLIGHT1_V5.0.2, FP-SNS-MOTENV1_V4.3.1, FP-SNS-MOTENV1_V4.3.2, FP-SNS-MOTENVWB1_V1.3.1, FP-SNS-SMARTAG2_V1.2.0, STM32Cube_FW_C0_V1.1.0, STM32Cube_FW_F4_V1.28.0, STM32Cube_FW_F7_V1.17.0, STM32Cube_FW_G0_V1.6.2, STM32Cube_FW_G4_V1.5.2, STM32Cube_FW_H5_V0.5.1, STM32Cube_FW_H5_V1.1.1, STM32Cube_FW_H5_V1.2.0RC2, STM32Cube_FW_H7_V1.11.0, STM32Cube_FW_L0_V1.12.2, STM32Cube_FW_L5_V1.5.0, STM32Cube_FW_U5_V1.3.0RC4, STM32Cube_FW_U5_V1.4.0, STM32Cube_FW_WBA_V1.0.0RC1, STM32Cube_FW_WBA_V1.1.0RC1, STM32Cube_FW_WBA_V1.2.0, STM32Cube_FW_WBA_V1.2.0RC2, STM32Cube_FW_WB_V1.15.0RC1, STM32Cube_FW_WB_V1.16.0, STM32Cube_FW_WB_V1.16.0RC2, STM32Cube_FW_WB_V1.18.0, STM32Cube_FW_WL_V1.3.0, X-CUBE-ALGOBUILD_V1.3.0, X-CUBE-ALS_V1.0.1, X-CUBE-AZRTOS-F4_V1.1.0, X-CUBE-AZRTOS-F7_V1.1.0, X-CUBE-AZRTOS-G0_V1.1.0, X-CUBE-AZRTOS-G4_V2.0.0, X-CUBE-AZRTOS-H7_V3.2.0, X-CUBE-AZRTOS-L4_V1.0.0, X-CUBE-AZRTOS-L4_V2.0.0, X-CUBE-AZRTOS-L5_V1.1.0, X-CUBE-AZRTOS-WB_V2.0.0, X-CUBE-AZRTOS-WL_V2.0.0, X-CUBE-BLE1_V7.0.0, X-CUBE-BLE2_V3.3.0, X-CUBE-BLEMGR_V3.0.0, X-CUBE-EEPRMA1_V4.1.0, X-CUBE-EEPRMA1_V4.2.0, X-CUBE-FREERTOS_V1.1.0, X-CUBE-GNSS1_V6.0.0, X-CUBE-MEMS1_V10.0.0, X-CUBE-MEMS1_V9.1.0, X-CUBE-MEMS1_V9.4.0, X-CUBE-MEMS1_V9.6.0, X-CUBE-NFC4_V3.0.0, X-CUBE-NFC7_V1.0.1, X-CUBE-SFXS2LP1_V4.0.0, X-CUBE-SUBG2_V5.0.0, X-CUBE-TOF1_V3.4.0]
2024-02-02 15:22:57,871 [INFO] ApiDb:240 - Found 371 in-development CPN: [B-G473E-ZEST1S, B-WB1M-WPAN1, B-WL5M-SUBG1, NUCLEO-C031C6, NUCLEO-H503RB, NUCLEO-H563ZI, NUCLEO-U545RE-Q, NUCLEO-U5A5ZJ-Q, NUCLEO-WBA52CG, NUCLEO-WBA55CG, STEVAL-MKBOXPRO, STEVAL-PROTEUS1, STEVAL-STWINBX1, STM320518-EVAL, STM32C0116-DK, STM32C011D6Y3TR, STM32C011D6Y6TR, STM32C011F4P3, STM32C011F4P6, STM32C011F4U3, STM32C011F4U6TR, STM32C011F6P3, STM32C011F6P6, STM32C011F6U3, STM32C011F6U6TR, STM32C011J4M3, STM32C011J4M6, STM32C011J6M3, STM32C011J6M6, STM32C0316-DK, STM32C031C4T3, STM32C031C4T6, STM32C031C4U3, STM32C031C4U6, STM32C031C6T3, STM32C031C6T6, STM32C031C6U3, STM32C031C6U6, STM32C031F4P3, STM32C031F4P6, STM32C031F6P3, STM32C031F6P6, STM32C031G4U3, STM32C031G4U6, STM32C031G6U3, STM32C031G6U6, STM32C031K4T3, STM32C031K4T6, STM32C031K4U3, STM32C031K4U6, STM32C031K6T3, STM32C031K6T6, STM32C031K6U3, STM32C031K6U6, STM32G071K8TXN, STM32G071K8UXN, STM32G081GBU6N, STM32G081KBT6N, STM32G081KBUXN, STM32G0B1CCT6N, STM32G0B1KCT6, STM32G0B1NEY6TR, STM32G0B1RCT6N, STM32G0C1CCT6, STM32G0C1CCT6N, STM32G0C1CCU6N, STM32G0C1CET6N, STM32G0C1CEU6N, STM32G0C1KCT6, STM32G0C1NEY6TR, STM32G0C1RCI6N, STM32G0C1RCT6N, STM32G0C1REI6N, STM32G0C1RET6N, STM32G0C1VCI6, STM32G0C1VEI6, STM32G471CCT6, STM32G471CCU6, STM32G471CET3, STM32G471CET6, STM32G471CEU3, STM32G471CEU6, STM32G471MCT6, STM32G471MET3, STM32G471MET6, STM32G471MEY6TR, STM32G471QCT6, STM32G471QET3, STM32G471RCT6, STM32G471RET3, STM32G471RET6, STM32G471VCH6, STM32G471VCI6, STM32G471VCT6, STM32G471VEH3, STM32G471VEH6, STM32G471VEI3, STM32G471VEI6, STM32G471VET3, STM32G471VET6, STM32G474CCT6, STM32H503CBT6, STM32H503CBU6, STM32H503EBY6TR, STM32H503KBU6, STM32H503RBT6, STM32H562AGI6, STM32H562AII6, STM32H562IGK6, STM32H562IGT6, STM32H562IIK6, STM32H562IIT6, STM32H562RGT6, STM32H562RGV6, STM32H562RIT6, STM32H562RIV6, STM32H562VGT6, STM32H562VIT6, STM32H562ZGT6, STM32H562ZIT6, STM32H563AGI6, STM32H563AII3Q, STM32H563AII6, STM32H563IGK6, STM32H563IGT6, STM32H563IIK3Q, STM32H563IIK6, STM32H563IIT3Q, STM32H563IIT6, STM32H563MIY3QTR, STM32H563RGT6, STM32H563RGV6, STM32H563RIT6, STM32H563RIV6, STM32H563VGT6, STM32H563VIT3Q, STM32H563VIT6, STM32H563ZGT6, STM32H563ZIT3Q, STM32H563ZIT6, STM32H573AII3Q, STM32H573AII6, STM32H573I-DK, STM32H573IIK3Q, STM32H573IIK6, STM32H573IIT3Q, STM32H573IIT6, STM32H573MIY3QTR, STM32H573RIT6, STM32H573RIV6, STM32H573VIT3Q, STM32H573VIT6, STM32H573ZIT3Q, STM32H573ZIT6, STM32L4R5QGI6STR, STM32MP131AAE3, STM32MP131AAF3, STM32MP131AAG3, STM32MP131CAE3, STM32MP131CAF3, STM32MP131CAG3, STM32MP131DAE7, STM32MP131DAF7, STM32MP131DAG7, STM32MP131FAE7, STM32MP131FAF7, STM32MP131FAG7, STM32MP133AAE3, STM32MP133AAF3, STM32MP133AAG3, STM32MP133CAE3, STM32MP133CAF3, STM32MP133CAG3, STM32MP133DAE7, STM32MP133DAF7, STM32MP133DAG7, STM32MP133FAE7, STM32MP133FAF7, STM32MP133FAG7, STM32MP135AAE3, STM32MP135AAF3, STM32MP135AAG3, STM32MP135CAE3, STM32MP135CAF3, STM32MP135CAG3, STM32MP135DAE7, STM32MP135DAF7, STM32MP135DAG7, STM32MP135F-DK, STM32MP135FAE7, STM32MP135FAF7, STM32MP135FAF7T, STM32MP135FAF7U, STM32MP135FAG7, STM32U535CBT6, STM32U535CBT6Q, STM32U535CBU6, STM32U535CBU6Q, STM32U535CCT6, STM32U535CCT6Q, STM32U535CCU6, STM32U535CCU6Q, STM32U535CET6, STM32U535CET6Q, STM32U535CEU6, STM32U535CEU6Q, STM32U535JEY6QTR, STM32U535NCY6QTR, STM32U535NEY6QTR, STM32U535RBI6, STM32U535RBI6Q, STM32U535RBT6, STM32U535RBT6Q, STM32U535RCI6, STM32U535RCI6Q, STM32U535RCT6, STM32U535RCT6Q, STM32U535REI6, STM32U535REI6Q, STM32U535RET6, STM32U535RET6Q, STM32U535VCI6, STM32U535VCI6Q, STM32U535VCT6, STM32U535VCT6Q, STM32U535VEI6, STM32U535VEI6Q, STM32U535VET6, STM32U535VET6Q, STM32U545CET6, STM32U545CET6Q, STM32U545CEU6, STM32U545CEU6Q, STM32U545JEY6QTR, STM32U545NEY6QTR, STM32U545REI6, STM32U545REI6Q, STM32U545RET6, STM32U545RET6Q, STM32U545VEI6, STM32U545VEI6Q, STM32U545VET6, STM32U545VET6Q, STM32U595AIH6, STM32U595AIH6Q, STM32U595AJH6, STM32U595AJH6Q, STM32U595QII6, STM32U595QII6Q, STM32U595QJI6, STM32U595QJI6Q, STM32U595RIT6, STM32U595RIT6Q, STM32U595RJT6, STM32U595RJT6Q, STM32U595VIT6, STM32U595VIT6Q, STM32U595VJT6, STM32U595VJT6Q, STM32U595ZIT6, STM32U595ZIT6Q, STM32U595ZIY6QTR, STM32U595ZJT6, STM32U595ZJT6Q, STM32U595ZJY6QTR, STM32U599BJY6QTR, STM32U599NIH6Q, STM32U599NJH6Q, STM32U599VIT6Q, STM32U599VJT6, STM32U599VJT6Q, STM32U599ZIT6Q, STM32U599ZIY6QTR, STM32U599ZJT6Q, STM32U599ZJY6QTR, STM32U5A5AJH6, STM32U5A5AJH6Q, STM32U5A5QJI6, STM32U5A5QJI6Q, STM32U5A5RJT6, STM32U5A5RJT6Q, STM32U5A5VJT6, STM32U5A5VJT6Q, STM32U5A5ZJT6, STM32U5A5ZJT6Q, STM32U5A5ZJY6QTR, STM32U5A9BJY6QTR, STM32U5A9J-DK, STM32U5A9NJH6Q, STM32U5A9VJT6Q, STM32U5A9ZJT6Q, STM32U5A9ZJY6QTR, STM32U5F7VIT6, STM32U5F7VIT6Q, STM32U5F7VJT6, STM32U5F7VJT6Q, STM32U5F9BJY6QTR, STM32U5F9NJH6Q, STM32U5F9VIT6Q, STM32U5F9VJT6Q, STM32U5F9ZIJ6QTR, STM32U5F9ZIT6Q, STM32U5F9ZJJ6QTR, STM32U5F9ZJT6Q, STM32U5G7VJT6, STM32U5G7VJT6Q, STM32U5G9BJY6QTR, STM32U5G9J-DK1, STM32U5G9J-DK2, STM32U5G9NJH6Q, STM32U5G9VJT6Q, STM32U5G9ZJJ6QTR, STM32U5G9ZJT6Q, STM32WB1MMCH6, STM32WBA50KEU6, STM32WBA50KEU6TR, STM32WBA50KGU6, STM32WBA50KGU6TR, STM32WBA52CEU6, STM32WBA52CEU6TR, STM32WBA52CEU7, STM32WBA52CEU7TR, STM32WBA52CGU6, STM32WBA52CGU6TR, STM32WBA52CGU6U, STM32WBA52CGU7, STM32WBA52CGU7TR, STM32WBA52KEU6, STM32WBA52KEU6TR, STM32WBA52KGU6, STM32WBA52KGU6TR, STM32WBA54CEU6, STM32WBA54CEU6TR, STM32WBA54CEU7, STM32WBA54CEU7TR, STM32WBA54CGU6, STM32WBA54CGU6TR, STM32WBA54CGU7, STM32WBA54CGU7TR, STM32WBA54KEU6, STM32WBA54KEU6TR, STM32WBA54KEU7, STM32WBA54KEU7TR, STM32WBA54KGU6, STM32WBA54KGU6TR, STM32WBA54KGU7, STM32WBA54KGU7TR, STM32WBA55CEU6, STM32WBA55CEU6TR, STM32WBA55CEU7, STM32WBA55CEU7TR, STM32WBA55CGU6, STM32WBA55CGU6TR, STM32WBA55CGU6U, STM32WBA55CGU7, STM32WBA55CGU7TR, STM32WBA55G-DK1, STM32WBA55HEF6, STM32WBA55HEF7, STM32WBA55HGF6, STM32WBA55HGF7, STM32WBA55UEI6, STM32WBA55UEI6TR, STM32WBA55UEI7, STM32WBA55UEI7TR, STM32WBA55UGI6, STM32WBA55UGI6TR, STM32WBA55UGI7, STM32WBA55UGI7TR, STM32WL5MOCH6, STM32WL5MOCH6TR]
2024-02-02 15:22:57,875 [INFO] DbMcus:218 - Found 3930 MCUs, 3930 are supported
2024-02-02 15:22:57,875 [INFO] ApiDb:423 - Load user favorites file C:\Users\sudh1/.stm32cubeide/favorites.mcus.txt: 0 item(s)
2024-02-02 15:22:57,875 [INFO] ApiDb:427 - User favorites MCUs=[]
2024-02-02 15:22:57,875 [INFO] DbMcus:224 - Set 0 / 0 favorites MCUs
2024-02-02 15:22:58,189 [INFO] ApiDb:448 - Save user favorites file C:\Users\sudh1/.stm32cubeide/favorites.boards.txt: 0 item(s)
2024-02-02 15:22:58,189 [INFO] ApiDb:452 - User favorites Boards=[]
2024-02-02 15:22:58,192 [INFO] ApiDb:581 - Connected to CubeFinder SQLite database (C:\Users\sudh1\.stmcufinder\plugins\mcufinder\mcu\cube-finder-db.db)
2024-02-02 15:22:58,239 [INFO] ApiDb:668 - CubeFinder database Data Model version=2.1
2024-02-02 15:22:58,239 [INFO] ApiDb:669 - CubeFinder database Configuration version=3.0.39
2024-02-02 15:22:58,239 [INFO] ApiDb:670 - CubeFinder database generation date=2024-01-11 (1704964531)
2024-02-02 15:22:58,239 [INFO] ApiDb:671 - CubeFinder database FW Pack versions=[FP-ATR-ASTRA1_V2.0.0, FP-SNS-FLIGHT1_V5.0.1, FP-SNS-FLIGHT1_V5.0.2, FP-SNS-MOTENV1_V4.3.1, FP-SNS-MOTENV1_V4.3.2, FP-SNS-MOTENVWB1_V1.3.1, FP-SNS-SMARTAG2_V1.2.0, STM32Cube_FW_C0_V1.1.0, STM32Cube_FW_F4_V1.28.0, STM32Cube_FW_F7_V1.17.0, STM32Cube_FW_G0_V1.6.2, STM32Cube_FW_G4_V1.5.2, STM32Cube_FW_H5_V0.5.1, STM32Cube_FW_H5_V1.1.1, STM32Cube_FW_H5_V1.2.0RC2, STM32Cube_FW_H7_V1.11.0, STM32Cube_FW_L0_V1.12.2, STM32Cube_FW_L5_V1.5.0, STM32Cube_FW_U5_V1.3.0RC4, STM32Cube_FW_U5_V1.4.0, STM32Cube_FW_WBA_V1.0.0RC1, STM32Cube_FW_WBA_V1.1.0RC1, STM32Cube_FW_WBA_V1.2.0, STM32Cube_FW_WBA_V1.2.0RC2, STM32Cube_FW_WB_V1.15.0RC1, STM32Cube_FW_WB_V1.16.0, STM32Cube_FW_WB_V1.16.0RC2, STM32Cube_FW_WB_V1.18.0, STM32Cube_FW_WL_V1.3.0, X-CUBE-ALGOBUILD_V1.3.0, X-CUBE-ALS_V1.0.1, X-CUBE-AZRTOS-F4_V1.1.0, X-CUBE-AZRTOS-F7_V1.1.0, X-CUBE-AZRTOS-G0_V1.1.0, X-CUBE-AZRTOS-G4_V2.0.0, X-CUBE-AZRTOS-H7_V3.2.0, X-CUBE-AZRTOS-L4_V1.0.0, X-CUBE-AZRTOS-L4_V2.0.0, X-CUBE-AZRTOS-L5_V1.1.0, X-CUBE-AZRTOS-WB_V2.0.0, X-CUBE-AZRTOS-WL_V2.0.0, X-CUBE-BLE1_V7.0.0, X-CUBE-BLE2_V3.3.0, X-CUBE-BLEMGR_V3.0.0, X-CUBE-EEPRMA1_V4.1.0, X-CUBE-EEPRMA1_V4.2.0, X-CUBE-FREERTOS_V1.1.0, X-CUBE-GNSS1_V6.0.0, X-CUBE-MEMS1_V10.0.0, X-CUBE-MEMS1_V9.1.0, X-CUBE-MEMS1_V9.4.0, X-CUBE-MEMS1_V9.6.0, X-CUBE-NFC4_V3.0.0, X-CUBE-NFC7_V1.0.1, X-CUBE-SFXS2LP1_V4.0.0, X-CUBE-SUBG2_V5.0.0, X-CUBE-TOF1_V3.4.0]
2024-02-02 15:22:58,303 [INFO] DbBoardsSqlite:226 - include board P-NUCLEO-WB55-NUCLEO as a kit item of type 'Nucleo-64'
2024-02-02 15:22:58,303 [INFO] DbBoardsSqlite:226 - include board P-NUCLEO-WB55-USBDONGLE as a kit item of type 'Nucleo USB Dongle'
2024-02-02 15:22:58,303 [INFO] DbBoardsSqlite:226 - include board STEVAL-IDP005V1 as a kit item of type 'Evaluation Board'
2024-02-02 15:22:58,303 [INFO] DbBoardsSqlite:226 - include board STEVAL-IDP005V2 as a kit item of type 'Evaluation Board'
2024-02-02 15:22:58,359 [INFO] ApiDb:240 - Found 371 in-development CPN: [B-G473E-ZEST1S, B-WB1M-WPAN1, B-WL5M-SUBG1, NUCLEO-C031C6, NUCLEO-H503RB, NUCLEO-H563ZI, NUCLEO-U545RE-Q, NUCLEO-U5A5ZJ-Q, NUCLEO-WBA52CG, NUCLEO-WBA55CG, STEVAL-MKBOXPRO, STEVAL-PROTEUS1, STEVAL-STWINBX1, STM320518-EVAL, STM32C0116-DK, STM32C011D6Y3TR, STM32C011D6Y6TR, STM32C011F4P3, STM32C011F4P6, STM32C011F4U3, STM32C011F4U6TR, STM32C011F6P3, STM32C011F6P6, STM32C011F6U3, STM32C011F6U6TR, STM32C011J4M3, STM32C011J4M6, STM32C011J6M3, STM32C011J6M6, STM32C0316-DK, STM32C031C4T3, STM32C031C4T6, STM32C031C4U3, STM32C031C4U6, STM32C031C6T3, STM32C031C6T6, STM32C031C6U3, STM32C031C6U6, STM32C031F4P3, STM32C031F4P6, STM32C031F6P3, STM32C031F6P6, STM32C031G4U3, STM32C031G4U6, STM32C031G6U3, STM32C031G6U6, STM32C031K4T3, STM32C031K4T6, STM32C031K4U3, STM32C031K4U6, STM32C031K6T3, STM32C031K6T6, STM32C031K6U3, STM32C031K6U6, STM32G071K8TXN, STM32G071K8UXN, STM32G081GBU6N, STM32G081KBT6N, STM32G081KBUXN, STM32G0B1CCT6N, STM32G0B1KCT6, STM32G0B1NEY6TR, STM32G0B1RCT6N, STM32G0C1CCT6, STM32G0C1CCT6N, STM32G0C1CCU6N, STM32G0C1CET6N, STM32G0C1CEU6N, STM32G0C1KCT6, STM32G0C1NEY6TR, STM32G0C1RCI6N, STM32G0C1RCT6N, STM32G0C1REI6N, STM32G0C1RET6N, STM32G0C1VCI6, STM32G0C1VEI6, STM32G471CCT6, STM32G471CCU6, STM32G471CET3, STM32G471CET6, STM32G471CEU3, STM32G471CEU6, STM32G471MCT6, STM32G471MET3, STM32G471MET6, STM32G471MEY6TR, STM32G471QCT6, STM32G471QET3, STM32G471RCT6, STM32G471RET3, STM32G471RET6, STM32G471VCH6, STM32G471VCI6, STM32G471VCT6, STM32G471VEH3, STM32G471VEH6, STM32G471VEI3, STM32G471VEI6, STM32G471VET3, STM32G471VET6, STM32G474CCT6, STM32H503CBT6, STM32H503CBU6, STM32H503EBY6TR, STM32H503KBU6, STM32H503RBT6, STM32H562AGI6, STM32H562AII6, STM32H562IGK6, STM32H562IGT6, STM32H562IIK6, STM32H562IIT6, STM32H562RGT6, STM32H562RGV6, STM32H562RIT6, STM32H562RIV6, STM32H562VGT6, STM32H562VIT6, STM32H562ZGT6, STM32H562ZIT6, STM32H563AGI6, STM32H563AII3Q, STM32H563AII6, STM32H563IGK6, STM32H563IGT6, STM32H563IIK3Q, STM32H563IIK6, STM32H563IIT3Q, STM32H563IIT6, STM32H563MIY3QTR, STM32H563RGT6, STM32H563RGV6, STM32H563RIT6, STM32H563RIV6, STM32H563VGT6, STM32H563VIT3Q, STM32H563VIT6, STM32H563ZGT6, STM32H563ZIT3Q, STM32H563ZIT6, STM32H573AII3Q, STM32H573AII6, STM32H573I-DK, STM32H573IIK3Q, STM32H573IIK6, STM32H573IIT3Q, STM32H573IIT6, STM32H573MIY3QTR, STM32H573RIT6, STM32H573RIV6, STM32H573VIT3Q, STM32H573VIT6, STM32H573ZIT3Q, STM32H573ZIT6, STM32L4R5QGI6STR, STM32MP131AAE3, STM32MP131AAF3, STM32MP131AAG3, STM32MP131CAE3, STM32MP131CAF3, STM32MP131CAG3, STM32MP131DAE7, STM32MP131DAF7, STM32MP131DAG7, STM32MP131FAE7, STM32MP131FAF7, STM32MP131FAG7, STM32MP133AAE3, STM32MP133AAF3, STM32MP133AAG3, STM32MP133CAE3, STM32MP133CAF3, STM32MP133CAG3, STM32MP133DAE7, STM32MP133DAF7, STM32MP133DAG7, STM32MP133FAE7, STM32MP133FAF7, STM32MP133FAG7, STM32MP135AAE3, STM32MP135AAF3, STM32MP135AAG3, STM32MP135CAE3, STM32MP135CAF3, STM32MP135CAG3, STM32MP135DAE7, STM32MP135DAF7, STM32MP135DAG7, STM32MP135F-DK, STM32MP135FAE7, STM32MP135FAF7, STM32MP135FAF7T, STM32MP135FAF7U, STM32MP135FAG7, STM32U535CBT6, STM32U535CBT6Q, STM32U535CBU6, STM32U535CBU6Q, STM32U535CCT6, STM32U535CCT6Q, STM32U535CCU6, STM32U535CCU6Q, STM32U535CET6, STM32U535CET6Q, STM32U535CEU6, STM32U535CEU6Q, STM32U535JEY6QTR, STM32U535NCY6QTR, STM32U535NEY6QTR, STM32U535RBI6, STM32U535RBI6Q, STM32U535RBT6, STM32U535RBT6Q, STM32U535RCI6, STM32U535RCI6Q, STM32U535RCT6, STM32U535RCT6Q, STM32U535REI6, STM32U535REI6Q, STM32U535RET6, STM32U535RET6Q, STM32U535VCI6, STM32U535VCI6Q, STM32U535VCT6, STM32U535VCT6Q, STM32U535VEI6, STM32U535VEI6Q, STM32U535VET6, STM32U535VET6Q, STM32U545CET6, STM32U545CET6Q, STM32U545CEU6, STM32U545CEU6Q, STM32U545JEY6QTR, STM32U545NEY6QTR, STM32U545REI6, STM32U545REI6Q, STM32U545RET6, STM32U545RET6Q, STM32U545VEI6, STM32U545VEI6Q, STM32U545VET6, STM32U545VET6Q, STM32U595AIH6, STM32U595AIH6Q, STM32U595AJH6, STM32U595AJH6Q, STM32U595QII6, STM32U595QII6Q, STM32U595QJI6, STM32U595QJI6Q, STM32U595RIT6, STM32U595RIT6Q, STM32U595RJT6, STM32U595RJT6Q, STM32U595VIT6, STM32U595VIT6Q, STM32U595VJT6, STM32U595VJT6Q, STM32U595ZIT6, STM32U595ZIT6Q, STM32U595ZIY6QTR, STM32U595ZJT6, STM32U595ZJT6Q, STM32U595ZJY6QTR, STM32U599BJY6QTR, STM32U599NIH6Q, STM32U599NJH6Q, STM32U599VIT6Q, STM32U599VJT6, STM32U599VJT6Q, STM32U599ZIT6Q, STM32U599ZIY6QTR, STM32U599ZJT6Q, STM32U599ZJY6QTR, STM32U5A5AJH6, STM32U5A5AJH6Q, STM32U5A5QJI6, STM32U5A5QJI6Q, STM32U5A5RJT6, STM32U5A5RJT6Q, STM32U5A5VJT6, STM32U5A5VJT6Q, STM32U5A5ZJT6, STM32U5A5ZJT6Q, STM32U5A5ZJY6QTR, STM32U5A9BJY6QTR, STM32U5A9J-DK, STM32U5A9NJH6Q, STM32U5A9VJT6Q, STM32U5A9ZJT6Q, STM32U5A9ZJY6QTR, STM32U5F7VIT6, STM32U5F7VIT6Q, STM32U5F7VJT6, STM32U5F7VJT6Q, STM32U5F9BJY6QTR, STM32U5F9NJH6Q, STM32U5F9VIT6Q, STM32U5F9VJT6Q, STM32U5F9ZIJ6QTR, STM32U5F9ZIT6Q, STM32U5F9ZJJ6QTR, STM32U5F9ZJT6Q, STM32U5G7VJT6, STM32U5G7VJT6Q, STM32U5G9BJY6QTR, STM32U5G9J-DK1, STM32U5G9J-DK2, STM32U5G9NJH6Q, STM32U5G9VJT6Q, STM32U5G9ZJJ6QTR, STM32U5G9ZJT6Q, STM32WB1MMCH6, STM32WBA50KEU6, STM32WBA50KEU6TR, STM32WBA50KGU6, STM32WBA50KGU6TR, STM32WBA52CEU6, STM32WBA52CEU6TR, STM32WBA52CEU7, STM32WBA52CEU7TR, STM32WBA52CGU6, STM32WBA52CGU6TR, STM32WBA52CGU6U, STM32WBA52CGU7, STM32WBA52CGU7TR, STM32WBA52KEU6, STM32WBA52KEU6TR, STM32WBA52KGU6, STM32WBA52KGU6TR, STM32WBA54CEU6, STM32WBA54CEU6TR, STM32WBA54CEU7, STM32WBA54CEU7TR, STM32WBA54CGU6, STM32WBA54CGU6TR, STM32WBA54CGU7, STM32WBA54CGU7TR, STM32WBA54KEU6, STM32WBA54KEU6TR, STM32WBA54KEU7, STM32WBA54KEU7TR, STM32WBA54KGU6, STM32WBA54KGU6TR, STM32WBA54KGU7, STM32WBA54KGU7TR, STM32WBA55CEU6, STM32WBA55CEU6TR, STM32WBA55CEU7, STM32WBA55CEU7TR, STM32WBA55CGU6, STM32WBA55CGU6TR, STM32WBA55CGU6U, STM32WBA55CGU7, STM32WBA55CGU7TR, STM32WBA55G-DK1, STM32WBA55HEF6, STM32WBA55HEF7, STM32WBA55HGF6, STM32WBA55HGF7, STM32WBA55UEI6, STM32WBA55UEI6TR, STM32WBA55UEI7, STM32WBA55UEI7TR, STM32WBA55UGI6, STM32WBA55UGI6TR, STM32WBA55UGI7, STM32WBA55UGI7TR, STM32WL5MOCH6, STM32WL5MOCH6TR]
2024-02-02 15:22:58,569 [INFO] BoardInfo:889 - No configuration file found for board P-NUCLEO-WB55
2024-02-02 15:22:58,569 [INFO] DbBoards:161 - Kit is not supported: P-NUCLEO-WB55
2024-02-02 15:22:58,582 [INFO] BoardInfo:889 - No configuration file found for board STEVAL-BFA001V1B
2024-02-02 15:22:58,582 [INFO] DbBoards:161 - Kit is not supported: STEVAL-BFA001V1B
2024-02-02 15:22:58,584 [INFO] BoardInfo:889 - No configuration file found for board STEVAL-BFA001V2B
2024-02-02 15:22:58,585 [INFO] DbBoards:161 - Kit is not supported: STEVAL-BFA001V2B
2024-02-02 15:22:58,913 [INFO] DbBoards:168 - Found 193 boards, 190 are supported
2024-02-02 15:22:58,913 [INFO] DbBoards:169 - Found 193 boards, 3 of them is supported for  Bsp
2024-02-02 15:22:58,916 [INFO] ApiDb:423 - Load user favorites file C:\Users\sudh1/.stm32cubeide/favorites.boards.txt: 0 item(s)
2024-02-02 15:22:58,916 [INFO] ApiDb:427 - User favorites Boards=[]
2024-02-02 15:22:58,916 [INFO] DbBoards:198 - Set 0 / 0 favorites Boards
2024-02-02 15:22:58,951 [INFO] LoadUrlFilesThread:185 - End of LoadServerUrlFiles without Thread
2024-02-02 15:22:58,953 [INFO] TargetSelectorAdapter:259 - Refresh data is successful
2024-02-02 15:22:58,959 [INFO] ApiDb:668 - CubeFinder database Data Model version=2.1
2024-02-02 15:22:58,959 [INFO] ApiDb:669 - CubeFinder database Configuration version=3.0.39
2024-02-02 15:22:58,960 [INFO] ApiDb:670 - CubeFinder database generation date=2024-01-11 (1704964531)
2024-02-02 15:22:58,961 [INFO] ApiDb:671 - CubeFinder database FW Pack versions=[FP-ATR-ASTRA1_V2.0.0, FP-SNS-FLIGHT1_V5.0.1, FP-SNS-FLIGHT1_V5.0.2, FP-SNS-MOTENV1_V4.3.1, FP-SNS-MOTENV1_V4.3.2, FP-SNS-MOTENVWB1_V1.3.1, FP-SNS-SMARTAG2_V1.2.0, STM32Cube_FW_C0_V1.1.0, STM32Cube_FW_F4_V1.28.0, STM32Cube_FW_F7_V1.17.0, STM32Cube_FW_G0_V1.6.2, STM32Cube_FW_G4_V1.5.2, STM32Cube_FW_H5_V0.5.1, STM32Cube_FW_H5_V1.1.1, STM32Cube_FW_H5_V1.2.0RC2, STM32Cube_FW_H7_V1.11.0, STM32Cube_FW_L0_V1.12.2, STM32Cube_FW_L5_V1.5.0, STM32Cube_FW_U5_V1.3.0RC4, STM32Cube_FW_U5_V1.4.0, STM32Cube_FW_WBA_V1.0.0RC1, STM32Cube_FW_WBA_V1.1.0RC1, STM32Cube_FW_WBA_V1.2.0, STM32Cube_FW_WBA_V1.2.0RC2, STM32Cube_FW_WB_V1.15.0RC1, STM32Cube_FW_WB_V1.16.0, STM32Cube_FW_WB_V1.16.0RC2, STM32Cube_FW_WB_V1.18.0, STM32Cube_FW_WL_V1.3.0, X-CUBE-ALGOBUILD_V1.3.0, X-CUBE-ALS_V1.0.1, X-CUBE-AZRTOS-F4_V1.1.0, X-CUBE-AZRTOS-F7_V1.1.0, X-CUBE-AZRTOS-G0_V1.1.0, X-CUBE-AZRTOS-G4_V2.0.0, X-CUBE-AZRTOS-H7_V3.2.0, X-CUBE-AZRTOS-L4_V1.0.0, X-CUBE-AZRTOS-L4_V2.0.0, X-CUBE-AZRTOS-L5_V1.1.0, X-CUBE-AZRTOS-WB_V2.0.0, X-CUBE-AZRTOS-WL_V2.0.0, X-CUBE-BLE1_V7.0.0, X-CUBE-BLE2_V3.3.0, X-CUBE-BLEMGR_V3.0.0, X-CUBE-EEPRMA1_V4.1.0, X-CUBE-EEPRMA1_V4.2.0, X-CUBE-FREERTOS_V1.1.0, X-CUBE-GNSS1_V6.0.0, X-CUBE-MEMS1_V10.0.0, X-CUBE-MEMS1_V9.1.0, X-CUBE-MEMS1_V9.4.0, X-CUBE-MEMS1_V9.6.0, X-CUBE-NFC4_V3.0.0, X-CUBE-NFC7_V1.0.1, X-CUBE-SFXS2LP1_V4.0.0, X-CUBE-SUBG2_V5.0.0, X-CUBE-TOF1_V3.4.0]
2024-02-02 15:22:59,931 [ERROR] DbExamplesSqlite:437 - Missing JSON key: board_cpn
2024-02-02 15:22:59,932 [ERROR] DbExamplesSqlite:437 - Missing JSON key: board_cpn
2024-02-02 15:22:59,932 [ERROR] DbExamplesSqlite:437 - Missing JSON key: board_cpn
2024-02-02 15:22:59,932 [ERROR] DbExamplesSqlite:437 - Missing JSON key: board_cpn
2024-02-02 15:22:59,981 [INFO] DbExamplesSqlite:395 - Ignored 55 examples not supported by CubeIDE
2024-02-02 15:22:59,981 [INFO] DbExamplesSqlite:396 - Found 7560 examples active
2024-02-02 15:22:59,981 [INFO] DbExamplesSqlite:397 - Found 844 examples obsolete
2024-02-02 15:22:59,981 [INFO] DbExamplesSqlite:398 - Found 0 examples under development
2024-02-02 15:22:59,981 [INFO] DbExamplesSqlite:399 - Found 8 examples not building
2024-02-02 15:22:59,983 [INFO] DbExamples:125 - Found 7513 examples
2024-02-02 15:23:00,000 [INFO] DbExamples:222 - Found 95 boards with related examples
2024-02-02 15:23:00,002 [INFO] DbExamples:235 - Found 80 MCUs with related examples
2024-02-02 15:23:00,030 [INFO] ApiDb:423 - Load user favorites file C:\Users\sudh1/.stm32cubeide/favorites.examples.txt: 0 item(s)
2024-02-02 15:23:00,030 [INFO] ApiDb:427 - User favorites Examples=[]
2024-02-02 15:23:00,031 [INFO] DbExamples:250 - Set 0 / 0 favorites Examples
2024-02-02 15:23:00,091 [INFO] McuFinderGlobals:76 - Set McuFinderConnectedMode to true
2024-02-02 15:23:00,097 [INFO] MultiScanPanel:200 - Auto-refresh data requested => check proxy status ongoing
2024-02-02 15:23:00,098 [INFO] FinderPluginLoader:95 - Searching for filters in installed packs
2024-02-02 15:23:00,944 [INFO] LoadUrlFilesThread:185 - End of LoadServerUrlFiles without Thread
2024-02-02 15:23:00,944 [INFO] DetailPanel:341 - Set advertising image to C:/Users/sudh1/STM32Cube/Repository/\en.prom-stm32wl3-mcu-finder.jpg
2024-02-02 15:23:22,281 [INFO] MultiScanPanel:200 - Auto-refresh data requested => check proxy status ongoing
2024-02-02 15:23:22,339 [INFO] LoadUrlFilesThread:185 - End of LoadServerUrlFiles without Thread
2024-02-02 15:23:22,340 [INFO] DetailPanel:341 - Set advertising image to C:/Users/sudh1/STM32Cube/Repository/\en.prom-stm32wl3-mcu-finder.jpg
2024-02-02 15:23:22,344 [INFO] DbBoards:642 - Loading board mini-images...
2024-02-02 15:23:23,354 [ERROR] DbBoards:659 - Image file not found for board NUCLEO-WBA55CG: C:\Users\sudh1\.stmcufinder\plugins\mcufinder//mcu//boards_images/NUCLEO-WBA55CG.jpg
2024-02-02 15:23:24,646 [ERROR] DbBoards:659 - Image file not found for board STM32WBA55G-DK1: C:\Users\sudh1\.stmcufinder\plugins\mcufinder//mcu//boards_images/STM32WBA55G-DK1.jpg
2024-02-02 15:23:24,646 [INFO] DbBoards:665 - Loaded 191 board mini-images
2024-02-02 15:24:28,686 [INFO] McuFinderGlobals:76 - Set McuFinderConnectedMode to true
2024-02-02 15:24:28,690 [INFO] ApiDb:448 - Save user favorites file C:\Users\sudh1/.stm32cubeide/favorites.mcus.txt: 0 item(s)
2024-02-02 15:24:28,690 [INFO] ApiDb:452 - User favorites MCUs=[]
2024-02-02 15:24:28,693 [INFO] ApiDb:448 - Save user favorites file C:\Users\sudh1/.stm32cubeide/favorites.boards.txt: 0 item(s)
2024-02-02 15:24:28,694 [INFO] ApiDb:452 - User favorites Boards=[]
2024-02-02 15:50:03,145 [ERROR] LogOutputStream:75 - [STDERR_REDIRECT] 
2024-02-02 15:50:03,145 [ERROR] LogOutputStream:75 - [STDERR_REDIRECT] 
