2024-02-06 09:10:47,277 [INFO] Activator:176 - 


2024-02-06 09:10:47,281 [INFO] Activator:177 - !SESSION log4j initialized
2024-02-06 09:10:54,830 [INFO] LogOutputStream:77 - [STDOUT_REDIRECT] 
2024-02-06 09:10:57,433 [INFO] ApplicationProperties:184 - Using Application install path: C:\ST\STM32CubeIDE_1.14.0\STM32CubeIDE\plugins\com.st.stm32cube.common.mx_6.10.0.202311202037
2024-02-06 09:10:57,457 [INFO] DbMcusXml:78 - Set database path to: C:\ST\STM32CubeIDE_1.14.0\STM32CubeIDE\plugins\com.st.stm32cube.common.mx_6.10.0.202311202037\\db\/mcu/
2024-02-06 09:10:57,457 [INFO] ApiDb:274 - Set plugin database path to: C:\ST\STM32CubeIDE_1.14.0\STM32CubeIDE\plugins\com.st.stm32cube.common.mx_6.10.0.202311202037\\db\/plugins/boardmanager/
2024-02-06 09:10:57,458 [WARN] ApiDb:259 - Overriding images path with different value:  => C:\ST\STM32CubeIDE_1.14.0\STM32CubeIDE\plugins\com.st.stm32cube.common.mx_6.10.0.202311202037\\db\/plugins/mcufinder/images/
2024-02-06 09:10:57,467 [INFO] ApiDb:250 - Set database path to: C:\Users\sudh1\.stmcufinder\plugins\mcufinder//mcu/
2024-02-06 09:10:57,468 [INFO] DbMcusAds:125 - Set database path to: C:\Users\sudh1\.stmcufinder\plugins\mcufinder//mcu/
2024-02-06 09:10:57,471 [INFO] CrossReferenceDbSqlite:203 - Set database path to: C:\Users\sudh1\.stmcufinder\plugins\mcufinder//mcu/cs/
2024-02-06 09:10:57,631 [INFO] RulesReader:64 - Compatibility file has been processed (297 Rules)
2024-02-06 09:10:57,737 [INFO] DbMcusXml:78 - Set database path to: C:\ST\STM32CubeIDE_1.14.0\STM32CubeIDE\plugins\com.st.stm32cube.common.mx_6.10.0.202311202037\\db\/mcu/
2024-02-06 09:10:57,737 [INFO] ApiDb:274 - Set plugin database path to: C:\ST\STM32CubeIDE_1.14.0\STM32CubeIDE\plugins\com.st.stm32cube.common.mx_6.10.0.202311202037\\db\/plugins/boardmanager/
2024-02-06 09:10:57,737 [INFO] ApiDb:261 - Set plugin images path to: C:\ST\STM32CubeIDE_1.14.0\STM32CubeIDE\plugins\com.st.stm32cube.common.mx_6.10.0.202311202037\\db\/plugins/mcufinder/images/
2024-02-06 09:10:57,738 [WARN] DbFile:41 - Overriding database path with different value: C:\Users\sudh1\.stmcufinder\plugins\mcufinder/ => C:\Users\sudh1\.stmcufinder\plugins\mcufinder
2024-02-06 09:10:57,738 [INFO] ApiDb:250 - Set database path to: C:\Users\sudh1\.stmcufinder\plugins\mcufinder//mcu/
2024-02-06 09:10:57,738 [WARN] DbFile:41 - Overriding database path with different value: C:\Users\sudh1\.stmcufinder\plugins\mcufinder/ => C:\Users\sudh1\.stmcufinder\plugins\mcufinder
2024-02-06 09:10:57,738 [INFO] DbMcusAds:125 - Set database path to: C:\Users\sudh1\.stmcufinder\plugins\mcufinder//mcu/
2024-02-06 09:10:57,738 [WARN] DbFile:41 - Overriding database path with different value: C:\Users\sudh1\.stmcufinder\plugins\mcufinder/ => C:\Users\sudh1\.stmcufinder\plugins\mcufinder
2024-02-06 09:10:57,738 [WARN] DbFile:41 - Overriding database path with different value: C:\Users\sudh1\.stmcufinder\plugins\mcufinder/ => C:\Users\sudh1\.stmcufinder\plugins\mcufinder
2024-02-06 09:10:57,738 [INFO] CrossReferenceDbSqlite:203 - Set database path to: C:\Users\sudh1\.stmcufinder\plugins\mcufinder//mcu/cs/
2024-02-06 09:10:57,834 [INFO] MainPanel:264 - HeapMemory: 268435456
2024-02-06 09:10:57,948 [INFO] DbMcusXml:78 - Set database path to: C:\ST\STM32CubeIDE_1.14.0\STM32CubeIDE\plugins\com.st.stm32cube.common.mx_6.10.0.202311202037\\db\/mcu/
2024-02-06 09:10:57,948 [INFO] ApiDb:274 - Set plugin database path to: C:\ST\STM32CubeIDE_1.14.0\STM32CubeIDE\plugins\com.st.stm32cube.common.mx_6.10.0.202311202037\\db\/plugins/boardmanager/
2024-02-06 09:10:57,948 [INFO] ApiDb:261 - Set plugin images path to: C:\ST\STM32CubeIDE_1.14.0\STM32CubeIDE\plugins\com.st.stm32cube.common.mx_6.10.0.202311202037\\db\/plugins/mcufinder/images/
2024-02-06 09:10:57,948 [WARN] DbFile:41 - Overriding database path with different value: C:\Users\sudh1\.stmcufinder\plugins\mcufinder/ => C:\Users\sudh1\.stmcufinder\plugins\mcufinder
2024-02-06 09:10:57,948 [INFO] ApiDb:250 - Set database path to: C:\Users\sudh1\.stmcufinder\plugins\mcufinder//mcu/
2024-02-06 09:10:57,948 [WARN] DbFile:41 - Overriding database path with different value: C:\Users\sudh1\.stmcufinder\plugins\mcufinder/ => C:\Users\sudh1\.stmcufinder\plugins\mcufinder
2024-02-06 09:10:57,948 [INFO] DbMcusAds:125 - Set database path to: C:\Users\sudh1\.stmcufinder\plugins\mcufinder//mcu/
2024-02-06 09:10:57,948 [WARN] DbFile:41 - Overriding database path with different value: C:\Users\sudh1\.stmcufinder\plugins\mcufinder/ => C:\Users\sudh1\.stmcufinder\plugins\mcufinder
2024-02-06 09:10:57,948 [WARN] DbFile:41 - Overriding database path with different value: C:\Users\sudh1\.stmcufinder\plugins\mcufinder/ => C:\Users\sudh1\.stmcufinder\plugins\mcufinder
2024-02-06 09:10:57,948 [INFO] CrossReferenceDbSqlite:203 - Set database path to: C:\Users\sudh1\.stmcufinder\plugins\mcufinder//mcu/cs/
2024-02-06 09:10:57,973 [INFO] ApplicationProperties:184 - Using Application install path: C:\ST\STM32CubeIDE_1.14.0\STM32CubeIDE\plugins\com.st.stm32cube.common.mx_6.10.0.202311202037
2024-02-06 09:10:57,975 [INFO] PluginManage:196 - Search for loadable plugins [exclusion list=, ]
2024-02-06 09:10:57,976 [INFO] PluginManage:310 - Check plugin analytics
2024-02-06 09:10:58,168 [INFO] AnalyticsPlugin:253 - Accepted Software Licenses: 
2024-02-06 09:10:58,168 [INFO] AnalyticsPlugin:255 - Accepted CMSIS Pack Licenses: 
2024-02-06 09:10:58,169 [INFO] AnalyticsPlugin:257 - Accepted Firmware Licenses: 
2024-02-06 09:10:58,173 [INFO] PluginManage:359 - Loaded plugin analytics (category:tool,tabindex:-1)
2024-02-06 09:10:58,173 [INFO] PluginManage:310 - Check plugin cadmodel
2024-02-06 09:10:58,191 [INFO] CADModel:105 - Init CAD model plugin
2024-02-06 09:10:58,191 [INFO] PluginManage:359 - Loaded plugin cadmodel (category:power,tabindex:5)
2024-02-06 09:10:58,191 [INFO] PluginManage:310 - Check plugin clock
2024-02-06 09:10:58,217 [INFO] PluginManage:359 - Loaded plugin clock (category:base,tabindex:2)
2024-02-06 09:10:58,217 [INFO] PluginManage:310 - Check plugin ddr
2024-02-06 09:10:58,221 [INFO] PluginManage:359 - Loaded plugin ddr (category:tool,tabindex:6)
2024-02-06 09:10:58,221 [INFO] PluginManage:310 - Check plugin filemanager
2024-02-06 09:10:58,380 [INFO] PluginManage:359 - Loaded plugin filemanager (category:base,tabindex:10)
2024-02-06 09:10:58,380 [INFO] PluginManage:310 - Check plugin ipmanager
2024-02-06 09:10:58,387 [INFO] PluginManage:359 - Loaded plugin ipmanager (category:base,tabindex:5)
2024-02-06 09:10:58,388 [INFO] PluginManage:310 - Check plugin lpbam
2024-02-06 09:10:58,406 [INFO] PluginManage:359 - Loaded plugin lpbam (category:base,tabindex:0)
2024-02-06 09:10:58,406 [INFO] PluginManage:310 - Check plugin memorymap
2024-02-06 09:10:58,432 [INFO] PluginManage:359 - Loaded plugin memorymap (category:base,tabindex:4)
2024-02-06 09:10:58,433 [INFO] PluginManage:310 - Check plugin pinoutandconfiguration
2024-02-06 09:10:58,455 [INFO] PluginManage:359 - Loaded plugin pinoutandconfiguration (category:base,tabindex:1)
2024-02-06 09:10:58,456 [INFO] PluginManage:310 - Check plugin pinoutconfig
2024-02-06 09:10:58,596 [WARN] SupportedApi:132 - Cannot load RTOS API schema: s4s-elt-must-match.1: The content of 'definitions' must match (annotation?, (simpleType | complexType)?, (unique | key | keyref)*)). A problem was found starting at: attribute.
2024-02-06 09:10:58,774 [INFO] PluginManage:359 - Loaded plugin pinoutconfig (category:base,tabindex:0)
2024-02-06 09:10:58,774 [INFO] PluginManage:310 - Check plugin power
2024-02-06 09:10:58,799 [INFO] PluginManage:359 - Loaded plugin power (category:power,tabindex:4)
2024-02-06 09:10:58,800 [INFO] PluginManage:310 - Check plugin projectmanager
2024-02-06 09:10:58,818 [INFO] PluginManage:359 - Loaded plugin projectmanager (category:projectmanager,tabindex:3)
2024-02-06 09:10:58,818 [INFO] PluginManage:310 - Check plugin thirdparty
2024-02-06 09:10:59,138 [INFO] PluginManage:359 - Loaded plugin thirdparty (category:base,tabindex:-1)
2024-02-06 09:10:59,138 [WARN] IntegrityCheckThread:84 - waiting for thirdparty lock release [integrity check]
2024-02-06 09:10:59,138 [INFO] PluginManage:310 - Check plugin tools
2024-02-06 09:10:59,138 [INFO] IntegrityCheckThread:86 - entering critical section [integrity check]
2024-02-06 09:10:59,139 [INFO] ThirdPartyUpdaterWithRetryManager:70 - Updater plugin not ready yet. [1/15]
2024-02-06 09:10:59,197 [INFO] PluginManage:359 - Loaded plugin tools (category:base,tabindex:7)
2024-02-06 09:10:59,197 [INFO] PluginManage:310 - Check plugin tutovideos
2024-02-06 09:10:59,441 [INFO] PluginManage:359 - Loaded plugin tutovideos (category:base,tabindex:-1)
2024-02-06 09:10:59,441 [INFO] PluginManage:310 - Check plugin updater
2024-02-06 09:10:59,451 [INFO] PluginManage:359 - Loaded plugin updater (category:base,tabindex:12)
2024-02-06 09:10:59,452 [INFO] PluginManage:310 - Check plugin userauth
2024-02-06 09:10:59,458 [INFO] UserAuth:114 - Init User Auth plugin
2024-02-06 09:10:59,458 [INFO] PluginManage:359 - Loaded plugin userauth (category:base,tabindex:14)
2024-02-06 09:10:59,459 [INFO] PluginManage:283 - PluginManage : Loaded plugins [17]
2024-02-06 09:10:59,705 [INFO] PinOutPanel:1499 - setPackage(No Configuration,No Configuration)
2024-02-06 09:10:59,779 [INFO] CADModel:165 - CPN selected for project level
2024-02-06 09:10:59,780 [INFO] CADModel:114 - Register for checkConnection events
2024-02-06 09:10:59,808 [INFO] IPUIPlugin:80 - create IPUIPlugin
2024-02-06 09:10:59,808 [INFO] PluginManager:220 - loadIPPluginJar : add adc
2024-02-06 09:10:59,853 [INFO] IPUIPlugin:80 - create IPUIPlugin
2024-02-06 09:10:59,854 [INFO] PluginManager:220 - loadIPPluginJar : add aes
2024-02-06 09:10:59,899 [INFO] IPUIPlugin:80 - create IPUIPlugin
2024-02-06 09:10:59,900 [INFO] PluginManager:220 - loadIPPluginJar : add can
2024-02-06 09:10:59,932 [INFO] IPUIPlugin:80 - create IPUIPlugin
2024-02-06 09:10:59,932 [INFO] PluginManager:220 - loadIPPluginJar : add comp
2024-02-06 09:10:59,981 [INFO] IPUIPlugin:80 - create IPUIPlugin
2024-02-06 09:10:59,981 [INFO] PluginManager:220 - loadIPPluginJar : add cryp
2024-02-06 09:11:00,040 [INFO] IPUIPlugin:80 - create IPUIPlugin
2024-02-06 09:11:00,040 [INFO] PluginManager:220 - loadIPPluginJar : add dfsdm
2024-02-06 09:11:00,064 [INFO] IPUIPlugin:80 - create IPUIPlugin
2024-02-06 09:11:00,065 [INFO] PluginManager:220 - loadIPPluginJar : add dma
2024-02-06 09:11:00,127 [INFO] IPUIPlugin:80 - create IPUIPlugin
2024-02-06 09:11:00,128 [INFO] PluginManager:220 - loadIPPluginJar : add dma3
2024-02-06 09:11:00,159 [INFO] IPUIPlugin:80 - create IPUIPlugin
2024-02-06 09:11:00,159 [INFO] PluginManager:220 - loadIPPluginJar : add fatfs
2024-02-06 09:11:00,227 [INFO] IPUIPlugin:80 - create IPUIPlugin
2024-02-06 09:11:00,227 [INFO] PluginManager:220 - loadIPPluginJar : add fmc
2024-02-06 09:11:00,286 [INFO] IPUIPlugin:80 - create IPUIPlugin
2024-02-06 09:11:00,287 [INFO] PluginManager:220 - loadIPPluginJar : add freertos
2024-02-06 09:11:00,328 [INFO] IPUIPlugin:80 - create IPUIPlugin
2024-02-06 09:11:00,328 [INFO] PluginManager:220 - loadIPPluginJar : add genericplugin
2024-02-06 09:11:00,445 [INFO] IPUIPlugin:80 - create IPUIPlugin
2024-02-06 09:11:00,445 [INFO] PluginManager:220 - loadIPPluginJar : add gfxmmu
2024-02-06 09:11:00,592 [INFO] IPUIPlugin:80 - create IPUIPlugin
2024-02-06 09:11:00,592 [INFO] PluginManager:220 - loadIPPluginJar : add gic
2024-02-06 09:11:00,608 [INFO] IPUIPlugin:80 - create IPUIPlugin
2024-02-06 09:11:00,608 [INFO] PluginManager:220 - loadIPPluginJar : add gpio
2024-02-06 09:11:00,735 [INFO] IPUIPlugin:80 - create IPUIPlugin
2024-02-06 09:11:00,735 [INFO] PluginManager:220 - loadIPPluginJar : add gtzc
2024-02-06 09:11:00,769 [INFO] IPUIPlugin:80 - create IPUIPlugin
2024-02-06 09:11:00,769 [INFO] PluginManager:220 - loadIPPluginJar : add hash
2024-02-06 09:11:00,845 [INFO] IPUIPlugin:80 - create IPUIPlugin
2024-02-06 09:11:00,845 [INFO] PluginManager:220 - loadIPPluginJar : add i2c
2024-02-06 09:11:00,890 [INFO] IPUIPlugin:80 - create IPUIPlugin
2024-02-06 09:11:00,890 [INFO] PluginManager:220 - loadIPPluginJar : add i2s
2024-02-06 09:11:00,934 [INFO] IPUIPlugin:80 - create IPUIPlugin
2024-02-06 09:11:00,934 [INFO] PluginManager:220 - loadIPPluginJar : add i3c
2024-02-06 09:11:01,074 [INFO] IPUIPlugin:80 - create IPUIPlugin
2024-02-06 09:11:01,074 [INFO] PluginManager:220 - loadIPPluginJar : add ipddr
2024-02-06 09:11:01,180 [INFO] IPUIPlugin:80 - create IPUIPlugin
2024-02-06 09:11:01,181 [INFO] PluginManager:220 - loadIPPluginJar : add linkedlist
2024-02-06 09:11:01,241 [INFO] IPUIPlugin:80 - create IPUIPlugin
2024-02-06 09:11:01,241 [INFO] PluginManager:220 - loadIPPluginJar : add lorawan
2024-02-06 09:11:01,291 [INFO] IPUIPlugin:80 - create IPUIPlugin
2024-02-06 09:11:01,291 [INFO] PluginManager:220 - loadIPPluginJar : add ltdc
2024-02-06 09:11:01,306 [INFO] IPUIPlugin:80 - create IPUIPlugin
2024-02-06 09:11:01,306 [INFO] PluginManager:220 - loadIPPluginJar : add mdma
2024-02-06 09:11:01,322 [INFO] IPUIPlugin:80 - create IPUIPlugin
2024-02-06 09:11:01,322 [INFO] PluginManager:220 - loadIPPluginJar : add nvic
2024-02-06 09:11:01,363 [INFO] IPUIPlugin:80 - create IPUIPlugin
2024-02-06 09:11:01,364 [INFO] PluginManager:220 - loadIPPluginJar : add opamp
2024-02-06 09:11:01,437 [INFO] IPUIPlugin:80 - create IPUIPlugin
2024-02-06 09:11:01,437 [INFO] PluginManager:220 - loadIPPluginJar : add openamp
2024-02-06 09:11:01,486 [INFO] IPUIPlugin:80 - create IPUIPlugin
2024-02-06 09:11:01,486 [INFO] PluginManager:220 - loadIPPluginJar : add pdm2pcm
2024-02-06 09:11:01,503 [INFO] IPUIPlugin:80 - create IPUIPlugin
2024-02-06 09:11:01,505 [INFO] PluginManager:220 - loadIPPluginJar : add plateformsettings
2024-02-06 09:11:01,534 [INFO] IPUIPlugin:80 - create IPUIPlugin
2024-02-06 09:11:01,534 [INFO] PluginManager:220 - loadIPPluginJar : add quadspi
2024-02-06 09:11:01,552 [INFO] IPUIPlugin:80 - create IPUIPlugin
2024-02-06 09:11:01,553 [INFO] PluginManager:220 - loadIPPluginJar : add resmgrutility
2024-02-06 09:11:01,622 [INFO] IPUIPlugin:80 - create IPUIPlugin
2024-02-06 09:11:01,622 [INFO] PluginManager:220 - loadIPPluginJar : add sai
2024-02-06 09:11:01,668 [INFO] IPUIPlugin:80 - create IPUIPlugin
2024-02-06 09:11:01,668 [INFO] PluginManager:220 - loadIPPluginJar : add spi
2024-02-06 09:11:01,745 [INFO] IPUIPlugin:80 - create IPUIPlugin
2024-02-06 09:11:01,745 [INFO] PluginManager:220 - loadIPPluginJar : add stm32_wpan
2024-02-06 09:11:01,774 [INFO] IPUIPlugin:80 - create IPUIPlugin
2024-02-06 09:11:01,774 [INFO] PluginManager:220 - loadIPPluginJar : add tim
2024-02-06 09:11:01,890 [INFO] IPUIPlugin:80 - create IPUIPlugin
2024-02-06 09:11:01,891 [INFO] PluginManager:220 - loadIPPluginJar : add touchsensing
2024-02-06 09:11:01,946 [INFO] IPUIPlugin:80 - create IPUIPlugin
2024-02-06 09:11:01,946 [INFO] PluginManager:220 - loadIPPluginJar : add tracer_emb
2024-02-06 09:11:01,984 [INFO] IPUIPlugin:80 - create IPUIPlugin
2024-02-06 09:11:01,985 [INFO] PluginManager:220 - loadIPPluginJar : add ts
2024-02-06 09:11:02,008 [INFO] IPUIPlugin:80 - create IPUIPlugin
2024-02-06 09:11:02,008 [INFO] PluginManager:220 - loadIPPluginJar : add tsc
2024-02-06 09:11:02,032 [INFO] IPUIPlugin:80 - create IPUIPlugin
2024-02-06 09:11:02,032 [INFO] PluginManager:220 - loadIPPluginJar : add ucpd
2024-02-06 09:11:02,138 [INFO] IPUIPlugin:80 - create IPUIPlugin
2024-02-06 09:11:02,139 [INFO] PluginManager:220 - loadIPPluginJar : add usart
2024-02-06 09:11:02,142 [INFO] ThirdPartyUpdaterWithRetryManager:70 - Updater plugin not ready yet. [2/15]
2024-02-06 09:11:02,198 [INFO] IPUIPlugin:80 - create IPUIPlugin
2024-02-06 09:11:02,198 [INFO] PluginManager:220 - loadIPPluginJar : add usbx
2024-02-06 09:11:02,330 [INFO] CADModel:165 - CPN selected for project level
2024-02-06 09:11:02,330 [INFO] CADModel:114 - Register for checkConnection events
2024-02-06 09:11:02,330 [FATAL] Updater:308 - Updater called before beeing initialized
2024-02-06 09:11:02,331 [ERROR] CADModel:125 - Updater not yet initialized, retry later 
2024-02-06 09:11:02,498 [INFO] CADModel:165 - CPN selected for project level
2024-02-06 09:11:02,498 [INFO] CADModel:114 - Register for checkConnection events
2024-02-06 09:11:02,498 [FATAL] Updater:308 - Updater called before beeing initialized
2024-02-06 09:11:02,498 [ERROR] CADModel:125 - Updater not yet initialized, retry later 
2024-02-06 09:11:02,502 [FATAL] Updater:308 - Updater called before beeing initialized
2024-02-06 09:11:02,615 [FATAL] Updater:308 - Updater called before beeing initialized
2024-02-06 09:11:02,626 [INFO] DbMcusAds:53 - JSON generation date=Wed Nov 29 16:22:27 IST 2023 (1701255147200)
2024-02-06 09:11:02,627 [FATAL] Updater:308 - Updater called before beeing initialized
2024-02-06 09:11:02,718 [WARN] DetailPanel:346 - Failed to get advertising image, set to default
2024-02-06 09:11:02,834 [FATAL] Updater:308 - Updater called before beeing initialized
2024-02-06 09:11:02,838 [FATAL] Updater:308 - Updater called before beeing initialized
2024-02-06 09:11:02,838 [FATAL] Updater:308 - Updater called before beeing initialized
2024-02-06 09:11:02,838 [WARN] DetailPanel:346 - Failed to get advertising image, set to default
2024-02-06 09:11:02,839 [FATAL] Updater:308 - Updater called before beeing initialized
2024-02-06 09:11:02,904 [ERROR] Updater:1120 - MainUpdater not yet initialized. External WinMGr cannot be set.
2024-02-06 09:11:02,918 [INFO] Updater:1056 - Updater Version found : 6.10.0
2024-02-06 09:11:02,945 [INFO] ApplicationProperties:184 - Using Application install path: C:\ST\STM32CubeIDE_1.14.0\STM32CubeIDE\plugins\com.st.stm32cube.common.mx_6.10.0.202311202037
2024-02-06 09:11:04,531 [ERROR] LogOutputStream:75 - [STDERR_REDIRECT] Feb 06, 2024 9:11:04 AM java.util.prefs.WindowsPreferences <init>
2024-02-06 09:11:04,534 [ERROR] LogOutputStream:75 - [STDERR_REDIRECT] WARNING: Could not open/create prefs root node Software\JavaSoft\Prefs at root 0xffffffff80000002. Windows RegCreateKeyEx(...) returned error code 5.
2024-02-06 09:11:04,534 [ERROR] LogOutputStream:75 - [STDERR_REDIRECT] 
2024-02-06 09:11:04,967 [INFO] MainUpdater:2873 - connection check result : 10
2024-02-06 09:11:04,968 [INFO] MainUpdater:290 - Updater Check For Update Now.
2024-02-06 09:11:04,969 [INFO] MicroXplorer:498 - Change Database Version : DB.6.0.100
2024-02-06 09:11:05,001 [INFO] McuFinderGlobals:63 - Set McuFinder mode to 2 (CubeIDE integrated)
2024-02-06 09:11:05,002 [INFO] UserAuth:180 - activating auth plugin
2024-02-06 09:11:05,008 [INFO] UserAuth:404 - Internet connection configuration mode: 1
2024-02-06 09:11:05,048 [INFO] JxBrowserEngine:152 - Initiate JxBrowser Engine with user profile folder
2024-02-06 09:11:05,142 [WARN] MainUpdater:1194 - Updater busy. Cannot search thirdparties
2024-02-06 09:11:05,142 [INFO] ThirdPartyUpdaterWithRetryManager:96 - Updater plugin is busy. [1/15]
2024-02-06 09:11:05,225 [INFO] CheckServerUpdateThread:120 - End of CheckServer Thread
2024-02-06 09:11:07,551 [INFO] WebApp:161 - Instantiating new browser for Auth
2024-02-06 09:11:08,332 [INFO] WebApp:780 - Register for checkConnection events
2024-02-06 09:11:08,332 [INFO] WebApp:414 - Apply proxy settings
2024-02-06 09:11:08,332 [INFO] WebApp:499 - Chromium requires no authentication
2024-02-06 09:11:08,338 [WARN] PackLoader:240 - Cannot read IP mode file for STMicroelectronics.X-CUBE-SMBUS.2.1.0
2024-02-06 09:11:08,343 [INFO] WebApp:442 - Direct internet connection detected
2024-02-06 09:11:08,356 [WARN] PackLoader:240 - Cannot read IP mode file for STMicroelectronics.X-CUBE-TOUCHGFX.4.23.0
2024-02-06 09:11:08,405 [WARN] PackLoader:240 - Cannot read IP mode file for STMicroelectronics.X-CUBE-AZRTOS-F7.1.1.0
2024-02-06 09:11:08,427 [WARN] PackLoader:240 - Cannot read IP mode file for STMicroelectronics.FP-SNS-MOTENV1.4.3.2
2024-02-06 09:11:08,451 [WARN] PackLoader:240 - Cannot read IP mode file for STMicroelectronics.X-CUBE-BLE1.6.2.4
2024-02-06 09:11:08,466 [WARN] PackLoader:240 - Cannot read IP mode file for STMicroelectronics.FP-SNS-FLIGHT1.5.0.2
2024-02-06 09:11:08,485 [WARN] PackLoader:240 - Cannot read IP mode file for STMicroelectronics.X-CUBE-DISPLAY.3.0.0
2024-02-06 09:11:08,508 [WARN] PackLoader:240 - Cannot read IP mode file for STMicroelectronics.X-CUBE-BLE1.7.0.0
2024-02-06 09:11:08,524 [WARN] PackLoader:240 - Cannot read IP mode file for STMicroelectronics.FP-SNS-SMARTAG2.1.2.0
2024-02-06 09:11:08,550 [INFO] LogOutputStream:77 - [STDOUT_REDIRECT] 1 : Invalid condition id : UX_CORESTACK_Condition cause : null
2024-02-06 09:11:08,551 [INFO] LogOutputStream:77 - [STDOUT_REDIRECT] 1 : Invalid condition id : UX_CORESTACK_Condition cause : null
2024-02-06 09:11:08,552 [INFO] LogOutputStream:77 - [STDOUT_REDIRECT] 1 : Invalid condition id : UX_CORESTACK_Condition cause : null
2024-02-06 09:11:08,554 [INFO] LogOutputStream:77 - [STDOUT_REDIRECT] 1 : Invalid condition id : UX_CORESTACK_Condition cause : null
2024-02-06 09:11:08,555 [INFO] LogOutputStream:77 - [STDOUT_REDIRECT] 1 : Invalid condition id : UX_CORESTACK_Condition cause : null
2024-02-06 09:11:08,570 [WARN] PackLoader:240 - Cannot read IP mode file for STMicroelectronics.X-CUBE-AZRTOS-WL.2.0.0
2024-02-06 09:11:08,593 [WARN] PackLoader:240 - Cannot read IP mode file for WES.I-CUBE-Cesium.1.3.0
2024-02-06 09:11:08,610 [WARN] PackLoader:240 - Cannot read IP mode file for STMicroelectronics.X-CUBE-BLE2.3.3.0
2024-02-06 09:11:08,637 [WARN] PackLoader:240 - Cannot read IP mode file for STMicroelectronics.X-CUBE-TOF1.3.2.0
2024-02-06 09:11:08,658 [WARN] PackLoader:240 - Cannot read IP mode file for STMicroelectronics.X-CUBE-TOUCHGFX.4.21.1
2024-02-06 09:11:08,671 [WARN] PackLoader:240 - Cannot read IP mode file for STMicroelectronics.X-CUBE-ALGOBUILD.1.3.0
2024-02-06 09:11:08,680 [INFO] WebApp:192 - Starting web application
2024-02-06 09:11:08,680 [INFO] WebApp:544 - Web application path used C:\ST\STM32CubeIDE_1.14.0\STM32CubeIDE\plugins\com.st.stm32cube.common.mx_6.10.0.202311202037\db\plugins\mcufinder\reactClient1\index.html
2024-02-06 09:11:08,706 [WARN] PackLoader:240 - Cannot read IP mode file for STMicroelectronics.X-CUBE-AZRTOS-G0.1.1.0
2024-02-06 09:11:08,729 [WARN] PackLoader:240 - Cannot read IP mode file for STMicroelectronics.X-CUBE-NFC4.3.0.0
2024-02-06 09:11:08,755 [WARN] PackLoader:240 - Cannot read IP mode file for STMicroelectronics.X-CUBE-BLEMGR.3.0.0
2024-02-06 09:11:08,775 [WARN] PackLoader:240 - Cannot read IP mode file for STMicroelectronics.X-CUBE-BLEMGR.1.3.0
2024-02-06 09:11:08,797 [WARN] PackLoader:240 - Cannot read IP mode file for STMicroelectronics.FP-ATR-SIGFOX1.3.2.0
2024-02-06 09:11:08,816 [WARN] PackLoader:240 - Cannot read IP mode file for STMicroelectronics.X-CUBE-EEPRMA1.5.1.0
2024-02-06 09:11:08,870 [WARN] PackLoader:240 - Cannot read IP mode file for STMicroelectronics.X-CUBE-MEMS1.9.5.0
2024-02-06 09:11:09,125 [WARN] PackLoader:240 - Cannot read IP mode file for SEGGER.I-CUBE-embOS.1.3.1
2024-02-06 09:11:09,181 [WARN] PackLoader:240 - Cannot read IP mode file for STMicroelectronics.X-CUBE-GNSS1.6.0.0
2024-02-06 09:11:09,219 [WARN] PackLoader:240 - Cannot read IP mode file for STMicroelectronics.X-CUBE-AZRTOS-F4.1.1.0
2024-02-06 09:11:09,277 [WARN] PackLoader:240 - Cannot read IP mode file for STMicroelectronics.X-CUBE-AZRTOS-L5.2.0.0
2024-02-06 09:11:09,303 [WARN] PackLoader:240 - Cannot read IP mode file for STMicroelectronics.X-CUBE-EEPRMA1.4.2.0
2024-02-06 09:11:09,322 [WARN] PackLoader:240 - Cannot read IP mode file for ITTIA_DB.I-CUBE-ITTIADB.8.8.0
2024-02-06 09:11:09,364 [WARN] PackLoader:240 - Cannot read IP mode file for emotas.I-CUBE-CANOPEN.1.1.3
2024-02-06 09:11:09,386 [WARN] PackLoader:240 - Cannot read IP mode file for STMicroelectronics.X-CUBE-BLEMGR.2.0.0
2024-02-06 09:11:09,428 [WARN] PackLoader:240 - Cannot read IP mode file for wolfSSL.I-CUBE-wolfSSL.5.5.4
2024-02-06 09:11:09,448 [WARN] PackLoader:240 - Cannot read IP mode file for STMicroelectronics.X-CUBE-NFC7.1.0.1
2024-02-06 09:11:09,469 [WARN] PackLoader:240 - Cannot read IP mode file for STMicroelectronics.X-CUBE-NFC7.1.0.0
2024-02-06 09:11:09,493 [WARN] PackLoader:240 - Cannot read IP mode file for STMicroelectronics.X-CUBE-NFC6.3.0.0
2024-02-06 09:11:09,514 [WARN] PackLoader:240 - Cannot read IP mode file for STMicroelectronics.X-CUBE-EEPRMA1.4.1.0
2024-02-06 09:11:09,534 [WARN] PackLoader:240 - Cannot read IP mode file for STMicroelectronics.X-CUBE-AI.8.1.0
2024-02-06 09:11:09,571 [WARN] ConditionMgr:438 - getConditionDescription Invalid condition id : LAN8742 Phy interface Condition cause : null
2024-02-06 09:11:09,572 [WARN] PackLoader:240 - Cannot read IP mode file for STMicroelectronics.X-CUBE-AZRTOS-L4.2.0.0
2024-02-06 09:11:09,573 [WARN] ConditionMgr:1039 - genDependencies : Invalid condition id : LAN8742 Phy interface Condition cause : null
2024-02-06 09:11:09,574 [WARN] ConditionMgr:1039 - genDependencies : Invalid condition id : LAN8742 Phy interface Condition cause : null
2024-02-06 09:11:09,574 [WARN] ConditionMgr:1039 - genDependencies : Invalid condition id : LAN8742 Phy interface Condition cause : null
2024-02-06 09:11:09,592 [WARN] PackLoader:240 - Cannot read IP mode file for STMicroelectronics.X-CUBE-SFXS2LP1.4.0.0
2024-02-06 09:11:09,629 [WARN] PackLoader:240 - Cannot read IP mode file for STMicroelectronics.X-CUBE-AZRTOS-H7.3.0.0
2024-02-06 09:11:09,649 [WARN] PackLoader:240 - Cannot read IP mode file for STMicroelectronics.X-CUBE-ISPU.1.1.0
2024-02-06 09:11:09,669 [WARN] PackLoader:240 - Cannot read IP mode file for RoweBots.I-CUBE-UNISONRTOS.5.5.0-4
2024-02-06 09:11:09,685 [WARN] PackLoader:240 - Cannot read IP mode file for STMicroelectronics.X-CUBE-AI.8.0.0
2024-02-06 09:11:09,713 [WARN] ConditionMgr:438 - getConditionDescription Invalid condition id : UX DEVICE CLASS RTOS Condition cause : null
2024-02-06 09:11:09,714 [WARN] ConditionMgr:438 - getConditionDescription Invalid condition id : UX DEVICE CLASS RTOS Condition cause : null
2024-02-06 09:11:09,716 [WARN] PackLoader:240 - Cannot read IP mode file for STMicroelectronics.X-CUBE-AZRTOS-WB.2.0.0
2024-02-06 09:11:09,716 [WARN] ConditionMgr:1039 - genDependencies : Invalid condition id : UX DEVICE CLASS RTOS Condition cause : null
2024-02-06 09:11:09,716 [WARN] ConditionMgr:1039 - genDependencies : Invalid condition id : UX DEVICE CLASS RTOS Condition cause : null
2024-02-06 09:11:09,717 [WARN] ConditionMgr:1039 - genDependencies : Invalid condition id : UX DEVICE CLASS RTOS Condition cause : null
2024-02-06 09:11:09,717 [WARN] ConditionMgr:1039 - genDependencies : Invalid condition id : UX DEVICE CLASS RTOS Condition cause : null
2024-02-06 09:11:09,717 [WARN] ConditionMgr:1039 - genDependencies : Invalid condition id : UX DEVICE CLASS RTOS Condition cause : null
2024-02-06 09:11:09,736 [WARN] PackLoader:240 - Cannot read IP mode file for STMicroelectronics.X-CUBE-FREERTOS.1.0.0
2024-02-06 09:11:09,774 [WARN] PackLoader:240 - Cannot read IP mode file for STMicroelectronics.X-CUBE-AZRTOS-L5.1.1.0
2024-02-06 09:11:09,799 [WARN] PackLoader:240 - Cannot read IP mode file for STMicroelectronics.X-CUBE-SUBG2.5.0.0
2024-02-06 09:11:09,834 [WARN] PackLoader:240 - Cannot read IP mode file for STMicroelectronics.X-CUBE-AZRTOS-G4.2.0.0
2024-02-06 09:11:09,846 [WARN] PackLoader:240 - Cannot read IP mode file for STMicroelectronics.FP-ATR-ASTRA1.1.1.1
2024-02-06 09:11:09,882 [WARN] PackLoader:240 - Cannot read IP mode file for Infineon.AIROC-Wi-Fi-Bluetooth-STM32.1.5.1
2024-02-06 09:11:09,902 [WARN] PackLoader:240 - Cannot read IP mode file for STMicroelectronics.FP-SNS-MOTENVWB1.1.3.1
2024-02-06 09:11:09,930 [WARN] PackLoader:240 - Cannot read IP mode file for STMicroelectronics.X-CUBE-AZRTOS-G4.1.0.0
2024-02-06 09:11:09,962 [WARN] PackLoader:240 - Cannot read IP mode file for STMicroelectronics.X-CUBE-AZRTOS-L4.1.0.0
2024-02-06 09:11:09,978 [WARN] PackLoader:240 - Cannot read IP mode file for STMicroelectronics.X-CUBE-ISPU.2.0.0
2024-02-06 09:11:10,027 [WARN] PackLoader:240 - Cannot read IP mode file for STMicroelectronics.X-CUBE-MEMS1.10.0.0
2024-02-06 09:11:10,118 [WARN] PackLoader:240 - Cannot read IP mode file for STMicroelectronics.X-CUBE-FREERTOS.1.1.0
2024-02-06 09:11:10,138 [WARN] PackLoader:240 - Cannot read IP mode file for STMicroelectronics.X-CUBE-AZRTOS-WL.1.0.0
2024-02-06 09:11:10,152 [WARN] PackLoader:240 - Cannot read IP mode file for portGmbH.I-Cube-SoM-uGOAL.1.1.0
2024-02-06 09:11:10,166 [WARN] PackLoader:240 - Cannot read IP mode file for STMicroelectronics.X-CUBE-ALS.1.0.1
2024-02-06 09:11:10,202 [WARN] PackLoader:240 - Cannot read IP mode file for STMicroelectronics.X-CUBE-AZRTOS-WB.1.1.0
2024-02-06 09:11:10,220 [WARN] PackLoader:240 - Cannot read IP mode file for STMicroelectronics.FP-ATR-ASTRA1.2.0.0
2024-02-06 09:11:10,247 [WARN] PackLoader:240 - Cannot read IP mode file for STMicroelectronics.X-CUBE-TOF1.3.4.0
2024-02-06 09:11:10,307 [WARN] PackLoader:240 - Cannot read IP mode file for STMicroelectronics.X-CUBE-AZRTOS-H7.3.2.0
2024-02-06 09:11:10,311 [INFO] ThirdParty:978 - Integrity check success = true
2024-02-06 09:11:10,311 [INFO] IntegrityCheckThread:100 - exiting critical section [integrity check]
2024-02-06 09:11:10,311 [INFO] IntegrityCheckThread:103 - End integrity checks thread
2024-02-06 09:11:29,783 [ERROR] LogOutputStream:75 - [STDERR_REDIRECT] SLF4J: Failed to load class "org.slf4j.impl.StaticLoggerBinder".
2024-02-06 09:11:29,784 [ERROR] LogOutputStream:75 - [STDERR_REDIRECT] SLF4J: Defaulting to no-operation (NOP) logger implementation
2024-02-06 09:11:29,786 [ERROR] LogOutputStream:75 - [STDERR_REDIRECT] SLF4J: See http://www.slf4j.org/codes.html#StaticLoggerBinder for further details.
2024-02-06 09:16:53,673 [INFO] McuFinderGlobals:63 - Set McuFinder mode to 2 (CubeIDE integrated)
2024-02-06 09:16:53,705 [INFO] MainUpdater:2873 - connection check result : 10
2024-02-06 09:16:53,734 [INFO] McuFinderGlobals:76 - Set McuFinderConnectedMode to true
2024-02-06 09:16:54,023 [INFO] ServerAccessManage:473 - Download File mcusAds.json._tmp_
2024-02-06 09:16:54,193 [INFO] LoadUrlFilesThread:156 - End of LoadUrlFiles Thread
2024-02-06 09:16:54,402 [INFO] ServerAccessManage:473 - Download File cube-finder-db.zip
2024-02-06 09:16:59,397 [INFO] FileExtend:240 - Unzip File : cube-finder-db.zip
2024-02-06 09:16:59,397 [INFO] FileExtend:255 - Standard Zip Deflate
2024-02-06 09:17:00,268 [INFO] LoadUrlFilesThread:156 - End of LoadUrlFiles Thread
2024-02-06 09:17:01,116 [INFO] ServerAccessManage:473 - Download File crdb.zip
2024-02-06 09:17:02,045 [INFO] FileExtend:240 - Unzip File : crdb.zip
2024-02-06 09:17:02,046 [INFO] FileExtend:255 - Standard Zip Deflate
2024-02-06 09:17:02,228 [INFO] LoadUrlFilesThread:156 - End of LoadUrlFiles Thread
2024-02-06 09:17:02,466 [INFO] ServerAccessManage:473 - Download File tutoVideoDB.zip
2024-02-06 09:17:02,484 [INFO] FileExtend:240 - Unzip File : tutoVideoDB.zip
2024-02-06 09:17:02,484 [INFO] FileExtend:255 - Standard Zip Deflate
2024-02-06 09:17:02,638 [INFO] LoadUrlFilesThread:156 - End of LoadUrlFiles Thread
2024-02-06 09:17:02,643 [WARN] DbFile:41 - Overriding database path with different value: C:\Users\sudh1\.stmcufinder\plugins\mcufinder/ => C:\Users\sudh1\.stmcufinder\plugins\mcufinder
2024-02-06 09:17:02,843 [INFO] ServerAccessManage:473 - Download File api_config.json
2024-02-06 09:17:02,971 [INFO] LoadUrlFilesThread:156 - End of LoadUrlFiles Thread
2024-02-06 09:17:02,976 [INFO] DbMcusAds:53 - JSON generation date=Wed Nov 29 16:22:27 IST 2023 (1701255147200)
2024-02-06 09:17:03,036 [INFO] LoadUrlFilesThread:185 - End of LoadServerUrlFiles without Thread
2024-02-06 09:17:03,036 [INFO] TargetSelectorAdapter:259 - Refresh data is successful
2024-02-06 09:17:03,275 [INFO] ApiDb:581 - Connected to CubeFinder SQLite database (C:\Users\sudh1\.stmcufinder\plugins\mcufinder\mcu\cube-finder-db.db)
2024-02-06 09:17:03,343 [INFO] ApiDb:668 - CubeFinder database Data Model version=2.1
2024-02-06 09:17:03,343 [INFO] ApiDb:669 - CubeFinder database Configuration version=3.0.39
2024-02-06 09:17:03,343 [INFO] ApiDb:670 - CubeFinder database generation date=2024-01-11 (1704964531)
2024-02-06 09:17:03,343 [INFO] ApiDb:671 - CubeFinder database FW Pack versions=[FP-ATR-ASTRA1_V2.0.0, FP-SNS-FLIGHT1_V5.0.1, FP-SNS-FLIGHT1_V5.0.2, FP-SNS-MOTENV1_V4.3.1, FP-SNS-MOTENV1_V4.3.2, FP-SNS-MOTENVWB1_V1.3.1, FP-SNS-SMARTAG2_V1.2.0, STM32Cube_FW_C0_V1.1.0, STM32Cube_FW_F4_V1.28.0, STM32Cube_FW_F7_V1.17.0, STM32Cube_FW_G0_V1.6.2, STM32Cube_FW_G4_V1.5.2, STM32Cube_FW_H5_V0.5.1, STM32Cube_FW_H5_V1.1.1, STM32Cube_FW_H5_V1.2.0RC2, STM32Cube_FW_H7_V1.11.0, STM32Cube_FW_L0_V1.12.2, STM32Cube_FW_L5_V1.5.0, STM32Cube_FW_U5_V1.3.0RC4, STM32Cube_FW_U5_V1.4.0, STM32Cube_FW_WBA_V1.0.0RC1, STM32Cube_FW_WBA_V1.1.0RC1, STM32Cube_FW_WBA_V1.2.0, STM32Cube_FW_WBA_V1.2.0RC2, STM32Cube_FW_WB_V1.15.0RC1, STM32Cube_FW_WB_V1.16.0, STM32Cube_FW_WB_V1.16.0RC2, STM32Cube_FW_WB_V1.18.0, STM32Cube_FW_WL_V1.3.0, X-CUBE-ALGOBUILD_V1.3.0, X-CUBE-ALS_V1.0.1, X-CUBE-AZRTOS-F4_V1.1.0, X-CUBE-AZRTOS-F7_V1.1.0, X-CUBE-AZRTOS-G0_V1.1.0, X-CUBE-AZRTOS-G4_V2.0.0, X-CUBE-AZRTOS-H7_V3.2.0, X-CUBE-AZRTOS-L4_V1.0.0, X-CUBE-AZRTOS-L4_V2.0.0, X-CUBE-AZRTOS-L5_V1.1.0, X-CUBE-AZRTOS-WB_V2.0.0, X-CUBE-AZRTOS-WL_V2.0.0, X-CUBE-BLE1_V7.0.0, X-CUBE-BLE2_V3.3.0, X-CUBE-BLEMGR_V3.0.0, X-CUBE-EEPRMA1_V4.1.0, X-CUBE-EEPRMA1_V4.2.0, X-CUBE-FREERTOS_V1.1.0, X-CUBE-GNSS1_V6.0.0, X-CUBE-MEMS1_V10.0.0, X-CUBE-MEMS1_V9.1.0, X-CUBE-MEMS1_V9.4.0, X-CUBE-MEMS1_V9.6.0, X-CUBE-NFC4_V3.0.0, X-CUBE-NFC7_V1.0.1, X-CUBE-SFXS2LP1_V4.0.0, X-CUBE-SUBG2_V5.0.0, X-CUBE-TOF1_V3.4.0]
2024-02-06 09:17:05,139 [INFO] ApiDb:240 - Found 371 in-development CPN: [B-G473E-ZEST1S, B-WB1M-WPAN1, B-WL5M-SUBG1, NUCLEO-C031C6, NUCLEO-H503RB, NUCLEO-H563ZI, NUCLEO-U545RE-Q, NUCLEO-U5A5ZJ-Q, NUCLEO-WBA52CG, NUCLEO-WBA55CG, STEVAL-MKBOXPRO, STEVAL-PROTEUS1, STEVAL-STWINBX1, STM320518-EVAL, STM32C0116-DK, STM32C011D6Y3TR, STM32C011D6Y6TR, STM32C011F4P3, STM32C011F4P6, STM32C011F4U3, STM32C011F4U6TR, STM32C011F6P3, STM32C011F6P6, STM32C011F6U3, STM32C011F6U6TR, STM32C011J4M3, STM32C011J4M6, STM32C011J6M3, STM32C011J6M6, STM32C0316-DK, STM32C031C4T3, STM32C031C4T6, STM32C031C4U3, STM32C031C4U6, STM32C031C6T3, STM32C031C6T6, STM32C031C6U3, STM32C031C6U6, STM32C031F4P3, STM32C031F4P6, STM32C031F6P3, STM32C031F6P6, STM32C031G4U3, STM32C031G4U6, STM32C031G6U3, STM32C031G6U6, STM32C031K4T3, STM32C031K4T6, STM32C031K4U3, STM32C031K4U6, STM32C031K6T3, STM32C031K6T6, STM32C031K6U3, STM32C031K6U6, STM32G071K8TXN, STM32G071K8UXN, STM32G081GBU6N, STM32G081KBT6N, STM32G081KBUXN, STM32G0B1CCT6N, STM32G0B1KCT6, STM32G0B1NEY6TR, STM32G0B1RCT6N, STM32G0C1CCT6, STM32G0C1CCT6N, STM32G0C1CCU6N, STM32G0C1CET6N, STM32G0C1CEU6N, STM32G0C1KCT6, STM32G0C1NEY6TR, STM32G0C1RCI6N, STM32G0C1RCT6N, STM32G0C1REI6N, STM32G0C1RET6N, STM32G0C1VCI6, STM32G0C1VEI6, STM32G471CCT6, STM32G471CCU6, STM32G471CET3, STM32G471CET6, STM32G471CEU3, STM32G471CEU6, STM32G471MCT6, STM32G471MET3, STM32G471MET6, STM32G471MEY6TR, STM32G471QCT6, STM32G471QET3, STM32G471RCT6, STM32G471RET3, STM32G471RET6, STM32G471VCH6, STM32G471VCI6, STM32G471VCT6, STM32G471VEH3, STM32G471VEH6, STM32G471VEI3, STM32G471VEI6, STM32G471VET3, STM32G471VET6, STM32G474CCT6, STM32H503CBT6, STM32H503CBU6, STM32H503EBY6TR, STM32H503KBU6, STM32H503RBT6, STM32H562AGI6, STM32H562AII6, STM32H562IGK6, STM32H562IGT6, STM32H562IIK6, STM32H562IIT6, STM32H562RGT6, STM32H562RGV6, STM32H562RIT6, STM32H562RIV6, STM32H562VGT6, STM32H562VIT6, STM32H562ZGT6, STM32H562ZIT6, STM32H563AGI6, STM32H563AII3Q, STM32H563AII6, STM32H563IGK6, STM32H563IGT6, STM32H563IIK3Q, STM32H563IIK6, STM32H563IIT3Q, STM32H563IIT6, STM32H563MIY3QTR, STM32H563RGT6, STM32H563RGV6, STM32H563RIT6, STM32H563RIV6, STM32H563VGT6, STM32H563VIT3Q, STM32H563VIT6, STM32H563ZGT6, STM32H563ZIT3Q, STM32H563ZIT6, STM32H573AII3Q, STM32H573AII6, STM32H573I-DK, STM32H573IIK3Q, STM32H573IIK6, STM32H573IIT3Q, STM32H573IIT6, STM32H573MIY3QTR, STM32H573RIT6, STM32H573RIV6, STM32H573VIT3Q, STM32H573VIT6, STM32H573ZIT3Q, STM32H573ZIT6, STM32L4R5QGI6STR, STM32MP131AAE3, STM32MP131AAF3, STM32MP131AAG3, STM32MP131CAE3, STM32MP131CAF3, STM32MP131CAG3, STM32MP131DAE7, STM32MP131DAF7, STM32MP131DAG7, STM32MP131FAE7, STM32MP131FAF7, STM32MP131FAG7, STM32MP133AAE3, STM32MP133AAF3, STM32MP133AAG3, STM32MP133CAE3, STM32MP133CAF3, STM32MP133CAG3, STM32MP133DAE7, STM32MP133DAF7, STM32MP133DAG7, STM32MP133FAE7, STM32MP133FAF7, STM32MP133FAG7, STM32MP135AAE3, STM32MP135AAF3, STM32MP135AAG3, STM32MP135CAE3, STM32MP135CAF3, STM32MP135CAG3, STM32MP135DAE7, STM32MP135DAF7, STM32MP135DAG7, STM32MP135F-DK, STM32MP135FAE7, STM32MP135FAF7, STM32MP135FAF7T, STM32MP135FAF7U, STM32MP135FAG7, STM32U535CBT6, STM32U535CBT6Q, STM32U535CBU6, STM32U535CBU6Q, STM32U535CCT6, STM32U535CCT6Q, STM32U535CCU6, STM32U535CCU6Q, STM32U535CET6, STM32U535CET6Q, STM32U535CEU6, STM32U535CEU6Q, STM32U535JEY6QTR, STM32U535NCY6QTR, STM32U535NEY6QTR, STM32U535RBI6, STM32U535RBI6Q, STM32U535RBT6, STM32U535RBT6Q, STM32U535RCI6, STM32U535RCI6Q, STM32U535RCT6, STM32U535RCT6Q, STM32U535REI6, STM32U535REI6Q, STM32U535RET6, STM32U535RET6Q, STM32U535VCI6, STM32U535VCI6Q, STM32U535VCT6, STM32U535VCT6Q, STM32U535VEI6, STM32U535VEI6Q, STM32U535VET6, STM32U535VET6Q, STM32U545CET6, STM32U545CET6Q, STM32U545CEU6, STM32U545CEU6Q, STM32U545JEY6QTR, STM32U545NEY6QTR, STM32U545REI6, STM32U545REI6Q, STM32U545RET6, STM32U545RET6Q, STM32U545VEI6, STM32U545VEI6Q, STM32U545VET6, STM32U545VET6Q, STM32U595AIH6, STM32U595AIH6Q, STM32U595AJH6, STM32U595AJH6Q, STM32U595QII6, STM32U595QII6Q, STM32U595QJI6, STM32U595QJI6Q, STM32U595RIT6, STM32U595RIT6Q, STM32U595RJT6, STM32U595RJT6Q, STM32U595VIT6, STM32U595VIT6Q, STM32U595VJT6, STM32U595VJT6Q, STM32U595ZIT6, STM32U595ZIT6Q, STM32U595ZIY6QTR, STM32U595ZJT6, STM32U595ZJT6Q, STM32U595ZJY6QTR, STM32U599BJY6QTR, STM32U599NIH6Q, STM32U599NJH6Q, STM32U599VIT6Q, STM32U599VJT6, STM32U599VJT6Q, STM32U599ZIT6Q, STM32U599ZIY6QTR, STM32U599ZJT6Q, STM32U599ZJY6QTR, STM32U5A5AJH6, STM32U5A5AJH6Q, STM32U5A5QJI6, STM32U5A5QJI6Q, STM32U5A5RJT6, STM32U5A5RJT6Q, STM32U5A5VJT6, STM32U5A5VJT6Q, STM32U5A5ZJT6, STM32U5A5ZJT6Q, STM32U5A5ZJY6QTR, STM32U5A9BJY6QTR, STM32U5A9J-DK, STM32U5A9NJH6Q, STM32U5A9VJT6Q, STM32U5A9ZJT6Q, STM32U5A9ZJY6QTR, STM32U5F7VIT6, STM32U5F7VIT6Q, STM32U5F7VJT6, STM32U5F7VJT6Q, STM32U5F9BJY6QTR, STM32U5F9NJH6Q, STM32U5F9VIT6Q, STM32U5F9VJT6Q, STM32U5F9ZIJ6QTR, STM32U5F9ZIT6Q, STM32U5F9ZJJ6QTR, STM32U5F9ZJT6Q, STM32U5G7VJT6, STM32U5G7VJT6Q, STM32U5G9BJY6QTR, STM32U5G9J-DK1, STM32U5G9J-DK2, STM32U5G9NJH6Q, STM32U5G9VJT6Q, STM32U5G9ZJJ6QTR, STM32U5G9ZJT6Q, STM32WB1MMCH6, STM32WBA50KEU6, STM32WBA50KEU6TR, STM32WBA50KGU6, STM32WBA50KGU6TR, STM32WBA52CEU6, STM32WBA52CEU6TR, STM32WBA52CEU7, STM32WBA52CEU7TR, STM32WBA52CGU6, STM32WBA52CGU6TR, STM32WBA52CGU6U, STM32WBA52CGU7, STM32WBA52CGU7TR, STM32WBA52KEU6, STM32WBA52KEU6TR, STM32WBA52KGU6, STM32WBA52KGU6TR, STM32WBA54CEU6, STM32WBA54CEU6TR, STM32WBA54CEU7, STM32WBA54CEU7TR, STM32WBA54CGU6, STM32WBA54CGU6TR, STM32WBA54CGU7, STM32WBA54CGU7TR, STM32WBA54KEU6, STM32WBA54KEU6TR, STM32WBA54KEU7, STM32WBA54KEU7TR, STM32WBA54KGU6, STM32WBA54KGU6TR, STM32WBA54KGU7, STM32WBA54KGU7TR, STM32WBA55CEU6, STM32WBA55CEU6TR, STM32WBA55CEU7, STM32WBA55CEU7TR, STM32WBA55CGU6, STM32WBA55CGU6TR, STM32WBA55CGU6U, STM32WBA55CGU7, STM32WBA55CGU7TR, STM32WBA55G-DK1, STM32WBA55HEF6, STM32WBA55HEF7, STM32WBA55HGF6, STM32WBA55HGF7, STM32WBA55UEI6, STM32WBA55UEI6TR, STM32WBA55UEI7, STM32WBA55UEI7TR, STM32WBA55UGI6, STM32WBA55UGI6TR, STM32WBA55UGI7, STM32WBA55UGI7TR, STM32WL5MOCH6, STM32WL5MOCH6TR]
2024-02-06 09:17:05,145 [INFO] DbMcus:218 - Found 3930 MCUs, 3930 are supported
2024-02-06 09:17:05,182 [INFO] ApiDb:423 - Load user favorites file C:\Users\sudh1/.stm32cubeide/favorites.mcus.txt: 0 item(s)
2024-02-06 09:17:05,183 [INFO] ApiDb:427 - User favorites MCUs=[]
2024-02-06 09:17:05,183 [INFO] DbMcus:224 - Set 0 / 0 favorites MCUs
2024-02-06 09:17:05,388 [INFO] ApiDb:668 - CubeFinder database Data Model version=2.1
2024-02-06 09:17:05,388 [INFO] ApiDb:669 - CubeFinder database Configuration version=3.0.39
2024-02-06 09:17:05,388 [INFO] ApiDb:670 - CubeFinder database generation date=2024-01-11 (1704964531)
2024-02-06 09:17:05,388 [INFO] ApiDb:671 - CubeFinder database FW Pack versions=[FP-ATR-ASTRA1_V2.0.0, FP-SNS-FLIGHT1_V5.0.1, FP-SNS-FLIGHT1_V5.0.2, FP-SNS-MOTENV1_V4.3.1, FP-SNS-MOTENV1_V4.3.2, FP-SNS-MOTENVWB1_V1.3.1, FP-SNS-SMARTAG2_V1.2.0, STM32Cube_FW_C0_V1.1.0, STM32Cube_FW_F4_V1.28.0, STM32Cube_FW_F7_V1.17.0, STM32Cube_FW_G0_V1.6.2, STM32Cube_FW_G4_V1.5.2, STM32Cube_FW_H5_V0.5.1, STM32Cube_FW_H5_V1.1.1, STM32Cube_FW_H5_V1.2.0RC2, STM32Cube_FW_H7_V1.11.0, STM32Cube_FW_L0_V1.12.2, STM32Cube_FW_L5_V1.5.0, STM32Cube_FW_U5_V1.3.0RC4, STM32Cube_FW_U5_V1.4.0, STM32Cube_FW_WBA_V1.0.0RC1, STM32Cube_FW_WBA_V1.1.0RC1, STM32Cube_FW_WBA_V1.2.0, STM32Cube_FW_WBA_V1.2.0RC2, STM32Cube_FW_WB_V1.15.0RC1, STM32Cube_FW_WB_V1.16.0, STM32Cube_FW_WB_V1.16.0RC2, STM32Cube_FW_WB_V1.18.0, STM32Cube_FW_WL_V1.3.0, X-CUBE-ALGOBUILD_V1.3.0, X-CUBE-ALS_V1.0.1, X-CUBE-AZRTOS-F4_V1.1.0, X-CUBE-AZRTOS-F7_V1.1.0, X-CUBE-AZRTOS-G0_V1.1.0, X-CUBE-AZRTOS-G4_V2.0.0, X-CUBE-AZRTOS-H7_V3.2.0, X-CUBE-AZRTOS-L4_V1.0.0, X-CUBE-AZRTOS-L4_V2.0.0, X-CUBE-AZRTOS-L5_V1.1.0, X-CUBE-AZRTOS-WB_V2.0.0, X-CUBE-AZRTOS-WL_V2.0.0, X-CUBE-BLE1_V7.0.0, X-CUBE-BLE2_V3.3.0, X-CUBE-BLEMGR_V3.0.0, X-CUBE-EEPRMA1_V4.1.0, X-CUBE-EEPRMA1_V4.2.0, X-CUBE-FREERTOS_V1.1.0, X-CUBE-GNSS1_V6.0.0, X-CUBE-MEMS1_V10.0.0, X-CUBE-MEMS1_V9.1.0, X-CUBE-MEMS1_V9.4.0, X-CUBE-MEMS1_V9.6.0, X-CUBE-NFC4_V3.0.0, X-CUBE-NFC7_V1.0.1, X-CUBE-SFXS2LP1_V4.0.0, X-CUBE-SUBG2_V5.0.0, X-CUBE-TOF1_V3.4.0]
2024-02-06 09:17:05,437 [INFO] DbBoardsSqlite:226 - include board P-NUCLEO-WB55-NUCLEO as a kit item of type 'Nucleo-64'
2024-02-06 09:17:05,438 [INFO] DbBoardsSqlite:226 - include board P-NUCLEO-WB55-USBDONGLE as a kit item of type 'Nucleo USB Dongle'
2024-02-06 09:17:05,438 [INFO] DbBoardsSqlite:226 - include board STEVAL-IDP005V1 as a kit item of type 'Evaluation Board'
2024-02-06 09:17:05,438 [INFO] DbBoardsSqlite:226 - include board STEVAL-IDP005V2 as a kit item of type 'Evaluation Board'
2024-02-06 09:17:05,486 [INFO] ApiDb:240 - Found 371 in-development CPN: [B-G473E-ZEST1S, B-WB1M-WPAN1, B-WL5M-SUBG1, NUCLEO-C031C6, NUCLEO-H503RB, NUCLEO-H563ZI, NUCLEO-U545RE-Q, NUCLEO-U5A5ZJ-Q, NUCLEO-WBA52CG, NUCLEO-WBA55CG, STEVAL-MKBOXPRO, STEVAL-PROTEUS1, STEVAL-STWINBX1, STM320518-EVAL, STM32C0116-DK, STM32C011D6Y3TR, STM32C011D6Y6TR, STM32C011F4P3, STM32C011F4P6, STM32C011F4U3, STM32C011F4U6TR, STM32C011F6P3, STM32C011F6P6, STM32C011F6U3, STM32C011F6U6TR, STM32C011J4M3, STM32C011J4M6, STM32C011J6M3, STM32C011J6M6, STM32C0316-DK, STM32C031C4T3, STM32C031C4T6, STM32C031C4U3, STM32C031C4U6, STM32C031C6T3, STM32C031C6T6, STM32C031C6U3, STM32C031C6U6, STM32C031F4P3, STM32C031F4P6, STM32C031F6P3, STM32C031F6P6, STM32C031G4U3, STM32C031G4U6, STM32C031G6U3, STM32C031G6U6, STM32C031K4T3, STM32C031K4T6, STM32C031K4U3, STM32C031K4U6, STM32C031K6T3, STM32C031K6T6, STM32C031K6U3, STM32C031K6U6, STM32G071K8TXN, STM32G071K8UXN, STM32G081GBU6N, STM32G081KBT6N, STM32G081KBUXN, STM32G0B1CCT6N, STM32G0B1KCT6, STM32G0B1NEY6TR, STM32G0B1RCT6N, STM32G0C1CCT6, STM32G0C1CCT6N, STM32G0C1CCU6N, STM32G0C1CET6N, STM32G0C1CEU6N, STM32G0C1KCT6, STM32G0C1NEY6TR, STM32G0C1RCI6N, STM32G0C1RCT6N, STM32G0C1REI6N, STM32G0C1RET6N, STM32G0C1VCI6, STM32G0C1VEI6, STM32G471CCT6, STM32G471CCU6, STM32G471CET3, STM32G471CET6, STM32G471CEU3, STM32G471CEU6, STM32G471MCT6, STM32G471MET3, STM32G471MET6, STM32G471MEY6TR, STM32G471QCT6, STM32G471QET3, STM32G471RCT6, STM32G471RET3, STM32G471RET6, STM32G471VCH6, STM32G471VCI6, STM32G471VCT6, STM32G471VEH3, STM32G471VEH6, STM32G471VEI3, STM32G471VEI6, STM32G471VET3, STM32G471VET6, STM32G474CCT6, STM32H503CBT6, STM32H503CBU6, STM32H503EBY6TR, STM32H503KBU6, STM32H503RBT6, STM32H562AGI6, STM32H562AII6, STM32H562IGK6, STM32H562IGT6, STM32H562IIK6, STM32H562IIT6, STM32H562RGT6, STM32H562RGV6, STM32H562RIT6, STM32H562RIV6, STM32H562VGT6, STM32H562VIT6, STM32H562ZGT6, STM32H562ZIT6, STM32H563AGI6, STM32H563AII3Q, STM32H563AII6, STM32H563IGK6, STM32H563IGT6, STM32H563IIK3Q, STM32H563IIK6, STM32H563IIT3Q, STM32H563IIT6, STM32H563MIY3QTR, STM32H563RGT6, STM32H563RGV6, STM32H563RIT6, STM32H563RIV6, STM32H563VGT6, STM32H563VIT3Q, STM32H563VIT6, STM32H563ZGT6, STM32H563ZIT3Q, STM32H563ZIT6, STM32H573AII3Q, STM32H573AII6, STM32H573I-DK, STM32H573IIK3Q, STM32H573IIK6, STM32H573IIT3Q, STM32H573IIT6, STM32H573MIY3QTR, STM32H573RIT6, STM32H573RIV6, STM32H573VIT3Q, STM32H573VIT6, STM32H573ZIT3Q, STM32H573ZIT6, STM32L4R5QGI6STR, STM32MP131AAE3, STM32MP131AAF3, STM32MP131AAG3, STM32MP131CAE3, STM32MP131CAF3, STM32MP131CAG3, STM32MP131DAE7, STM32MP131DAF7, STM32MP131DAG7, STM32MP131FAE7, STM32MP131FAF7, STM32MP131FAG7, STM32MP133AAE3, STM32MP133AAF3, STM32MP133AAG3, STM32MP133CAE3, STM32MP133CAF3, STM32MP133CAG3, STM32MP133DAE7, STM32MP133DAF7, STM32MP133DAG7, STM32MP133FAE7, STM32MP133FAF7, STM32MP133FAG7, STM32MP135AAE3, STM32MP135AAF3, STM32MP135AAG3, STM32MP135CAE3, STM32MP135CAF3, STM32MP135CAG3, STM32MP135DAE7, STM32MP135DAF7, STM32MP135DAG7, STM32MP135F-DK, STM32MP135FAE7, STM32MP135FAF7, STM32MP135FAF7T, STM32MP135FAF7U, STM32MP135FAG7, STM32U535CBT6, STM32U535CBT6Q, STM32U535CBU6, STM32U535CBU6Q, STM32U535CCT6, STM32U535CCT6Q, STM32U535CCU6, STM32U535CCU6Q, STM32U535CET6, STM32U535CET6Q, STM32U535CEU6, STM32U535CEU6Q, STM32U535JEY6QTR, STM32U535NCY6QTR, STM32U535NEY6QTR, STM32U535RBI6, STM32U535RBI6Q, STM32U535RBT6, STM32U535RBT6Q, STM32U535RCI6, STM32U535RCI6Q, STM32U535RCT6, STM32U535RCT6Q, STM32U535REI6, STM32U535REI6Q, STM32U535RET6, STM32U535RET6Q, STM32U535VCI6, STM32U535VCI6Q, STM32U535VCT6, STM32U535VCT6Q, STM32U535VEI6, STM32U535VEI6Q, STM32U535VET6, STM32U535VET6Q, STM32U545CET6, STM32U545CET6Q, STM32U545CEU6, STM32U545CEU6Q, STM32U545JEY6QTR, STM32U545NEY6QTR, STM32U545REI6, STM32U545REI6Q, STM32U545RET6, STM32U545RET6Q, STM32U545VEI6, STM32U545VEI6Q, STM32U545VET6, STM32U545VET6Q, STM32U595AIH6, STM32U595AIH6Q, STM32U595AJH6, STM32U595AJH6Q, STM32U595QII6, STM32U595QII6Q, STM32U595QJI6, STM32U595QJI6Q, STM32U595RIT6, STM32U595RIT6Q, STM32U595RJT6, STM32U595RJT6Q, STM32U595VIT6, STM32U595VIT6Q, STM32U595VJT6, STM32U595VJT6Q, STM32U595ZIT6, STM32U595ZIT6Q, STM32U595ZIY6QTR, STM32U595ZJT6, STM32U595ZJT6Q, STM32U595ZJY6QTR, STM32U599BJY6QTR, STM32U599NIH6Q, STM32U599NJH6Q, STM32U599VIT6Q, STM32U599VJT6, STM32U599VJT6Q, STM32U599ZIT6Q, STM32U599ZIY6QTR, STM32U599ZJT6Q, STM32U599ZJY6QTR, STM32U5A5AJH6, STM32U5A5AJH6Q, STM32U5A5QJI6, STM32U5A5QJI6Q, STM32U5A5RJT6, STM32U5A5RJT6Q, STM32U5A5VJT6, STM32U5A5VJT6Q, STM32U5A5ZJT6, STM32U5A5ZJT6Q, STM32U5A5ZJY6QTR, STM32U5A9BJY6QTR, STM32U5A9J-DK, STM32U5A9NJH6Q, STM32U5A9VJT6Q, STM32U5A9ZJT6Q, STM32U5A9ZJY6QTR, STM32U5F7VIT6, STM32U5F7VIT6Q, STM32U5F7VJT6, STM32U5F7VJT6Q, STM32U5F9BJY6QTR, STM32U5F9NJH6Q, STM32U5F9VIT6Q, STM32U5F9VJT6Q, STM32U5F9ZIJ6QTR, STM32U5F9ZIT6Q, STM32U5F9ZJJ6QTR, STM32U5F9ZJT6Q, STM32U5G7VJT6, STM32U5G7VJT6Q, STM32U5G9BJY6QTR, STM32U5G9J-DK1, STM32U5G9J-DK2, STM32U5G9NJH6Q, STM32U5G9VJT6Q, STM32U5G9ZJJ6QTR, STM32U5G9ZJT6Q, STM32WB1MMCH6, STM32WBA50KEU6, STM32WBA50KEU6TR, STM32WBA50KGU6, STM32WBA50KGU6TR, STM32WBA52CEU6, STM32WBA52CEU6TR, STM32WBA52CEU7, STM32WBA52CEU7TR, STM32WBA52CGU6, STM32WBA52CGU6TR, STM32WBA52CGU6U, STM32WBA52CGU7, STM32WBA52CGU7TR, STM32WBA52KEU6, STM32WBA52KEU6TR, STM32WBA52KGU6, STM32WBA52KGU6TR, STM32WBA54CEU6, STM32WBA54CEU6TR, STM32WBA54CEU7, STM32WBA54CEU7TR, STM32WBA54CGU6, STM32WBA54CGU6TR, STM32WBA54CGU7, STM32WBA54CGU7TR, STM32WBA54KEU6, STM32WBA54KEU6TR, STM32WBA54KEU7, STM32WBA54KEU7TR, STM32WBA54KGU6, STM32WBA54KGU6TR, STM32WBA54KGU7, STM32WBA54KGU7TR, STM32WBA55CEU6, STM32WBA55CEU6TR, STM32WBA55CEU7, STM32WBA55CEU7TR, STM32WBA55CGU6, STM32WBA55CGU6TR, STM32WBA55CGU6U, STM32WBA55CGU7, STM32WBA55CGU7TR, STM32WBA55G-DK1, STM32WBA55HEF6, STM32WBA55HEF7, STM32WBA55HGF6, STM32WBA55HGF7, STM32WBA55UEI6, STM32WBA55UEI6TR, STM32WBA55UEI7, STM32WBA55UEI7TR, STM32WBA55UGI6, STM32WBA55UGI6TR, STM32WBA55UGI7, STM32WBA55UGI7TR, STM32WL5MOCH6, STM32WL5MOCH6TR]
2024-02-06 09:17:05,625 [INFO] BoardInfo:889 - No configuration file found for board P-NUCLEO-WB55
2024-02-06 09:17:05,625 [INFO] DbBoards:161 - Kit is not supported: P-NUCLEO-WB55
2024-02-06 09:17:05,629 [INFO] BoardInfo:889 - No configuration file found for board STEVAL-BFA001V1B
2024-02-06 09:17:05,629 [INFO] DbBoards:161 - Kit is not supported: STEVAL-BFA001V1B
2024-02-06 09:17:05,630 [INFO] BoardInfo:889 - No configuration file found for board STEVAL-BFA001V2B
2024-02-06 09:17:05,630 [INFO] DbBoards:161 - Kit is not supported: STEVAL-BFA001V2B
2024-02-06 09:17:05,727 [INFO] DbBoards:168 - Found 193 boards, 190 are supported
2024-02-06 09:17:05,727 [INFO] DbBoards:169 - Found 193 boards, 3 of them is supported for  Bsp
2024-02-06 09:17:05,731 [INFO] ApiDb:423 - Load user favorites file C:\Users\sudh1/.stm32cubeide/favorites.boards.txt: 0 item(s)
2024-02-06 09:17:05,731 [INFO] ApiDb:427 - User favorites Boards=[]
2024-02-06 09:17:05,731 [INFO] DbBoards:198 - Set 0 / 0 favorites Boards
2024-02-06 09:17:05,733 [INFO] ApiDb:668 - CubeFinder database Data Model version=2.1
2024-02-06 09:17:05,733 [INFO] ApiDb:669 - CubeFinder database Configuration version=3.0.39
2024-02-06 09:17:05,733 [INFO] ApiDb:670 - CubeFinder database generation date=2024-01-11 (1704964531)
2024-02-06 09:17:05,733 [INFO] ApiDb:671 - CubeFinder database FW Pack versions=[FP-ATR-ASTRA1_V2.0.0, FP-SNS-FLIGHT1_V5.0.1, FP-SNS-FLIGHT1_V5.0.2, FP-SNS-MOTENV1_V4.3.1, FP-SNS-MOTENV1_V4.3.2, FP-SNS-MOTENVWB1_V1.3.1, FP-SNS-SMARTAG2_V1.2.0, STM32Cube_FW_C0_V1.1.0, STM32Cube_FW_F4_V1.28.0, STM32Cube_FW_F7_V1.17.0, STM32Cube_FW_G0_V1.6.2, STM32Cube_FW_G4_V1.5.2, STM32Cube_FW_H5_V0.5.1, STM32Cube_FW_H5_V1.1.1, STM32Cube_FW_H5_V1.2.0RC2, STM32Cube_FW_H7_V1.11.0, STM32Cube_FW_L0_V1.12.2, STM32Cube_FW_L5_V1.5.0, STM32Cube_FW_U5_V1.3.0RC4, STM32Cube_FW_U5_V1.4.0, STM32Cube_FW_WBA_V1.0.0RC1, STM32Cube_FW_WBA_V1.1.0RC1, STM32Cube_FW_WBA_V1.2.0, STM32Cube_FW_WBA_V1.2.0RC2, STM32Cube_FW_WB_V1.15.0RC1, STM32Cube_FW_WB_V1.16.0, STM32Cube_FW_WB_V1.16.0RC2, STM32Cube_FW_WB_V1.18.0, STM32Cube_FW_WL_V1.3.0, X-CUBE-ALGOBUILD_V1.3.0, X-CUBE-ALS_V1.0.1, X-CUBE-AZRTOS-F4_V1.1.0, X-CUBE-AZRTOS-F7_V1.1.0, X-CUBE-AZRTOS-G0_V1.1.0, X-CUBE-AZRTOS-G4_V2.0.0, X-CUBE-AZRTOS-H7_V3.2.0, X-CUBE-AZRTOS-L4_V1.0.0, X-CUBE-AZRTOS-L4_V2.0.0, X-CUBE-AZRTOS-L5_V1.1.0, X-CUBE-AZRTOS-WB_V2.0.0, X-CUBE-AZRTOS-WL_V2.0.0, X-CUBE-BLE1_V7.0.0, X-CUBE-BLE2_V3.3.0, X-CUBE-BLEMGR_V3.0.0, X-CUBE-EEPRMA1_V4.1.0, X-CUBE-EEPRMA1_V4.2.0, X-CUBE-FREERTOS_V1.1.0, X-CUBE-GNSS1_V6.0.0, X-CUBE-MEMS1_V10.0.0, X-CUBE-MEMS1_V9.1.0, X-CUBE-MEMS1_V9.4.0, X-CUBE-MEMS1_V9.6.0, X-CUBE-NFC4_V3.0.0, X-CUBE-NFC7_V1.0.1, X-CUBE-SFXS2LP1_V4.0.0, X-CUBE-SUBG2_V5.0.0, X-CUBE-TOF1_V3.4.0]
2024-02-06 09:17:06,568 [ERROR] DbExamplesSqlite:437 - Missing JSON key: board_cpn
2024-02-06 09:17:06,569 [ERROR] DbExamplesSqlite:437 - Missing JSON key: board_cpn
2024-02-06 09:17:06,569 [ERROR] DbExamplesSqlite:437 - Missing JSON key: board_cpn
2024-02-06 09:17:06,569 [ERROR] DbExamplesSqlite:437 - Missing JSON key: board_cpn
2024-02-06 09:17:06,610 [INFO] DbExamplesSqlite:395 - Ignored 55 examples not supported by CubeIDE
2024-02-06 09:17:06,610 [INFO] DbExamplesSqlite:396 - Found 7560 examples active
2024-02-06 09:17:06,610 [INFO] DbExamplesSqlite:397 - Found 844 examples obsolete
2024-02-06 09:17:06,610 [INFO] DbExamplesSqlite:398 - Found 0 examples under development
2024-02-06 09:17:06,610 [INFO] DbExamplesSqlite:399 - Found 8 examples not building
2024-02-06 09:17:06,612 [INFO] DbExamples:125 - Found 7513 examples
2024-02-06 09:17:06,626 [INFO] DbExamples:222 - Found 95 boards with related examples
2024-02-06 09:17:06,627 [INFO] DbExamples:235 - Found 80 MCUs with related examples
2024-02-06 09:17:06,649 [INFO] ApiDb:423 - Load user favorites file C:\Users\sudh1/.stm32cubeide/favorites.examples.txt: 0 item(s)
2024-02-06 09:17:06,650 [INFO] ApiDb:427 - User favorites Examples=[]
2024-02-06 09:17:06,650 [INFO] DbExamples:250 - Set 0 / 0 favorites Examples
2024-02-06 09:17:07,058 [INFO] McuFinderGlobals:76 - Set McuFinderConnectedMode to true
2024-02-06 09:17:07,068 [INFO] MultiScanPanel:200 - Auto-refresh data requested => check proxy status ongoing
2024-02-06 09:17:07,071 [INFO] FinderPluginLoader:95 - Searching for filters in installed packs
2024-02-06 09:17:08,556 [INFO] LoadUrlFilesThread:185 - End of LoadServerUrlFiles without Thread
2024-02-06 09:17:08,630 [INFO] DetailPanel:341 - Set advertising image to C:/Users/sudh1/STM32Cube/Repository/\en.prom-stm32wl3-mcu-finder.jpg
2024-02-06 09:17:30,196 [INFO] MultiScanPanel:200 - Auto-refresh data requested => check proxy status ongoing
2024-02-06 09:17:30,343 [INFO] LoadUrlFilesThread:185 - End of LoadServerUrlFiles without Thread
2024-02-06 09:17:30,343 [INFO] DetailPanel:341 - Set advertising image to C:/Users/sudh1/STM32Cube/Repository/\en.prom-stm32wl3-mcu-finder.jpg
2024-02-06 09:17:30,353 [INFO] DbBoards:642 - Loading board mini-images...
2024-02-06 09:17:31,490 [ERROR] DbBoards:659 - Image file not found for board NUCLEO-WBA55CG: C:\Users\sudh1\.stmcufinder\plugins\mcufinder//mcu//boards_images/NUCLEO-WBA55CG.jpg
2024-02-06 09:17:32,726 [ERROR] DbBoards:659 - Image file not found for board STM32WBA55G-DK1: C:\Users\sudh1\.stmcufinder\plugins\mcufinder//mcu//boards_images/STM32WBA55G-DK1.jpg
2024-02-06 09:17:32,726 [INFO] DbBoards:665 - Loaded 191 board mini-images
2024-02-06 09:18:28,503 [INFO] McuFinderGlobals:76 - Set McuFinderConnectedMode to true
2024-02-06 09:18:28,507 [INFO] ApiDb:448 - Save user favorites file C:\Users\sudh1/.stm32cubeide/favorites.mcus.txt: 0 item(s)
2024-02-06 09:18:28,508 [INFO] ApiDb:452 - User favorites MCUs=[]
2024-02-06 09:18:28,513 [INFO] ApiDb:448 - Save user favorites file C:\Users\sudh1/.stm32cubeide/favorites.boards.txt: 0 item(s)
2024-02-06 09:18:28,513 [INFO] ApiDb:452 - User favorites Boards=[]
