2024-02-25 07:47:08,952 [INFO] Activator:176 - 


2024-02-25 07:47:08,961 [INFO] Activator:177 - !SESSION log4j initialized
2024-02-25 07:47:17,333 [INFO] LogOutputStream:77 - [STDOUT_REDIRECT] 
2024-02-25 07:47:21,151 [INFO] ApplicationProperties:184 - Using Application install path: C:\ST\STM32CubeIDE_1.14.0\STM32CubeIDE\plugins\com.st.stm32cube.common.mx_6.10.0.202311202037
2024-02-25 07:47:21,178 [INFO] DbMcusXml:78 - Set database path to: C:\ST\STM32CubeIDE_1.14.0\STM32CubeIDE\plugins\com.st.stm32cube.common.mx_6.10.0.202311202037\\db\/mcu/
2024-02-25 07:47:21,179 [INFO] ApiDb:274 - Set plugin database path to: C:\ST\STM32CubeIDE_1.14.0\STM32CubeIDE\plugins\com.st.stm32cube.common.mx_6.10.0.202311202037\\db\/plugins/boardmanager/
2024-02-25 07:47:21,179 [WARN] ApiDb:259 - Overriding images path with different value:  => C:\ST\STM32CubeIDE_1.14.0\STM32CubeIDE\plugins\com.st.stm32cube.common.mx_6.10.0.202311202037\\db\/plugins/mcufinder/images/
2024-02-25 07:47:21,192 [INFO] ApiDb:250 - Set database path to: C:\Users\sudh1\.stmcufinder\plugins\mcufinder//mcu/
2024-02-25 07:47:21,194 [INFO] DbMcusAds:125 - Set database path to: C:\Users\sudh1\.stmcufinder\plugins\mcufinder//mcu/
2024-02-25 07:47:21,196 [INFO] CrossReferenceDbSqlite:203 - Set database path to: C:\Users\sudh1\.stmcufinder\plugins\mcufinder//mcu/cs/
2024-02-25 07:47:21,356 [INFO] RulesReader:64 - Compatibility file has been processed (297 Rules)
2024-02-25 07:47:21,445 [INFO] DbMcusXml:78 - Set database path to: C:\ST\STM32CubeIDE_1.14.0\STM32CubeIDE\plugins\com.st.stm32cube.common.mx_6.10.0.202311202037\\db\/mcu/
2024-02-25 07:47:21,445 [INFO] ApiDb:274 - Set plugin database path to: C:\ST\STM32CubeIDE_1.14.0\STM32CubeIDE\plugins\com.st.stm32cube.common.mx_6.10.0.202311202037\\db\/plugins/boardmanager/
2024-02-25 07:47:21,445 [INFO] ApiDb:261 - Set plugin images path to: C:\ST\STM32CubeIDE_1.14.0\STM32CubeIDE\plugins\com.st.stm32cube.common.mx_6.10.0.202311202037\\db\/plugins/mcufinder/images/
2024-02-25 07:47:21,447 [WARN] DbFile:41 - Overriding database path with different value: C:\Users\sudh1\.stmcufinder\plugins\mcufinder/ => C:\Users\sudh1\.stmcufinder\plugins\mcufinder
2024-02-25 07:47:21,447 [INFO] ApiDb:250 - Set database path to: C:\Users\sudh1\.stmcufinder\plugins\mcufinder//mcu/
2024-02-25 07:47:21,447 [WARN] DbFile:41 - Overriding database path with different value: C:\Users\sudh1\.stmcufinder\plugins\mcufinder/ => C:\Users\sudh1\.stmcufinder\plugins\mcufinder
2024-02-25 07:47:21,447 [INFO] DbMcusAds:125 - Set database path to: C:\Users\sudh1\.stmcufinder\plugins\mcufinder//mcu/
2024-02-25 07:47:21,447 [WARN] DbFile:41 - Overriding database path with different value: C:\Users\sudh1\.stmcufinder\plugins\mcufinder/ => C:\Users\sudh1\.stmcufinder\plugins\mcufinder
2024-02-25 07:47:21,447 [WARN] DbFile:41 - Overriding database path with different value: C:\Users\sudh1\.stmcufinder\plugins\mcufinder/ => C:\Users\sudh1\.stmcufinder\plugins\mcufinder
2024-02-25 07:47:21,447 [INFO] CrossReferenceDbSqlite:203 - Set database path to: C:\Users\sudh1\.stmcufinder\plugins\mcufinder//mcu/cs/
2024-02-25 07:47:21,535 [INFO] MainPanel:264 - HeapMemory: 268435456
2024-02-25 07:47:21,653 [INFO] DbMcusXml:78 - Set database path to: C:\ST\STM32CubeIDE_1.14.0\STM32CubeIDE\plugins\com.st.stm32cube.common.mx_6.10.0.202311202037\\db\/mcu/
2024-02-25 07:47:21,655 [INFO] ApiDb:274 - Set plugin database path to: C:\ST\STM32CubeIDE_1.14.0\STM32CubeIDE\plugins\com.st.stm32cube.common.mx_6.10.0.202311202037\\db\/plugins/boardmanager/
2024-02-25 07:47:21,655 [INFO] ApiDb:261 - Set plugin images path to: C:\ST\STM32CubeIDE_1.14.0\STM32CubeIDE\plugins\com.st.stm32cube.common.mx_6.10.0.202311202037\\db\/plugins/mcufinder/images/
2024-02-25 07:47:21,655 [WARN] DbFile:41 - Overriding database path with different value: C:\Users\sudh1\.stmcufinder\plugins\mcufinder/ => C:\Users\sudh1\.stmcufinder\plugins\mcufinder
2024-02-25 07:47:21,655 [INFO] ApiDb:250 - Set database path to: C:\Users\sudh1\.stmcufinder\plugins\mcufinder//mcu/
2024-02-25 07:47:21,655 [WARN] DbFile:41 - Overriding database path with different value: C:\Users\sudh1\.stmcufinder\plugins\mcufinder/ => C:\Users\sudh1\.stmcufinder\plugins\mcufinder
2024-02-25 07:47:21,655 [INFO] DbMcusAds:125 - Set database path to: C:\Users\sudh1\.stmcufinder\plugins\mcufinder//mcu/
2024-02-25 07:47:21,655 [WARN] DbFile:41 - Overriding database path with different value: C:\Users\sudh1\.stmcufinder\plugins\mcufinder/ => C:\Users\sudh1\.stmcufinder\plugins\mcufinder
2024-02-25 07:47:21,655 [WARN] DbFile:41 - Overriding database path with different value: C:\Users\sudh1\.stmcufinder\plugins\mcufinder/ => C:\Users\sudh1\.stmcufinder\plugins\mcufinder
2024-02-25 07:47:21,656 [INFO] CrossReferenceDbSqlite:203 - Set database path to: C:\Users\sudh1\.stmcufinder\plugins\mcufinder//mcu/cs/
2024-02-25 07:47:21,677 [INFO] ApplicationProperties:184 - Using Application install path: C:\ST\STM32CubeIDE_1.14.0\STM32CubeIDE\plugins\com.st.stm32cube.common.mx_6.10.0.202311202037
2024-02-25 07:47:21,678 [INFO] PluginManage:196 - Search for loadable plugins [exclusion list=, ]
2024-02-25 07:47:21,680 [INFO] PluginManage:310 - Check plugin analytics
2024-02-25 07:47:21,863 [INFO] AnalyticsPlugin:253 - Accepted Software Licenses: 
2024-02-25 07:47:21,863 [INFO] AnalyticsPlugin:255 - Accepted CMSIS Pack Licenses: 
2024-02-25 07:47:21,863 [INFO] AnalyticsPlugin:257 - Accepted Firmware Licenses: 
2024-02-25 07:47:21,865 [INFO] PluginManage:359 - Loaded plugin analytics (category:tool,tabindex:-1)
2024-02-25 07:47:21,867 [INFO] PluginManage:310 - Check plugin cadmodel
2024-02-25 07:47:21,884 [INFO] CADModel:105 - Init CAD model plugin
2024-02-25 07:47:21,884 [INFO] PluginManage:359 - Loaded plugin cadmodel (category:power,tabindex:5)
2024-02-25 07:47:21,884 [INFO] PluginManage:310 - Check plugin clock
2024-02-25 07:47:21,908 [INFO] PluginManage:359 - Loaded plugin clock (category:base,tabindex:2)
2024-02-25 07:47:21,908 [INFO] PluginManage:310 - Check plugin ddr
2024-02-25 07:47:21,912 [INFO] PluginManage:359 - Loaded plugin ddr (category:tool,tabindex:6)
2024-02-25 07:47:21,912 [INFO] PluginManage:310 - Check plugin filemanager
2024-02-25 07:47:22,096 [INFO] PluginManage:359 - Loaded plugin filemanager (category:base,tabindex:10)
2024-02-25 07:47:22,097 [INFO] PluginManage:310 - Check plugin ipmanager
2024-02-25 07:47:22,105 [INFO] PluginManage:359 - Loaded plugin ipmanager (category:base,tabindex:5)
2024-02-25 07:47:22,105 [INFO] PluginManage:310 - Check plugin lpbam
2024-02-25 07:47:22,129 [INFO] PluginManage:359 - Loaded plugin lpbam (category:base,tabindex:0)
2024-02-25 07:47:22,129 [INFO] PluginManage:310 - Check plugin memorymap
2024-02-25 07:47:22,155 [INFO] PluginManage:359 - Loaded plugin memorymap (category:base,tabindex:4)
2024-02-25 07:47:22,155 [INFO] PluginManage:310 - Check plugin pinoutandconfiguration
2024-02-25 07:47:22,178 [INFO] PluginManage:359 - Loaded plugin pinoutandconfiguration (category:base,tabindex:1)
2024-02-25 07:47:22,179 [INFO] PluginManage:310 - Check plugin pinoutconfig
2024-02-25 07:47:22,311 [WARN] SupportedApi:132 - Cannot load RTOS API schema: s4s-elt-must-match.1: The content of 'definitions' must match (annotation?, (simpleType | complexType)?, (unique | key | keyref)*)). A problem was found starting at: attribute.
2024-02-25 07:47:22,461 [INFO] PluginManage:359 - Loaded plugin pinoutconfig (category:base,tabindex:0)
2024-02-25 07:47:22,461 [INFO] PluginManage:310 - Check plugin power
2024-02-25 07:47:22,483 [INFO] PluginManage:359 - Loaded plugin power (category:power,tabindex:4)
2024-02-25 07:47:22,483 [INFO] PluginManage:310 - Check plugin projectmanager
2024-02-25 07:47:22,503 [INFO] PluginManage:359 - Loaded plugin projectmanager (category:projectmanager,tabindex:3)
2024-02-25 07:47:22,503 [INFO] PluginManage:310 - Check plugin thirdparty
2024-02-25 07:47:22,825 [INFO] PluginManage:359 - Loaded plugin thirdparty (category:base,tabindex:-1)
2024-02-25 07:47:22,825 [WARN] IntegrityCheckThread:84 - waiting for thirdparty lock release [integrity check]
2024-02-25 07:47:22,825 [INFO] PluginManage:310 - Check plugin tools
2024-02-25 07:47:22,825 [INFO] IntegrityCheckThread:86 - entering critical section [integrity check]
2024-02-25 07:47:22,825 [INFO] ThirdPartyUpdaterWithRetryManager:70 - Updater plugin not ready yet. [1/15]
2024-02-25 07:47:22,867 [INFO] PluginManage:359 - Loaded plugin tools (category:base,tabindex:7)
2024-02-25 07:47:22,867 [INFO] PluginManage:310 - Check plugin tutovideos
2024-02-25 07:47:23,099 [INFO] PluginManage:359 - Loaded plugin tutovideos (category:base,tabindex:-1)
2024-02-25 07:47:23,099 [INFO] PluginManage:310 - Check plugin updater
2024-02-25 07:47:23,113 [INFO] PluginManage:359 - Loaded plugin updater (category:base,tabindex:12)
2024-02-25 07:47:23,113 [INFO] PluginManage:310 - Check plugin userauth
2024-02-25 07:47:23,119 [INFO] UserAuth:114 - Init User Auth plugin
2024-02-25 07:47:23,119 [INFO] PluginManage:359 - Loaded plugin userauth (category:base,tabindex:14)
2024-02-25 07:47:23,119 [INFO] PluginManage:283 - PluginManage : Loaded plugins [17]
2024-02-25 07:47:23,395 [INFO] PinOutPanel:1499 - setPackage(No Configuration,No Configuration)
2024-02-25 07:47:23,510 [INFO] CADModel:165 - CPN selected for project level
2024-02-25 07:47:23,510 [INFO] CADModel:114 - Register for checkConnection events
2024-02-25 07:47:23,552 [INFO] IPUIPlugin:80 - create IPUIPlugin
2024-02-25 07:47:23,553 [INFO] PluginManager:220 - loadIPPluginJar : add adc
2024-02-25 07:47:23,598 [INFO] IPUIPlugin:80 - create IPUIPlugin
2024-02-25 07:47:23,598 [INFO] PluginManager:220 - loadIPPluginJar : add aes
2024-02-25 07:47:23,644 [INFO] IPUIPlugin:80 - create IPUIPlugin
2024-02-25 07:47:23,644 [INFO] PluginManager:220 - loadIPPluginJar : add can
2024-02-25 07:47:23,669 [INFO] IPUIPlugin:80 - create IPUIPlugin
2024-02-25 07:47:23,669 [INFO] PluginManager:220 - loadIPPluginJar : add comp
2024-02-25 07:47:23,720 [INFO] IPUIPlugin:80 - create IPUIPlugin
2024-02-25 07:47:23,721 [INFO] PluginManager:220 - loadIPPluginJar : add cryp
2024-02-25 07:47:23,759 [INFO] IPUIPlugin:80 - create IPUIPlugin
2024-02-25 07:47:23,759 [INFO] PluginManager:220 - loadIPPluginJar : add dfsdm
2024-02-25 07:47:23,794 [INFO] IPUIPlugin:80 - create IPUIPlugin
2024-02-25 07:47:23,795 [INFO] PluginManager:220 - loadIPPluginJar : add dma
2024-02-25 07:47:23,843 [INFO] IPUIPlugin:80 - create IPUIPlugin
2024-02-25 07:47:23,843 [INFO] PluginManager:220 - loadIPPluginJar : add dma3
2024-02-25 07:47:23,866 [INFO] IPUIPlugin:80 - create IPUIPlugin
2024-02-25 07:47:23,866 [INFO] PluginManager:220 - loadIPPluginJar : add fatfs
2024-02-25 07:47:23,924 [INFO] IPUIPlugin:80 - create IPUIPlugin
2024-02-25 07:47:23,926 [INFO] PluginManager:220 - loadIPPluginJar : add fmc
2024-02-25 07:47:23,946 [INFO] IPUIPlugin:80 - create IPUIPlugin
2024-02-25 07:47:23,947 [INFO] PluginManager:220 - loadIPPluginJar : add freertos
2024-02-25 07:47:23,978 [INFO] IPUIPlugin:80 - create IPUIPlugin
2024-02-25 07:47:23,978 [INFO] PluginManager:220 - loadIPPluginJar : add genericplugin
2024-02-25 07:47:24,142 [INFO] IPUIPlugin:80 - create IPUIPlugin
2024-02-25 07:47:24,142 [INFO] PluginManager:220 - loadIPPluginJar : add gfxmmu
2024-02-25 07:47:24,305 [INFO] IPUIPlugin:80 - create IPUIPlugin
2024-02-25 07:47:24,305 [INFO] PluginManager:220 - loadIPPluginJar : add gic
2024-02-25 07:47:24,369 [INFO] IPUIPlugin:80 - create IPUIPlugin
2024-02-25 07:47:24,370 [INFO] PluginManager:220 - loadIPPluginJar : add gpio
2024-02-25 07:47:24,526 [INFO] IPUIPlugin:80 - create IPUIPlugin
2024-02-25 07:47:24,527 [INFO] PluginManager:220 - loadIPPluginJar : add gtzc
2024-02-25 07:47:24,589 [INFO] IPUIPlugin:80 - create IPUIPlugin
2024-02-25 07:47:24,589 [INFO] PluginManager:220 - loadIPPluginJar : add hash
2024-02-25 07:47:24,705 [INFO] IPUIPlugin:80 - create IPUIPlugin
2024-02-25 07:47:24,705 [INFO] PluginManager:220 - loadIPPluginJar : add i2c
2024-02-25 07:47:24,782 [INFO] IPUIPlugin:80 - create IPUIPlugin
2024-02-25 07:47:24,782 [INFO] PluginManager:220 - loadIPPluginJar : add i2s
2024-02-25 07:47:24,835 [INFO] IPUIPlugin:80 - create IPUIPlugin
2024-02-25 07:47:24,835 [INFO] PluginManager:220 - loadIPPluginJar : add i3c
2024-02-25 07:47:24,956 [INFO] IPUIPlugin:80 - create IPUIPlugin
2024-02-25 07:47:24,956 [INFO] PluginManager:220 - loadIPPluginJar : add ipddr
2024-02-25 07:47:25,070 [INFO] IPUIPlugin:80 - create IPUIPlugin
2024-02-25 07:47:25,070 [INFO] PluginManager:220 - loadIPPluginJar : add linkedlist
2024-02-25 07:47:25,136 [INFO] IPUIPlugin:80 - create IPUIPlugin
2024-02-25 07:47:25,136 [INFO] PluginManager:220 - loadIPPluginJar : add lorawan
2024-02-25 07:47:25,188 [INFO] IPUIPlugin:80 - create IPUIPlugin
2024-02-25 07:47:25,188 [INFO] PluginManager:220 - loadIPPluginJar : add ltdc
2024-02-25 07:47:25,203 [INFO] IPUIPlugin:80 - create IPUIPlugin
2024-02-25 07:47:25,203 [INFO] PluginManager:220 - loadIPPluginJar : add mdma
2024-02-25 07:47:25,219 [INFO] IPUIPlugin:80 - create IPUIPlugin
2024-02-25 07:47:25,220 [INFO] PluginManager:220 - loadIPPluginJar : add nvic
2024-02-25 07:47:25,292 [INFO] IPUIPlugin:80 - create IPUIPlugin
2024-02-25 07:47:25,293 [INFO] PluginManager:220 - loadIPPluginJar : add opamp
2024-02-25 07:47:25,407 [INFO] IPUIPlugin:80 - create IPUIPlugin
2024-02-25 07:47:25,407 [INFO] PluginManager:220 - loadIPPluginJar : add openamp
2024-02-25 07:47:25,467 [INFO] IPUIPlugin:80 - create IPUIPlugin
2024-02-25 07:47:25,467 [INFO] PluginManager:220 - loadIPPluginJar : add pdm2pcm
2024-02-25 07:47:25,483 [INFO] IPUIPlugin:80 - create IPUIPlugin
2024-02-25 07:47:25,486 [INFO] PluginManager:220 - loadIPPluginJar : add plateformsettings
2024-02-25 07:47:25,522 [INFO] IPUIPlugin:80 - create IPUIPlugin
2024-02-25 07:47:25,522 [INFO] PluginManager:220 - loadIPPluginJar : add quadspi
2024-02-25 07:47:25,539 [INFO] IPUIPlugin:80 - create IPUIPlugin
2024-02-25 07:47:25,539 [INFO] PluginManager:220 - loadIPPluginJar : add resmgrutility
2024-02-25 07:47:25,634 [INFO] IPUIPlugin:80 - create IPUIPlugin
2024-02-25 07:47:25,635 [INFO] PluginManager:220 - loadIPPluginJar : add sai
2024-02-25 07:47:25,705 [INFO] IPUIPlugin:80 - create IPUIPlugin
2024-02-25 07:47:25,706 [INFO] PluginManager:220 - loadIPPluginJar : add spi
2024-02-25 07:47:25,822 [INFO] IPUIPlugin:80 - create IPUIPlugin
2024-02-25 07:47:25,822 [INFO] PluginManager:220 - loadIPPluginJar : add stm32_wpan
2024-02-25 07:47:25,826 [INFO] ThirdPartyUpdaterWithRetryManager:70 - Updater plugin not ready yet. [2/15]
2024-02-25 07:47:25,859 [INFO] IPUIPlugin:80 - create IPUIPlugin
2024-02-25 07:47:25,859 [INFO] PluginManager:220 - loadIPPluginJar : add tim
2024-02-25 07:47:25,950 [INFO] IPUIPlugin:80 - create IPUIPlugin
2024-02-25 07:47:25,950 [INFO] PluginManager:220 - loadIPPluginJar : add touchsensing
2024-02-25 07:47:25,993 [INFO] IPUIPlugin:80 - create IPUIPlugin
2024-02-25 07:47:25,994 [INFO] PluginManager:220 - loadIPPluginJar : add tracer_emb
2024-02-25 07:47:26,037 [INFO] IPUIPlugin:80 - create IPUIPlugin
2024-02-25 07:47:26,037 [INFO] PluginManager:220 - loadIPPluginJar : add ts
2024-02-25 07:47:26,070 [INFO] IPUIPlugin:80 - create IPUIPlugin
2024-02-25 07:47:26,070 [INFO] PluginManager:220 - loadIPPluginJar : add tsc
2024-02-25 07:47:26,098 [INFO] IPUIPlugin:80 - create IPUIPlugin
2024-02-25 07:47:26,098 [INFO] PluginManager:220 - loadIPPluginJar : add ucpd
2024-02-25 07:47:26,176 [INFO] IPUIPlugin:80 - create IPUIPlugin
2024-02-25 07:47:26,176 [INFO] PluginManager:220 - loadIPPluginJar : add usart
2024-02-25 07:47:26,247 [INFO] IPUIPlugin:80 - create IPUIPlugin
2024-02-25 07:47:26,248 [INFO] PluginManager:220 - loadIPPluginJar : add usbx
2024-02-25 07:47:26,392 [INFO] CADModel:165 - CPN selected for project level
2024-02-25 07:47:26,393 [INFO] CADModel:114 - Register for checkConnection events
2024-02-25 07:47:26,393 [FATAL] Updater:308 - Updater called before beeing initialized
2024-02-25 07:47:26,393 [ERROR] CADModel:125 - Updater not yet initialized, retry later 
2024-02-25 07:47:26,566 [INFO] CADModel:165 - CPN selected for project level
2024-02-25 07:47:26,566 [INFO] CADModel:114 - Register for checkConnection events
2024-02-25 07:47:26,566 [FATAL] Updater:308 - Updater called before beeing initialized
2024-02-25 07:47:26,566 [ERROR] CADModel:125 - Updater not yet initialized, retry later 
2024-02-25 07:47:26,570 [FATAL] Updater:308 - Updater called before beeing initialized
2024-02-25 07:47:26,688 [FATAL] Updater:308 - Updater called before beeing initialized
2024-02-25 07:47:26,700 [INFO] DbMcusAds:53 - JSON generation date=Wed Nov 29 16:22:27 IST 2023 (1701255147349)
2024-02-25 07:47:26,700 [FATAL] Updater:308 - Updater called before beeing initialized
2024-02-25 07:47:26,817 [WARN] DetailPanel:346 - Failed to get advertising image, set to default
2024-02-25 07:47:26,915 [FATAL] Updater:308 - Updater called before beeing initialized
2024-02-25 07:47:26,918 [FATAL] Updater:308 - Updater called before beeing initialized
2024-02-25 07:47:26,918 [FATAL] Updater:308 - Updater called before beeing initialized
2024-02-25 07:47:26,918 [WARN] DetailPanel:346 - Failed to get advertising image, set to default
2024-02-25 07:47:26,919 [FATAL] Updater:308 - Updater called before beeing initialized
2024-02-25 07:47:27,013 [ERROR] Updater:1120 - MainUpdater not yet initialized. External WinMGr cannot be set.
2024-02-25 07:47:27,028 [INFO] Updater:1056 - Updater Version found : 6.10.0
2024-02-25 07:47:27,055 [INFO] ApplicationProperties:184 - Using Application install path: C:\ST\STM32CubeIDE_1.14.0\STM32CubeIDE\plugins\com.st.stm32cube.common.mx_6.10.0.202311202037
2024-02-25 07:47:28,689 [ERROR] LogOutputStream:75 - [STDERR_REDIRECT] Feb 25, 2024 7:47:28 AM java.util.prefs.WindowsPreferences <init>
2024-02-25 07:47:28,695 [ERROR] LogOutputStream:75 - [STDERR_REDIRECT] WARNING: Could not open/create prefs root node Software\JavaSoft\Prefs at root 0xffffffff80000002. Windows RegCreateKeyEx(...) returned error code 5.
2024-02-25 07:47:28,696 [ERROR] LogOutputStream:75 - [STDERR_REDIRECT] 
2024-02-25 07:47:28,830 [INFO] ThirdPartyUpdaterWithRetryManager:70 - Updater plugin not ready yet. [3/15]
2024-02-25 07:47:29,970 [INFO] MainUpdater:2873 - connection check result : 10
2024-02-25 07:47:29,970 [INFO] MainUpdater:3567 - Updater definition file requires update
2024-02-25 07:47:29,971 [INFO] MainUpdater:290 - Updater Check For Update Now.
2024-02-25 07:47:29,972 [INFO] MicroXplorer:498 - Change Database Version : DB.6.0.100
2024-02-25 07:47:30,006 [INFO] McuFinderGlobals:63 - Set McuFinder mode to 2 (CubeIDE integrated)
2024-02-25 07:47:30,007 [INFO] UserAuth:180 - activating auth plugin
2024-02-25 07:47:30,012 [INFO] UserAuth:404 - Internet connection configuration mode: 1
2024-02-25 07:47:30,046 [INFO] JxBrowserEngine:152 - Initiate JxBrowser Engine with user profile folder
2024-02-25 07:47:31,638 [INFO] ServerAccessManage:473 - Download File updaters.zip
2024-02-25 07:47:31,807 [INFO] FileExtend:240 - Unzip File : updaters.zip
2024-02-25 07:47:31,808 [INFO] FileExtend:255 - Standard Zip Deflate
2024-02-25 07:47:31,832 [WARN] MainUpdater:1194 - Updater busy. Cannot search thirdparties
2024-02-25 07:47:31,833 [INFO] ThirdPartyUpdaterWithRetryManager:96 - Updater plugin is busy. [1/15]
2024-02-25 07:47:32,211 [INFO] ServerAccessManage:473 - Download File PacksControlFlags.xml
2024-02-25 07:47:32,331 [INFO] ServerAccessManage:473 - Download File cubemx.pidx
2024-02-25 07:47:32,493 [INFO] LoadServerUpdatesThread:375 - End of LoadServerUpdate Thread
2024-02-25 07:47:32,715 [INFO] CheckServerUpdateThread:120 - End of CheckServer Thread
2024-02-25 07:47:34,612 [INFO] WebApp:161 - Instantiating new browser for Auth
2024-02-25 07:47:35,090 [WARN] PackLoader:240 - Cannot read IP mode file for STMicroelectronics.X-CUBE-SMBUS.2.1.0
2024-02-25 07:47:35,111 [WARN] PackLoader:240 - Cannot read IP mode file for STMicroelectronics.X-CUBE-TOUCHGFX.4.23.0
2024-02-25 07:47:35,171 [WARN] PackLoader:240 - Cannot read IP mode file for STMicroelectronics.X-CUBE-AZRTOS-F7.1.1.0
2024-02-25 07:47:35,201 [WARN] PackLoader:240 - Cannot read IP mode file for STMicroelectronics.FP-SNS-MOTENV1.4.3.2
2024-02-25 07:47:35,233 [WARN] PackLoader:240 - Cannot read IP mode file for STMicroelectronics.X-CUBE-BLE1.6.2.4
2024-02-25 07:47:35,266 [WARN] PackLoader:240 - Cannot read IP mode file for STMicroelectronics.FP-SNS-FLIGHT1.5.0.2
2024-02-25 07:47:35,298 [WARN] PackLoader:240 - Cannot read IP mode file for STMicroelectronics.X-CUBE-DISPLAY.3.0.0
2024-02-25 07:47:35,328 [WARN] PackLoader:240 - Cannot read IP mode file for STMicroelectronics.X-CUBE-BLE1.7.0.0
2024-02-25 07:47:35,356 [WARN] PackLoader:240 - Cannot read IP mode file for STMicroelectronics.FP-SNS-SMARTAG2.1.2.0
2024-02-25 07:47:35,385 [INFO] LogOutputStream:77 - [STDOUT_REDIRECT] 1 : Invalid condition id : UX_CORESTACK_Condition cause : null
2024-02-25 07:47:35,385 [INFO] LogOutputStream:77 - [STDOUT_REDIRECT] 1 : Invalid condition id : UX_CORESTACK_Condition cause : null
2024-02-25 07:47:35,387 [INFO] LogOutputStream:77 - [STDOUT_REDIRECT] 1 : Invalid condition id : UX_CORESTACK_Condition cause : null
2024-02-25 07:47:35,390 [INFO] LogOutputStream:77 - [STDOUT_REDIRECT] 1 : Invalid condition id : UX_CORESTACK_Condition cause : null
2024-02-25 07:47:35,393 [INFO] LogOutputStream:77 - [STDOUT_REDIRECT] 1 : Invalid condition id : UX_CORESTACK_Condition cause : null
2024-02-25 07:47:35,398 [WARN] PackLoader:240 - Cannot read IP mode file for STMicroelectronics.X-CUBE-AZRTOS-WL.2.0.0
2024-02-25 07:47:35,426 [WARN] PackLoader:240 - Cannot read IP mode file for WES.I-CUBE-Cesium.1.3.0
2024-02-25 07:47:35,447 [WARN] PackLoader:240 - Cannot read IP mode file for STMicroelectronics.X-CUBE-BLE2.3.3.0
2024-02-25 07:47:35,483 [WARN] PackLoader:240 - Cannot read IP mode file for STMicroelectronics.X-CUBE-TOF1.3.2.0
2024-02-25 07:47:35,514 [WARN] PackLoader:240 - Cannot read IP mode file for STMicroelectronics.X-CUBE-TOUCHGFX.4.21.1
2024-02-25 07:47:35,524 [INFO] WebApp:780 - Register for checkConnection events
2024-02-25 07:47:35,524 [INFO] WebApp:414 - Apply proxy settings
2024-02-25 07:47:35,525 [INFO] WebApp:499 - Chromium requires no authentication
2024-02-25 07:47:35,536 [WARN] PackLoader:240 - Cannot read IP mode file for STMicroelectronics.X-CUBE-ALGOBUILD.1.3.0
2024-02-25 07:47:35,543 [INFO] WebApp:442 - Direct internet connection detected
2024-02-25 07:47:35,579 [WARN] PackLoader:240 - Cannot read IP mode file for STMicroelectronics.X-CUBE-AZRTOS-G0.1.1.0
2024-02-25 07:47:35,603 [WARN] PackLoader:240 - Cannot read IP mode file for STMicroelectronics.X-CUBE-NFC4.3.0.0
2024-02-25 07:47:35,631 [WARN] PackLoader:240 - Cannot read IP mode file for STMicroelectronics.X-CUBE-BLEMGR.3.0.0
2024-02-25 07:47:35,661 [WARN] PackLoader:240 - Cannot read IP mode file for STMicroelectronics.X-CUBE-BLEMGR.1.3.0
2024-02-25 07:47:35,686 [WARN] PackLoader:240 - Cannot read IP mode file for STMicroelectronics.FP-ATR-SIGFOX1.3.2.0
2024-02-25 07:47:35,708 [WARN] PackLoader:240 - Cannot read IP mode file for STMicroelectronics.X-CUBE-EEPRMA1.5.1.0
2024-02-25 07:47:35,795 [WARN] PackLoader:240 - Cannot read IP mode file for STMicroelectronics.X-CUBE-MEMS1.9.5.0
2024-02-25 07:47:35,934 [INFO] WebApp:192 - Starting web application
2024-02-25 07:47:35,934 [INFO] WebApp:544 - Web application path used C:\ST\STM32CubeIDE_1.14.0\STM32CubeIDE\plugins\com.st.stm32cube.common.mx_6.10.0.202311202037\db\plugins\mcufinder\reactClient1\index.html
2024-02-25 07:47:36,087 [WARN] PackLoader:240 - Cannot read IP mode file for SEGGER.I-CUBE-embOS.1.3.1
2024-02-25 07:47:36,182 [WARN] PackLoader:240 - Cannot read IP mode file for STMicroelectronics.X-CUBE-GNSS1.6.0.0
2024-02-25 07:47:36,227 [WARN] PackLoader:240 - Cannot read IP mode file for STMicroelectronics.X-CUBE-AZRTOS-F4.1.1.0
2024-02-25 07:47:36,286 [WARN] PackLoader:240 - Cannot read IP mode file for STMicroelectronics.X-CUBE-AZRTOS-L5.2.0.0
2024-02-25 07:47:36,331 [WARN] PackLoader:240 - Cannot read IP mode file for STMicroelectronics.X-CUBE-EEPRMA1.4.2.0
2024-02-25 07:47:36,356 [WARN] PackLoader:240 - Cannot read IP mode file for ITTIA_DB.I-CUBE-ITTIADB.8.8.0
2024-02-25 07:47:36,378 [WARN] PackLoader:240 - Cannot read IP mode file for emotas.I-CUBE-CANOPEN.1.1.3
2024-02-25 07:47:36,400 [WARN] PackLoader:240 - Cannot read IP mode file for STMicroelectronics.X-CUBE-BLEMGR.2.0.0
2024-02-25 07:47:36,427 [WARN] PackLoader:240 - Cannot read IP mode file for wolfSSL.I-CUBE-wolfSSL.5.5.4
2024-02-25 07:47:36,455 [WARN] PackLoader:240 - Cannot read IP mode file for STMicroelectronics.X-CUBE-NFC7.1.0.1
2024-02-25 07:47:36,479 [WARN] PackLoader:240 - Cannot read IP mode file for STMicroelectronics.X-CUBE-NFC7.1.0.0
2024-02-25 07:47:36,506 [WARN] PackLoader:240 - Cannot read IP mode file for STMicroelectronics.X-CUBE-NFC6.3.0.0
2024-02-25 07:47:36,530 [WARN] PackLoader:240 - Cannot read IP mode file for STMicroelectronics.X-CUBE-EEPRMA1.4.1.0
2024-02-25 07:47:36,551 [WARN] PackLoader:240 - Cannot read IP mode file for STMicroelectronics.X-CUBE-AI.8.1.0
2024-02-25 07:47:36,600 [WARN] ConditionMgr:438 - getConditionDescription Invalid condition id : LAN8742 Phy interface Condition cause : null
2024-02-25 07:47:36,601 [WARN] PackLoader:240 - Cannot read IP mode file for STMicroelectronics.X-CUBE-AZRTOS-L4.2.0.0
2024-02-25 07:47:36,603 [WARN] ConditionMgr:1039 - genDependencies : Invalid condition id : LAN8742 Phy interface Condition cause : null
2024-02-25 07:47:36,605 [WARN] ConditionMgr:1039 - genDependencies : Invalid condition id : LAN8742 Phy interface Condition cause : null
2024-02-25 07:47:36,606 [WARN] ConditionMgr:1039 - genDependencies : Invalid condition id : LAN8742 Phy interface Condition cause : null
2024-02-25 07:47:36,627 [WARN] PackLoader:240 - Cannot read IP mode file for STMicroelectronics.X-CUBE-SFXS2LP1.4.0.0
2024-02-25 07:47:36,674 [WARN] PackLoader:240 - Cannot read IP mode file for STMicroelectronics.X-CUBE-AZRTOS-H7.3.0.0
2024-02-25 07:47:36,697 [WARN] PackLoader:240 - Cannot read IP mode file for STMicroelectronics.X-CUBE-ISPU.1.1.0
2024-02-25 07:47:36,719 [WARN] PackLoader:240 - Cannot read IP mode file for RoweBots.I-CUBE-UNISONRTOS.5.5.0-4
2024-02-25 07:47:36,739 [WARN] PackLoader:240 - Cannot read IP mode file for STMicroelectronics.X-CUBE-AI.8.0.0
2024-02-25 07:47:36,772 [WARN] ConditionMgr:438 - getConditionDescription Invalid condition id : UX DEVICE CLASS RTOS Condition cause : null
2024-02-25 07:47:36,773 [WARN] ConditionMgr:438 - getConditionDescription Invalid condition id : UX DEVICE CLASS RTOS Condition cause : null
2024-02-25 07:47:36,777 [WARN] PackLoader:240 - Cannot read IP mode file for STMicroelectronics.X-CUBE-AZRTOS-WB.2.0.0
2024-02-25 07:47:36,777 [WARN] ConditionMgr:1039 - genDependencies : Invalid condition id : UX DEVICE CLASS RTOS Condition cause : null
2024-02-25 07:47:36,777 [WARN] ConditionMgr:1039 - genDependencies : Invalid condition id : UX DEVICE CLASS RTOS Condition cause : null
2024-02-25 07:47:36,778 [WARN] ConditionMgr:1039 - genDependencies : Invalid condition id : UX DEVICE CLASS RTOS Condition cause : null
2024-02-25 07:47:36,778 [WARN] ConditionMgr:1039 - genDependencies : Invalid condition id : UX DEVICE CLASS RTOS Condition cause : null
2024-02-25 07:47:36,778 [WARN] ConditionMgr:1039 - genDependencies : Invalid condition id : UX DEVICE CLASS RTOS Condition cause : null
2024-02-25 07:47:36,798 [WARN] PackLoader:240 - Cannot read IP mode file for STMicroelectronics.X-CUBE-FREERTOS.1.0.0
2024-02-25 07:47:36,831 [WARN] PackLoader:240 - Cannot read IP mode file for STMicroelectronics.X-CUBE-AZRTOS-L5.1.1.0
2024-02-25 07:47:36,860 [WARN] PackLoader:240 - Cannot read IP mode file for STMicroelectronics.X-CUBE-SUBG2.5.0.0
2024-02-25 07:47:36,897 [WARN] PackLoader:240 - Cannot read IP mode file for STMicroelectronics.X-CUBE-AZRTOS-G4.2.0.0
2024-02-25 07:47:36,916 [WARN] PackLoader:240 - Cannot read IP mode file for STMicroelectronics.FP-ATR-ASTRA1.1.1.1
2024-02-25 07:47:36,947 [WARN] PackLoader:240 - Cannot read IP mode file for Infineon.AIROC-Wi-Fi-Bluetooth-STM32.1.5.1
2024-02-25 07:47:36,969 [WARN] PackLoader:240 - Cannot read IP mode file for STMicroelectronics.FP-SNS-MOTENVWB1.1.3.1
2024-02-25 07:47:37,010 [WARN] PackLoader:240 - Cannot read IP mode file for STMicroelectronics.X-CUBE-AZRTOS-G4.1.0.0
2024-02-25 07:47:37,049 [WARN] PackLoader:240 - Cannot read IP mode file for STMicroelectronics.X-CUBE-AZRTOS-L4.1.0.0
2024-02-25 07:47:37,069 [WARN] PackLoader:240 - Cannot read IP mode file for STMicroelectronics.X-CUBE-ISPU.2.0.0
2024-02-25 07:47:37,130 [WARN] PackLoader:240 - Cannot read IP mode file for STMicroelectronics.X-CUBE-MEMS1.10.0.0
2024-02-25 07:47:37,236 [WARN] PackLoader:240 - Cannot read IP mode file for STMicroelectronics.X-CUBE-FREERTOS.1.1.0
2024-02-25 07:47:37,263 [WARN] PackLoader:240 - Cannot read IP mode file for STMicroelectronics.X-CUBE-AZRTOS-WL.1.0.0
2024-02-25 07:47:37,283 [WARN] PackLoader:240 - Cannot read IP mode file for portGmbH.I-Cube-SoM-uGOAL.1.1.0
2024-02-25 07:47:37,370 [WARN] PackLoader:240 - Cannot read IP mode file for STMicroelectronics.X-CUBE-ALS.1.0.1
2024-02-25 07:47:37,417 [WARN] PackLoader:240 - Cannot read IP mode file for STMicroelectronics.X-CUBE-AZRTOS-WB.1.1.0
2024-02-25 07:47:37,443 [WARN] PackLoader:240 - Cannot read IP mode file for STMicroelectronics.FP-ATR-ASTRA1.2.0.0
2024-02-25 07:47:37,487 [WARN] PackLoader:240 - Cannot read IP mode file for STMicroelectronics.X-CUBE-TOF1.3.4.0
2024-02-25 07:47:37,548 [WARN] PackLoader:240 - Cannot read IP mode file for STMicroelectronics.X-CUBE-AZRTOS-H7.3.2.0
2024-02-25 07:47:37,553 [INFO] ThirdParty:978 - Integrity check success = true
2024-02-25 07:47:37,553 [INFO] IntegrityCheckThread:100 - exiting critical section [integrity check]
2024-02-25 07:47:37,553 [INFO] IntegrityCheckThread:103 - End integrity checks thread
2024-02-25 07:47:58,445 [ERROR] LogOutputStream:75 - [STDERR_REDIRECT] SLF4J: Failed to load class "org.slf4j.impl.StaticLoggerBinder".
2024-02-25 07:47:58,447 [ERROR] LogOutputStream:75 - [STDERR_REDIRECT] SLF4J: Defaulting to no-operation (NOP) logger implementation
2024-02-25 07:47:58,447 [ERROR] LogOutputStream:75 - [STDERR_REDIRECT] SLF4J: See http://www.slf4j.org/codes.html#StaticLoggerBinder for further details.
2024-02-25 08:28:45,630 [ERROR] LogOutputStream:75 - [STDERR_REDIRECT] 
