2023-12-21 10:49:21,668 [INFO] Activator:176 - 


2023-12-21 10:49:21,671 [INFO] Activator:177 - !SESSION log4j initialized
2023-12-21 10:49:24,262 [INFO] LogOutputStream:77 - [STDOUT_REDIRECT] 
2023-12-21 10:49:26,210 [INFO] ApplicationProperties:184 - Using Application install path: C:\ST\STM32CubeIDE_1.14.0\STM32CubeIDE\plugins\com.st.stm32cube.common.mx_6.10.0.202311202037
2023-12-21 10:49:26,244 [INFO] DbMcusXml:78 - Set database path to: C:\ST\STM32CubeIDE_1.14.0\STM32CubeIDE\plugins\com.st.stm32cube.common.mx_6.10.0.202311202037\\db\/mcu/
2023-12-21 10:49:26,245 [INFO] ApiDb:274 - Set plugin database path to: C:\ST\STM32CubeIDE_1.14.0\STM32CubeIDE\plugins\com.st.stm32cube.common.mx_6.10.0.202311202037\\db\/plugins/boardmanager/
2023-12-21 10:49:26,245 [WARN] ApiDb:259 - Overriding images path with different value:  => C:\ST\STM32CubeIDE_1.14.0\STM32CubeIDE\plugins\com.st.stm32cube.common.mx_6.10.0.202311202037\\db\/plugins/mcufinder/images/
2023-12-21 10:49:26,256 [INFO] ApiDb:250 - Set database path to: C:\Users\sudh1\.stmcufinder\plugins\mcufinder//mcu/
2023-12-21 10:49:26,258 [INFO] DbMcusAds:125 - Set database path to: C:\Users\sudh1\.stmcufinder\plugins\mcufinder//mcu/
2023-12-21 10:49:26,261 [INFO] CrossReferenceDbSqlite:203 - Set database path to: C:\Users\sudh1\.stmcufinder\plugins\mcufinder//mcu/cs/
2023-12-21 10:49:26,411 [INFO] RulesReader:64 - Compatibility file has been processed (297 Rules)
2023-12-21 10:49:26,516 [INFO] DbMcusXml:78 - Set database path to: C:\ST\STM32CubeIDE_1.14.0\STM32CubeIDE\plugins\com.st.stm32cube.common.mx_6.10.0.202311202037\\db\/mcu/
2023-12-21 10:49:26,516 [INFO] ApiDb:274 - Set plugin database path to: C:\ST\STM32CubeIDE_1.14.0\STM32CubeIDE\plugins\com.st.stm32cube.common.mx_6.10.0.202311202037\\db\/plugins/boardmanager/
2023-12-21 10:49:26,516 [INFO] ApiDb:261 - Set plugin images path to: C:\ST\STM32CubeIDE_1.14.0\STM32CubeIDE\plugins\com.st.stm32cube.common.mx_6.10.0.202311202037\\db\/plugins/mcufinder/images/
2023-12-21 10:49:26,517 [WARN] DbFile:41 - Overriding database path with different value: C:\Users\sudh1\.stmcufinder\plugins\mcufinder/ => C:\Users\sudh1\.stmcufinder\plugins\mcufinder
2023-12-21 10:49:26,517 [INFO] ApiDb:250 - Set database path to: C:\Users\sudh1\.stmcufinder\plugins\mcufinder//mcu/
2023-12-21 10:49:26,517 [WARN] DbFile:41 - Overriding database path with different value: C:\Users\sudh1\.stmcufinder\plugins\mcufinder/ => C:\Users\sudh1\.stmcufinder\plugins\mcufinder
2023-12-21 10:49:26,517 [INFO] DbMcusAds:125 - Set database path to: C:\Users\sudh1\.stmcufinder\plugins\mcufinder//mcu/
2023-12-21 10:49:26,517 [WARN] DbFile:41 - Overriding database path with different value: C:\Users\sudh1\.stmcufinder\plugins\mcufinder/ => C:\Users\sudh1\.stmcufinder\plugins\mcufinder
2023-12-21 10:49:26,517 [WARN] DbFile:41 - Overriding database path with different value: C:\Users\sudh1\.stmcufinder\plugins\mcufinder/ => C:\Users\sudh1\.stmcufinder\plugins\mcufinder
2023-12-21 10:49:26,517 [INFO] CrossReferenceDbSqlite:203 - Set database path to: C:\Users\sudh1\.stmcufinder\plugins\mcufinder//mcu/cs/
2023-12-21 10:49:26,599 [INFO] MainPanel:264 - HeapMemory: 268435456
2023-12-21 10:49:26,705 [INFO] DbMcusXml:78 - Set database path to: C:\ST\STM32CubeIDE_1.14.0\STM32CubeIDE\plugins\com.st.stm32cube.common.mx_6.10.0.202311202037\\db\/mcu/
2023-12-21 10:49:26,705 [INFO] ApiDb:274 - Set plugin database path to: C:\ST\STM32CubeIDE_1.14.0\STM32CubeIDE\plugins\com.st.stm32cube.common.mx_6.10.0.202311202037\\db\/plugins/boardmanager/
2023-12-21 10:49:26,705 [INFO] ApiDb:261 - Set plugin images path to: C:\ST\STM32CubeIDE_1.14.0\STM32CubeIDE\plugins\com.st.stm32cube.common.mx_6.10.0.202311202037\\db\/plugins/mcufinder/images/
2023-12-21 10:49:26,706 [WARN] DbFile:41 - Overriding database path with different value: C:\Users\sudh1\.stmcufinder\plugins\mcufinder/ => C:\Users\sudh1\.stmcufinder\plugins\mcufinder
2023-12-21 10:49:26,706 [INFO] ApiDb:250 - Set database path to: C:\Users\sudh1\.stmcufinder\plugins\mcufinder//mcu/
2023-12-21 10:49:26,706 [WARN] DbFile:41 - Overriding database path with different value: C:\Users\sudh1\.stmcufinder\plugins\mcufinder/ => C:\Users\sudh1\.stmcufinder\plugins\mcufinder
2023-12-21 10:49:26,706 [INFO] DbMcusAds:125 - Set database path to: C:\Users\sudh1\.stmcufinder\plugins\mcufinder//mcu/
2023-12-21 10:49:26,707 [WARN] DbFile:41 - Overriding database path with different value: C:\Users\sudh1\.stmcufinder\plugins\mcufinder/ => C:\Users\sudh1\.stmcufinder\plugins\mcufinder
2023-12-21 10:49:26,707 [WARN] DbFile:41 - Overriding database path with different value: C:\Users\sudh1\.stmcufinder\plugins\mcufinder/ => C:\Users\sudh1\.stmcufinder\plugins\mcufinder
2023-12-21 10:49:26,707 [INFO] CrossReferenceDbSqlite:203 - Set database path to: C:\Users\sudh1\.stmcufinder\plugins\mcufinder//mcu/cs/
2023-12-21 10:49:26,735 [INFO] ApplicationProperties:184 - Using Application install path: C:\ST\STM32CubeIDE_1.14.0\STM32CubeIDE\plugins\com.st.stm32cube.common.mx_6.10.0.202311202037
2023-12-21 10:49:26,738 [INFO] PluginManage:196 - Search for loadable plugins [exclusion list=, ]
2023-12-21 10:49:26,739 [INFO] PluginManage:310 - Check plugin analytics
2023-12-21 10:49:26,896 [INFO] AnalyticsPlugin:253 - Accepted Software Licenses: 
2023-12-21 10:49:26,897 [INFO] AnalyticsPlugin:255 - Accepted CMSIS Pack Licenses: 
2023-12-21 10:49:26,897 [INFO] AnalyticsPlugin:257 - Accepted Firmware Licenses: 
2023-12-21 10:49:26,900 [INFO] PluginManage:359 - Loaded plugin analytics (category:tool,tabindex:-1)
2023-12-21 10:49:26,900 [INFO] PluginManage:310 - Check plugin cadmodel
2023-12-21 10:49:26,907 [INFO] CADModel:105 - Init CAD model plugin
2023-12-21 10:49:26,907 [INFO] PluginManage:359 - Loaded plugin cadmodel (category:power,tabindex:5)
2023-12-21 10:49:26,907 [INFO] PluginManage:310 - Check plugin clock
2023-12-21 10:49:26,917 [INFO] PluginManage:359 - Loaded plugin clock (category:base,tabindex:2)
2023-12-21 10:49:26,917 [INFO] PluginManage:310 - Check plugin ddr
2023-12-21 10:49:26,920 [INFO] PluginManage:359 - Loaded plugin ddr (category:tool,tabindex:6)
2023-12-21 10:49:26,920 [INFO] PluginManage:310 - Check plugin filemanager
2023-12-21 10:49:27,088 [INFO] PluginManage:359 - Loaded plugin filemanager (category:base,tabindex:10)
2023-12-21 10:49:27,088 [INFO] PluginManage:310 - Check plugin ipmanager
2023-12-21 10:49:27,095 [INFO] PluginManage:359 - Loaded plugin ipmanager (category:base,tabindex:5)
2023-12-21 10:49:27,096 [INFO] PluginManage:310 - Check plugin lpbam
2023-12-21 10:49:27,106 [INFO] PluginManage:359 - Loaded plugin lpbam (category:base,tabindex:0)
2023-12-21 10:49:27,106 [INFO] PluginManage:310 - Check plugin memorymap
2023-12-21 10:49:27,121 [INFO] PluginManage:359 - Loaded plugin memorymap (category:base,tabindex:4)
2023-12-21 10:49:27,121 [INFO] PluginManage:310 - Check plugin pinoutandconfiguration
2023-12-21 10:49:27,128 [INFO] PluginManage:359 - Loaded plugin pinoutandconfiguration (category:base,tabindex:1)
2023-12-21 10:49:27,128 [INFO] PluginManage:310 - Check plugin pinoutconfig
2023-12-21 10:49:27,225 [WARN] SupportedApi:132 - Cannot load RTOS API schema: s4s-elt-must-match.1: The content of 'definitions' must match (annotation?, (simpleType | complexType)?, (unique | key | keyref)*)). A problem was found starting at: attribute.
2023-12-21 10:49:27,401 [INFO] PluginManage:359 - Loaded plugin pinoutconfig (category:base,tabindex:0)
2023-12-21 10:49:27,401 [INFO] PluginManage:310 - Check plugin power
2023-12-21 10:49:27,413 [INFO] PluginManage:359 - Loaded plugin power (category:power,tabindex:4)
2023-12-21 10:49:27,413 [INFO] PluginManage:310 - Check plugin projectmanager
2023-12-21 10:49:27,430 [INFO] PluginManage:359 - Loaded plugin projectmanager (category:projectmanager,tabindex:3)
2023-12-21 10:49:27,430 [INFO] PluginManage:310 - Check plugin thirdparty
2023-12-21 10:49:27,549 [INFO] PluginManage:359 - Loaded plugin thirdparty (category:base,tabindex:-1)
2023-12-21 10:49:27,549 [WARN] IntegrityCheckThread:84 - waiting for thirdparty lock release [integrity check]
2023-12-21 10:49:27,550 [INFO] PluginManage:310 - Check plugin tools
2023-12-21 10:49:27,550 [INFO] IntegrityCheckThread:86 - entering critical section [integrity check]
2023-12-21 10:49:27,550 [INFO] ThirdPartyUpdaterWithRetryManager:70 - Updater plugin not ready yet. [1/15]
2023-12-21 10:49:27,552 [INFO] PluginManage:359 - Loaded plugin tools (category:base,tabindex:7)
2023-12-21 10:49:27,552 [INFO] PluginManage:310 - Check plugin tutovideos
2023-12-21 10:49:27,782 [INFO] PluginManage:359 - Loaded plugin tutovideos (category:base,tabindex:-1)
2023-12-21 10:49:27,782 [INFO] PluginManage:310 - Check plugin updater
2023-12-21 10:49:27,793 [INFO] PluginManage:359 - Loaded plugin updater (category:base,tabindex:12)
2023-12-21 10:49:27,793 [INFO] PluginManage:310 - Check plugin userauth
2023-12-21 10:49:27,798 [INFO] UserAuth:114 - Init User Auth plugin
2023-12-21 10:49:27,798 [INFO] PluginManage:359 - Loaded plugin userauth (category:base,tabindex:14)
2023-12-21 10:49:27,799 [INFO] PluginManage:283 - PluginManage : Loaded plugins [17]
2023-12-21 10:49:28,051 [INFO] PinOutPanel:1499 - setPackage(No Configuration,No Configuration)
2023-12-21 10:49:28,165 [INFO] CADModel:165 - CPN selected for project level
2023-12-21 10:49:28,165 [INFO] CADModel:114 - Register for checkConnection events
2023-12-21 10:49:28,184 [INFO] IPUIPlugin:80 - create IPUIPlugin
2023-12-21 10:49:28,184 [INFO] PluginManager:220 - loadIPPluginJar : add adc
2023-12-21 10:49:28,188 [INFO] IPUIPlugin:80 - create IPUIPlugin
2023-12-21 10:49:28,189 [INFO] PluginManager:220 - loadIPPluginJar : add aes
2023-12-21 10:49:28,193 [INFO] IPUIPlugin:80 - create IPUIPlugin
2023-12-21 10:49:28,193 [INFO] PluginManager:220 - loadIPPluginJar : add can
2023-12-21 10:49:28,194 [INFO] IPUIPlugin:80 - create IPUIPlugin
2023-12-21 10:49:28,194 [INFO] PluginManager:220 - loadIPPluginJar : add comp
2023-12-21 10:49:28,197 [INFO] IPUIPlugin:80 - create IPUIPlugin
2023-12-21 10:49:28,197 [INFO] PluginManager:220 - loadIPPluginJar : add cryp
2023-12-21 10:49:28,199 [INFO] IPUIPlugin:80 - create IPUIPlugin
2023-12-21 10:49:28,199 [INFO] PluginManager:220 - loadIPPluginJar : add dfsdm
2023-12-21 10:49:28,208 [INFO] IPUIPlugin:80 - create IPUIPlugin
2023-12-21 10:49:28,209 [INFO] PluginManager:220 - loadIPPluginJar : add dma
2023-12-21 10:49:28,212 [INFO] IPUIPlugin:80 - create IPUIPlugin
2023-12-21 10:49:28,212 [INFO] PluginManager:220 - loadIPPluginJar : add dma3
2023-12-21 10:49:28,214 [INFO] IPUIPlugin:80 - create IPUIPlugin
2023-12-21 10:49:28,214 [INFO] PluginManager:220 - loadIPPluginJar : add fatfs
2023-12-21 10:49:28,219 [INFO] IPUIPlugin:80 - create IPUIPlugin
2023-12-21 10:49:28,220 [INFO] PluginManager:220 - loadIPPluginJar : add fmc
2023-12-21 10:49:28,227 [INFO] IPUIPlugin:80 - create IPUIPlugin
2023-12-21 10:49:28,228 [INFO] PluginManager:220 - loadIPPluginJar : add freertos
2023-12-21 10:49:28,229 [INFO] IPUIPlugin:80 - create IPUIPlugin
2023-12-21 10:49:28,229 [INFO] PluginManager:220 - loadIPPluginJar : add genericplugin
2023-12-21 10:49:28,232 [INFO] IPUIPlugin:80 - create IPUIPlugin
2023-12-21 10:49:28,232 [INFO] PluginManager:220 - loadIPPluginJar : add gfxmmu
2023-12-21 10:49:28,239 [INFO] IPUIPlugin:80 - create IPUIPlugin
2023-12-21 10:49:28,239 [INFO] PluginManager:220 - loadIPPluginJar : add gic
2023-12-21 10:49:28,244 [INFO] IPUIPlugin:80 - create IPUIPlugin
2023-12-21 10:49:28,244 [INFO] PluginManager:220 - loadIPPluginJar : add gpio
2023-12-21 10:49:28,247 [INFO] IPUIPlugin:80 - create IPUIPlugin
2023-12-21 10:49:28,247 [INFO] PluginManager:220 - loadIPPluginJar : add gtzc
2023-12-21 10:49:28,249 [INFO] IPUIPlugin:80 - create IPUIPlugin
2023-12-21 10:49:28,249 [INFO] PluginManager:220 - loadIPPluginJar : add hash
2023-12-21 10:49:28,251 [INFO] IPUIPlugin:80 - create IPUIPlugin
2023-12-21 10:49:28,252 [INFO] PluginManager:220 - loadIPPluginJar : add i2c
2023-12-21 10:49:28,255 [INFO] IPUIPlugin:80 - create IPUIPlugin
2023-12-21 10:49:28,255 [INFO] PluginManager:220 - loadIPPluginJar : add i2s
2023-12-21 10:49:28,258 [INFO] IPUIPlugin:80 - create IPUIPlugin
2023-12-21 10:49:28,258 [INFO] PluginManager:220 - loadIPPluginJar : add i3c
2023-12-21 10:49:28,263 [INFO] IPUIPlugin:80 - create IPUIPlugin
2023-12-21 10:49:28,263 [INFO] PluginManager:220 - loadIPPluginJar : add ipddr
2023-12-21 10:49:28,271 [INFO] IPUIPlugin:80 - create IPUIPlugin
2023-12-21 10:49:28,271 [INFO] PluginManager:220 - loadIPPluginJar : add linkedlist
2023-12-21 10:49:28,275 [INFO] IPUIPlugin:80 - create IPUIPlugin
2023-12-21 10:49:28,275 [INFO] PluginManager:220 - loadIPPluginJar : add lorawan
2023-12-21 10:49:28,276 [INFO] IPUIPlugin:80 - create IPUIPlugin
2023-12-21 10:49:28,277 [INFO] PluginManager:220 - loadIPPluginJar : add ltdc
2023-12-21 10:49:28,282 [INFO] IPUIPlugin:80 - create IPUIPlugin
2023-12-21 10:49:28,283 [INFO] PluginManager:220 - loadIPPluginJar : add mdma
2023-12-21 10:49:28,287 [INFO] IPUIPlugin:80 - create IPUIPlugin
2023-12-21 10:49:28,287 [INFO] PluginManager:220 - loadIPPluginJar : add nvic
2023-12-21 10:49:28,291 [INFO] IPUIPlugin:80 - create IPUIPlugin
2023-12-21 10:49:28,291 [INFO] PluginManager:220 - loadIPPluginJar : add opamp
2023-12-21 10:49:28,294 [INFO] IPUIPlugin:80 - create IPUIPlugin
2023-12-21 10:49:28,294 [INFO] PluginManager:220 - loadIPPluginJar : add openamp
2023-12-21 10:49:28,296 [INFO] IPUIPlugin:80 - create IPUIPlugin
2023-12-21 10:49:28,297 [INFO] PluginManager:220 - loadIPPluginJar : add pdm2pcm
2023-12-21 10:49:28,302 [INFO] IPUIPlugin:80 - create IPUIPlugin
2023-12-21 10:49:28,305 [INFO] PluginManager:220 - loadIPPluginJar : add plateformsettings
2023-12-21 10:49:28,307 [INFO] IPUIPlugin:80 - create IPUIPlugin
2023-12-21 10:49:28,308 [INFO] PluginManager:220 - loadIPPluginJar : add quadspi
2023-12-21 10:49:28,311 [INFO] IPUIPlugin:80 - create IPUIPlugin
2023-12-21 10:49:28,311 [INFO] PluginManager:220 - loadIPPluginJar : add resmgrutility
2023-12-21 10:49:28,313 [INFO] IPUIPlugin:80 - create IPUIPlugin
2023-12-21 10:49:28,314 [INFO] PluginManager:220 - loadIPPluginJar : add sai
2023-12-21 10:49:28,316 [INFO] IPUIPlugin:80 - create IPUIPlugin
2023-12-21 10:49:28,316 [INFO] PluginManager:220 - loadIPPluginJar : add spi
2023-12-21 10:49:28,321 [INFO] IPUIPlugin:80 - create IPUIPlugin
2023-12-21 10:49:28,321 [INFO] PluginManager:220 - loadIPPluginJar : add stm32_wpan
2023-12-21 10:49:28,324 [INFO] IPUIPlugin:80 - create IPUIPlugin
2023-12-21 10:49:28,324 [INFO] PluginManager:220 - loadIPPluginJar : add tim
2023-12-21 10:49:28,328 [INFO] IPUIPlugin:80 - create IPUIPlugin
2023-12-21 10:49:28,328 [INFO] PluginManager:220 - loadIPPluginJar : add touchsensing
2023-12-21 10:49:28,330 [INFO] IPUIPlugin:80 - create IPUIPlugin
2023-12-21 10:49:28,330 [INFO] PluginManager:220 - loadIPPluginJar : add tracer_emb
2023-12-21 10:49:28,332 [INFO] IPUIPlugin:80 - create IPUIPlugin
2023-12-21 10:49:28,332 [INFO] PluginManager:220 - loadIPPluginJar : add ts
2023-12-21 10:49:28,334 [INFO] IPUIPlugin:80 - create IPUIPlugin
2023-12-21 10:49:28,334 [INFO] PluginManager:220 - loadIPPluginJar : add tsc
2023-12-21 10:49:28,335 [INFO] IPUIPlugin:80 - create IPUIPlugin
2023-12-21 10:49:28,335 [INFO] PluginManager:220 - loadIPPluginJar : add ucpd
2023-12-21 10:49:28,340 [INFO] IPUIPlugin:80 - create IPUIPlugin
2023-12-21 10:49:28,340 [INFO] PluginManager:220 - loadIPPluginJar : add usart
2023-12-21 10:49:28,343 [INFO] IPUIPlugin:80 - create IPUIPlugin
2023-12-21 10:49:28,343 [INFO] PluginManager:220 - loadIPPluginJar : add usbx
2023-12-21 10:49:28,503 [INFO] CADModel:165 - CPN selected for project level
2023-12-21 10:49:28,503 [INFO] CADModel:114 - Register for checkConnection events
2023-12-21 10:49:28,504 [FATAL] Updater:308 - Updater called before beeing initialized
2023-12-21 10:49:28,504 [ERROR] CADModel:125 - Updater not yet initialized, retry later 
2023-12-21 10:49:28,760 [INFO] CADModel:165 - CPN selected for project level
2023-12-21 10:49:28,760 [INFO] CADModel:114 - Register for checkConnection events
2023-12-21 10:49:28,760 [FATAL] Updater:308 - Updater called before beeing initialized
2023-12-21 10:49:28,760 [ERROR] CADModel:125 - Updater not yet initialized, retry later 
2023-12-21 10:49:28,763 [FATAL] Updater:308 - Updater called before beeing initialized
2023-12-21 10:49:28,878 [FATAL] Updater:308 - Updater called before beeing initialized
2023-12-21 10:49:28,882 [INFO] DbMcusAds:53 - JSON generation date=Thu Sep 30 12:25:09 IST 2021 (1632984909247)
2023-12-21 10:49:28,882 [FATAL] Updater:308 - Updater called before beeing initialized
2023-12-21 10:49:28,942 [WARN] DetailPanel:346 - Failed to get advertising image, set to default
2023-12-21 10:49:29,080 [FATAL] Updater:308 - Updater called before beeing initialized
2023-12-21 10:49:29,083 [FATAL] Updater:308 - Updater called before beeing initialized
2023-12-21 10:49:29,083 [FATAL] Updater:308 - Updater called before beeing initialized
2023-12-21 10:49:29,083 [WARN] DetailPanel:346 - Failed to get advertising image, set to default
2023-12-21 10:49:29,084 [FATAL] Updater:308 - Updater called before beeing initialized
2023-12-21 10:49:29,136 [ERROR] Updater:1120 - MainUpdater not yet initialized. External WinMGr cannot be set.
2023-12-21 10:49:29,139 [INFO] Updater:1056 - Updater Version found : 6.10.0
2023-12-21 10:49:29,161 [INFO] ApplicationProperties:184 - Using Application install path: C:\ST\STM32CubeIDE_1.14.0\STM32CubeIDE\plugins\com.st.stm32cube.common.mx_6.10.0.202311202037
2023-12-21 10:49:30,551 [INFO] ThirdPartyUpdaterWithRetryManager:70 - Updater plugin not ready yet. [2/15]
2023-12-21 10:49:30,742 [ERROR] LogOutputStream:75 - [STDERR_REDIRECT] Dec 21, 2023 10:49:30 AM java.util.prefs.WindowsPreferences <init>
2023-12-21 10:49:30,747 [ERROR] LogOutputStream:75 - [STDERR_REDIRECT] WARNING: Could not open/create prefs root node Software\JavaSoft\Prefs at root 0xffffffff80000002. Windows RegCreateKeyEx(...) returned error code 5.
2023-12-21 10:49:30,747 [ERROR] LogOutputStream:75 - [STDERR_REDIRECT] 
2023-12-21 10:49:31,101 [INFO] MainUpdater:2873 - connection check result : 10
2023-12-21 10:49:31,103 [INFO] MainUpdater:290 - Updater Check For Update Now.
2023-12-21 10:49:31,103 [INFO] MicroXplorer:498 - Change Database Version : DB.6.0.100
2023-12-21 10:49:31,143 [INFO] McuFinderGlobals:63 - Set McuFinder mode to 2 (CubeIDE integrated)
2023-12-21 10:49:31,143 [INFO] UserAuth:180 - activating auth plugin
2023-12-21 10:49:31,146 [INFO] UserAuth:404 - Internet connection configuration mode: 1
2023-12-21 10:49:31,177 [INFO] JxBrowserEngine:152 - Initiate JxBrowser Engine with user profile folder
2023-12-21 10:49:31,350 [INFO] CheckServerUpdateThread:120 - End of CheckServer Thread
2023-12-21 10:49:31,927 [INFO] WebApp:161 - Instantiating new browser for Auth
2023-12-21 10:49:32,703 [INFO] WebApp:780 - Register for checkConnection events
2023-12-21 10:49:32,704 [INFO] WebApp:414 - Apply proxy settings
2023-12-21 10:49:32,704 [INFO] WebApp:499 - Chromium requires no authentication
2023-12-21 10:49:32,720 [INFO] WebApp:442 - Direct internet connection detected
2023-12-21 10:49:32,929 [INFO] WebApp:192 - Starting web application
2023-12-21 10:49:32,929 [INFO] WebApp:544 - Web application path used C:\ST\STM32CubeIDE_1.14.0\STM32CubeIDE\plugins\com.st.stm32cube.common.mx_6.10.0.202311202037\db\plugins\mcufinder\reactClient1\index.html
2023-12-21 10:49:33,748 [WARN] PackLoader:240 - Cannot read IP mode file for STMicroelectronics.X-CUBE-SMBUS.2.1.0
2023-12-21 10:49:33,761 [WARN] PackLoader:240 - Cannot read IP mode file for STMicroelectronics.X-CUBE-TOUCHGFX.4.23.0
2023-12-21 10:49:33,809 [WARN] PackLoader:240 - Cannot read IP mode file for STMicroelectronics.X-CUBE-AZRTOS-F7.1.1.0
2023-12-21 10:49:33,828 [WARN] PackLoader:240 - Cannot read IP mode file for STMicroelectronics.FP-SNS-MOTENV1.4.3.2
2023-12-21 10:49:33,844 [WARN] PackLoader:240 - Cannot read IP mode file for STMicroelectronics.X-CUBE-BLE1.6.2.4
2023-12-21 10:49:33,850 [WARN] PackLoader:240 - Cannot read IP mode file for STMicroelectronics.FP-SNS-FLIGHT1.5.0.2
2023-12-21 10:49:33,864 [WARN] PackLoader:240 - Cannot read IP mode file for STMicroelectronics.X-CUBE-DISPLAY.3.0.0
2023-12-21 10:49:33,898 [WARN] PackLoader:240 - Cannot read IP mode file for STMicroelectronics.X-CUBE-BLE1.7.0.0
2023-12-21 10:49:33,910 [WARN] PackLoader:240 - Cannot read IP mode file for STMicroelectronics.FP-SNS-SMARTAG2.1.2.0
2023-12-21 10:49:33,940 [INFO] LogOutputStream:77 - [STDOUT_REDIRECT] 1 : Invalid condition id : UX_CORESTACK_Condition cause : null
2023-12-21 10:49:33,941 [INFO] LogOutputStream:77 - [STDOUT_REDIRECT] 1 : Invalid condition id : UX_CORESTACK_Condition cause : null
2023-12-21 10:49:33,942 [INFO] LogOutputStream:77 - [STDOUT_REDIRECT] 1 : Invalid condition id : UX_CORESTACK_Condition cause : null
2023-12-21 10:49:33,943 [INFO] LogOutputStream:77 - [STDOUT_REDIRECT] 1 : Invalid condition id : UX_CORESTACK_Condition cause : null
2023-12-21 10:49:33,944 [INFO] LogOutputStream:77 - [STDOUT_REDIRECT] 1 : Invalid condition id : UX_CORESTACK_Condition cause : null
2023-12-21 10:49:33,948 [WARN] PackLoader:240 - Cannot read IP mode file for STMicroelectronics.X-CUBE-AZRTOS-WL.2.0.0
2023-12-21 10:49:33,961 [WARN] PackLoader:240 - Cannot read IP mode file for WES.I-CUBE-Cesium.1.3.0
2023-12-21 10:49:33,968 [WARN] PackLoader:240 - Cannot read IP mode file for STMicroelectronics.X-CUBE-BLE2.3.3.0
2023-12-21 10:49:33,982 [WARN] PackLoader:240 - Cannot read IP mode file for STMicroelectronics.X-CUBE-TOF1.3.2.0
2023-12-21 10:49:33,994 [WARN] PackLoader:240 - Cannot read IP mode file for STMicroelectronics.X-CUBE-TOUCHGFX.4.21.1
2023-12-21 10:49:34,000 [WARN] PackLoader:240 - Cannot read IP mode file for STMicroelectronics.X-CUBE-ALGOBUILD.1.3.0
2023-12-21 10:49:34,024 [WARN] PackLoader:240 - Cannot read IP mode file for STMicroelectronics.X-CUBE-AZRTOS-G0.1.1.0
2023-12-21 10:49:34,035 [WARN] PackLoader:240 - Cannot read IP mode file for STMicroelectronics.X-CUBE-NFC4.3.0.0
2023-12-21 10:49:34,046 [WARN] PackLoader:240 - Cannot read IP mode file for STMicroelectronics.X-CUBE-BLEMGR.3.0.0
2023-12-21 10:49:34,058 [WARN] PackLoader:240 - Cannot read IP mode file for STMicroelectronics.X-CUBE-BLEMGR.1.3.0
2023-12-21 10:49:34,062 [WARN] PackLoader:240 - Cannot read IP mode file for STMicroelectronics.FP-ATR-SIGFOX1.3.2.0
2023-12-21 10:49:34,100 [WARN] PackLoader:240 - Cannot read IP mode file for STMicroelectronics.X-CUBE-MEMS1.9.5.0
2023-12-21 10:49:34,368 [WARN] PackLoader:240 - Cannot read IP mode file for SEGGER.I-CUBE-embOS.1.3.1
2023-12-21 10:49:34,434 [WARN] PackLoader:240 - Cannot read IP mode file for STMicroelectronics.X-CUBE-GNSS1.6.0.0
2023-12-21 10:49:34,465 [WARN] PackLoader:240 - Cannot read IP mode file for STMicroelectronics.X-CUBE-AZRTOS-F4.1.1.0
2023-12-21 10:49:34,496 [WARN] PackLoader:240 - Cannot read IP mode file for STMicroelectronics.X-CUBE-AZRTOS-L5.2.0.0
2023-12-21 10:49:34,506 [WARN] PackLoader:240 - Cannot read IP mode file for STMicroelectronics.X-CUBE-EEPRMA1.4.2.0
2023-12-21 10:49:34,517 [WARN] PackLoader:240 - Cannot read IP mode file for ITTIA_DB.I-CUBE-ITTIADB.8.8.0
2023-12-21 10:49:34,529 [WARN] PackLoader:240 - Cannot read IP mode file for emotas.I-CUBE-CANOPEN.1.1.3
2023-12-21 10:49:34,539 [WARN] PackLoader:240 - Cannot read IP mode file for STMicroelectronics.X-CUBE-BLEMGR.2.0.0
2023-12-21 10:49:34,549 [WARN] PackLoader:240 - Cannot read IP mode file for wolfSSL.I-CUBE-wolfSSL.5.5.4
2023-12-21 10:49:34,556 [WARN] PackLoader:240 - Cannot read IP mode file for STMicroelectronics.X-CUBE-NFC7.1.0.1
2023-12-21 10:49:34,565 [WARN] PackLoader:240 - Cannot read IP mode file for STMicroelectronics.X-CUBE-NFC7.1.0.0
2023-12-21 10:49:34,577 [WARN] PackLoader:240 - Cannot read IP mode file for STMicroelectronics.X-CUBE-NFC6.3.0.0
2023-12-21 10:49:34,586 [WARN] PackLoader:240 - Cannot read IP mode file for STMicroelectronics.X-CUBE-EEPRMA1.4.1.0
2023-12-21 10:49:34,594 [WARN] PackLoader:240 - Cannot read IP mode file for STMicroelectronics.X-CUBE-AI.8.1.0
2023-12-21 10:49:34,611 [WARN] ConditionMgr:438 - getConditionDescription Invalid condition id : LAN8742 Phy interface Condition cause : null
2023-12-21 10:49:34,612 [WARN] PackLoader:240 - Cannot read IP mode file for STMicroelectronics.X-CUBE-AZRTOS-L4.2.0.0
2023-12-21 10:49:34,614 [WARN] ConditionMgr:1039 - genDependencies : Invalid condition id : LAN8742 Phy interface Condition cause : null
2023-12-21 10:49:34,615 [WARN] ConditionMgr:1039 - genDependencies : Invalid condition id : LAN8742 Phy interface Condition cause : null
2023-12-21 10:49:34,615 [WARN] ConditionMgr:1039 - genDependencies : Invalid condition id : LAN8742 Phy interface Condition cause : null
2023-12-21 10:49:34,626 [WARN] PackLoader:240 - Cannot read IP mode file for STMicroelectronics.X-CUBE-SFXS2LP1.4.0.0
2023-12-21 10:49:34,647 [WARN] PackLoader:240 - Cannot read IP mode file for STMicroelectronics.X-CUBE-AZRTOS-H7.3.0.0
2023-12-21 10:49:34,657 [WARN] PackLoader:240 - Cannot read IP mode file for STMicroelectronics.X-CUBE-ISPU.1.1.0
2023-12-21 10:49:34,663 [WARN] PackLoader:240 - Cannot read IP mode file for RoweBots.I-CUBE-UNISONRTOS.5.5.0-4
2023-12-21 10:49:34,667 [WARN] PackLoader:240 - Cannot read IP mode file for STMicroelectronics.X-CUBE-AI.8.0.0
2023-12-21 10:49:34,678 [WARN] ConditionMgr:438 - getConditionDescription Invalid condition id : UX DEVICE CLASS RTOS Condition cause : null
2023-12-21 10:49:34,679 [WARN] ConditionMgr:438 - getConditionDescription Invalid condition id : UX DEVICE CLASS RTOS Condition cause : null
2023-12-21 10:49:34,680 [WARN] PackLoader:240 - Cannot read IP mode file for STMicroelectronics.X-CUBE-AZRTOS-WB.2.0.0
2023-12-21 10:49:34,681 [WARN] ConditionMgr:1039 - genDependencies : Invalid condition id : UX DEVICE CLASS RTOS Condition cause : null
2023-12-21 10:49:34,682 [WARN] ConditionMgr:1039 - genDependencies : Invalid condition id : UX DEVICE CLASS RTOS Condition cause : null
2023-12-21 10:49:34,682 [WARN] ConditionMgr:1039 - genDependencies : Invalid condition id : UX DEVICE CLASS RTOS Condition cause : null
2023-12-21 10:49:34,683 [WARN] ConditionMgr:1039 - genDependencies : Invalid condition id : UX DEVICE CLASS RTOS Condition cause : null
2023-12-21 10:49:34,683 [WARN] ConditionMgr:1039 - genDependencies : Invalid condition id : UX DEVICE CLASS RTOS Condition cause : null
2023-12-21 10:49:34,691 [WARN] PackLoader:240 - Cannot read IP mode file for STMicroelectronics.X-CUBE-FREERTOS.1.0.0
2023-12-21 10:49:34,706 [WARN] PackLoader:240 - Cannot read IP mode file for STMicroelectronics.X-CUBE-AZRTOS-L5.1.1.0
2023-12-21 10:49:34,720 [WARN] PackLoader:240 - Cannot read IP mode file for STMicroelectronics.X-CUBE-SUBG2.5.0.0
2023-12-21 10:49:34,743 [WARN] PackLoader:240 - Cannot read IP mode file for STMicroelectronics.X-CUBE-AZRTOS-G4.2.0.0
2023-12-21 10:49:34,751 [WARN] PackLoader:240 - Cannot read IP mode file for STMicroelectronics.FP-ATR-ASTRA1.1.1.1
2023-12-21 10:49:34,763 [WARN] PackLoader:240 - Cannot read IP mode file for Infineon.AIROC-Wi-Fi-Bluetooth-STM32.1.5.1
2023-12-21 10:49:34,772 [WARN] PackLoader:240 - Cannot read IP mode file for STMicroelectronics.FP-SNS-MOTENVWB1.1.3.1
2023-12-21 10:49:34,797 [WARN] PackLoader:240 - Cannot read IP mode file for STMicroelectronics.X-CUBE-AZRTOS-G4.1.0.0
2023-12-21 10:49:34,818 [WARN] PackLoader:240 - Cannot read IP mode file for STMicroelectronics.X-CUBE-AZRTOS-L4.1.0.0
2023-12-21 10:49:34,825 [WARN] PackLoader:240 - Cannot read IP mode file for STMicroelectronics.X-CUBE-ISPU.2.0.0
2023-12-21 10:49:34,867 [WARN] PackLoader:240 - Cannot read IP mode file for STMicroelectronics.X-CUBE-MEMS1.10.0.0
2023-12-21 10:49:35,022 [WARN] PackLoader:240 - Cannot read IP mode file for STMicroelectronics.X-CUBE-FREERTOS.1.1.0
2023-12-21 10:49:35,034 [WARN] PackLoader:240 - Cannot read IP mode file for STMicroelectronics.X-CUBE-AZRTOS-WL.1.0.0
2023-12-21 10:49:35,044 [WARN] PackLoader:240 - Cannot read IP mode file for portGmbH.I-Cube-SoM-uGOAL.1.1.0
2023-12-21 10:49:35,050 [WARN] PackLoader:240 - Cannot read IP mode file for STMicroelectronics.X-CUBE-ALS.1.0.1
2023-12-21 10:49:35,065 [WARN] PackLoader:240 - Cannot read IP mode file for STMicroelectronics.X-CUBE-AZRTOS-WB.1.1.0
2023-12-21 10:49:35,073 [WARN] PackLoader:240 - Cannot read IP mode file for STMicroelectronics.FP-ATR-ASTRA1.2.0.0
2023-12-21 10:49:35,090 [WARN] PackLoader:240 - Cannot read IP mode file for STMicroelectronics.X-CUBE-TOF1.3.4.0
2023-12-21 10:49:35,117 [WARN] PackLoader:240 - Cannot read IP mode file for STMicroelectronics.X-CUBE-AZRTOS-H7.3.2.0
2023-12-21 10:49:35,120 [INFO] ThirdParty:978 - Integrity check success = true
2023-12-21 10:49:35,121 [INFO] IntegrityCheckThread:100 - exiting critical section [integrity check]
2023-12-21 10:49:35,121 [INFO] IntegrityCheckThread:103 - End integrity checks thread
2023-12-21 10:49:45,721 [INFO] McuFinderGlobals:63 - Set McuFinder mode to 2 (CubeIDE integrated)
2023-12-21 10:49:45,755 [INFO] MainUpdater:2873 - connection check result : 10
2023-12-21 10:49:45,781 [INFO] McuFinderGlobals:76 - Set McuFinderConnectedMode to true
2023-12-21 10:49:46,014 [INFO] ServerAccessManage:473 - Download File mcusAds.json._tmp_
2023-12-21 10:49:46,148 [INFO] LoadUrlFilesThread:156 - End of LoadUrlFiles Thread
2023-12-21 10:49:46,324 [INFO] ServerAccessManage:473 - Download File cube-finder-db.zip
2023-12-21 10:49:52,873 [INFO] FileExtend:240 - Unzip File : cube-finder-db.zip
2023-12-21 10:49:52,874 [INFO] FileExtend:255 - Standard Zip Deflate
2023-12-21 10:49:53,956 [INFO] LoadUrlFilesThread:156 - End of LoadUrlFiles Thread
2023-12-21 10:49:54,110 [ERROR] LogOutputStream:75 - [STDERR_REDIRECT] SLF4J: Failed to load class "org.slf4j.impl.StaticLoggerBinder".
2023-12-21 10:49:54,112 [ERROR] LogOutputStream:75 - [STDERR_REDIRECT] SLF4J: Defaulting to no-operation (NOP) logger implementation
2023-12-21 10:49:54,114 [ERROR] LogOutputStream:75 - [STDERR_REDIRECT] SLF4J: See http://www.slf4j.org/codes.html#StaticLoggerBinder for further details.
2023-12-21 10:49:55,820 [INFO] ServerAccessManage:473 - Download File crdb.zip
2023-12-21 10:49:56,907 [INFO] FileExtend:240 - Unzip File : crdb.zip
2023-12-21 10:49:56,907 [INFO] FileExtend:255 - Standard Zip Deflate
2023-12-21 10:49:57,089 [INFO] LoadUrlFilesThread:156 - End of LoadUrlFiles Thread
2023-12-21 10:49:57,319 [INFO] ServerAccessManage:473 - Download File tutoVideoDB.zip
2023-12-21 10:49:57,355 [INFO] FileExtend:240 - Unzip File : tutoVideoDB.zip
2023-12-21 10:49:57,355 [INFO] FileExtend:255 - Standard Zip Deflate
2023-12-21 10:49:57,516 [INFO] LoadUrlFilesThread:156 - End of LoadUrlFiles Thread
2023-12-21 10:49:57,518 [WARN] DbFile:41 - Overriding database path with different value: C:\Users\sudh1\.stmcufinder\plugins\mcufinder/ => C:\Users\sudh1\.stmcufinder\plugins\mcufinder
2023-12-21 10:49:57,714 [INFO] ServerAccessManage:473 - Download File api_config.json
2023-12-21 10:49:57,840 [INFO] LoadUrlFilesThread:156 - End of LoadUrlFiles Thread
2023-12-21 10:49:57,847 [INFO] DbMcusAds:53 - JSON generation date=Wed Nov 29 16:22:27 IST 2023 (1701255147349)
2023-12-21 10:49:58,068 [INFO] ServerAccessManage:473 - Download File 
2023-12-21 10:49:58,113 [INFO] LoadUrlFilesThread:185 - End of LoadServerUrlFiles without Thread
2023-12-21 10:49:58,114 [INFO] TargetSelectorAdapter:259 - Refresh data is successful
2023-12-21 10:49:58,401 [INFO] ApiDb:581 - Connected to CubeFinder SQLite database (C:\Users\sudh1\.stmcufinder\plugins\mcufinder\mcu\cube-finder-db.db)
2023-12-21 10:49:58,477 [INFO] ApiDb:668 - CubeFinder database Data Model version=2.1
2023-12-21 10:49:58,477 [INFO] ApiDb:669 - CubeFinder database Configuration version=3.0.39
2023-12-21 10:49:58,478 [INFO] ApiDb:670 - CubeFinder database generation date=2023-11-06 (1699269565)
2023-12-21 10:49:58,478 [INFO] ApiDb:671 - CubeFinder database FW Pack versions=[FP-ATR-ASTRA1_V2.0.0, FP-SNS-FLIGHT1_V5.0.1, FP-SNS-FLIGHT1_V5.0.2, FP-SNS-MOTENV1_V4.3.1, FP-SNS-MOTENV1_V4.3.2, FP-SNS-MOTENVWB1_V1.3.0, FP-SNS-SMARTAG2_V1.2.0, STM32Cube_FW_C0_V1.1.0, STM32Cube_FW_F4_V1.28.0, STM32Cube_FW_F7_V1.17.0, STM32Cube_FW_G0_V1.6.1, STM32Cube_FW_G4_V1.5.1, STM32Cube_FW_H5_V0.5.1, STM32Cube_FW_H5_V1.1.1, STM32Cube_FW_H5_V1.2.0RC2, STM32Cube_FW_H7_V1.11.0, STM32Cube_FW_L0_V1.12.2, STM32Cube_FW_L5_V1.5.0, STM32Cube_FW_U5_V1.3.0RC4, STM32Cube_FW_U5_V1.4.0, STM32Cube_FW_WBA_V1.0.0RC1, STM32Cube_FW_WBA_V1.1.0RC1, STM32Cube_FW_WBA_V1.2.0, STM32Cube_FW_WBA_V1.2.0RC2, STM32Cube_FW_WB_V1.15.0RC1, STM32Cube_FW_WB_V1.16.0, STM32Cube_FW_WB_V1.16.0RC2, STM32Cube_FW_WB_V1.18.0, STM32Cube_FW_WL_V1.3.0, X-CUBE-ALGOBUILD_V1.3.0, X-CUBE-ALS_V1.0.1, X-CUBE-AZRTOS-F4_V1.1.0, X-CUBE-AZRTOS-F7_V1.1.0, X-CUBE-AZRTOS-G0_V1.1.0, X-CUBE-AZRTOS-G4_V2.0.0, X-CUBE-AZRTOS-H7_V3.1.0, X-CUBE-AZRTOS-L4_V1.0.0, X-CUBE-AZRTOS-L4_V2.0.0, X-CUBE-AZRTOS-L5_V1.1.0, X-CUBE-AZRTOS-WB_V2.0.0, X-CUBE-AZRTOS-WL_V2.0.0, X-CUBE-BLE1_V7.0.0, X-CUBE-BLE2_V3.3.0, X-CUBE-BLEMGR_V2.0.0, X-CUBE-EEPRMA1_V4.1.0, X-CUBE-EEPRMA1_V4.2.0, X-CUBE-FREERTOS_V1.1.0, X-CUBE-GNSS1_V6.0.0, X-CUBE-MEMS1_V10.0.0, X-CUBE-MEMS1_V9.1.0, X-CUBE-MEMS1_V9.4.0, X-CUBE-MEMS1_V9.6.0, X-CUBE-NFC4_V3.0.0, X-CUBE-NFC7_V1.0.1, X-CUBE-SFXS2LP1_V4.0.0, X-CUBE-SUBG2_V5.0.0, X-CUBE-TOF1_V3.3.1]
2023-12-21 10:50:01,742 [INFO] ApiDb:240 - Found 371 in-development CPN: [B-G473E-ZEST1S, B-WB1M-WPAN1, B-WL5M-SUBG1, NUCLEO-C031C6, NUCLEO-H503RB, NUCLEO-H563ZI, NUCLEO-U545RE-Q, NUCLEO-U5A5ZJ-Q, NUCLEO-WBA52CG, NUCLEO-WBA55CG, STEVAL-MKBOXPRO, STEVAL-PROTEUS1, STEVAL-STWINBX1, STM320518-EVAL, STM32C0116-DK, STM32C011D6Y3TR, STM32C011D6Y6TR, STM32C011F4P3, STM32C011F4P6, STM32C011F4U3, STM32C011F4U6TR, STM32C011F6P3, STM32C011F6P6, STM32C011F6U3, STM32C011F6U6TR, STM32C011J4M3, STM32C011J4M6, STM32C011J6M3, STM32C011J6M6, STM32C0316-DK, STM32C031C4T3, STM32C031C4T6, STM32C031C4U3, STM32C031C4U6, STM32C031C6T3, STM32C031C6T6, STM32C031C6U3, STM32C031C6U6, STM32C031F4P3, STM32C031F4P6, STM32C031F6P3, STM32C031F6P6, STM32C031G4U3, STM32C031G4U6, STM32C031G6U3, STM32C031G6U6, STM32C031K4T3, STM32C031K4T6, STM32C031K4U3, STM32C031K4U6, STM32C031K6T3, STM32C031K6T6, STM32C031K6U3, STM32C031K6U6, STM32G071K8TXN, STM32G071K8UXN, STM32G081GBU6N, STM32G081KBT6N, STM32G081KBUXN, STM32G0B1CCT6N, STM32G0B1KCT6, STM32G0B1NEY6TR, STM32G0B1RCT6N, STM32G0C1CCT6, STM32G0C1CCT6N, STM32G0C1CCU6N, STM32G0C1CET6N, STM32G0C1CEU6N, STM32G0C1KCT6, STM32G0C1NEY6TR, STM32G0C1RCI6N, STM32G0C1RCT6N, STM32G0C1REI6N, STM32G0C1RET6N, STM32G0C1VCI6, STM32G0C1VEI6, STM32G471CCT6, STM32G471CCU6, STM32G471CET3, STM32G471CET6, STM32G471CEU3, STM32G471CEU6, STM32G471MCT6, STM32G471MET3, STM32G471MET6, STM32G471MEY6TR, STM32G471QCT6, STM32G471QET3, STM32G471RCT6, STM32G471RET3, STM32G471RET6, STM32G471VCH6, STM32G471VCI6, STM32G471VCT6, STM32G471VEH3, STM32G471VEH6, STM32G471VEI3, STM32G471VEI6, STM32G471VET3, STM32G471VET6, STM32G474CCT6, STM32H503CBT6, STM32H503CBU6, STM32H503EBY6TR, STM32H503KBU6, STM32H503RBT6, STM32H562AGI6, STM32H562AII6, STM32H562IGK6, STM32H562IGT6, STM32H562IIK6, STM32H562IIT6, STM32H562RGT6, STM32H562RGV6, STM32H562RIT6, STM32H562RIV6, STM32H562VGT6, STM32H562VIT6, STM32H562ZGT6, STM32H562ZIT6, STM32H563AGI6, STM32H563AII3Q, STM32H563AII6, STM32H563IGK6, STM32H563IGT6, STM32H563IIK3Q, STM32H563IIK6, STM32H563IIT3Q, STM32H563IIT6, STM32H563MIY3QTR, STM32H563RGT6, STM32H563RGV6, STM32H563RIT6, STM32H563RIV6, STM32H563VGT6, STM32H563VIT3Q, STM32H563VIT6, STM32H563ZGT6, STM32H563ZIT3Q, STM32H563ZIT6, STM32H573AII3Q, STM32H573AII6, STM32H573I-DK, STM32H573IIK3Q, STM32H573IIK6, STM32H573IIT3Q, STM32H573IIT6, STM32H573MIY3QTR, STM32H573RIT6, STM32H573RIV6, STM32H573VIT3Q, STM32H573VIT6, STM32H573ZIT3Q, STM32H573ZIT6, STM32L4R5QGI6STR, STM32MP131AAE3, STM32MP131AAF3, STM32MP131AAG3, STM32MP131CAE3, STM32MP131CAF3, STM32MP131CAG3, STM32MP131DAE7, STM32MP131DAF7, STM32MP131DAG7, STM32MP131FAE7, STM32MP131FAF7, STM32MP131FAG7, STM32MP133AAE3, STM32MP133AAF3, STM32MP133AAG3, STM32MP133CAE3, STM32MP133CAF3, STM32MP133CAG3, STM32MP133DAE7, STM32MP133DAF7, STM32MP133DAG7, STM32MP133FAE7, STM32MP133FAF7, STM32MP133FAG7, STM32MP135AAE3, STM32MP135AAF3, STM32MP135AAG3, STM32MP135CAE3, STM32MP135CAF3, STM32MP135CAG3, STM32MP135DAE7, STM32MP135DAF7, STM32MP135DAG7, STM32MP135F-DK, STM32MP135FAE7, STM32MP135FAF7, STM32MP135FAF7T, STM32MP135FAF7U, STM32MP135FAG7, STM32U535CBT6, STM32U535CBT6Q, STM32U535CBU6, STM32U535CBU6Q, STM32U535CCT6, STM32U535CCT6Q, STM32U535CCU6, STM32U535CCU6Q, STM32U535CET6, STM32U535CET6Q, STM32U535CEU6, STM32U535CEU6Q, STM32U535JEY6QTR, STM32U535NCY6QTR, STM32U535NEY6QTR, STM32U535RBI6, STM32U535RBI6Q, STM32U535RBT6, STM32U535RBT6Q, STM32U535RCI6, STM32U535RCI6Q, STM32U535RCT6, STM32U535RCT6Q, STM32U535REI6, STM32U535REI6Q, STM32U535RET6, STM32U535RET6Q, STM32U535VCI6, STM32U535VCI6Q, STM32U535VCT6, STM32U535VCT6Q, STM32U535VEI6, STM32U535VEI6Q, STM32U535VET6, STM32U535VET6Q, STM32U545CET6, STM32U545CET6Q, STM32U545CEU6, STM32U545CEU6Q, STM32U545JEY6QTR, STM32U545NEY6QTR, STM32U545REI6, STM32U545REI6Q, STM32U545RET6, STM32U545RET6Q, STM32U545VEI6, STM32U545VEI6Q, STM32U545VET6, STM32U545VET6Q, STM32U595AIH6, STM32U595AIH6Q, STM32U595AJH6, STM32U595AJH6Q, STM32U595QII6, STM32U595QII6Q, STM32U595QJI6, STM32U595QJI6Q, STM32U595RIT6, STM32U595RIT6Q, STM32U595RJT6, STM32U595RJT6Q, STM32U595VIT6, STM32U595VIT6Q, STM32U595VJT6, STM32U595VJT6Q, STM32U595ZIT6, STM32U595ZIT6Q, STM32U595ZIY6QTR, STM32U595ZJT6, STM32U595ZJT6Q, STM32U595ZJY6QTR, STM32U599BJY6QTR, STM32U599NIH6Q, STM32U599NJH6Q, STM32U599VIT6Q, STM32U599VJT6, STM32U599VJT6Q, STM32U599ZIT6Q, STM32U599ZIY6QTR, STM32U599ZJT6Q, STM32U599ZJY6QTR, STM32U5A5AJH6, STM32U5A5AJH6Q, STM32U5A5QJI6, STM32U5A5QJI6Q, STM32U5A5RJT6, STM32U5A5RJT6Q, STM32U5A5VJT6, STM32U5A5VJT6Q, STM32U5A5ZJT6, STM32U5A5ZJT6Q, STM32U5A5ZJY6QTR, STM32U5A9BJY6QTR, STM32U5A9J-DK, STM32U5A9NJH6Q, STM32U5A9VJT6Q, STM32U5A9ZJT6Q, STM32U5A9ZJY6QTR, STM32U5F7VIT6, STM32U5F7VIT6Q, STM32U5F7VJT6, STM32U5F7VJT6Q, STM32U5F9BJY6QTR, STM32U5F9NJH6Q, STM32U5F9VIT6Q, STM32U5F9VJT6Q, STM32U5F9ZIJ6QTR, STM32U5F9ZIT6Q, STM32U5F9ZJJ6QTR, STM32U5F9ZJT6Q, STM32U5G7VJT6, STM32U5G7VJT6Q, STM32U5G9BJY6QTR, STM32U5G9J-DK1, STM32U5G9J-DK2, STM32U5G9NJH6Q, STM32U5G9VJT6Q, STM32U5G9ZJJ6QTR, STM32U5G9ZJT6Q, STM32WB1MMCH6, STM32WBA50KEU6, STM32WBA50KEU6TR, STM32WBA50KGU6, STM32WBA50KGU6TR, STM32WBA52CEU6, STM32WBA52CEU6TR, STM32WBA52CEU7, STM32WBA52CEU7TR, STM32WBA52CGU6, STM32WBA52CGU6TR, STM32WBA52CGU6U, STM32WBA52CGU7, STM32WBA52CGU7TR, STM32WBA52KEU6, STM32WBA52KEU6TR, STM32WBA52KGU6, STM32WBA52KGU6TR, STM32WBA54CEU6, STM32WBA54CEU6TR, STM32WBA54CEU7, STM32WBA54CEU7TR, STM32WBA54CGU6, STM32WBA54CGU6TR, STM32WBA54CGU7, STM32WBA54CGU7TR, STM32WBA54KEU6, STM32WBA54KEU6TR, STM32WBA54KEU7, STM32WBA54KEU7TR, STM32WBA54KGU6, STM32WBA54KGU6TR, STM32WBA54KGU7, STM32WBA54KGU7TR, STM32WBA55CEU6, STM32WBA55CEU6TR, STM32WBA55CEU7, STM32WBA55CEU7TR, STM32WBA55CGU6, STM32WBA55CGU6TR, STM32WBA55CGU6U, STM32WBA55CGU7, STM32WBA55CGU7TR, STM32WBA55G-DK1, STM32WBA55HEF6, STM32WBA55HEF7, STM32WBA55HGF6, STM32WBA55HGF7, STM32WBA55UEI6, STM32WBA55UEI6TR, STM32WBA55UEI7, STM32WBA55UEI7TR, STM32WBA55UGI6, STM32WBA55UGI6TR, STM32WBA55UGI7, STM32WBA55UGI7TR, STM32WL5MOCH6, STM32WL5MOCH6TR]
2023-12-21 10:50:01,749 [INFO] DbMcus:218 - Found 3930 MCUs, 3930 are supported
2023-12-21 10:50:01,787 [INFO] ApiDb:423 - Load user favorites file C:\Users\sudh1/.stm32cubeide/favorites.mcus.txt: 0 item(s)
2023-12-21 10:50:01,788 [INFO] ApiDb:427 - User favorites MCUs=[]
2023-12-21 10:50:01,788 [INFO] DbMcus:224 - Set 0 / 0 favorites MCUs
2023-12-21 10:50:02,155 [INFO] ApiDb:668 - CubeFinder database Data Model version=2.1
2023-12-21 10:50:02,155 [INFO] ApiDb:669 - CubeFinder database Configuration version=3.0.39
2023-12-21 10:50:02,155 [INFO] ApiDb:670 - CubeFinder database generation date=2023-11-06 (1699269565)
2023-12-21 10:50:02,155 [INFO] ApiDb:671 - CubeFinder database FW Pack versions=[FP-ATR-ASTRA1_V2.0.0, FP-SNS-FLIGHT1_V5.0.1, FP-SNS-FLIGHT1_V5.0.2, FP-SNS-MOTENV1_V4.3.1, FP-SNS-MOTENV1_V4.3.2, FP-SNS-MOTENVWB1_V1.3.0, FP-SNS-SMARTAG2_V1.2.0, STM32Cube_FW_C0_V1.1.0, STM32Cube_FW_F4_V1.28.0, STM32Cube_FW_F7_V1.17.0, STM32Cube_FW_G0_V1.6.1, STM32Cube_FW_G4_V1.5.1, STM32Cube_FW_H5_V0.5.1, STM32Cube_FW_H5_V1.1.1, STM32Cube_FW_H5_V1.2.0RC2, STM32Cube_FW_H7_V1.11.0, STM32Cube_FW_L0_V1.12.2, STM32Cube_FW_L5_V1.5.0, STM32Cube_FW_U5_V1.3.0RC4, STM32Cube_FW_U5_V1.4.0, STM32Cube_FW_WBA_V1.0.0RC1, STM32Cube_FW_WBA_V1.1.0RC1, STM32Cube_FW_WBA_V1.2.0, STM32Cube_FW_WBA_V1.2.0RC2, STM32Cube_FW_WB_V1.15.0RC1, STM32Cube_FW_WB_V1.16.0, STM32Cube_FW_WB_V1.16.0RC2, STM32Cube_FW_WB_V1.18.0, STM32Cube_FW_WL_V1.3.0, X-CUBE-ALGOBUILD_V1.3.0, X-CUBE-ALS_V1.0.1, X-CUBE-AZRTOS-F4_V1.1.0, X-CUBE-AZRTOS-F7_V1.1.0, X-CUBE-AZRTOS-G0_V1.1.0, X-CUBE-AZRTOS-G4_V2.0.0, X-CUBE-AZRTOS-H7_V3.1.0, X-CUBE-AZRTOS-L4_V1.0.0, X-CUBE-AZRTOS-L4_V2.0.0, X-CUBE-AZRTOS-L5_V1.1.0, X-CUBE-AZRTOS-WB_V2.0.0, X-CUBE-AZRTOS-WL_V2.0.0, X-CUBE-BLE1_V7.0.0, X-CUBE-BLE2_V3.3.0, X-CUBE-BLEMGR_V2.0.0, X-CUBE-EEPRMA1_V4.1.0, X-CUBE-EEPRMA1_V4.2.0, X-CUBE-FREERTOS_V1.1.0, X-CUBE-GNSS1_V6.0.0, X-CUBE-MEMS1_V10.0.0, X-CUBE-MEMS1_V9.1.0, X-CUBE-MEMS1_V9.4.0, X-CUBE-MEMS1_V9.6.0, X-CUBE-NFC4_V3.0.0, X-CUBE-NFC7_V1.0.1, X-CUBE-SFXS2LP1_V4.0.0, X-CUBE-SUBG2_V5.0.0, X-CUBE-TOF1_V3.3.1]
2023-12-21 10:50:02,261 [INFO] DbBoardsSqlite:226 - include board P-NUCLEO-WB55-NUCLEO as a kit item of type 'Nucleo-64'
2023-12-21 10:50:02,261 [INFO] DbBoardsSqlite:226 - include board P-NUCLEO-WB55-USBDONGLE as a kit item of type 'Nucleo USB Dongle'
2023-12-21 10:50:02,262 [INFO] DbBoardsSqlite:226 - include board STEVAL-IDP005V1 as a kit item of type 'Evaluation Board'
2023-12-21 10:50:02,262 [INFO] DbBoardsSqlite:226 - include board STEVAL-IDP005V2 as a kit item of type 'Evaluation Board'
2023-12-21 10:50:02,342 [INFO] ApiDb:240 - Found 371 in-development CPN: [B-G473E-ZEST1S, B-WB1M-WPAN1, B-WL5M-SUBG1, NUCLEO-C031C6, NUCLEO-H503RB, NUCLEO-H563ZI, NUCLEO-U545RE-Q, NUCLEO-U5A5ZJ-Q, NUCLEO-WBA52CG, NUCLEO-WBA55CG, STEVAL-MKBOXPRO, STEVAL-PROTEUS1, STEVAL-STWINBX1, STM320518-EVAL, STM32C0116-DK, STM32C011D6Y3TR, STM32C011D6Y6TR, STM32C011F4P3, STM32C011F4P6, STM32C011F4U3, STM32C011F4U6TR, STM32C011F6P3, STM32C011F6P6, STM32C011F6U3, STM32C011F6U6TR, STM32C011J4M3, STM32C011J4M6, STM32C011J6M3, STM32C011J6M6, STM32C0316-DK, STM32C031C4T3, STM32C031C4T6, STM32C031C4U3, STM32C031C4U6, STM32C031C6T3, STM32C031C6T6, STM32C031C6U3, STM32C031C6U6, STM32C031F4P3, STM32C031F4P6, STM32C031F6P3, STM32C031F6P6, STM32C031G4U3, STM32C031G4U6, STM32C031G6U3, STM32C031G6U6, STM32C031K4T3, STM32C031K4T6, STM32C031K4U3, STM32C031K4U6, STM32C031K6T3, STM32C031K6T6, STM32C031K6U3, STM32C031K6U6, STM32G071K8TXN, STM32G071K8UXN, STM32G081GBU6N, STM32G081KBT6N, STM32G081KBUXN, STM32G0B1CCT6N, STM32G0B1KCT6, STM32G0B1NEY6TR, STM32G0B1RCT6N, STM32G0C1CCT6, STM32G0C1CCT6N, STM32G0C1CCU6N, STM32G0C1CET6N, STM32G0C1CEU6N, STM32G0C1KCT6, STM32G0C1NEY6TR, STM32G0C1RCI6N, STM32G0C1RCT6N, STM32G0C1REI6N, STM32G0C1RET6N, STM32G0C1VCI6, STM32G0C1VEI6, STM32G471CCT6, STM32G471CCU6, STM32G471CET3, STM32G471CET6, STM32G471CEU3, STM32G471CEU6, STM32G471MCT6, STM32G471MET3, STM32G471MET6, STM32G471MEY6TR, STM32G471QCT6, STM32G471QET3, STM32G471RCT6, STM32G471RET3, STM32G471RET6, STM32G471VCH6, STM32G471VCI6, STM32G471VCT6, STM32G471VEH3, STM32G471VEH6, STM32G471VEI3, STM32G471VEI6, STM32G471VET3, STM32G471VET6, STM32G474CCT6, STM32H503CBT6, STM32H503CBU6, STM32H503EBY6TR, STM32H503KBU6, STM32H503RBT6, STM32H562AGI6, STM32H562AII6, STM32H562IGK6, STM32H562IGT6, STM32H562IIK6, STM32H562IIT6, STM32H562RGT6, STM32H562RGV6, STM32H562RIT6, STM32H562RIV6, STM32H562VGT6, STM32H562VIT6, STM32H562ZGT6, STM32H562ZIT6, STM32H563AGI6, STM32H563AII3Q, STM32H563AII6, STM32H563IGK6, STM32H563IGT6, STM32H563IIK3Q, STM32H563IIK6, STM32H563IIT3Q, STM32H563IIT6, STM32H563MIY3QTR, STM32H563RGT6, STM32H563RGV6, STM32H563RIT6, STM32H563RIV6, STM32H563VGT6, STM32H563VIT3Q, STM32H563VIT6, STM32H563ZGT6, STM32H563ZIT3Q, STM32H563ZIT6, STM32H573AII3Q, STM32H573AII6, STM32H573I-DK, STM32H573IIK3Q, STM32H573IIK6, STM32H573IIT3Q, STM32H573IIT6, STM32H573MIY3QTR, STM32H573RIT6, STM32H573RIV6, STM32H573VIT3Q, STM32H573VIT6, STM32H573ZIT3Q, STM32H573ZIT6, STM32L4R5QGI6STR, STM32MP131AAE3, STM32MP131AAF3, STM32MP131AAG3, STM32MP131CAE3, STM32MP131CAF3, STM32MP131CAG3, STM32MP131DAE7, STM32MP131DAF7, STM32MP131DAG7, STM32MP131FAE7, STM32MP131FAF7, STM32MP131FAG7, STM32MP133AAE3, STM32MP133AAF3, STM32MP133AAG3, STM32MP133CAE3, STM32MP133CAF3, STM32MP133CAG3, STM32MP133DAE7, STM32MP133DAF7, STM32MP133DAG7, STM32MP133FAE7, STM32MP133FAF7, STM32MP133FAG7, STM32MP135AAE3, STM32MP135AAF3, STM32MP135AAG3, STM32MP135CAE3, STM32MP135CAF3, STM32MP135CAG3, STM32MP135DAE7, STM32MP135DAF7, STM32MP135DAG7, STM32MP135F-DK, STM32MP135FAE7, STM32MP135FAF7, STM32MP135FAF7T, STM32MP135FAF7U, STM32MP135FAG7, STM32U535CBT6, STM32U535CBT6Q, STM32U535CBU6, STM32U535CBU6Q, STM32U535CCT6, STM32U535CCT6Q, STM32U535CCU6, STM32U535CCU6Q, STM32U535CET6, STM32U535CET6Q, STM32U535CEU6, STM32U535CEU6Q, STM32U535JEY6QTR, STM32U535NCY6QTR, STM32U535NEY6QTR, STM32U535RBI6, STM32U535RBI6Q, STM32U535RBT6, STM32U535RBT6Q, STM32U535RCI6, STM32U535RCI6Q, STM32U535RCT6, STM32U535RCT6Q, STM32U535REI6, STM32U535REI6Q, STM32U535RET6, STM32U535RET6Q, STM32U535VCI6, STM32U535VCI6Q, STM32U535VCT6, STM32U535VCT6Q, STM32U535VEI6, STM32U535VEI6Q, STM32U535VET6, STM32U535VET6Q, STM32U545CET6, STM32U545CET6Q, STM32U545CEU6, STM32U545CEU6Q, STM32U545JEY6QTR, STM32U545NEY6QTR, STM32U545REI6, STM32U545REI6Q, STM32U545RET6, STM32U545RET6Q, STM32U545VEI6, STM32U545VEI6Q, STM32U545VET6, STM32U545VET6Q, STM32U595AIH6, STM32U595AIH6Q, STM32U595AJH6, STM32U595AJH6Q, STM32U595QII6, STM32U595QII6Q, STM32U595QJI6, STM32U595QJI6Q, STM32U595RIT6, STM32U595RIT6Q, STM32U595RJT6, STM32U595RJT6Q, STM32U595VIT6, STM32U595VIT6Q, STM32U595VJT6, STM32U595VJT6Q, STM32U595ZIT6, STM32U595ZIT6Q, STM32U595ZIY6QTR, STM32U595ZJT6, STM32U595ZJT6Q, STM32U595ZJY6QTR, STM32U599BJY6QTR, STM32U599NIH6Q, STM32U599NJH6Q, STM32U599VIT6Q, STM32U599VJT6, STM32U599VJT6Q, STM32U599ZIT6Q, STM32U599ZIY6QTR, STM32U599ZJT6Q, STM32U599ZJY6QTR, STM32U5A5AJH6, STM32U5A5AJH6Q, STM32U5A5QJI6, STM32U5A5QJI6Q, STM32U5A5RJT6, STM32U5A5RJT6Q, STM32U5A5VJT6, STM32U5A5VJT6Q, STM32U5A5ZJT6, STM32U5A5ZJT6Q, STM32U5A5ZJY6QTR, STM32U5A9BJY6QTR, STM32U5A9J-DK, STM32U5A9NJH6Q, STM32U5A9VJT6Q, STM32U5A9ZJT6Q, STM32U5A9ZJY6QTR, STM32U5F7VIT6, STM32U5F7VIT6Q, STM32U5F7VJT6, STM32U5F7VJT6Q, STM32U5F9BJY6QTR, STM32U5F9NJH6Q, STM32U5F9VIT6Q, STM32U5F9VJT6Q, STM32U5F9ZIJ6QTR, STM32U5F9ZIT6Q, STM32U5F9ZJJ6QTR, STM32U5F9ZJT6Q, STM32U5G7VJT6, STM32U5G7VJT6Q, STM32U5G9BJY6QTR, STM32U5G9J-DK1, STM32U5G9J-DK2, STM32U5G9NJH6Q, STM32U5G9VJT6Q, STM32U5G9ZJJ6QTR, STM32U5G9ZJT6Q, STM32WB1MMCH6, STM32WBA50KEU6, STM32WBA50KEU6TR, STM32WBA50KGU6, STM32WBA50KGU6TR, STM32WBA52CEU6, STM32WBA52CEU6TR, STM32WBA52CEU7, STM32WBA52CEU7TR, STM32WBA52CGU6, STM32WBA52CGU6TR, STM32WBA52CGU6U, STM32WBA52CGU7, STM32WBA52CGU7TR, STM32WBA52KEU6, STM32WBA52KEU6TR, STM32WBA52KGU6, STM32WBA52KGU6TR, STM32WBA54CEU6, STM32WBA54CEU6TR, STM32WBA54CEU7, STM32WBA54CEU7TR, STM32WBA54CGU6, STM32WBA54CGU6TR, STM32WBA54CGU7, STM32WBA54CGU7TR, STM32WBA54KEU6, STM32WBA54KEU6TR, STM32WBA54KEU7, STM32WBA54KEU7TR, STM32WBA54KGU6, STM32WBA54KGU6TR, STM32WBA54KGU7, STM32WBA54KGU7TR, STM32WBA55CEU6, STM32WBA55CEU6TR, STM32WBA55CEU7, STM32WBA55CEU7TR, STM32WBA55CGU6, STM32WBA55CGU6TR, STM32WBA55CGU6U, STM32WBA55CGU7, STM32WBA55CGU7TR, STM32WBA55G-DK1, STM32WBA55HEF6, STM32WBA55HEF7, STM32WBA55HGF6, STM32WBA55HGF7, STM32WBA55UEI6, STM32WBA55UEI6TR, STM32WBA55UEI7, STM32WBA55UEI7TR, STM32WBA55UGI6, STM32WBA55UGI6TR, STM32WBA55UGI7, STM32WBA55UGI7TR, STM32WL5MOCH6, STM32WL5MOCH6TR]
2023-12-21 10:50:02,515 [INFO] BoardInfo:889 - No configuration file found for board P-NUCLEO-WB55
2023-12-21 10:50:02,516 [INFO] DbBoards:161 - Kit is not supported: P-NUCLEO-WB55
2023-12-21 10:50:02,523 [INFO] BoardInfo:889 - No configuration file found for board STEVAL-BFA001V1B
2023-12-21 10:50:02,523 [INFO] DbBoards:161 - Kit is not supported: STEVAL-BFA001V1B
2023-12-21 10:50:02,524 [INFO] BoardInfo:889 - No configuration file found for board STEVAL-BFA001V2B
2023-12-21 10:50:02,524 [INFO] DbBoards:161 - Kit is not supported: STEVAL-BFA001V2B
2023-12-21 10:50:02,701 [INFO] DbBoards:168 - Found 193 boards, 190 are supported
2023-12-21 10:50:02,701 [INFO] DbBoards:169 - Found 193 boards, 3 of them is supported for  Bsp
2023-12-21 10:50:02,707 [INFO] ApiDb:423 - Load user favorites file C:\Users\sudh1/.stm32cubeide/favorites.boards.txt: 0 item(s)
2023-12-21 10:50:02,707 [INFO] ApiDb:427 - User favorites Boards=[]
2023-12-21 10:50:02,708 [INFO] DbBoards:198 - Set 0 / 0 favorites Boards
2023-12-21 10:50:02,712 [INFO] ApiDb:668 - CubeFinder database Data Model version=2.1
2023-12-21 10:50:02,712 [INFO] ApiDb:669 - CubeFinder database Configuration version=3.0.39
2023-12-21 10:50:02,712 [INFO] ApiDb:670 - CubeFinder database generation date=2023-11-06 (1699269565)
2023-12-21 10:50:02,712 [INFO] ApiDb:671 - CubeFinder database FW Pack versions=[FP-ATR-ASTRA1_V2.0.0, FP-SNS-FLIGHT1_V5.0.1, FP-SNS-FLIGHT1_V5.0.2, FP-SNS-MOTENV1_V4.3.1, FP-SNS-MOTENV1_V4.3.2, FP-SNS-MOTENVWB1_V1.3.0, FP-SNS-SMARTAG2_V1.2.0, STM32Cube_FW_C0_V1.1.0, STM32Cube_FW_F4_V1.28.0, STM32Cube_FW_F7_V1.17.0, STM32Cube_FW_G0_V1.6.1, STM32Cube_FW_G4_V1.5.1, STM32Cube_FW_H5_V0.5.1, STM32Cube_FW_H5_V1.1.1, STM32Cube_FW_H5_V1.2.0RC2, STM32Cube_FW_H7_V1.11.0, STM32Cube_FW_L0_V1.12.2, STM32Cube_FW_L5_V1.5.0, STM32Cube_FW_U5_V1.3.0RC4, STM32Cube_FW_U5_V1.4.0, STM32Cube_FW_WBA_V1.0.0RC1, STM32Cube_FW_WBA_V1.1.0RC1, STM32Cube_FW_WBA_V1.2.0, STM32Cube_FW_WBA_V1.2.0RC2, STM32Cube_FW_WB_V1.15.0RC1, STM32Cube_FW_WB_V1.16.0, STM32Cube_FW_WB_V1.16.0RC2, STM32Cube_FW_WB_V1.18.0, STM32Cube_FW_WL_V1.3.0, X-CUBE-ALGOBUILD_V1.3.0, X-CUBE-ALS_V1.0.1, X-CUBE-AZRTOS-F4_V1.1.0, X-CUBE-AZRTOS-F7_V1.1.0, X-CUBE-AZRTOS-G0_V1.1.0, X-CUBE-AZRTOS-G4_V2.0.0, X-CUBE-AZRTOS-H7_V3.1.0, X-CUBE-AZRTOS-L4_V1.0.0, X-CUBE-AZRTOS-L4_V2.0.0, X-CUBE-AZRTOS-L5_V1.1.0, X-CUBE-AZRTOS-WB_V2.0.0, X-CUBE-AZRTOS-WL_V2.0.0, X-CUBE-BLE1_V7.0.0, X-CUBE-BLE2_V3.3.0, X-CUBE-BLEMGR_V2.0.0, X-CUBE-EEPRMA1_V4.1.0, X-CUBE-EEPRMA1_V4.2.0, X-CUBE-FREERTOS_V1.1.0, X-CUBE-GNSS1_V6.0.0, X-CUBE-MEMS1_V10.0.0, X-CUBE-MEMS1_V9.1.0, X-CUBE-MEMS1_V9.4.0, X-CUBE-MEMS1_V9.6.0, X-CUBE-NFC4_V3.0.0, X-CUBE-NFC7_V1.0.1, X-CUBE-SFXS2LP1_V4.0.0, X-CUBE-SUBG2_V5.0.0, X-CUBE-TOF1_V3.3.1]
2023-12-21 10:50:04,355 [ERROR] DbExamplesSqlite:437 - Missing JSON key: board_cpn
2023-12-21 10:50:04,356 [ERROR] DbExamplesSqlite:437 - Missing JSON key: board_cpn
2023-12-21 10:50:04,356 [ERROR] DbExamplesSqlite:437 - Missing JSON key: board_cpn
2023-12-21 10:50:04,356 [ERROR] DbExamplesSqlite:437 - Missing JSON key: board_cpn
2023-12-21 10:50:04,433 [INFO] DbExamplesSqlite:395 - Ignored 55 examples not supported by CubeIDE
2023-12-21 10:50:04,433 [INFO] DbExamplesSqlite:396 - Found 7548 examples active
2023-12-21 10:50:04,433 [INFO] DbExamplesSqlite:397 - Found 848 examples obsolete
2023-12-21 10:50:04,433 [INFO] DbExamplesSqlite:398 - Found 0 examples under development
2023-12-21 10:50:04,433 [INFO] DbExamplesSqlite:399 - Found 8 examples not building
2023-12-21 10:50:04,434 [INFO] DbExamples:125 - Found 7501 examples
2023-12-21 10:50:04,464 [INFO] DbExamples:222 - Found 95 boards with related examples
2023-12-21 10:50:04,465 [INFO] DbExamples:235 - Found 80 MCUs with related examples
2023-12-21 10:50:04,525 [INFO] ApiDb:423 - Load user favorites file C:\Users\sudh1/.stm32cubeide/favorites.examples.txt: 0 item(s)
2023-12-21 10:50:04,525 [INFO] ApiDb:427 - User favorites Examples=[]
2023-12-21 10:50:04,525 [INFO] DbExamples:250 - Set 0 / 0 favorites Examples
2023-12-21 10:50:05,062 [INFO] McuFinderGlobals:76 - Set McuFinderConnectedMode to true
2023-12-21 10:50:05,074 [INFO] MultiScanPanel:200 - Auto-refresh data requested => check proxy status ongoing
2023-12-21 10:50:05,078 [INFO] FinderPluginLoader:95 - Searching for filters in installed packs
2023-12-21 10:50:07,181 [INFO] LoadUrlFilesThread:185 - End of LoadServerUrlFiles without Thread
2023-12-21 10:50:07,196 [INFO] DetailPanel:341 - Set advertising image to C:/Users/sudh1/STM32Cube/Repository/\en.prom-stm32wl3-mcu-finder.jpg
2023-12-21 10:50:55,426 [INFO] MultiScanPanel:200 - Auto-refresh data requested => check proxy status ongoing
2023-12-21 10:50:55,612 [INFO] LoadUrlFilesThread:185 - End of LoadServerUrlFiles without Thread
2023-12-21 10:50:55,613 [INFO] DetailPanel:341 - Set advertising image to C:/Users/sudh1/STM32Cube/Repository/\en.prom-stm32wl3-mcu-finder.jpg
2023-12-21 10:50:55,625 [INFO] DbBoards:642 - Loading board mini-images...
2023-12-21 10:50:56,832 [ERROR] DbBoards:659 - Image file not found for board NUCLEO-WBA55CG: C:\Users\sudh1\.stmcufinder\plugins\mcufinder//mcu//boards_images/NUCLEO-WBA55CG.jpg
2023-12-21 10:50:58,600 [ERROR] DbBoards:659 - Image file not found for board STM32WBA55G-DK1: C:\Users\sudh1\.stmcufinder\plugins\mcufinder//mcu//boards_images/STM32WBA55G-DK1.jpg
2023-12-21 10:50:58,600 [INFO] DbBoards:665 - Loaded 191 board mini-images
2023-12-21 10:52:25,052 [INFO] MetaSearchPanel:254 - search for filter with key=STM32F4
2023-12-21 10:52:25,052 [INFO] MetaSearchPanel:355 - search for filter component McuSeries
2023-12-21 10:52:25,052 [INFO] MetaSearchPanel:329 - Collapse all filters sections
2023-12-21 10:58:52,080 [INFO] ServerAccessManage:473 - Download File DB1421.pdf
2023-12-21 10:58:52,523 [INFO] LoadUrlFilesThread:156 - End of LoadUrlFiles Thread
2023-12-21 10:58:52,649 [INFO] BoardAction:139 - Datasheet
2023-12-21 10:59:25,226 [INFO] BoardAction:75 - Docs & Resources
2023-12-21 10:59:31,447 [INFO] BoardAction:139 - Datasheet
2023-12-21 11:02:16,636 [INFO] ServerAccessManage:473 - Download File UM1472.pdf
2023-12-21 11:02:17,046 [INFO] LoadUrlFilesThread:156 - End of LoadUrlFiles Thread
2023-12-21 11:04:09,674 [INFO] McuFinderGlobals:76 - Set McuFinderConnectedMode to true
2023-12-21 11:04:09,684 [INFO] ApiDb:448 - Save user favorites file C:\Users\sudh1/.stm32cubeide/favorites.mcus.txt: 0 item(s)
2023-12-21 11:04:09,685 [INFO] ApiDb:452 - User favorites MCUs=[]
2023-12-21 11:04:09,687 [INFO] ApiDb:448 - Save user favorites file C:\Users\sudh1/.stm32cubeide/favorites.boards.txt: 0 item(s)
2023-12-21 11:04:09,687 [INFO] ApiDb:452 - User favorites Boards=[]
2023-12-21 11:20:47,155 [INFO] MainUpdater:2873 - connection check result : 10
2023-12-21 11:20:47,321 [INFO] McuFinderGlobals:76 - Set McuFinderConnectedMode to true
2023-12-21 11:20:47,325 [INFO] MultiScanPanel:200 - Auto-refresh data requested => check proxy status ongoing
2023-12-21 11:20:47,330 [INFO] FinderPluginLoader:95 - Searching for filters in installed packs
2023-12-21 11:20:48,366 [INFO] LoadUrlFilesThread:185 - End of LoadServerUrlFiles without Thread
2023-12-21 11:20:48,367 [INFO] DetailPanel:341 - Set advertising image to C:/Users/sudh1/STM32Cube/Repository/\en.prom-stm32wl3-mcu-finder.jpg
2023-12-21 11:22:02,210 [INFO] ApiDb:581 - Connected to CubeFinder SQLite database (C:\Users\sudh1\.stmcufinder\plugins\mcufinder\mcu\cube-finder-db.db)
2023-12-21 11:23:36,083 [INFO] MultiScanPanel:200 - Auto-refresh data requested => check proxy status ongoing
2023-12-21 11:23:36,144 [INFO] LoadUrlFilesThread:185 - End of LoadServerUrlFiles without Thread
2023-12-21 11:23:36,144 [INFO] DetailPanel:341 - Set advertising image to C:/Users/sudh1/STM32Cube/Repository/\en.prom-stm32wl3-mcu-finder.jpg
2023-12-21 11:25:59,969 [INFO] McuFinderGlobals:76 - Set McuFinderConnectedMode to true
2023-12-21 11:26:00,224 [INFO] ApiDb:448 - Save user favorites file C:\Users\sudh1/.stm32cubeide/favorites.mcus.txt: 0 item(s)
2023-12-21 11:26:00,225 [INFO] ApiDb:452 - User favorites MCUs=[]
2023-12-21 11:26:00,229 [INFO] ApiDb:448 - Save user favorites file C:\Users\sudh1/.stm32cubeide/favorites.boards.txt: 0 item(s)
2023-12-21 11:26:00,229 [INFO] ApiDb:452 - User favorites Boards=[]
2023-12-21 13:32:31,100 [ERROR] LogOutputStream:75 - [STDERR_REDIRECT] 
