2024-02-13 11:07:58,926 [INFO] Activator:176 - 


2024-02-13 11:07:58,936 [INFO] Activator:177 - !SESSION log4j initialized
2024-02-13 11:08:05,582 [INFO] LogOutputStream:77 - [STDOUT_REDIRECT] 
2024-02-13 11:08:07,769 [INFO] ApplicationProperties:184 - Using Application install path: C:\ST\STM32CubeIDE_1.14.0\STM32CubeIDE\plugins\com.st.stm32cube.common.mx_6.10.0.202311202037
2024-02-13 11:08:07,786 [INFO] DbMcusXml:78 - Set database path to: C:\ST\STM32CubeIDE_1.14.0\STM32CubeIDE\plugins\com.st.stm32cube.common.mx_6.10.0.202311202037\\db\/mcu/
2024-02-13 11:08:07,786 [INFO] ApiDb:274 - Set plugin database path to: C:\ST\STM32CubeIDE_1.14.0\STM32CubeIDE\plugins\com.st.stm32cube.common.mx_6.10.0.202311202037\\db\/plugins/boardmanager/
2024-02-13 11:08:07,787 [WARN] ApiDb:259 - Overriding images path with different value:  => C:\ST\STM32CubeIDE_1.14.0\STM32CubeIDE\plugins\com.st.stm32cube.common.mx_6.10.0.202311202037\\db\/plugins/mcufinder/images/
2024-02-13 11:08:07,796 [INFO] ApiDb:250 - Set database path to: C:\Users\sudh1\.stmcufinder\plugins\mcufinder//mcu/
2024-02-13 11:08:07,797 [INFO] DbMcusAds:125 - Set database path to: C:\Users\sudh1\.stmcufinder\plugins\mcufinder//mcu/
2024-02-13 11:08:07,799 [INFO] CrossReferenceDbSqlite:203 - Set database path to: C:\Users\sudh1\.stmcufinder\plugins\mcufinder//mcu/cs/
2024-02-13 11:08:07,902 [INFO] RulesReader:64 - Compatibility file has been processed (297 Rules)
2024-02-13 11:08:07,971 [INFO] DbMcusXml:78 - Set database path to: C:\ST\STM32CubeIDE_1.14.0\STM32CubeIDE\plugins\com.st.stm32cube.common.mx_6.10.0.202311202037\\db\/mcu/
2024-02-13 11:08:07,971 [INFO] ApiDb:274 - Set plugin database path to: C:\ST\STM32CubeIDE_1.14.0\STM32CubeIDE\plugins\com.st.stm32cube.common.mx_6.10.0.202311202037\\db\/plugins/boardmanager/
2024-02-13 11:08:07,971 [INFO] ApiDb:261 - Set plugin images path to: C:\ST\STM32CubeIDE_1.14.0\STM32CubeIDE\plugins\com.st.stm32cube.common.mx_6.10.0.202311202037\\db\/plugins/mcufinder/images/
2024-02-13 11:08:07,971 [WARN] DbFile:41 - Overriding database path with different value: C:\Users\sudh1\.stmcufinder\plugins\mcufinder/ => C:\Users\sudh1\.stmcufinder\plugins\mcufinder
2024-02-13 11:08:07,971 [INFO] ApiDb:250 - Set database path to: C:\Users\sudh1\.stmcufinder\plugins\mcufinder//mcu/
2024-02-13 11:08:07,971 [WARN] DbFile:41 - Overriding database path with different value: C:\Users\sudh1\.stmcufinder\plugins\mcufinder/ => C:\Users\sudh1\.stmcufinder\plugins\mcufinder
2024-02-13 11:08:07,971 [INFO] DbMcusAds:125 - Set database path to: C:\Users\sudh1\.stmcufinder\plugins\mcufinder//mcu/
2024-02-13 11:08:07,971 [WARN] DbFile:41 - Overriding database path with different value: C:\Users\sudh1\.stmcufinder\plugins\mcufinder/ => C:\Users\sudh1\.stmcufinder\plugins\mcufinder
2024-02-13 11:08:07,971 [WARN] DbFile:41 - Overriding database path with different value: C:\Users\sudh1\.stmcufinder\plugins\mcufinder/ => C:\Users\sudh1\.stmcufinder\plugins\mcufinder
2024-02-13 11:08:07,971 [INFO] CrossReferenceDbSqlite:203 - Set database path to: C:\Users\sudh1\.stmcufinder\plugins\mcufinder//mcu/cs/
2024-02-13 11:08:08,037 [INFO] MainPanel:264 - HeapMemory: 268435456
2024-02-13 11:08:08,125 [INFO] DbMcusXml:78 - Set database path to: C:\ST\STM32CubeIDE_1.14.0\STM32CubeIDE\plugins\com.st.stm32cube.common.mx_6.10.0.202311202037\\db\/mcu/
2024-02-13 11:08:08,125 [INFO] ApiDb:274 - Set plugin database path to: C:\ST\STM32CubeIDE_1.14.0\STM32CubeIDE\plugins\com.st.stm32cube.common.mx_6.10.0.202311202037\\db\/plugins/boardmanager/
2024-02-13 11:08:08,125 [INFO] ApiDb:261 - Set plugin images path to: C:\ST\STM32CubeIDE_1.14.0\STM32CubeIDE\plugins\com.st.stm32cube.common.mx_6.10.0.202311202037\\db\/plugins/mcufinder/images/
2024-02-13 11:08:08,125 [WARN] DbFile:41 - Overriding database path with different value: C:\Users\sudh1\.stmcufinder\plugins\mcufinder/ => C:\Users\sudh1\.stmcufinder\plugins\mcufinder
2024-02-13 11:08:08,125 [INFO] ApiDb:250 - Set database path to: C:\Users\sudh1\.stmcufinder\plugins\mcufinder//mcu/
2024-02-13 11:08:08,125 [WARN] DbFile:41 - Overriding database path with different value: C:\Users\sudh1\.stmcufinder\plugins\mcufinder/ => C:\Users\sudh1\.stmcufinder\plugins\mcufinder
2024-02-13 11:08:08,126 [INFO] DbMcusAds:125 - Set database path to: C:\Users\sudh1\.stmcufinder\plugins\mcufinder//mcu/
2024-02-13 11:08:08,126 [WARN] DbFile:41 - Overriding database path with different value: C:\Users\sudh1\.stmcufinder\plugins\mcufinder/ => C:\Users\sudh1\.stmcufinder\plugins\mcufinder
2024-02-13 11:08:08,126 [WARN] DbFile:41 - Overriding database path with different value: C:\Users\sudh1\.stmcufinder\plugins\mcufinder/ => C:\Users\sudh1\.stmcufinder\plugins\mcufinder
2024-02-13 11:08:08,126 [INFO] CrossReferenceDbSqlite:203 - Set database path to: C:\Users\sudh1\.stmcufinder\plugins\mcufinder//mcu/cs/
2024-02-13 11:08:08,145 [INFO] ApplicationProperties:184 - Using Application install path: C:\ST\STM32CubeIDE_1.14.0\STM32CubeIDE\plugins\com.st.stm32cube.common.mx_6.10.0.202311202037
2024-02-13 11:08:08,146 [INFO] PluginManage:196 - Search for loadable plugins [exclusion list=, ]
2024-02-13 11:08:08,147 [INFO] PluginManage:310 - Check plugin analytics
2024-02-13 11:08:08,295 [INFO] AnalyticsPlugin:253 - Accepted Software Licenses: 
2024-02-13 11:08:08,295 [INFO] AnalyticsPlugin:255 - Accepted CMSIS Pack Licenses: 
2024-02-13 11:08:08,295 [INFO] AnalyticsPlugin:257 - Accepted Firmware Licenses: 
2024-02-13 11:08:08,297 [INFO] PluginManage:359 - Loaded plugin analytics (category:tool,tabindex:-1)
2024-02-13 11:08:08,297 [INFO] PluginManage:310 - Check plugin cadmodel
2024-02-13 11:08:08,310 [INFO] CADModel:105 - Init CAD model plugin
2024-02-13 11:08:08,310 [INFO] PluginManage:359 - Loaded plugin cadmodel (category:power,tabindex:5)
2024-02-13 11:08:08,310 [INFO] PluginManage:310 - Check plugin clock
2024-02-13 11:08:08,328 [INFO] PluginManage:359 - Loaded plugin clock (category:base,tabindex:2)
2024-02-13 11:08:08,328 [INFO] PluginManage:310 - Check plugin ddr
2024-02-13 11:08:08,330 [INFO] PluginManage:359 - Loaded plugin ddr (category:tool,tabindex:6)
2024-02-13 11:08:08,330 [INFO] PluginManage:310 - Check plugin filemanager
2024-02-13 11:08:08,447 [INFO] PluginManage:359 - Loaded plugin filemanager (category:base,tabindex:10)
2024-02-13 11:08:08,447 [INFO] PluginManage:310 - Check plugin ipmanager
2024-02-13 11:08:08,454 [INFO] PluginManage:359 - Loaded plugin ipmanager (category:base,tabindex:5)
2024-02-13 11:08:08,454 [INFO] PluginManage:310 - Check plugin lpbam
2024-02-13 11:08:08,469 [INFO] PluginManage:359 - Loaded plugin lpbam (category:base,tabindex:0)
2024-02-13 11:08:08,469 [INFO] PluginManage:310 - Check plugin memorymap
2024-02-13 11:08:08,490 [INFO] PluginManage:359 - Loaded plugin memorymap (category:base,tabindex:4)
2024-02-13 11:08:08,490 [INFO] PluginManage:310 - Check plugin pinoutandconfiguration
2024-02-13 11:08:08,505 [INFO] PluginManage:359 - Loaded plugin pinoutandconfiguration (category:base,tabindex:1)
2024-02-13 11:08:08,505 [INFO] PluginManage:310 - Check plugin pinoutconfig
2024-02-13 11:08:08,593 [WARN] SupportedApi:132 - Cannot load RTOS API schema: s4s-elt-must-match.1: The content of 'definitions' must match (annotation?, (simpleType | complexType)?, (unique | key | keyref)*)). A problem was found starting at: attribute.
2024-02-13 11:08:08,714 [INFO] PluginManage:359 - Loaded plugin pinoutconfig (category:base,tabindex:0)
2024-02-13 11:08:08,714 [INFO] PluginManage:310 - Check plugin power
2024-02-13 11:08:08,731 [INFO] PluginManage:359 - Loaded plugin power (category:power,tabindex:4)
2024-02-13 11:08:08,732 [INFO] PluginManage:310 - Check plugin projectmanager
2024-02-13 11:08:08,744 [INFO] PluginManage:359 - Loaded plugin projectmanager (category:projectmanager,tabindex:3)
2024-02-13 11:08:08,744 [INFO] PluginManage:310 - Check plugin thirdparty
2024-02-13 11:08:08,991 [INFO] PluginManage:359 - Loaded plugin thirdparty (category:base,tabindex:-1)
2024-02-13 11:08:08,991 [WARN] IntegrityCheckThread:84 - waiting for thirdparty lock release [integrity check]
2024-02-13 11:08:08,991 [INFO] PluginManage:310 - Check plugin tools
2024-02-13 11:08:08,991 [INFO] IntegrityCheckThread:86 - entering critical section [integrity check]
2024-02-13 11:08:08,991 [INFO] ThirdPartyUpdaterWithRetryManager:70 - Updater plugin not ready yet. [1/15]
2024-02-13 11:08:09,021 [INFO] PluginManage:359 - Loaded plugin tools (category:base,tabindex:7)
2024-02-13 11:08:09,021 [INFO] PluginManage:310 - Check plugin tutovideos
2024-02-13 11:08:09,210 [INFO] PluginManage:359 - Loaded plugin tutovideos (category:base,tabindex:-1)
2024-02-13 11:08:09,210 [INFO] PluginManage:310 - Check plugin updater
2024-02-13 11:08:09,222 [INFO] PluginManage:359 - Loaded plugin updater (category:base,tabindex:12)
2024-02-13 11:08:09,222 [INFO] PluginManage:310 - Check plugin userauth
2024-02-13 11:08:09,228 [INFO] UserAuth:114 - Init User Auth plugin
2024-02-13 11:08:09,228 [INFO] PluginManage:359 - Loaded plugin userauth (category:base,tabindex:14)
2024-02-13 11:08:09,228 [INFO] PluginManage:283 - PluginManage : Loaded plugins [17]
2024-02-13 11:08:09,238 [ERROR] ConfigurationRetriever:142 - IOException on connection: Read timed out
2024-02-13 11:08:09,456 [INFO] PinOutPanel:1499 - setPackage(No Configuration,No Configuration)
2024-02-13 11:08:09,521 [INFO] CADModel:165 - CPN selected for project level
2024-02-13 11:08:09,522 [INFO] CADModel:114 - Register for checkConnection events
2024-02-13 11:08:09,548 [INFO] IPUIPlugin:80 - create IPUIPlugin
2024-02-13 11:08:09,548 [INFO] PluginManager:220 - loadIPPluginJar : add adc
2024-02-13 11:08:09,580 [INFO] IPUIPlugin:80 - create IPUIPlugin
2024-02-13 11:08:09,580 [INFO] PluginManager:220 - loadIPPluginJar : add aes
2024-02-13 11:08:09,616 [INFO] IPUIPlugin:80 - create IPUIPlugin
2024-02-13 11:08:09,616 [INFO] PluginManager:220 - loadIPPluginJar : add can
2024-02-13 11:08:09,639 [INFO] IPUIPlugin:80 - create IPUIPlugin
2024-02-13 11:08:09,639 [INFO] PluginManager:220 - loadIPPluginJar : add comp
2024-02-13 11:08:09,667 [INFO] IPUIPlugin:80 - create IPUIPlugin
2024-02-13 11:08:09,667 [INFO] PluginManager:220 - loadIPPluginJar : add cryp
2024-02-13 11:08:09,692 [INFO] IPUIPlugin:80 - create IPUIPlugin
2024-02-13 11:08:09,692 [INFO] PluginManager:220 - loadIPPluginJar : add dfsdm
2024-02-13 11:08:09,706 [INFO] IPUIPlugin:80 - create IPUIPlugin
2024-02-13 11:08:09,706 [INFO] PluginManager:220 - loadIPPluginJar : add dma
2024-02-13 11:08:09,743 [INFO] IPUIPlugin:80 - create IPUIPlugin
2024-02-13 11:08:09,743 [INFO] PluginManager:220 - loadIPPluginJar : add dma3
2024-02-13 11:08:09,763 [INFO] IPUIPlugin:80 - create IPUIPlugin
2024-02-13 11:08:09,763 [INFO] PluginManager:220 - loadIPPluginJar : add fatfs
2024-02-13 11:08:09,803 [INFO] IPUIPlugin:80 - create IPUIPlugin
2024-02-13 11:08:09,803 [INFO] PluginManager:220 - loadIPPluginJar : add fmc
2024-02-13 11:08:09,816 [INFO] IPUIPlugin:80 - create IPUIPlugin
2024-02-13 11:08:09,816 [INFO] PluginManager:220 - loadIPPluginJar : add freertos
2024-02-13 11:08:09,835 [INFO] IPUIPlugin:80 - create IPUIPlugin
2024-02-13 11:08:09,835 [INFO] PluginManager:220 - loadIPPluginJar : add genericplugin
2024-02-13 11:08:09,912 [INFO] IPUIPlugin:80 - create IPUIPlugin
2024-02-13 11:08:09,912 [INFO] PluginManager:220 - loadIPPluginJar : add gfxmmu
2024-02-13 11:08:10,020 [INFO] IPUIPlugin:80 - create IPUIPlugin
2024-02-13 11:08:10,020 [INFO] PluginManager:220 - loadIPPluginJar : add gic
2024-02-13 11:08:10,032 [INFO] IPUIPlugin:80 - create IPUIPlugin
2024-02-13 11:08:10,032 [INFO] PluginManager:220 - loadIPPluginJar : add gpio
2024-02-13 11:08:10,109 [INFO] IPUIPlugin:80 - create IPUIPlugin
2024-02-13 11:08:10,109 [INFO] PluginManager:220 - loadIPPluginJar : add gtzc
2024-02-13 11:08:10,136 [INFO] IPUIPlugin:80 - create IPUIPlugin
2024-02-13 11:08:10,137 [INFO] PluginManager:220 - loadIPPluginJar : add hash
2024-02-13 11:08:10,180 [INFO] IPUIPlugin:80 - create IPUIPlugin
2024-02-13 11:08:10,180 [INFO] PluginManager:220 - loadIPPluginJar : add i2c
2024-02-13 11:08:10,213 [INFO] IPUIPlugin:80 - create IPUIPlugin
2024-02-13 11:08:10,213 [INFO] PluginManager:220 - loadIPPluginJar : add i2s
2024-02-13 11:08:10,248 [INFO] IPUIPlugin:80 - create IPUIPlugin
2024-02-13 11:08:10,248 [INFO] PluginManager:220 - loadIPPluginJar : add i3c
2024-02-13 11:08:10,334 [INFO] IPUIPlugin:80 - create IPUIPlugin
2024-02-13 11:08:10,334 [INFO] PluginManager:220 - loadIPPluginJar : add ipddr
2024-02-13 11:08:10,411 [INFO] IPUIPlugin:80 - create IPUIPlugin
2024-02-13 11:08:10,411 [INFO] PluginManager:220 - loadIPPluginJar : add linkedlist
2024-02-13 11:08:10,441 [INFO] IPUIPlugin:80 - create IPUIPlugin
2024-02-13 11:08:10,441 [INFO] PluginManager:220 - loadIPPluginJar : add lorawan
2024-02-13 11:08:10,474 [INFO] IPUIPlugin:80 - create IPUIPlugin
2024-02-13 11:08:10,474 [INFO] PluginManager:220 - loadIPPluginJar : add ltdc
2024-02-13 11:08:10,487 [INFO] IPUIPlugin:80 - create IPUIPlugin
2024-02-13 11:08:10,487 [INFO] PluginManager:220 - loadIPPluginJar : add mdma
2024-02-13 11:08:10,500 [INFO] IPUIPlugin:80 - create IPUIPlugin
2024-02-13 11:08:10,501 [INFO] PluginManager:220 - loadIPPluginJar : add nvic
2024-02-13 11:08:10,535 [INFO] IPUIPlugin:80 - create IPUIPlugin
2024-02-13 11:08:10,536 [INFO] PluginManager:220 - loadIPPluginJar : add opamp
2024-02-13 11:08:10,592 [INFO] IPUIPlugin:80 - create IPUIPlugin
2024-02-13 11:08:10,593 [INFO] PluginManager:220 - loadIPPluginJar : add openamp
2024-02-13 11:08:10,632 [INFO] IPUIPlugin:80 - create IPUIPlugin
2024-02-13 11:08:10,632 [INFO] PluginManager:220 - loadIPPluginJar : add pdm2pcm
2024-02-13 11:08:10,646 [INFO] IPUIPlugin:80 - create IPUIPlugin
2024-02-13 11:08:10,648 [INFO] PluginManager:220 - loadIPPluginJar : add plateformsettings
2024-02-13 11:08:10,669 [INFO] IPUIPlugin:80 - create IPUIPlugin
2024-02-13 11:08:10,669 [INFO] PluginManager:220 - loadIPPluginJar : add quadspi
2024-02-13 11:08:10,683 [INFO] IPUIPlugin:80 - create IPUIPlugin
2024-02-13 11:08:10,683 [INFO] PluginManager:220 - loadIPPluginJar : add resmgrutility
2024-02-13 11:08:10,728 [INFO] IPUIPlugin:80 - create IPUIPlugin
2024-02-13 11:08:10,728 [INFO] PluginManager:220 - loadIPPluginJar : add sai
2024-02-13 11:08:10,765 [INFO] IPUIPlugin:80 - create IPUIPlugin
2024-02-13 11:08:10,765 [INFO] PluginManager:220 - loadIPPluginJar : add spi
2024-02-13 11:08:10,825 [INFO] IPUIPlugin:80 - create IPUIPlugin
2024-02-13 11:08:10,825 [INFO] PluginManager:220 - loadIPPluginJar : add stm32_wpan
2024-02-13 11:08:10,847 [INFO] IPUIPlugin:80 - create IPUIPlugin
2024-02-13 11:08:10,847 [INFO] PluginManager:220 - loadIPPluginJar : add tim
2024-02-13 11:08:10,893 [INFO] IPUIPlugin:80 - create IPUIPlugin
2024-02-13 11:08:10,894 [INFO] PluginManager:220 - loadIPPluginJar : add touchsensing
2024-02-13 11:08:10,913 [INFO] IPUIPlugin:80 - create IPUIPlugin
2024-02-13 11:08:10,913 [INFO] PluginManager:220 - loadIPPluginJar : add tracer_emb
2024-02-13 11:08:10,933 [INFO] IPUIPlugin:80 - create IPUIPlugin
2024-02-13 11:08:10,933 [INFO] PluginManager:220 - loadIPPluginJar : add ts
2024-02-13 11:08:10,952 [INFO] IPUIPlugin:80 - create IPUIPlugin
2024-02-13 11:08:10,952 [INFO] PluginManager:220 - loadIPPluginJar : add tsc
2024-02-13 11:08:10,970 [INFO] IPUIPlugin:80 - create IPUIPlugin
2024-02-13 11:08:10,970 [INFO] PluginManager:220 - loadIPPluginJar : add ucpd
2024-02-13 11:08:11,007 [INFO] IPUIPlugin:80 - create IPUIPlugin
2024-02-13 11:08:11,008 [INFO] PluginManager:220 - loadIPPluginJar : add usart
2024-02-13 11:08:11,045 [INFO] IPUIPlugin:80 - create IPUIPlugin
2024-02-13 11:08:11,045 [INFO] PluginManager:220 - loadIPPluginJar : add usbx
2024-02-13 11:08:11,166 [INFO] CADModel:165 - CPN selected for project level
2024-02-13 11:08:11,166 [INFO] CADModel:114 - Register for checkConnection events
2024-02-13 11:08:11,167 [FATAL] Updater:308 - Updater called before beeing initialized
2024-02-13 11:08:11,167 [ERROR] CADModel:125 - Updater not yet initialized, retry later 
2024-02-13 11:08:11,295 [INFO] CADModel:165 - CPN selected for project level
2024-02-13 11:08:11,295 [INFO] CADModel:114 - Register for checkConnection events
2024-02-13 11:08:11,295 [FATAL] Updater:308 - Updater called before beeing initialized
2024-02-13 11:08:11,295 [ERROR] CADModel:125 - Updater not yet initialized, retry later 
2024-02-13 11:08:11,298 [FATAL] Updater:308 - Updater called before beeing initialized
2024-02-13 11:08:11,389 [FATAL] Updater:308 - Updater called before beeing initialized
2024-02-13 11:08:11,394 [ERROR] ConfigurationRetriever:142 - IOException on connection: Read timed out
2024-02-13 11:08:11,398 [INFO] DbMcusAds:53 - JSON generation date=Wed Nov 29 16:22:27 IST 2023 (1701255147200)
2024-02-13 11:08:11,398 [FATAL] Updater:308 - Updater called before beeing initialized
2024-02-13 11:08:11,465 [WARN] DetailPanel:346 - Failed to get advertising image, set to default
2024-02-13 11:08:11,532 [FATAL] Updater:308 - Updater called before beeing initialized
2024-02-13 11:08:11,535 [FATAL] Updater:308 - Updater called before beeing initialized
2024-02-13 11:08:11,535 [FATAL] Updater:308 - Updater called before beeing initialized
2024-02-13 11:08:11,535 [WARN] DetailPanel:346 - Failed to get advertising image, set to default
2024-02-13 11:08:11,536 [FATAL] Updater:308 - Updater called before beeing initialized
2024-02-13 11:08:11,594 [ERROR] Updater:1120 - MainUpdater not yet initialized. External WinMGr cannot be set.
2024-02-13 11:08:11,605 [INFO] Updater:1056 - Updater Version found : 6.10.0
2024-02-13 11:08:11,623 [INFO] ApplicationProperties:184 - Using Application install path: C:\ST\STM32CubeIDE_1.14.0\STM32CubeIDE\plugins\com.st.stm32cube.common.mx_6.10.0.202311202037
2024-02-13 11:08:11,993 [INFO] ThirdPartyUpdaterWithRetryManager:70 - Updater plugin not ready yet. [2/15]
2024-02-13 11:08:13,203 [ERROR] LogOutputStream:75 - [STDERR_REDIRECT] Feb 13, 2024 11:08:13 AM java.util.prefs.WindowsPreferences <init>
2024-02-13 11:08:13,204 [ERROR] LogOutputStream:75 - [STDERR_REDIRECT] WARNING: Could not open/create prefs root node Software\JavaSoft\Prefs at root 0xffffffff80000002. Windows RegCreateKeyEx(...) returned error code 5.
2024-02-13 11:08:13,204 [ERROR] LogOutputStream:75 - [STDERR_REDIRECT] 
2024-02-13 11:08:14,459 [ERROR] ConfigurationRetriever:142 - IOException on connection: Read timed out
2024-02-13 11:08:14,994 [FATAL] Updater:308 - Updater called before beeing initialized
2024-02-13 11:08:14,995 [ERROR] IntegrityCheckThread:130 - Cannot retrieve database content from updater: error 21
2024-02-13 11:08:14,995 [INFO] ThirdParty:978 - Integrity check success = false
2024-02-13 11:08:14,995 [INFO] IntegrityCheckThread:100 - exiting critical section [integrity check]
2024-02-13 11:08:14,995 [INFO] IntegrityCheckThread:103 - End integrity checks thread
2024-02-13 11:08:15,405 [ERROR] ConfigurationRetriever:142 - IOException on connection: Read timed out
2024-02-13 11:08:18,474 [WARN] CheckConnectionManager:291 - Warning during Server Connection :  timeout Connect to sw-center.st.com:443 [sw-center.st.com/104.95.97.90, sw-center.st.com/104.95.97.43] failed: Connect timed out
2024-02-13 11:08:20,408 [ERROR] ConfigurationRetriever:142 - IOException on connection: Connect timed out
2024-02-13 11:08:23,635 [WARN] CheckConnectionManager:291 - Warning during Server Connection :  timeout Connect to sw-center.st.com:443 [sw-center.st.com/104.95.97.90, sw-center.st.com/104.95.97.43] failed: Read timed out
2024-02-13 11:08:23,640 [INFO] MainUpdater:2873 - connection check result : 22
2024-02-13 11:08:23,640 [INFO] MainUpdater:290 - Updater Check For Update Now.
2024-02-13 11:08:23,640 [INFO] MicroXplorer:498 - Change Database Version : DB.6.0.100
2024-02-13 11:08:23,664 [INFO] McuFinderGlobals:63 - Set McuFinder mode to 2 (CubeIDE integrated)
2024-02-13 11:08:23,665 [INFO] UserAuth:180 - activating auth plugin
2024-02-13 11:08:23,668 [INFO] UserAuth:404 - Internet connection configuration mode: 2
2024-02-13 11:08:23,687 [INFO] UserAuth:404 - Internet connection configuration mode: 2
2024-02-13 11:08:23,834 [INFO] CheckServerUpdateThread:120 - End of CheckServer Thread
2024-02-13 11:08:44,371 [ERROR] LogOutputStream:75 - [STDERR_REDIRECT] SLF4J: Failed to load class "org.slf4j.impl.StaticLoggerBinder".
2024-02-13 11:08:44,372 [ERROR] LogOutputStream:75 - [STDERR_REDIRECT] SLF4J: Defaulting to no-operation (NOP) logger implementation
2024-02-13 11:08:44,373 [ERROR] LogOutputStream:75 - [STDERR_REDIRECT] SLF4J: See http://www.slf4j.org/codes.html#StaticLoggerBinder for further details.
2024-02-13 12:29:25,331 [INFO] McuFinderGlobals:63 - Set McuFinder mode to 2 (CubeIDE integrated)
2024-02-13 12:29:25,604 [INFO] MainUpdater:2873 - connection check result : 10
2024-02-13 12:29:25,635 [INFO] McuFinderGlobals:76 - Set McuFinderConnectedMode to true
2024-02-13 12:29:25,992 [INFO] ServerAccessManage:473 - Download File mcusAds.json._tmp_
2024-02-13 12:29:26,151 [INFO] LoadUrlFilesThread:156 - End of LoadUrlFiles Thread
2024-02-13 12:29:26,499 [INFO] ServerAccessManage:473 - Download File cube-finder-db.zip
2024-02-13 12:29:32,809 [INFO] FileExtend:240 - Unzip File : cube-finder-db.zip
2024-02-13 12:29:32,810 [INFO] FileExtend:255 - Standard Zip Deflate
2024-02-13 12:29:33,774 [INFO] LoadUrlFilesThread:156 - End of LoadUrlFiles Thread
2024-02-13 12:29:34,929 [INFO] ServerAccessManage:473 - Download File crdb.zip
2024-02-13 12:29:35,826 [INFO] FileExtend:240 - Unzip File : crdb.zip
2024-02-13 12:29:35,828 [INFO] FileExtend:255 - Standard Zip Deflate
2024-02-13 12:29:36,002 [INFO] LoadUrlFilesThread:156 - End of LoadUrlFiles Thread
2024-02-13 12:29:36,245 [INFO] ServerAccessManage:473 - Download File tutoVideoDB.zip
2024-02-13 12:29:36,271 [INFO] FileExtend:240 - Unzip File : tutoVideoDB.zip
2024-02-13 12:29:36,271 [INFO] FileExtend:255 - Standard Zip Deflate
2024-02-13 12:29:36,425 [INFO] LoadUrlFilesThread:156 - End of LoadUrlFiles Thread
2024-02-13 12:29:36,471 [WARN] DbFile:41 - Overriding database path with different value: C:\Users\sudh1\.stmcufinder\plugins\mcufinder/ => C:\Users\sudh1\.stmcufinder\plugins\mcufinder
2024-02-13 12:29:36,685 [INFO] ServerAccessManage:473 - Download File api_config.json
2024-02-13 12:29:36,817 [INFO] LoadUrlFilesThread:156 - End of LoadUrlFiles Thread
2024-02-13 12:29:36,824 [INFO] DbMcusAds:53 - JSON generation date=Wed Nov 29 16:22:27 IST 2023 (1701255147200)
2024-02-13 12:29:36,895 [INFO] LoadUrlFilesThread:185 - End of LoadServerUrlFiles without Thread
2024-02-13 12:29:36,895 [INFO] TargetSelectorAdapter:259 - Refresh data is successful
2024-02-13 12:29:37,248 [INFO] ApiDb:581 - Connected to CubeFinder SQLite database (C:\Users\sudh1\.stmcufinder\plugins\mcufinder\mcu\cube-finder-db.db)
2024-02-13 12:29:37,304 [INFO] ApiDb:668 - CubeFinder database Data Model version=2.1
2024-02-13 12:29:37,304 [INFO] ApiDb:669 - CubeFinder database Configuration version=3.0.39
2024-02-13 12:29:37,308 [INFO] ApiDb:670 - CubeFinder database generation date=2024-01-11 (1704964531)
2024-02-13 12:29:37,308 [INFO] ApiDb:671 - CubeFinder database FW Pack versions=[FP-ATR-ASTRA1_V2.0.0, FP-SNS-FLIGHT1_V5.0.1, FP-SNS-FLIGHT1_V5.0.2, FP-SNS-MOTENV1_V4.3.1, FP-SNS-MOTENV1_V4.3.2, FP-SNS-MOTENVWB1_V1.3.1, FP-SNS-SMARTAG2_V1.2.0, STM32Cube_FW_C0_V1.1.0, STM32Cube_FW_F4_V1.28.0, STM32Cube_FW_F7_V1.17.0, STM32Cube_FW_G0_V1.6.2, STM32Cube_FW_G4_V1.5.2, STM32Cube_FW_H5_V0.5.1, STM32Cube_FW_H5_V1.1.1, STM32Cube_FW_H5_V1.2.0RC2, STM32Cube_FW_H7_V1.11.0, STM32Cube_FW_L0_V1.12.2, STM32Cube_FW_L5_V1.5.0, STM32Cube_FW_U5_V1.3.0RC4, STM32Cube_FW_U5_V1.4.0, STM32Cube_FW_WBA_V1.0.0RC1, STM32Cube_FW_WBA_V1.1.0RC1, STM32Cube_FW_WBA_V1.2.0, STM32Cube_FW_WBA_V1.2.0RC2, STM32Cube_FW_WB_V1.15.0RC1, STM32Cube_FW_WB_V1.16.0, STM32Cube_FW_WB_V1.16.0RC2, STM32Cube_FW_WB_V1.18.0, STM32Cube_FW_WL_V1.3.0, X-CUBE-ALGOBUILD_V1.3.0, X-CUBE-ALS_V1.0.1, X-CUBE-AZRTOS-F4_V1.1.0, X-CUBE-AZRTOS-F7_V1.1.0, X-CUBE-AZRTOS-G0_V1.1.0, X-CUBE-AZRTOS-G4_V2.0.0, X-CUBE-AZRTOS-H7_V3.2.0, X-CUBE-AZRTOS-L4_V1.0.0, X-CUBE-AZRTOS-L4_V2.0.0, X-CUBE-AZRTOS-L5_V1.1.0, X-CUBE-AZRTOS-WB_V2.0.0, X-CUBE-AZRTOS-WL_V2.0.0, X-CUBE-BLE1_V7.0.0, X-CUBE-BLE2_V3.3.0, X-CUBE-BLEMGR_V3.0.0, X-CUBE-EEPRMA1_V4.1.0, X-CUBE-EEPRMA1_V4.2.0, X-CUBE-FREERTOS_V1.1.0, X-CUBE-GNSS1_V6.0.0, X-CUBE-MEMS1_V10.0.0, X-CUBE-MEMS1_V9.1.0, X-CUBE-MEMS1_V9.4.0, X-CUBE-MEMS1_V9.6.0, X-CUBE-NFC4_V3.0.0, X-CUBE-NFC7_V1.0.1, X-CUBE-SFXS2LP1_V4.0.0, X-CUBE-SUBG2_V5.0.0, X-CUBE-TOF1_V3.4.0]
2024-02-13 12:29:39,197 [INFO] ApiDb:240 - Found 371 in-development CPN: [B-G473E-ZEST1S, B-WB1M-WPAN1, B-WL5M-SUBG1, NUCLEO-C031C6, NUCLEO-H503RB, NUCLEO-H563ZI, NUCLEO-U545RE-Q, NUCLEO-U5A5ZJ-Q, NUCLEO-WBA52CG, NUCLEO-WBA55CG, STEVAL-MKBOXPRO, STEVAL-PROTEUS1, STEVAL-STWINBX1, STM320518-EVAL, STM32C0116-DK, STM32C011D6Y3TR, STM32C011D6Y6TR, STM32C011F4P3, STM32C011F4P6, STM32C011F4U3, STM32C011F4U6TR, STM32C011F6P3, STM32C011F6P6, STM32C011F6U3, STM32C011F6U6TR, STM32C011J4M3, STM32C011J4M6, STM32C011J6M3, STM32C011J6M6, STM32C0316-DK, STM32C031C4T3, STM32C031C4T6, STM32C031C4U3, STM32C031C4U6, STM32C031C6T3, STM32C031C6T6, STM32C031C6U3, STM32C031C6U6, STM32C031F4P3, STM32C031F4P6, STM32C031F6P3, STM32C031F6P6, STM32C031G4U3, STM32C031G4U6, STM32C031G6U3, STM32C031G6U6, STM32C031K4T3, STM32C031K4T6, STM32C031K4U3, STM32C031K4U6, STM32C031K6T3, STM32C031K6T6, STM32C031K6U3, STM32C031K6U6, STM32G071K8TXN, STM32G071K8UXN, STM32G081GBU6N, STM32G081KBT6N, STM32G081KBUXN, STM32G0B1CCT6N, STM32G0B1KCT6, STM32G0B1NEY6TR, STM32G0B1RCT6N, STM32G0C1CCT6, STM32G0C1CCT6N, STM32G0C1CCU6N, STM32G0C1CET6N, STM32G0C1CEU6N, STM32G0C1KCT6, STM32G0C1NEY6TR, STM32G0C1RCI6N, STM32G0C1RCT6N, STM32G0C1REI6N, STM32G0C1RET6N, STM32G0C1VCI6, STM32G0C1VEI6, STM32G471CCT6, STM32G471CCU6, STM32G471CET3, STM32G471CET6, STM32G471CEU3, STM32G471CEU6, STM32G471MCT6, STM32G471MET3, STM32G471MET6, STM32G471MEY6TR, STM32G471QCT6, STM32G471QET3, STM32G471RCT6, STM32G471RET3, STM32G471RET6, STM32G471VCH6, STM32G471VCI6, STM32G471VCT6, STM32G471VEH3, STM32G471VEH6, STM32G471VEI3, STM32G471VEI6, STM32G471VET3, STM32G471VET6, STM32G474CCT6, STM32H503CBT6, STM32H503CBU6, STM32H503EBY6TR, STM32H503KBU6, STM32H503RBT6, STM32H562AGI6, STM32H562AII6, STM32H562IGK6, STM32H562IGT6, STM32H562IIK6, STM32H562IIT6, STM32H562RGT6, STM32H562RGV6, STM32H562RIT6, STM32H562RIV6, STM32H562VGT6, STM32H562VIT6, STM32H562ZGT6, STM32H562ZIT6, STM32H563AGI6, STM32H563AII3Q, STM32H563AII6, STM32H563IGK6, STM32H563IGT6, STM32H563IIK3Q, STM32H563IIK6, STM32H563IIT3Q, STM32H563IIT6, STM32H563MIY3QTR, STM32H563RGT6, STM32H563RGV6, STM32H563RIT6, STM32H563RIV6, STM32H563VGT6, STM32H563VIT3Q, STM32H563VIT6, STM32H563ZGT6, STM32H563ZIT3Q, STM32H563ZIT6, STM32H573AII3Q, STM32H573AII6, STM32H573I-DK, STM32H573IIK3Q, STM32H573IIK6, STM32H573IIT3Q, STM32H573IIT6, STM32H573MIY3QTR, STM32H573RIT6, STM32H573RIV6, STM32H573VIT3Q, STM32H573VIT6, STM32H573ZIT3Q, STM32H573ZIT6, STM32L4R5QGI6STR, STM32MP131AAE3, STM32MP131AAF3, STM32MP131AAG3, STM32MP131CAE3, STM32MP131CAF3, STM32MP131CAG3, STM32MP131DAE7, STM32MP131DAF7, STM32MP131DAG7, STM32MP131FAE7, STM32MP131FAF7, STM32MP131FAG7, STM32MP133AAE3, STM32MP133AAF3, STM32MP133AAG3, STM32MP133CAE3, STM32MP133CAF3, STM32MP133CAG3, STM32MP133DAE7, STM32MP133DAF7, STM32MP133DAG7, STM32MP133FAE7, STM32MP133FAF7, STM32MP133FAG7, STM32MP135AAE3, STM32MP135AAF3, STM32MP135AAG3, STM32MP135CAE3, STM32MP135CAF3, STM32MP135CAG3, STM32MP135DAE7, STM32MP135DAF7, STM32MP135DAG7, STM32MP135F-DK, STM32MP135FAE7, STM32MP135FAF7, STM32MP135FAF7T, STM32MP135FAF7U, STM32MP135FAG7, STM32U535CBT6, STM32U535CBT6Q, STM32U535CBU6, STM32U535CBU6Q, STM32U535CCT6, STM32U535CCT6Q, STM32U535CCU6, STM32U535CCU6Q, STM32U535CET6, STM32U535CET6Q, STM32U535CEU6, STM32U535CEU6Q, STM32U535JEY6QTR, STM32U535NCY6QTR, STM32U535NEY6QTR, STM32U535RBI6, STM32U535RBI6Q, STM32U535RBT6, STM32U535RBT6Q, STM32U535RCI6, STM32U535RCI6Q, STM32U535RCT6, STM32U535RCT6Q, STM32U535REI6, STM32U535REI6Q, STM32U535RET6, STM32U535RET6Q, STM32U535VCI6, STM32U535VCI6Q, STM32U535VCT6, STM32U535VCT6Q, STM32U535VEI6, STM32U535VEI6Q, STM32U535VET6, STM32U535VET6Q, STM32U545CET6, STM32U545CET6Q, STM32U545CEU6, STM32U545CEU6Q, STM32U545JEY6QTR, STM32U545NEY6QTR, STM32U545REI6, STM32U545REI6Q, STM32U545RET6, STM32U545RET6Q, STM32U545VEI6, STM32U545VEI6Q, STM32U545VET6, STM32U545VET6Q, STM32U595AIH6, STM32U595AIH6Q, STM32U595AJH6, STM32U595AJH6Q, STM32U595QII6, STM32U595QII6Q, STM32U595QJI6, STM32U595QJI6Q, STM32U595RIT6, STM32U595RIT6Q, STM32U595RJT6, STM32U595RJT6Q, STM32U595VIT6, STM32U595VIT6Q, STM32U595VJT6, STM32U595VJT6Q, STM32U595ZIT6, STM32U595ZIT6Q, STM32U595ZIY6QTR, STM32U595ZJT6, STM32U595ZJT6Q, STM32U595ZJY6QTR, STM32U599BJY6QTR, STM32U599NIH6Q, STM32U599NJH6Q, STM32U599VIT6Q, STM32U599VJT6, STM32U599VJT6Q, STM32U599ZIT6Q, STM32U599ZIY6QTR, STM32U599ZJT6Q, STM32U599ZJY6QTR, STM32U5A5AJH6, STM32U5A5AJH6Q, STM32U5A5QJI6, STM32U5A5QJI6Q, STM32U5A5RJT6, STM32U5A5RJT6Q, STM32U5A5VJT6, STM32U5A5VJT6Q, STM32U5A5ZJT6, STM32U5A5ZJT6Q, STM32U5A5ZJY6QTR, STM32U5A9BJY6QTR, STM32U5A9J-DK, STM32U5A9NJH6Q, STM32U5A9VJT6Q, STM32U5A9ZJT6Q, STM32U5A9ZJY6QTR, STM32U5F7VIT6, STM32U5F7VIT6Q, STM32U5F7VJT6, STM32U5F7VJT6Q, STM32U5F9BJY6QTR, STM32U5F9NJH6Q, STM32U5F9VIT6Q, STM32U5F9VJT6Q, STM32U5F9ZIJ6QTR, STM32U5F9ZIT6Q, STM32U5F9ZJJ6QTR, STM32U5F9ZJT6Q, STM32U5G7VJT6, STM32U5G7VJT6Q, STM32U5G9BJY6QTR, STM32U5G9J-DK1, STM32U5G9J-DK2, STM32U5G9NJH6Q, STM32U5G9VJT6Q, STM32U5G9ZJJ6QTR, STM32U5G9ZJT6Q, STM32WB1MMCH6, STM32WBA50KEU6, STM32WBA50KEU6TR, STM32WBA50KGU6, STM32WBA50KGU6TR, STM32WBA52CEU6, STM32WBA52CEU6TR, STM32WBA52CEU7, STM32WBA52CEU7TR, STM32WBA52CGU6, STM32WBA52CGU6TR, STM32WBA52CGU6U, STM32WBA52CGU7, STM32WBA52CGU7TR, STM32WBA52KEU6, STM32WBA52KEU6TR, STM32WBA52KGU6, STM32WBA52KGU6TR, STM32WBA54CEU6, STM32WBA54CEU6TR, STM32WBA54CEU7, STM32WBA54CEU7TR, STM32WBA54CGU6, STM32WBA54CGU6TR, STM32WBA54CGU7, STM32WBA54CGU7TR, STM32WBA54KEU6, STM32WBA54KEU6TR, STM32WBA54KEU7, STM32WBA54KEU7TR, STM32WBA54KGU6, STM32WBA54KGU6TR, STM32WBA54KGU7, STM32WBA54KGU7TR, STM32WBA55CEU6, STM32WBA55CEU6TR, STM32WBA55CEU7, STM32WBA55CEU7TR, STM32WBA55CGU6, STM32WBA55CGU6TR, STM32WBA55CGU6U, STM32WBA55CGU7, STM32WBA55CGU7TR, STM32WBA55G-DK1, STM32WBA55HEF6, STM32WBA55HEF7, STM32WBA55HGF6, STM32WBA55HGF7, STM32WBA55UEI6, STM32WBA55UEI6TR, STM32WBA55UEI7, STM32WBA55UEI7TR, STM32WBA55UGI6, STM32WBA55UGI6TR, STM32WBA55UGI7, STM32WBA55UGI7TR, STM32WL5MOCH6, STM32WL5MOCH6TR]
2024-02-13 12:29:39,206 [INFO] DbMcus:218 - Found 3930 MCUs, 3930 are supported
2024-02-13 12:29:39,244 [INFO] ApiDb:423 - Load user favorites file C:\Users\sudh1/.stm32cubeide/favorites.mcus.txt: 0 item(s)
2024-02-13 12:29:39,244 [INFO] ApiDb:427 - User favorites MCUs=[]
2024-02-13 12:29:39,244 [INFO] DbMcus:224 - Set 0 / 0 favorites MCUs
2024-02-13 12:29:39,522 [INFO] ApiDb:668 - CubeFinder database Data Model version=2.1
2024-02-13 12:29:39,522 [INFO] ApiDb:669 - CubeFinder database Configuration version=3.0.39
2024-02-13 12:29:39,522 [INFO] ApiDb:670 - CubeFinder database generation date=2024-01-11 (1704964531)
2024-02-13 12:29:39,522 [INFO] ApiDb:671 - CubeFinder database FW Pack versions=[FP-ATR-ASTRA1_V2.0.0, FP-SNS-FLIGHT1_V5.0.1, FP-SNS-FLIGHT1_V5.0.2, FP-SNS-MOTENV1_V4.3.1, FP-SNS-MOTENV1_V4.3.2, FP-SNS-MOTENVWB1_V1.3.1, FP-SNS-SMARTAG2_V1.2.0, STM32Cube_FW_C0_V1.1.0, STM32Cube_FW_F4_V1.28.0, STM32Cube_FW_F7_V1.17.0, STM32Cube_FW_G0_V1.6.2, STM32Cube_FW_G4_V1.5.2, STM32Cube_FW_H5_V0.5.1, STM32Cube_FW_H5_V1.1.1, STM32Cube_FW_H5_V1.2.0RC2, STM32Cube_FW_H7_V1.11.0, STM32Cube_FW_L0_V1.12.2, STM32Cube_FW_L5_V1.5.0, STM32Cube_FW_U5_V1.3.0RC4, STM32Cube_FW_U5_V1.4.0, STM32Cube_FW_WBA_V1.0.0RC1, STM32Cube_FW_WBA_V1.1.0RC1, STM32Cube_FW_WBA_V1.2.0, STM32Cube_FW_WBA_V1.2.0RC2, STM32Cube_FW_WB_V1.15.0RC1, STM32Cube_FW_WB_V1.16.0, STM32Cube_FW_WB_V1.16.0RC2, STM32Cube_FW_WB_V1.18.0, STM32Cube_FW_WL_V1.3.0, X-CUBE-ALGOBUILD_V1.3.0, X-CUBE-ALS_V1.0.1, X-CUBE-AZRTOS-F4_V1.1.0, X-CUBE-AZRTOS-F7_V1.1.0, X-CUBE-AZRTOS-G0_V1.1.0, X-CUBE-AZRTOS-G4_V2.0.0, X-CUBE-AZRTOS-H7_V3.2.0, X-CUBE-AZRTOS-L4_V1.0.0, X-CUBE-AZRTOS-L4_V2.0.0, X-CUBE-AZRTOS-L5_V1.1.0, X-CUBE-AZRTOS-WB_V2.0.0, X-CUBE-AZRTOS-WL_V2.0.0, X-CUBE-BLE1_V7.0.0, X-CUBE-BLE2_V3.3.0, X-CUBE-BLEMGR_V3.0.0, X-CUBE-EEPRMA1_V4.1.0, X-CUBE-EEPRMA1_V4.2.0, X-CUBE-FREERTOS_V1.1.0, X-CUBE-GNSS1_V6.0.0, X-CUBE-MEMS1_V10.0.0, X-CUBE-MEMS1_V9.1.0, X-CUBE-MEMS1_V9.4.0, X-CUBE-MEMS1_V9.6.0, X-CUBE-NFC4_V3.0.0, X-CUBE-NFC7_V1.0.1, X-CUBE-SFXS2LP1_V4.0.0, X-CUBE-SUBG2_V5.0.0, X-CUBE-TOF1_V3.4.0]
2024-02-13 12:29:39,605 [INFO] DbBoardsSqlite:226 - include board P-NUCLEO-WB55-NUCLEO as a kit item of type 'Nucleo-64'
2024-02-13 12:29:39,605 [INFO] DbBoardsSqlite:226 - include board P-NUCLEO-WB55-USBDONGLE as a kit item of type 'Nucleo USB Dongle'
2024-02-13 12:29:39,605 [INFO] DbBoardsSqlite:226 - include board STEVAL-IDP005V1 as a kit item of type 'Evaluation Board'
2024-02-13 12:29:39,605 [INFO] DbBoardsSqlite:226 - include board STEVAL-IDP005V2 as a kit item of type 'Evaluation Board'
2024-02-13 12:29:39,645 [INFO] ApiDb:240 - Found 371 in-development CPN: [B-G473E-ZEST1S, B-WB1M-WPAN1, B-WL5M-SUBG1, NUCLEO-C031C6, NUCLEO-H503RB, NUCLEO-H563ZI, NUCLEO-U545RE-Q, NUCLEO-U5A5ZJ-Q, NUCLEO-WBA52CG, NUCLEO-WBA55CG, STEVAL-MKBOXPRO, STEVAL-PROTEUS1, STEVAL-STWINBX1, STM320518-EVAL, STM32C0116-DK, STM32C011D6Y3TR, STM32C011D6Y6TR, STM32C011F4P3, STM32C011F4P6, STM32C011F4U3, STM32C011F4U6TR, STM32C011F6P3, STM32C011F6P6, STM32C011F6U3, STM32C011F6U6TR, STM32C011J4M3, STM32C011J4M6, STM32C011J6M3, STM32C011J6M6, STM32C0316-DK, STM32C031C4T3, STM32C031C4T6, STM32C031C4U3, STM32C031C4U6, STM32C031C6T3, STM32C031C6T6, STM32C031C6U3, STM32C031C6U6, STM32C031F4P3, STM32C031F4P6, STM32C031F6P3, STM32C031F6P6, STM32C031G4U3, STM32C031G4U6, STM32C031G6U3, STM32C031G6U6, STM32C031K4T3, STM32C031K4T6, STM32C031K4U3, STM32C031K4U6, STM32C031K6T3, STM32C031K6T6, STM32C031K6U3, STM32C031K6U6, STM32G071K8TXN, STM32G071K8UXN, STM32G081GBU6N, STM32G081KBT6N, STM32G081KBUXN, STM32G0B1CCT6N, STM32G0B1KCT6, STM32G0B1NEY6TR, STM32G0B1RCT6N, STM32G0C1CCT6, STM32G0C1CCT6N, STM32G0C1CCU6N, STM32G0C1CET6N, STM32G0C1CEU6N, STM32G0C1KCT6, STM32G0C1NEY6TR, STM32G0C1RCI6N, STM32G0C1RCT6N, STM32G0C1REI6N, STM32G0C1RET6N, STM32G0C1VCI6, STM32G0C1VEI6, STM32G471CCT6, STM32G471CCU6, STM32G471CET3, STM32G471CET6, STM32G471CEU3, STM32G471CEU6, STM32G471MCT6, STM32G471MET3, STM32G471MET6, STM32G471MEY6TR, STM32G471QCT6, STM32G471QET3, STM32G471RCT6, STM32G471RET3, STM32G471RET6, STM32G471VCH6, STM32G471VCI6, STM32G471VCT6, STM32G471VEH3, STM32G471VEH6, STM32G471VEI3, STM32G471VEI6, STM32G471VET3, STM32G471VET6, STM32G474CCT6, STM32H503CBT6, STM32H503CBU6, STM32H503EBY6TR, STM32H503KBU6, STM32H503RBT6, STM32H562AGI6, STM32H562AII6, STM32H562IGK6, STM32H562IGT6, STM32H562IIK6, STM32H562IIT6, STM32H562RGT6, STM32H562RGV6, STM32H562RIT6, STM32H562RIV6, STM32H562VGT6, STM32H562VIT6, STM32H562ZGT6, STM32H562ZIT6, STM32H563AGI6, STM32H563AII3Q, STM32H563AII6, STM32H563IGK6, STM32H563IGT6, STM32H563IIK3Q, STM32H563IIK6, STM32H563IIT3Q, STM32H563IIT6, STM32H563MIY3QTR, STM32H563RGT6, STM32H563RGV6, STM32H563RIT6, STM32H563RIV6, STM32H563VGT6, STM32H563VIT3Q, STM32H563VIT6, STM32H563ZGT6, STM32H563ZIT3Q, STM32H563ZIT6, STM32H573AII3Q, STM32H573AII6, STM32H573I-DK, STM32H573IIK3Q, STM32H573IIK6, STM32H573IIT3Q, STM32H573IIT6, STM32H573MIY3QTR, STM32H573RIT6, STM32H573RIV6, STM32H573VIT3Q, STM32H573VIT6, STM32H573ZIT3Q, STM32H573ZIT6, STM32L4R5QGI6STR, STM32MP131AAE3, STM32MP131AAF3, STM32MP131AAG3, STM32MP131CAE3, STM32MP131CAF3, STM32MP131CAG3, STM32MP131DAE7, STM32MP131DAF7, STM32MP131DAG7, STM32MP131FAE7, STM32MP131FAF7, STM32MP131FAG7, STM32MP133AAE3, STM32MP133AAF3, STM32MP133AAG3, STM32MP133CAE3, STM32MP133CAF3, STM32MP133CAG3, STM32MP133DAE7, STM32MP133DAF7, STM32MP133DAG7, STM32MP133FAE7, STM32MP133FAF7, STM32MP133FAG7, STM32MP135AAE3, STM32MP135AAF3, STM32MP135AAG3, STM32MP135CAE3, STM32MP135CAF3, STM32MP135CAG3, STM32MP135DAE7, STM32MP135DAF7, STM32MP135DAG7, STM32MP135F-DK, STM32MP135FAE7, STM32MP135FAF7, STM32MP135FAF7T, STM32MP135FAF7U, STM32MP135FAG7, STM32U535CBT6, STM32U535CBT6Q, STM32U535CBU6, STM32U535CBU6Q, STM32U535CCT6, STM32U535CCT6Q, STM32U535CCU6, STM32U535CCU6Q, STM32U535CET6, STM32U535CET6Q, STM32U535CEU6, STM32U535CEU6Q, STM32U535JEY6QTR, STM32U535NCY6QTR, STM32U535NEY6QTR, STM32U535RBI6, STM32U535RBI6Q, STM32U535RBT6, STM32U535RBT6Q, STM32U535RCI6, STM32U535RCI6Q, STM32U535RCT6, STM32U535RCT6Q, STM32U535REI6, STM32U535REI6Q, STM32U535RET6, STM32U535RET6Q, STM32U535VCI6, STM32U535VCI6Q, STM32U535VCT6, STM32U535VCT6Q, STM32U535VEI6, STM32U535VEI6Q, STM32U535VET6, STM32U535VET6Q, STM32U545CET6, STM32U545CET6Q, STM32U545CEU6, STM32U545CEU6Q, STM32U545JEY6QTR, STM32U545NEY6QTR, STM32U545REI6, STM32U545REI6Q, STM32U545RET6, STM32U545RET6Q, STM32U545VEI6, STM32U545VEI6Q, STM32U545VET6, STM32U545VET6Q, STM32U595AIH6, STM32U595AIH6Q, STM32U595AJH6, STM32U595AJH6Q, STM32U595QII6, STM32U595QII6Q, STM32U595QJI6, STM32U595QJI6Q, STM32U595RIT6, STM32U595RIT6Q, STM32U595RJT6, STM32U595RJT6Q, STM32U595VIT6, STM32U595VIT6Q, STM32U595VJT6, STM32U595VJT6Q, STM32U595ZIT6, STM32U595ZIT6Q, STM32U595ZIY6QTR, STM32U595ZJT6, STM32U595ZJT6Q, STM32U595ZJY6QTR, STM32U599BJY6QTR, STM32U599NIH6Q, STM32U599NJH6Q, STM32U599VIT6Q, STM32U599VJT6, STM32U599VJT6Q, STM32U599ZIT6Q, STM32U599ZIY6QTR, STM32U599ZJT6Q, STM32U599ZJY6QTR, STM32U5A5AJH6, STM32U5A5AJH6Q, STM32U5A5QJI6, STM32U5A5QJI6Q, STM32U5A5RJT6, STM32U5A5RJT6Q, STM32U5A5VJT6, STM32U5A5VJT6Q, STM32U5A5ZJT6, STM32U5A5ZJT6Q, STM32U5A5ZJY6QTR, STM32U5A9BJY6QTR, STM32U5A9J-DK, STM32U5A9NJH6Q, STM32U5A9VJT6Q, STM32U5A9ZJT6Q, STM32U5A9ZJY6QTR, STM32U5F7VIT6, STM32U5F7VIT6Q, STM32U5F7VJT6, STM32U5F7VJT6Q, STM32U5F9BJY6QTR, STM32U5F9NJH6Q, STM32U5F9VIT6Q, STM32U5F9VJT6Q, STM32U5F9ZIJ6QTR, STM32U5F9ZIT6Q, STM32U5F9ZJJ6QTR, STM32U5F9ZJT6Q, STM32U5G7VJT6, STM32U5G7VJT6Q, STM32U5G9BJY6QTR, STM32U5G9J-DK1, STM32U5G9J-DK2, STM32U5G9NJH6Q, STM32U5G9VJT6Q, STM32U5G9ZJJ6QTR, STM32U5G9ZJT6Q, STM32WB1MMCH6, STM32WBA50KEU6, STM32WBA50KEU6TR, STM32WBA50KGU6, STM32WBA50KGU6TR, STM32WBA52CEU6, STM32WBA52CEU6TR, STM32WBA52CEU7, STM32WBA52CEU7TR, STM32WBA52CGU6, STM32WBA52CGU6TR, STM32WBA52CGU6U, STM32WBA52CGU7, STM32WBA52CGU7TR, STM32WBA52KEU6, STM32WBA52KEU6TR, STM32WBA52KGU6, STM32WBA52KGU6TR, STM32WBA54CEU6, STM32WBA54CEU6TR, STM32WBA54CEU7, STM32WBA54CEU7TR, STM32WBA54CGU6, STM32WBA54CGU6TR, STM32WBA54CGU7, STM32WBA54CGU7TR, STM32WBA54KEU6, STM32WBA54KEU6TR, STM32WBA54KEU7, STM32WBA54KEU7TR, STM32WBA54KGU6, STM32WBA54KGU6TR, STM32WBA54KGU7, STM32WBA54KGU7TR, STM32WBA55CEU6, STM32WBA55CEU6TR, STM32WBA55CEU7, STM32WBA55CEU7TR, STM32WBA55CGU6, STM32WBA55CGU6TR, STM32WBA55CGU6U, STM32WBA55CGU7, STM32WBA55CGU7TR, STM32WBA55G-DK1, STM32WBA55HEF6, STM32WBA55HEF7, STM32WBA55HGF6, STM32WBA55HGF7, STM32WBA55UEI6, STM32WBA55UEI6TR, STM32WBA55UEI7, STM32WBA55UEI7TR, STM32WBA55UGI6, STM32WBA55UGI6TR, STM32WBA55UGI7, STM32WBA55UGI7TR, STM32WL5MOCH6, STM32WL5MOCH6TR]
2024-02-13 12:29:39,754 [INFO] BoardInfo:889 - No configuration file found for board P-NUCLEO-WB55
2024-02-13 12:29:39,754 [INFO] DbBoards:161 - Kit is not supported: P-NUCLEO-WB55
2024-02-13 12:29:39,759 [INFO] BoardInfo:889 - No configuration file found for board STEVAL-BFA001V1B
2024-02-13 12:29:39,759 [INFO] DbBoards:161 - Kit is not supported: STEVAL-BFA001V1B
2024-02-13 12:29:39,760 [INFO] BoardInfo:889 - No configuration file found for board STEVAL-BFA001V2B
2024-02-13 12:29:39,760 [INFO] DbBoards:161 - Kit is not supported: STEVAL-BFA001V2B
2024-02-13 12:29:39,903 [INFO] DbBoards:168 - Found 193 boards, 190 are supported
2024-02-13 12:29:39,903 [INFO] DbBoards:169 - Found 193 boards, 3 of them is supported for  Bsp
2024-02-13 12:29:39,906 [INFO] ApiDb:423 - Load user favorites file C:\Users\sudh1/.stm32cubeide/favorites.boards.txt: 0 item(s)
2024-02-13 12:29:39,906 [INFO] ApiDb:427 - User favorites Boards=[]
2024-02-13 12:29:39,906 [INFO] DbBoards:198 - Set 0 / 0 favorites Boards
2024-02-13 12:29:39,946 [INFO] ApiDb:668 - CubeFinder database Data Model version=2.1
2024-02-13 12:29:39,946 [INFO] ApiDb:669 - CubeFinder database Configuration version=3.0.39
2024-02-13 12:29:39,946 [INFO] ApiDb:670 - CubeFinder database generation date=2024-01-11 (1704964531)
2024-02-13 12:29:39,946 [INFO] ApiDb:671 - CubeFinder database FW Pack versions=[FP-ATR-ASTRA1_V2.0.0, FP-SNS-FLIGHT1_V5.0.1, FP-SNS-FLIGHT1_V5.0.2, FP-SNS-MOTENV1_V4.3.1, FP-SNS-MOTENV1_V4.3.2, FP-SNS-MOTENVWB1_V1.3.1, FP-SNS-SMARTAG2_V1.2.0, STM32Cube_FW_C0_V1.1.0, STM32Cube_FW_F4_V1.28.0, STM32Cube_FW_F7_V1.17.0, STM32Cube_FW_G0_V1.6.2, STM32Cube_FW_G4_V1.5.2, STM32Cube_FW_H5_V0.5.1, STM32Cube_FW_H5_V1.1.1, STM32Cube_FW_H5_V1.2.0RC2, STM32Cube_FW_H7_V1.11.0, STM32Cube_FW_L0_V1.12.2, STM32Cube_FW_L5_V1.5.0, STM32Cube_FW_U5_V1.3.0RC4, STM32Cube_FW_U5_V1.4.0, STM32Cube_FW_WBA_V1.0.0RC1, STM32Cube_FW_WBA_V1.1.0RC1, STM32Cube_FW_WBA_V1.2.0, STM32Cube_FW_WBA_V1.2.0RC2, STM32Cube_FW_WB_V1.15.0RC1, STM32Cube_FW_WB_V1.16.0, STM32Cube_FW_WB_V1.16.0RC2, STM32Cube_FW_WB_V1.18.0, STM32Cube_FW_WL_V1.3.0, X-CUBE-ALGOBUILD_V1.3.0, X-CUBE-ALS_V1.0.1, X-CUBE-AZRTOS-F4_V1.1.0, X-CUBE-AZRTOS-F7_V1.1.0, X-CUBE-AZRTOS-G0_V1.1.0, X-CUBE-AZRTOS-G4_V2.0.0, X-CUBE-AZRTOS-H7_V3.2.0, X-CUBE-AZRTOS-L4_V1.0.0, X-CUBE-AZRTOS-L4_V2.0.0, X-CUBE-AZRTOS-L5_V1.1.0, X-CUBE-AZRTOS-WB_V2.0.0, X-CUBE-AZRTOS-WL_V2.0.0, X-CUBE-BLE1_V7.0.0, X-CUBE-BLE2_V3.3.0, X-CUBE-BLEMGR_V3.0.0, X-CUBE-EEPRMA1_V4.1.0, X-CUBE-EEPRMA1_V4.2.0, X-CUBE-FREERTOS_V1.1.0, X-CUBE-GNSS1_V6.0.0, X-CUBE-MEMS1_V10.0.0, X-CUBE-MEMS1_V9.1.0, X-CUBE-MEMS1_V9.4.0, X-CUBE-MEMS1_V9.6.0, X-CUBE-NFC4_V3.0.0, X-CUBE-NFC7_V1.0.1, X-CUBE-SFXS2LP1_V4.0.0, X-CUBE-SUBG2_V5.0.0, X-CUBE-TOF1_V3.4.0]
2024-02-13 12:29:40,779 [ERROR] DbExamplesSqlite:437 - Missing JSON key: board_cpn
2024-02-13 12:29:40,779 [ERROR] DbExamplesSqlite:437 - Missing JSON key: board_cpn
2024-02-13 12:29:40,779 [ERROR] DbExamplesSqlite:437 - Missing JSON key: board_cpn
2024-02-13 12:29:40,779 [ERROR] DbExamplesSqlite:437 - Missing JSON key: board_cpn
2024-02-13 12:29:40,824 [INFO] DbExamplesSqlite:395 - Ignored 55 examples not supported by CubeIDE
2024-02-13 12:29:40,824 [INFO] DbExamplesSqlite:396 - Found 7560 examples active
2024-02-13 12:29:40,824 [INFO] DbExamplesSqlite:397 - Found 844 examples obsolete
2024-02-13 12:29:40,824 [INFO] DbExamplesSqlite:398 - Found 0 examples under development
2024-02-13 12:29:40,824 [INFO] DbExamplesSqlite:399 - Found 8 examples not building
2024-02-13 12:29:40,824 [INFO] DbExamples:125 - Found 7513 examples
2024-02-13 12:29:40,842 [INFO] DbExamples:222 - Found 95 boards with related examples
2024-02-13 12:29:40,844 [INFO] DbExamples:235 - Found 80 MCUs with related examples
2024-02-13 12:29:40,906 [INFO] ApiDb:423 - Load user favorites file C:\Users\sudh1/.stm32cubeide/favorites.examples.txt: 0 item(s)
2024-02-13 12:29:40,906 [INFO] ApiDb:427 - User favorites Examples=[]
2024-02-13 12:29:40,906 [INFO] DbExamples:250 - Set 0 / 0 favorites Examples
2024-02-13 12:29:41,380 [INFO] McuFinderGlobals:76 - Set McuFinderConnectedMode to true
2024-02-13 12:29:41,393 [INFO] MultiScanPanel:200 - Auto-refresh data requested => check proxy status ongoing
2024-02-13 12:29:41,397 [INFO] FinderPluginLoader:95 - Searching for filters in installed packs
2024-02-13 12:29:42,839 [INFO] LoadUrlFilesThread:185 - End of LoadServerUrlFiles without Thread
2024-02-13 12:29:42,864 [INFO] DetailPanel:341 - Set advertising image to C:/Users/sudh1/STM32Cube/Repository/\en.prom-stm32wl3-mcu-finder.jpg
2024-02-13 12:32:14,994 [INFO] MultiScanPanel:200 - Auto-refresh data requested => check proxy status ongoing
2024-02-13 12:32:15,141 [INFO] LoadUrlFilesThread:185 - End of LoadServerUrlFiles without Thread
2024-02-13 12:32:15,141 [INFO] DetailPanel:341 - Set advertising image to C:/Users/sudh1/STM32Cube/Repository/\en.prom-stm32wl3-mcu-finder.jpg
2024-02-13 12:32:15,151 [INFO] DbBoards:642 - Loading board mini-images...
2024-02-13 12:32:16,188 [ERROR] DbBoards:659 - Image file not found for board NUCLEO-WBA55CG: C:\Users\sudh1\.stmcufinder\plugins\mcufinder//mcu//boards_images/NUCLEO-WBA55CG.jpg
2024-02-13 12:32:17,551 [ERROR] DbBoards:659 - Image file not found for board STM32WBA55G-DK1: C:\Users\sudh1\.stmcufinder\plugins\mcufinder//mcu//boards_images/STM32WBA55G-DK1.jpg
2024-02-13 12:32:17,551 [INFO] DbBoards:665 - Loaded 191 board mini-images
2024-02-13 12:33:36,257 [INFO] McuFinderGlobals:76 - Set McuFinderConnectedMode to true
2024-02-13 12:33:36,262 [INFO] ApiDb:448 - Save user favorites file C:\Users\sudh1/.stm32cubeide/favorites.mcus.txt: 0 item(s)
2024-02-13 12:33:36,263 [INFO] ApiDb:452 - User favorites MCUs=[]
2024-02-13 12:33:36,271 [INFO] ApiDb:448 - Save user favorites file C:\Users\sudh1/.stm32cubeide/favorites.boards.txt: 0 item(s)
2024-02-13 12:33:36,271 [INFO] ApiDb:452 - User favorites Boards=[]
2024-02-13 14:30:47,522 [ERROR] LogOutputStream:75 - [STDERR_REDIRECT] 
